[2020-05-29 10:43:57] local.ERROR: Illuminate\Auth\AuthenticationException: Unauthenticated. in C:\laragon\www\Authentication\core\vendor\laravel\passport\src\Http\Middleware\CheckCredentials.php:67
Stack trace:
#0 C:\laragon\www\Authentication\core\vendor\illuminate\pipeline\Pipeline.php(171): Laravel\Passport\Http\Middleware\CheckCredentials->handle(Object(Laravel\Lumen\Http\Request), Object(Closure))
#1 [internal function]: Illuminate\Pipeline\Pipeline->Illuminate\Pipeline\{closure}(Object(Laravel\Lumen\Http\Request))
#2 C:\laragon\www\Authentication\core\vendor\laravel\lumen-framework\src\Routing\Pipeline.php(32): call_user_func(Object(Closure), Object(Laravel\Lumen\Http\Request))
#3 C:\laragon\www\Authentication\core\vendor\illuminate\pipeline\Pipeline.php(105): Laravel\Lumen\Routing\Pipeline->Laravel\Lumen\Routing\{closure}(Object(Laravel\Lumen\Http\Request))
#4 C:\laragon\www\Authentication\core\vendor\laravel\lumen-framework\src\Concerns\RoutesRequests.php(413): Illuminate\Pipeline\Pipeline->then(Object(Closure))
#5 C:\laragon\www\Authentication\core\vendor\laravel\lumen-framework\src\Concerns\RoutesRequests.php(259): Laravel\Lumen\Application->sendThroughPipeline(Array, Object(Closure))
#6 C:\laragon\www\Authentication\core\vendor\laravel\lumen-framework\src\Concerns\RoutesRequests.php(165): Laravel\Lumen\Application->handleFoundRoute(Array)
#7 [internal function]: Laravel\Lumen\Application->Laravel\Lumen\Concerns\{closure}(Object(Laravel\Lumen\Http\Request))
#8 C:\laragon\www\Authentication\core\vendor\laravel\lumen-framework\src\Routing\Pipeline.php(52): call_user_func(Object(Closure), Object(Laravel\Lumen\Http\Request))
#9 C:\laragon\www\Authentication\core\vendor\nordsoftware\lumen-cors\src\CorsMiddleware.php(38): Laravel\Lumen\Routing\Pipeline->Laravel\Lumen\Routing\{closure}(Object(Laravel\Lumen\Http\Request))
#10 C:\laragon\www\Authentication\core\vendor\illuminate\pipeline\Pipeline.php(171): Nord\Lumen\Cors\CorsMiddleware->handle(Object(Laravel\Lumen\Http\Request), Object(Closure))
#11 [internal function]: Illuminate\Pipeline\Pipeline->Illuminate\Pipeline\{closure}(Object(Laravel\Lumen\Http\Request))
#12 C:\laragon\www\Authentication\core\vendor\laravel\lumen-framework\src\Routing\Pipeline.php(32): call_user_func(Object(Closure), Object(Laravel\Lumen\Http\Request))
#13 C:\laragon\www\Authentication\core\vendor\illuminate\pipeline\Pipeline.php(105): Laravel\Lumen\Routing\Pipeline->Laravel\Lumen\Routing\{closure}(Object(Laravel\Lumen\Http\Request))
#14 C:\laragon\www\Authentication\core\vendor\laravel\lumen-framework\src\Concerns\RoutesRequests.php(413): Illuminate\Pipeline\Pipeline->then(Object(Closure))
#15 C:\laragon\www\Authentication\core\vendor\laravel\lumen-framework\src\Concerns\RoutesRequests.php(171): Laravel\Lumen\Application->sendThroughPipeline(Array, Object(Closure))
#16 C:\laragon\www\Authentication\core\vendor\laravel\lumen-framework\src\Concerns\RoutesRequests.php(108): Laravel\Lumen\Application->dispatch(NULL)
#17 C:\laragon\www\Authentication\host\public\index.php(28): Laravel\Lumen\Application->run()
#18 {main} {"exception":"[object] (Illuminate\\Auth\\AuthenticationException(code: 0): Unauthenticated. at C:\\laragon\\www\\Authentication\\core\\vendor\\laravel\\passport\\src\\Http\\Middleware\\CheckCredentials.php:67)
[stacktrace]
#0 C:\\laragon\\www\\Authentication\\core\\vendor\\illuminate\\pipeline\\Pipeline.php(171): Laravel\\Passport\\Http\\Middleware\\CheckCredentials->handle(Object(Laravel\\Lumen\\Http\\Request), Object(Closure))
#1 [internal function]: Illuminate\\Pipeline\\Pipeline->Illuminate\\Pipeline\\{closure}(Object(Laravel\\Lumen\\Http\\Request))
#2 C:\\laragon\\www\\Authentication\\core\\vendor\\laravel\\lumen-framework\\src\\Routing\\Pipeline.php(32): call_user_func(Object(Closure), Object(Laravel\\Lumen\\Http\\Request))
#3 C:\\laragon\\www\\Authentication\\core\\vendor\\illuminate\\pipeline\\Pipeline.php(105): Laravel\\Lumen\\Routing\\Pipeline->Laravel\\Lumen\\Routing\\{closure}(Object(Laravel\\Lumen\\Http\\Request))
#4 C:\\laragon\\www\\Authentication\\core\\vendor\\laravel\\lumen-framework\\src\\Concerns\\RoutesRequests.php(413): Illuminate\\Pipeline\\Pipeline->then(Object(Closure))
#5 C:\\laragon\\www\\Authentication\\core\\vendor\\laravel\\lumen-framework\\src\\Concerns\\RoutesRequests.php(259): Laravel\\Lumen\\Application->sendThroughPipeline(Array, Object(Closure))
#6 C:\\laragon\\www\\Authentication\\core\\vendor\\laravel\\lumen-framework\\src\\Concerns\\RoutesRequests.php(165): Laravel\\Lumen\\Application->handleFoundRoute(Array)
#7 [internal function]: Laravel\\Lumen\\Application->Laravel\\Lumen\\Concerns\\{closure}(Object(Laravel\\Lumen\\Http\\Request))
#8 C:\\laragon\\www\\Authentication\\core\\vendor\\laravel\\lumen-framework\\src\\Routing\\Pipeline.php(52): call_user_func(Object(Closure), Object(Laravel\\Lumen\\Http\\Request))
#9 C:\\laragon\\www\\Authentication\\core\\vendor\
ordsoftware\\lumen-cors\\src\\CorsMiddleware.php(38): Laravel\\Lumen\\Routing\\Pipeline->Laravel\\Lumen\\Routing\\{closure}(Object(Laravel\\Lumen\\Http\\Request))
#10 C:\\laragon\\www\\Authentication\\core\\vendor\\illuminate\\pipeline\\Pipeline.php(171): Nord\\Lumen\\Cors\\CorsMiddleware->handle(Object(Laravel\\Lumen\\Http\\Request), Object(Closure))
#11 [internal function]: Illuminate\\Pipeline\\Pipeline->Illuminate\\Pipeline\\{closure}(Object(Laravel\\Lumen\\Http\\Request))
#12 C:\\laragon\\www\\Authentication\\core\\vendor\\laravel\\lumen-framework\\src\\Routing\\Pipeline.php(32): call_user_func(Object(Closure), Object(Laravel\\Lumen\\Http\\Request))
#13 C:\\laragon\\www\\Authentication\\core\\vendor\\illuminate\\pipeline\\Pipeline.php(105): Laravel\\Lumen\\Routing\\Pipeline->Laravel\\Lumen\\Routing\\{closure}(Object(Laravel\\Lumen\\Http\\Request))
#14 C:\\laragon\\www\\Authentication\\core\\vendor\\laravel\\lumen-framework\\src\\Concerns\\RoutesRequests.php(413): Illuminate\\Pipeline\\Pipeline->then(Object(Closure))
#15 C:\\laragon\\www\\Authentication\\core\\vendor\\laravel\\lumen-framework\\src\\Concerns\\RoutesRequests.php(171): Laravel\\Lumen\\Application->sendThroughPipeline(Array, Object(Closure))
#16 C:\\laragon\\www\\Authentication\\core\\vendor\\laravel\\lumen-framework\\src\\Concerns\\RoutesRequests.php(108): Laravel\\Lumen\\Application->dispatch(NULL)
#17 C:\\laragon\\www\\Authentication\\host\\public\\index.php(28): Laravel\\Lumen\\Application->run()
#18 {main}
"} 
[2020-05-29 10:44:04] local.ERROR: Illuminate\Auth\AuthenticationException: Unauthenticated. in C:\laragon\www\Authentication\core\vendor\laravel\passport\src\Http\Middleware\CheckCredentials.php:67
Stack trace:
#0 C:\laragon\www\Authentication\core\vendor\illuminate\pipeline\Pipeline.php(171): Laravel\Passport\Http\Middleware\CheckCredentials->handle(Object(Laravel\Lumen\Http\Request), Object(Closure))
#1 [internal function]: Illuminate\Pipeline\Pipeline->Illuminate\Pipeline\{closure}(Object(Laravel\Lumen\Http\Request))
#2 C:\laragon\www\Authentication\core\vendor\laravel\lumen-framework\src\Routing\Pipeline.php(32): call_user_func(Object(Closure), Object(Laravel\Lumen\Http\Request))
#3 C:\laragon\www\Authentication\core\vendor\illuminate\pipeline\Pipeline.php(105): Laravel\Lumen\Routing\Pipeline->Laravel\Lumen\Routing\{closure}(Object(Laravel\Lumen\Http\Request))
#4 C:\laragon\www\Authentication\core\vendor\laravel\lumen-framework\src\Concerns\RoutesRequests.php(413): Illuminate\Pipeline\Pipeline->then(Object(Closure))
#5 C:\laragon\www\Authentication\core\vendor\laravel\lumen-framework\src\Concerns\RoutesRequests.php(259): Laravel\Lumen\Application->sendThroughPipeline(Array, Object(Closure))
#6 C:\laragon\www\Authentication\core\vendor\laravel\lumen-framework\src\Concerns\RoutesRequests.php(165): Laravel\Lumen\Application->handleFoundRoute(Array)
#7 [internal function]: Laravel\Lumen\Application->Laravel\Lumen\Concerns\{closure}(Object(Laravel\Lumen\Http\Request))
#8 C:\laragon\www\Authentication\core\vendor\laravel\lumen-framework\src\Routing\Pipeline.php(52): call_user_func(Object(Closure), Object(Laravel\Lumen\Http\Request))
#9 C:\laragon\www\Authentication\core\vendor\nordsoftware\lumen-cors\src\CorsMiddleware.php(38): Laravel\Lumen\Routing\Pipeline->Laravel\Lumen\Routing\{closure}(Object(Laravel\Lumen\Http\Request))
#10 C:\laragon\www\Authentication\core\vendor\illuminate\pipeline\Pipeline.php(171): Nord\Lumen\Cors\CorsMiddleware->handle(Object(Laravel\Lumen\Http\Request), Object(Closure))
#11 [internal function]: Illuminate\Pipeline\Pipeline->Illuminate\Pipeline\{closure}(Object(Laravel\Lumen\Http\Request))
#12 C:\laragon\www\Authentication\core\vendor\laravel\lumen-framework\src\Routing\Pipeline.php(32): call_user_func(Object(Closure), Object(Laravel\Lumen\Http\Request))
#13 C:\laragon\www\Authentication\core\vendor\illuminate\pipeline\Pipeline.php(105): Laravel\Lumen\Routing\Pipeline->Laravel\Lumen\Routing\{closure}(Object(Laravel\Lumen\Http\Request))
#14 C:\laragon\www\Authentication\core\vendor\laravel\lumen-framework\src\Concerns\RoutesRequests.php(413): Illuminate\Pipeline\Pipeline->then(Object(Closure))
#15 C:\laragon\www\Authentication\core\vendor\laravel\lumen-framework\src\Concerns\RoutesRequests.php(171): Laravel\Lumen\Application->sendThroughPipeline(Array, Object(Closure))
#16 C:\laragon\www\Authentication\core\vendor\laravel\lumen-framework\src\Concerns\RoutesRequests.php(108): Laravel\Lumen\Application->dispatch(NULL)
#17 C:\laragon\www\Authentication\host\public\index.php(28): Laravel\Lumen\Application->run()
#18 {main} {"exception":"[object] (Illuminate\\Auth\\AuthenticationException(code: 0): Unauthenticated. at C:\\laragon\\www\\Authentication\\core\\vendor\\laravel\\passport\\src\\Http\\Middleware\\CheckCredentials.php:67)
[stacktrace]
#0 C:\\laragon\\www\\Authentication\\core\\vendor\\illuminate\\pipeline\\Pipeline.php(171): Laravel\\Passport\\Http\\Middleware\\CheckCredentials->handle(Object(Laravel\\Lumen\\Http\\Request), Object(Closure))
#1 [internal function]: Illuminate\\Pipeline\\Pipeline->Illuminate\\Pipeline\\{closure}(Object(Laravel\\Lumen\\Http\\Request))
#2 C:\\laragon\\www\\Authentication\\core\\vendor\\laravel\\lumen-framework\\src\\Routing\\Pipeline.php(32): call_user_func(Object(Closure), Object(Laravel\\Lumen\\Http\\Request))
#3 C:\\laragon\\www\\Authentication\\core\\vendor\\illuminate\\pipeline\\Pipeline.php(105): Laravel\\Lumen\\Routing\\Pipeline->Laravel\\Lumen\\Routing\\{closure}(Object(Laravel\\Lumen\\Http\\Request))
#4 C:\\laragon\\www\\Authentication\\core\\vendor\\laravel\\lumen-framework\\src\\Concerns\\RoutesRequests.php(413): Illuminate\\Pipeline\\Pipeline->then(Object(Closure))
#5 C:\\laragon\\www\\Authentication\\core\\vendor\\laravel\\lumen-framework\\src\\Concerns\\RoutesRequests.php(259): Laravel\\Lumen\\Application->sendThroughPipeline(Array, Object(Closure))
#6 C:\\laragon\\www\\Authentication\\core\\vendor\\laravel\\lumen-framework\\src\\Concerns\\RoutesRequests.php(165): Laravel\\Lumen\\Application->handleFoundRoute(Array)
#7 [internal function]: Laravel\\Lumen\\Application->Laravel\\Lumen\\Concerns\\{closure}(Object(Laravel\\Lumen\\Http\\Request))
#8 C:\\laragon\\www\\Authentication\\core\\vendor\\laravel\\lumen-framework\\src\\Routing\\Pipeline.php(52): call_user_func(Object(Closure), Object(Laravel\\Lumen\\Http\\Request))
#9 C:\\laragon\\www\\Authentication\\core\\vendor\
ordsoftware\\lumen-cors\\src\\CorsMiddleware.php(38): Laravel\\Lumen\\Routing\\Pipeline->Laravel\\Lumen\\Routing\\{closure}(Object(Laravel\\Lumen\\Http\\Request))
#10 C:\\laragon\\www\\Authentication\\core\\vendor\\illuminate\\pipeline\\Pipeline.php(171): Nord\\Lumen\\Cors\\CorsMiddleware->handle(Object(Laravel\\Lumen\\Http\\Request), Object(Closure))
#11 [internal function]: Illuminate\\Pipeline\\Pipeline->Illuminate\\Pipeline\\{closure}(Object(Laravel\\Lumen\\Http\\Request))
#12 C:\\laragon\\www\\Authentication\\core\\vendor\\laravel\\lumen-framework\\src\\Routing\\Pipeline.php(32): call_user_func(Object(Closure), Object(Laravel\\Lumen\\Http\\Request))
#13 C:\\laragon\\www\\Authentication\\core\\vendor\\illuminate\\pipeline\\Pipeline.php(105): Laravel\\Lumen\\Routing\\Pipeline->Laravel\\Lumen\\Routing\\{closure}(Object(Laravel\\Lumen\\Http\\Request))
#14 C:\\laragon\\www\\Authentication\\core\\vendor\\laravel\\lumen-framework\\src\\Concerns\\RoutesRequests.php(413): Illuminate\\Pipeline\\Pipeline->then(Object(Closure))
#15 C:\\laragon\\www\\Authentication\\core\\vendor\\laravel\\lumen-framework\\src\\Concerns\\RoutesRequests.php(171): Laravel\\Lumen\\Application->sendThroughPipeline(Array, Object(Closure))
#16 C:\\laragon\\www\\Authentication\\core\\vendor\\laravel\\lumen-framework\\src\\Concerns\\RoutesRequests.php(108): Laravel\\Lumen\\Application->dispatch(NULL)
#17 C:\\laragon\\www\\Authentication\\host\\public\\index.php(28): Laravel\\Lumen\\Application->run()
#18 {main}
"} 
[2020-05-29 13:06:40] local.ERROR: Illuminate\Auth\AuthenticationException: Unauthenticated. in C:\laragon\www\Authentication\core\vendor\laravel\passport\src\Http\Middleware\CheckCredentials.php:67
Stack trace:
#0 C:\laragon\www\Authentication\core\vendor\illuminate\pipeline\Pipeline.php(171): Laravel\Passport\Http\Middleware\CheckCredentials->handle(Object(Laravel\Lumen\Http\Request), Object(Closure))
#1 [internal function]: Illuminate\Pipeline\Pipeline->Illuminate\Pipeline\{closure}(Object(Laravel\Lumen\Http\Request))
#2 C:\laragon\www\Authentication\core\vendor\laravel\lumen-framework\src\Routing\Pipeline.php(32): call_user_func(Object(Closure), Object(Laravel\Lumen\Http\Request))
#3 C:\laragon\www\Authentication\core\vendor\illuminate\pipeline\Pipeline.php(105): Laravel\Lumen\Routing\Pipeline->Laravel\Lumen\Routing\{closure}(Object(Laravel\Lumen\Http\Request))
#4 C:\laragon\www\Authentication\core\vendor\laravel\lumen-framework\src\Concerns\RoutesRequests.php(413): Illuminate\Pipeline\Pipeline->then(Object(Closure))
#5 C:\laragon\www\Authentication\core\vendor\laravel\lumen-framework\src\Concerns\RoutesRequests.php(259): Laravel\Lumen\Application->sendThroughPipeline(Array, Object(Closure))
#6 C:\laragon\www\Authentication\core\vendor\laravel\lumen-framework\src\Concerns\RoutesRequests.php(165): Laravel\Lumen\Application->handleFoundRoute(Array)
#7 [internal function]: Laravel\Lumen\Application->Laravel\Lumen\Concerns\{closure}(Object(Laravel\Lumen\Http\Request))
#8 C:\laragon\www\Authentication\core\vendor\laravel\lumen-framework\src\Routing\Pipeline.php(52): call_user_func(Object(Closure), Object(Laravel\Lumen\Http\Request))
#9 C:\laragon\www\Authentication\core\vendor\nordsoftware\lumen-cors\src\CorsMiddleware.php(38): Laravel\Lumen\Routing\Pipeline->Laravel\Lumen\Routing\{closure}(Object(Laravel\Lumen\Http\Request))
#10 C:\laragon\www\Authentication\core\vendor\illuminate\pipeline\Pipeline.php(171): Nord\Lumen\Cors\CorsMiddleware->handle(Object(Laravel\Lumen\Http\Request), Object(Closure))
#11 [internal function]: Illuminate\Pipeline\Pipeline->Illuminate\Pipeline\{closure}(Object(Laravel\Lumen\Http\Request))
#12 C:\laragon\www\Authentication\core\vendor\laravel\lumen-framework\src\Routing\Pipeline.php(32): call_user_func(Object(Closure), Object(Laravel\Lumen\Http\Request))
#13 C:\laragon\www\Authentication\core\vendor\illuminate\pipeline\Pipeline.php(105): Laravel\Lumen\Routing\Pipeline->Laravel\Lumen\Routing\{closure}(Object(Laravel\Lumen\Http\Request))
#14 C:\laragon\www\Authentication\core\vendor\laravel\lumen-framework\src\Concerns\RoutesRequests.php(413): Illuminate\Pipeline\Pipeline->then(Object(Closure))
#15 C:\laragon\www\Authentication\core\vendor\laravel\lumen-framework\src\Concerns\RoutesRequests.php(171): Laravel\Lumen\Application->sendThroughPipeline(Array, Object(Closure))
#16 C:\laragon\www\Authentication\core\vendor\laravel\lumen-framework\src\Concerns\RoutesRequests.php(108): Laravel\Lumen\Application->dispatch(NULL)
#17 C:\laragon\www\Authentication\host\public\index.php(28): Laravel\Lumen\Application->run()
#18 {main} {"exception":"[object] (Illuminate\\Auth\\AuthenticationException(code: 0): Unauthenticated. at C:\\laragon\\www\\Authentication\\core\\vendor\\laravel\\passport\\src\\Http\\Middleware\\CheckCredentials.php:67)
[stacktrace]
#0 C:\\laragon\\www\\Authentication\\core\\vendor\\illuminate\\pipeline\\Pipeline.php(171): Laravel\\Passport\\Http\\Middleware\\CheckCredentials->handle(Object(Laravel\\Lumen\\Http\\Request), Object(Closure))
#1 [internal function]: Illuminate\\Pipeline\\Pipeline->Illuminate\\Pipeline\\{closure}(Object(Laravel\\Lumen\\Http\\Request))
#2 C:\\laragon\\www\\Authentication\\core\\vendor\\laravel\\lumen-framework\\src\\Routing\\Pipeline.php(32): call_user_func(Object(Closure), Object(Laravel\\Lumen\\Http\\Request))
#3 C:\\laragon\\www\\Authentication\\core\\vendor\\illuminate\\pipeline\\Pipeline.php(105): Laravel\\Lumen\\Routing\\Pipeline->Laravel\\Lumen\\Routing\\{closure}(Object(Laravel\\Lumen\\Http\\Request))
#4 C:\\laragon\\www\\Authentication\\core\\vendor\\laravel\\lumen-framework\\src\\Concerns\\RoutesRequests.php(413): Illuminate\\Pipeline\\Pipeline->then(Object(Closure))
#5 C:\\laragon\\www\\Authentication\\core\\vendor\\laravel\\lumen-framework\\src\\Concerns\\RoutesRequests.php(259): Laravel\\Lumen\\Application->sendThroughPipeline(Array, Object(Closure))
#6 C:\\laragon\\www\\Authentication\\core\\vendor\\laravel\\lumen-framework\\src\\Concerns\\RoutesRequests.php(165): Laravel\\Lumen\\Application->handleFoundRoute(Array)
#7 [internal function]: Laravel\\Lumen\\Application->Laravel\\Lumen\\Concerns\\{closure}(Object(Laravel\\Lumen\\Http\\Request))
#8 C:\\laragon\\www\\Authentication\\core\\vendor\\laravel\\lumen-framework\\src\\Routing\\Pipeline.php(52): call_user_func(Object(Closure), Object(Laravel\\Lumen\\Http\\Request))
#9 C:\\laragon\\www\\Authentication\\core\\vendor\
ordsoftware\\lumen-cors\\src\\CorsMiddleware.php(38): Laravel\\Lumen\\Routing\\Pipeline->Laravel\\Lumen\\Routing\\{closure}(Object(Laravel\\Lumen\\Http\\Request))
#10 C:\\laragon\\www\\Authentication\\core\\vendor\\illuminate\\pipeline\\Pipeline.php(171): Nord\\Lumen\\Cors\\CorsMiddleware->handle(Object(Laravel\\Lumen\\Http\\Request), Object(Closure))
#11 [internal function]: Illuminate\\Pipeline\\Pipeline->Illuminate\\Pipeline\\{closure}(Object(Laravel\\Lumen\\Http\\Request))
#12 C:\\laragon\\www\\Authentication\\core\\vendor\\laravel\\lumen-framework\\src\\Routing\\Pipeline.php(32): call_user_func(Object(Closure), Object(Laravel\\Lumen\\Http\\Request))
#13 C:\\laragon\\www\\Authentication\\core\\vendor\\illuminate\\pipeline\\Pipeline.php(105): Laravel\\Lumen\\Routing\\Pipeline->Laravel\\Lumen\\Routing\\{closure}(Object(Laravel\\Lumen\\Http\\Request))
#14 C:\\laragon\\www\\Authentication\\core\\vendor\\laravel\\lumen-framework\\src\\Concerns\\RoutesRequests.php(413): Illuminate\\Pipeline\\Pipeline->then(Object(Closure))
#15 C:\\laragon\\www\\Authentication\\core\\vendor\\laravel\\lumen-framework\\src\\Concerns\\RoutesRequests.php(171): Laravel\\Lumen\\Application->sendThroughPipeline(Array, Object(Closure))
#16 C:\\laragon\\www\\Authentication\\core\\vendor\\laravel\\lumen-framework\\src\\Concerns\\RoutesRequests.php(108): Laravel\\Lumen\\Application->dispatch(NULL)
#17 C:\\laragon\\www\\Authentication\\host\\public\\index.php(28): Laravel\\Lumen\\Application->run()
#18 {main}
"} 
[2020-05-29 13:09:08] local.ERROR: Illuminate\Auth\AuthenticationException: Unauthenticated. in C:\laragon\www\Authentication\core\vendor\laravel\passport\src\Http\Middleware\CheckCredentials.php:67
Stack trace:
#0 C:\laragon\www\Authentication\core\vendor\illuminate\pipeline\Pipeline.php(171): Laravel\Passport\Http\Middleware\CheckCredentials->handle(Object(Laravel\Lumen\Http\Request), Object(Closure))
#1 [internal function]: Illuminate\Pipeline\Pipeline->Illuminate\Pipeline\{closure}(Object(Laravel\Lumen\Http\Request))
#2 C:\laragon\www\Authentication\core\vendor\laravel\lumen-framework\src\Routing\Pipeline.php(32): call_user_func(Object(Closure), Object(Laravel\Lumen\Http\Request))
#3 C:\laragon\www\Authentication\core\vendor\illuminate\pipeline\Pipeline.php(105): Laravel\Lumen\Routing\Pipeline->Laravel\Lumen\Routing\{closure}(Object(Laravel\Lumen\Http\Request))
#4 C:\laragon\www\Authentication\core\vendor\laravel\lumen-framework\src\Concerns\RoutesRequests.php(413): Illuminate\Pipeline\Pipeline->then(Object(Closure))
#5 C:\laragon\www\Authentication\core\vendor\laravel\lumen-framework\src\Concerns\RoutesRequests.php(259): Laravel\Lumen\Application->sendThroughPipeline(Array, Object(Closure))
#6 C:\laragon\www\Authentication\core\vendor\laravel\lumen-framework\src\Concerns\RoutesRequests.php(165): Laravel\Lumen\Application->handleFoundRoute(Array)
#7 [internal function]: Laravel\Lumen\Application->Laravel\Lumen\Concerns\{closure}(Object(Laravel\Lumen\Http\Request))
#8 C:\laragon\www\Authentication\core\vendor\laravel\lumen-framework\src\Routing\Pipeline.php(52): call_user_func(Object(Closure), Object(Laravel\Lumen\Http\Request))
#9 C:\laragon\www\Authentication\core\vendor\nordsoftware\lumen-cors\src\CorsMiddleware.php(38): Laravel\Lumen\Routing\Pipeline->Laravel\Lumen\Routing\{closure}(Object(Laravel\Lumen\Http\Request))
#10 C:\laragon\www\Authentication\core\vendor\illuminate\pipeline\Pipeline.php(171): Nord\Lumen\Cors\CorsMiddleware->handle(Object(Laravel\Lumen\Http\Request), Object(Closure))
#11 [internal function]: Illuminate\Pipeline\Pipeline->Illuminate\Pipeline\{closure}(Object(Laravel\Lumen\Http\Request))
#12 C:\laragon\www\Authentication\core\vendor\laravel\lumen-framework\src\Routing\Pipeline.php(32): call_user_func(Object(Closure), Object(Laravel\Lumen\Http\Request))
#13 C:\laragon\www\Authentication\core\vendor\illuminate\pipeline\Pipeline.php(105): Laravel\Lumen\Routing\Pipeline->Laravel\Lumen\Routing\{closure}(Object(Laravel\Lumen\Http\Request))
#14 C:\laragon\www\Authentication\core\vendor\laravel\lumen-framework\src\Concerns\RoutesRequests.php(413): Illuminate\Pipeline\Pipeline->then(Object(Closure))
#15 C:\laragon\www\Authentication\core\vendor\laravel\lumen-framework\src\Concerns\RoutesRequests.php(171): Laravel\Lumen\Application->sendThroughPipeline(Array, Object(Closure))
#16 C:\laragon\www\Authentication\core\vendor\laravel\lumen-framework\src\Concerns\RoutesRequests.php(108): Laravel\Lumen\Application->dispatch(NULL)
#17 C:\laragon\www\Authentication\host\public\index.php(28): Laravel\Lumen\Application->run()
#18 {main} {"exception":"[object] (Illuminate\\Auth\\AuthenticationException(code: 0): Unauthenticated. at C:\\laragon\\www\\Authentication\\core\\vendor\\laravel\\passport\\src\\Http\\Middleware\\CheckCredentials.php:67)
[stacktrace]
#0 C:\\laragon\\www\\Authentication\\core\\vendor\\illuminate\\pipeline\\Pipeline.php(171): Laravel\\Passport\\Http\\Middleware\\CheckCredentials->handle(Object(Laravel\\Lumen\\Http\\Request), Object(Closure))
#1 [internal function]: Illuminate\\Pipeline\\Pipeline->Illuminate\\Pipeline\\{closure}(Object(Laravel\\Lumen\\Http\\Request))
#2 C:\\laragon\\www\\Authentication\\core\\vendor\\laravel\\lumen-framework\\src\\Routing\\Pipeline.php(32): call_user_func(Object(Closure), Object(Laravel\\Lumen\\Http\\Request))
#3 C:\\laragon\\www\\Authentication\\core\\vendor\\illuminate\\pipeline\\Pipeline.php(105): Laravel\\Lumen\\Routing\\Pipeline->Laravel\\Lumen\\Routing\\{closure}(Object(Laravel\\Lumen\\Http\\Request))
#4 C:\\laragon\\www\\Authentication\\core\\vendor\\laravel\\lumen-framework\\src\\Concerns\\RoutesRequests.php(413): Illuminate\\Pipeline\\Pipeline->then(Object(Closure))
#5 C:\\laragon\\www\\Authentication\\core\\vendor\\laravel\\lumen-framework\\src\\Concerns\\RoutesRequests.php(259): Laravel\\Lumen\\Application->sendThroughPipeline(Array, Object(Closure))
#6 C:\\laragon\\www\\Authentication\\core\\vendor\\laravel\\lumen-framework\\src\\Concerns\\RoutesRequests.php(165): Laravel\\Lumen\\Application->handleFoundRoute(Array)
#7 [internal function]: Laravel\\Lumen\\Application->Laravel\\Lumen\\Concerns\\{closure}(Object(Laravel\\Lumen\\Http\\Request))
#8 C:\\laragon\\www\\Authentication\\core\\vendor\\laravel\\lumen-framework\\src\\Routing\\Pipeline.php(52): call_user_func(Object(Closure), Object(Laravel\\Lumen\\Http\\Request))
#9 C:\\laragon\\www\\Authentication\\core\\vendor\
ordsoftware\\lumen-cors\\src\\CorsMiddleware.php(38): Laravel\\Lumen\\Routing\\Pipeline->Laravel\\Lumen\\Routing\\{closure}(Object(Laravel\\Lumen\\Http\\Request))
#10 C:\\laragon\\www\\Authentication\\core\\vendor\\illuminate\\pipeline\\Pipeline.php(171): Nord\\Lumen\\Cors\\CorsMiddleware->handle(Object(Laravel\\Lumen\\Http\\Request), Object(Closure))
#11 [internal function]: Illuminate\\Pipeline\\Pipeline->Illuminate\\Pipeline\\{closure}(Object(Laravel\\Lumen\\Http\\Request))
#12 C:\\laragon\\www\\Authentication\\core\\vendor\\laravel\\lumen-framework\\src\\Routing\\Pipeline.php(32): call_user_func(Object(Closure), Object(Laravel\\Lumen\\Http\\Request))
#13 C:\\laragon\\www\\Authentication\\core\\vendor\\illuminate\\pipeline\\Pipeline.php(105): Laravel\\Lumen\\Routing\\Pipeline->Laravel\\Lumen\\Routing\\{closure}(Object(Laravel\\Lumen\\Http\\Request))
#14 C:\\laragon\\www\\Authentication\\core\\vendor\\laravel\\lumen-framework\\src\\Concerns\\RoutesRequests.php(413): Illuminate\\Pipeline\\Pipeline->then(Object(Closure))
#15 C:\\laragon\\www\\Authentication\\core\\vendor\\laravel\\lumen-framework\\src\\Concerns\\RoutesRequests.php(171): Laravel\\Lumen\\Application->sendThroughPipeline(Array, Object(Closure))
#16 C:\\laragon\\www\\Authentication\\core\\vendor\\laravel\\lumen-framework\\src\\Concerns\\RoutesRequests.php(108): Laravel\\Lumen\\Application->dispatch(NULL)
#17 C:\\laragon\\www\\Authentication\\host\\public\\index.php(28): Laravel\\Lumen\\Application->run()
#18 {main}
"} 
[2020-05-29 13:09:10] local.ERROR: Illuminate\Auth\AuthenticationException: Unauthenticated. in C:\laragon\www\Authentication\core\vendor\laravel\passport\src\Http\Middleware\CheckCredentials.php:67
Stack trace:
#0 C:\laragon\www\Authentication\core\vendor\illuminate\pipeline\Pipeline.php(171): Laravel\Passport\Http\Middleware\CheckCredentials->handle(Object(Laravel\Lumen\Http\Request), Object(Closure))
#1 [internal function]: Illuminate\Pipeline\Pipeline->Illuminate\Pipeline\{closure}(Object(Laravel\Lumen\Http\Request))
#2 C:\laragon\www\Authentication\core\vendor\laravel\lumen-framework\src\Routing\Pipeline.php(32): call_user_func(Object(Closure), Object(Laravel\Lumen\Http\Request))
#3 C:\laragon\www\Authentication\core\vendor\illuminate\pipeline\Pipeline.php(105): Laravel\Lumen\Routing\Pipeline->Laravel\Lumen\Routing\{closure}(Object(Laravel\Lumen\Http\Request))
#4 C:\laragon\www\Authentication\core\vendor\laravel\lumen-framework\src\Concerns\RoutesRequests.php(413): Illuminate\Pipeline\Pipeline->then(Object(Closure))
#5 C:\laragon\www\Authentication\core\vendor\laravel\lumen-framework\src\Concerns\RoutesRequests.php(259): Laravel\Lumen\Application->sendThroughPipeline(Array, Object(Closure))
#6 C:\laragon\www\Authentication\core\vendor\laravel\lumen-framework\src\Concerns\RoutesRequests.php(165): Laravel\Lumen\Application->handleFoundRoute(Array)
#7 [internal function]: Laravel\Lumen\Application->Laravel\Lumen\Concerns\{closure}(Object(Laravel\Lumen\Http\Request))
#8 C:\laragon\www\Authentication\core\vendor\laravel\lumen-framework\src\Routing\Pipeline.php(52): call_user_func(Object(Closure), Object(Laravel\Lumen\Http\Request))
#9 C:\laragon\www\Authentication\core\vendor\nordsoftware\lumen-cors\src\CorsMiddleware.php(38): Laravel\Lumen\Routing\Pipeline->Laravel\Lumen\Routing\{closure}(Object(Laravel\Lumen\Http\Request))
#10 C:\laragon\www\Authentication\core\vendor\illuminate\pipeline\Pipeline.php(171): Nord\Lumen\Cors\CorsMiddleware->handle(Object(Laravel\Lumen\Http\Request), Object(Closure))
#11 [internal function]: Illuminate\Pipeline\Pipeline->Illuminate\Pipeline\{closure}(Object(Laravel\Lumen\Http\Request))
#12 C:\laragon\www\Authentication\core\vendor\laravel\lumen-framework\src\Routing\Pipeline.php(32): call_user_func(Object(Closure), Object(Laravel\Lumen\Http\Request))
#13 C:\laragon\www\Authentication\core\vendor\illuminate\pipeline\Pipeline.php(105): Laravel\Lumen\Routing\Pipeline->Laravel\Lumen\Routing\{closure}(Object(Laravel\Lumen\Http\Request))
#14 C:\laragon\www\Authentication\core\vendor\laravel\lumen-framework\src\Concerns\RoutesRequests.php(413): Illuminate\Pipeline\Pipeline->then(Object(Closure))
#15 C:\laragon\www\Authentication\core\vendor\laravel\lumen-framework\src\Concerns\RoutesRequests.php(171): Laravel\Lumen\Application->sendThroughPipeline(Array, Object(Closure))
#16 C:\laragon\www\Authentication\core\vendor\laravel\lumen-framework\src\Concerns\RoutesRequests.php(108): Laravel\Lumen\Application->dispatch(NULL)
#17 C:\laragon\www\Authentication\host\public\index.php(28): Laravel\Lumen\Application->run()
#18 {main} {"exception":"[object] (Illuminate\\Auth\\AuthenticationException(code: 0): Unauthenticated. at C:\\laragon\\www\\Authentication\\core\\vendor\\laravel\\passport\\src\\Http\\Middleware\\CheckCredentials.php:67)
[stacktrace]
#0 C:\\laragon\\www\\Authentication\\core\\vendor\\illuminate\\pipeline\\Pipeline.php(171): Laravel\\Passport\\Http\\Middleware\\CheckCredentials->handle(Object(Laravel\\Lumen\\Http\\Request), Object(Closure))
#1 [internal function]: Illuminate\\Pipeline\\Pipeline->Illuminate\\Pipeline\\{closure}(Object(Laravel\\Lumen\\Http\\Request))
#2 C:\\laragon\\www\\Authentication\\core\\vendor\\laravel\\lumen-framework\\src\\Routing\\Pipeline.php(32): call_user_func(Object(Closure), Object(Laravel\\Lumen\\Http\\Request))
#3 C:\\laragon\\www\\Authentication\\core\\vendor\\illuminate\\pipeline\\Pipeline.php(105): Laravel\\Lumen\\Routing\\Pipeline->Laravel\\Lumen\\Routing\\{closure}(Object(Laravel\\Lumen\\Http\\Request))
#4 C:\\laragon\\www\\Authentication\\core\\vendor\\laravel\\lumen-framework\\src\\Concerns\\RoutesRequests.php(413): Illuminate\\Pipeline\\Pipeline->then(Object(Closure))
#5 C:\\laragon\\www\\Authentication\\core\\vendor\\laravel\\lumen-framework\\src\\Concerns\\RoutesRequests.php(259): Laravel\\Lumen\\Application->sendThroughPipeline(Array, Object(Closure))
#6 C:\\laragon\\www\\Authentication\\core\\vendor\\laravel\\lumen-framework\\src\\Concerns\\RoutesRequests.php(165): Laravel\\Lumen\\Application->handleFoundRoute(Array)
#7 [internal function]: Laravel\\Lumen\\Application->Laravel\\Lumen\\Concerns\\{closure}(Object(Laravel\\Lumen\\Http\\Request))
#8 C:\\laragon\\www\\Authentication\\core\\vendor\\laravel\\lumen-framework\\src\\Routing\\Pipeline.php(52): call_user_func(Object(Closure), Object(Laravel\\Lumen\\Http\\Request))
#9 C:\\laragon\\www\\Authentication\\core\\vendor\
ordsoftware\\lumen-cors\\src\\CorsMiddleware.php(38): Laravel\\Lumen\\Routing\\Pipeline->Laravel\\Lumen\\Routing\\{closure}(Object(Laravel\\Lumen\\Http\\Request))
#10 C:\\laragon\\www\\Authentication\\core\\vendor\\illuminate\\pipeline\\Pipeline.php(171): Nord\\Lumen\\Cors\\CorsMiddleware->handle(Object(Laravel\\Lumen\\Http\\Request), Object(Closure))
#11 [internal function]: Illuminate\\Pipeline\\Pipeline->Illuminate\\Pipeline\\{closure}(Object(Laravel\\Lumen\\Http\\Request))
#12 C:\\laragon\\www\\Authentication\\core\\vendor\\laravel\\lumen-framework\\src\\Routing\\Pipeline.php(32): call_user_func(Object(Closure), Object(Laravel\\Lumen\\Http\\Request))
#13 C:\\laragon\\www\\Authentication\\core\\vendor\\illuminate\\pipeline\\Pipeline.php(105): Laravel\\Lumen\\Routing\\Pipeline->Laravel\\Lumen\\Routing\\{closure}(Object(Laravel\\Lumen\\Http\\Request))
#14 C:\\laragon\\www\\Authentication\\core\\vendor\\laravel\\lumen-framework\\src\\Concerns\\RoutesRequests.php(413): Illuminate\\Pipeline\\Pipeline->then(Object(Closure))
#15 C:\\laragon\\www\\Authentication\\core\\vendor\\laravel\\lumen-framework\\src\\Concerns\\RoutesRequests.php(171): Laravel\\Lumen\\Application->sendThroughPipeline(Array, Object(Closure))
#16 C:\\laragon\\www\\Authentication\\core\\vendor\\laravel\\lumen-framework\\src\\Concerns\\RoutesRequests.php(108): Laravel\\Lumen\\Application->dispatch(NULL)
#17 C:\\laragon\\www\\Authentication\\host\\public\\index.php(28): Laravel\\Lumen\\Application->run()
#18 {main}
"} 
[2020-05-29 13:17:51] local.ERROR: Illuminate\Auth\AuthenticationException: Unauthenticated. in C:\laragon\www\Authentication\core\vendor\laravel\passport\src\Http\Middleware\CheckCredentials.php:67
Stack trace:
#0 C:\laragon\www\Authentication\core\vendor\illuminate\pipeline\Pipeline.php(171): Laravel\Passport\Http\Middleware\CheckCredentials->handle(Object(Laravel\Lumen\Http\Request), Object(Closure))
#1 [internal function]: Illuminate\Pipeline\Pipeline->Illuminate\Pipeline\{closure}(Object(Laravel\Lumen\Http\Request))
#2 C:\laragon\www\Authentication\core\vendor\laravel\lumen-framework\src\Routing\Pipeline.php(32): call_user_func(Object(Closure), Object(Laravel\Lumen\Http\Request))
#3 C:\laragon\www\Authentication\core\vendor\illuminate\pipeline\Pipeline.php(105): Laravel\Lumen\Routing\Pipeline->Laravel\Lumen\Routing\{closure}(Object(Laravel\Lumen\Http\Request))
#4 C:\laragon\www\Authentication\core\vendor\laravel\lumen-framework\src\Concerns\RoutesRequests.php(413): Illuminate\Pipeline\Pipeline->then(Object(Closure))
#5 C:\laragon\www\Authentication\core\vendor\laravel\lumen-framework\src\Concerns\RoutesRequests.php(259): Laravel\Lumen\Application->sendThroughPipeline(Array, Object(Closure))
#6 C:\laragon\www\Authentication\core\vendor\laravel\lumen-framework\src\Concerns\RoutesRequests.php(165): Laravel\Lumen\Application->handleFoundRoute(Array)
#7 [internal function]: Laravel\Lumen\Application->Laravel\Lumen\Concerns\{closure}(Object(Laravel\Lumen\Http\Request))
#8 C:\laragon\www\Authentication\core\vendor\laravel\lumen-framework\src\Routing\Pipeline.php(52): call_user_func(Object(Closure), Object(Laravel\Lumen\Http\Request))
#9 C:\laragon\www\Authentication\core\vendor\nordsoftware\lumen-cors\src\CorsMiddleware.php(38): Laravel\Lumen\Routing\Pipeline->Laravel\Lumen\Routing\{closure}(Object(Laravel\Lumen\Http\Request))
#10 C:\laragon\www\Authentication\core\vendor\illuminate\pipeline\Pipeline.php(171): Nord\Lumen\Cors\CorsMiddleware->handle(Object(Laravel\Lumen\Http\Request), Object(Closure))
#11 [internal function]: Illuminate\Pipeline\Pipeline->Illuminate\Pipeline\{closure}(Object(Laravel\Lumen\Http\Request))
#12 C:\laragon\www\Authentication\core\vendor\laravel\lumen-framework\src\Routing\Pipeline.php(32): call_user_func(Object(Closure), Object(Laravel\Lumen\Http\Request))
#13 C:\laragon\www\Authentication\core\vendor\illuminate\pipeline\Pipeline.php(105): Laravel\Lumen\Routing\Pipeline->Laravel\Lumen\Routing\{closure}(Object(Laravel\Lumen\Http\Request))
#14 C:\laragon\www\Authentication\core\vendor\laravel\lumen-framework\src\Concerns\RoutesRequests.php(413): Illuminate\Pipeline\Pipeline->then(Object(Closure))
#15 C:\laragon\www\Authentication\core\vendor\laravel\lumen-framework\src\Concerns\RoutesRequests.php(171): Laravel\Lumen\Application->sendThroughPipeline(Array, Object(Closure))
#16 C:\laragon\www\Authentication\core\vendor\laravel\lumen-framework\src\Concerns\RoutesRequests.php(108): Laravel\Lumen\Application->dispatch(NULL)
#17 C:\laragon\www\Authentication\host\public\index.php(28): Laravel\Lumen\Application->run()
#18 {main} {"exception":"[object] (Illuminate\\Auth\\AuthenticationException(code: 0): Unauthenticated. at C:\\laragon\\www\\Authentication\\core\\vendor\\laravel\\passport\\src\\Http\\Middleware\\CheckCredentials.php:67)
[stacktrace]
#0 C:\\laragon\\www\\Authentication\\core\\vendor\\illuminate\\pipeline\\Pipeline.php(171): Laravel\\Passport\\Http\\Middleware\\CheckCredentials->handle(Object(Laravel\\Lumen\\Http\\Request), Object(Closure))
#1 [internal function]: Illuminate\\Pipeline\\Pipeline->Illuminate\\Pipeline\\{closure}(Object(Laravel\\Lumen\\Http\\Request))
#2 C:\\laragon\\www\\Authentication\\core\\vendor\\laravel\\lumen-framework\\src\\Routing\\Pipeline.php(32): call_user_func(Object(Closure), Object(Laravel\\Lumen\\Http\\Request))
#3 C:\\laragon\\www\\Authentication\\core\\vendor\\illuminate\\pipeline\\Pipeline.php(105): Laravel\\Lumen\\Routing\\Pipeline->Laravel\\Lumen\\Routing\\{closure}(Object(Laravel\\Lumen\\Http\\Request))
#4 C:\\laragon\\www\\Authentication\\core\\vendor\\laravel\\lumen-framework\\src\\Concerns\\RoutesRequests.php(413): Illuminate\\Pipeline\\Pipeline->then(Object(Closure))
#5 C:\\laragon\\www\\Authentication\\core\\vendor\\laravel\\lumen-framework\\src\\Concerns\\RoutesRequests.php(259): Laravel\\Lumen\\Application->sendThroughPipeline(Array, Object(Closure))
#6 C:\\laragon\\www\\Authentication\\core\\vendor\\laravel\\lumen-framework\\src\\Concerns\\RoutesRequests.php(165): Laravel\\Lumen\\Application->handleFoundRoute(Array)
#7 [internal function]: Laravel\\Lumen\\Application->Laravel\\Lumen\\Concerns\\{closure}(Object(Laravel\\Lumen\\Http\\Request))
#8 C:\\laragon\\www\\Authentication\\core\\vendor\\laravel\\lumen-framework\\src\\Routing\\Pipeline.php(52): call_user_func(Object(Closure), Object(Laravel\\Lumen\\Http\\Request))
#9 C:\\laragon\\www\\Authentication\\core\\vendor\
ordsoftware\\lumen-cors\\src\\CorsMiddleware.php(38): Laravel\\Lumen\\Routing\\Pipeline->Laravel\\Lumen\\Routing\\{closure}(Object(Laravel\\Lumen\\Http\\Request))
#10 C:\\laragon\\www\\Authentication\\core\\vendor\\illuminate\\pipeline\\Pipeline.php(171): Nord\\Lumen\\Cors\\CorsMiddleware->handle(Object(Laravel\\Lumen\\Http\\Request), Object(Closure))
#11 [internal function]: Illuminate\\Pipeline\\Pipeline->Illuminate\\Pipeline\\{closure}(Object(Laravel\\Lumen\\Http\\Request))
#12 C:\\laragon\\www\\Authentication\\core\\vendor\\laravel\\lumen-framework\\src\\Routing\\Pipeline.php(32): call_user_func(Object(Closure), Object(Laravel\\Lumen\\Http\\Request))
#13 C:\\laragon\\www\\Authentication\\core\\vendor\\illuminate\\pipeline\\Pipeline.php(105): Laravel\\Lumen\\Routing\\Pipeline->Laravel\\Lumen\\Routing\\{closure}(Object(Laravel\\Lumen\\Http\\Request))
#14 C:\\laragon\\www\\Authentication\\core\\vendor\\laravel\\lumen-framework\\src\\Concerns\\RoutesRequests.php(413): Illuminate\\Pipeline\\Pipeline->then(Object(Closure))
#15 C:\\laragon\\www\\Authentication\\core\\vendor\\laravel\\lumen-framework\\src\\Concerns\\RoutesRequests.php(171): Laravel\\Lumen\\Application->sendThroughPipeline(Array, Object(Closure))
#16 C:\\laragon\\www\\Authentication\\core\\vendor\\laravel\\lumen-framework\\src\\Concerns\\RoutesRequests.php(108): Laravel\\Lumen\\Application->dispatch(NULL)
#17 C:\\laragon\\www\\Authentication\\host\\public\\index.php(28): Laravel\\Lumen\\Application->run()
#18 {main}
"} 
[2020-05-29 13:17:53] local.ERROR: Illuminate\Auth\AuthenticationException: Unauthenticated. in C:\laragon\www\Authentication\core\vendor\laravel\passport\src\Http\Middleware\CheckCredentials.php:67
Stack trace:
#0 C:\laragon\www\Authentication\core\vendor\illuminate\pipeline\Pipeline.php(171): Laravel\Passport\Http\Middleware\CheckCredentials->handle(Object(Laravel\Lumen\Http\Request), Object(Closure))
#1 [internal function]: Illuminate\Pipeline\Pipeline->Illuminate\Pipeline\{closure}(Object(Laravel\Lumen\Http\Request))
#2 C:\laragon\www\Authentication\core\vendor\laravel\lumen-framework\src\Routing\Pipeline.php(32): call_user_func(Object(Closure), Object(Laravel\Lumen\Http\Request))
#3 C:\laragon\www\Authentication\core\vendor\illuminate\pipeline\Pipeline.php(105): Laravel\Lumen\Routing\Pipeline->Laravel\Lumen\Routing\{closure}(Object(Laravel\Lumen\Http\Request))
#4 C:\laragon\www\Authentication\core\vendor\laravel\lumen-framework\src\Concerns\RoutesRequests.php(413): Illuminate\Pipeline\Pipeline->then(Object(Closure))
#5 C:\laragon\www\Authentication\core\vendor\laravel\lumen-framework\src\Concerns\RoutesRequests.php(259): Laravel\Lumen\Application->sendThroughPipeline(Array, Object(Closure))
#6 C:\laragon\www\Authentication\core\vendor\laravel\lumen-framework\src\Concerns\RoutesRequests.php(165): Laravel\Lumen\Application->handleFoundRoute(Array)
#7 [internal function]: Laravel\Lumen\Application->Laravel\Lumen\Concerns\{closure}(Object(Laravel\Lumen\Http\Request))
#8 C:\laragon\www\Authentication\core\vendor\laravel\lumen-framework\src\Routing\Pipeline.php(52): call_user_func(Object(Closure), Object(Laravel\Lumen\Http\Request))
#9 C:\laragon\www\Authentication\core\vendor\nordsoftware\lumen-cors\src\CorsMiddleware.php(38): Laravel\Lumen\Routing\Pipeline->Laravel\Lumen\Routing\{closure}(Object(Laravel\Lumen\Http\Request))
#10 C:\laragon\www\Authentication\core\vendor\illuminate\pipeline\Pipeline.php(171): Nord\Lumen\Cors\CorsMiddleware->handle(Object(Laravel\Lumen\Http\Request), Object(Closure))
#11 [internal function]: Illuminate\Pipeline\Pipeline->Illuminate\Pipeline\{closure}(Object(Laravel\Lumen\Http\Request))
#12 C:\laragon\www\Authentication\core\vendor\laravel\lumen-framework\src\Routing\Pipeline.php(32): call_user_func(Object(Closure), Object(Laravel\Lumen\Http\Request))
#13 C:\laragon\www\Authentication\core\vendor\illuminate\pipeline\Pipeline.php(105): Laravel\Lumen\Routing\Pipeline->Laravel\Lumen\Routing\{closure}(Object(Laravel\Lumen\Http\Request))
#14 C:\laragon\www\Authentication\core\vendor\laravel\lumen-framework\src\Concerns\RoutesRequests.php(413): Illuminate\Pipeline\Pipeline->then(Object(Closure))
#15 C:\laragon\www\Authentication\core\vendor\laravel\lumen-framework\src\Concerns\RoutesRequests.php(171): Laravel\Lumen\Application->sendThroughPipeline(Array, Object(Closure))
#16 C:\laragon\www\Authentication\core\vendor\laravel\lumen-framework\src\Concerns\RoutesRequests.php(108): Laravel\Lumen\Application->dispatch(NULL)
#17 C:\laragon\www\Authentication\host\public\index.php(28): Laravel\Lumen\Application->run()
#18 {main} {"exception":"[object] (Illuminate\\Auth\\AuthenticationException(code: 0): Unauthenticated. at C:\\laragon\\www\\Authentication\\core\\vendor\\laravel\\passport\\src\\Http\\Middleware\\CheckCredentials.php:67)
[stacktrace]
#0 C:\\laragon\\www\\Authentication\\core\\vendor\\illuminate\\pipeline\\Pipeline.php(171): Laravel\\Passport\\Http\\Middleware\\CheckCredentials->handle(Object(Laravel\\Lumen\\Http\\Request), Object(Closure))
#1 [internal function]: Illuminate\\Pipeline\\Pipeline->Illuminate\\Pipeline\\{closure}(Object(Laravel\\Lumen\\Http\\Request))
#2 C:\\laragon\\www\\Authentication\\core\\vendor\\laravel\\lumen-framework\\src\\Routing\\Pipeline.php(32): call_user_func(Object(Closure), Object(Laravel\\Lumen\\Http\\Request))
#3 C:\\laragon\\www\\Authentication\\core\\vendor\\illuminate\\pipeline\\Pipeline.php(105): Laravel\\Lumen\\Routing\\Pipeline->Laravel\\Lumen\\Routing\\{closure}(Object(Laravel\\Lumen\\Http\\Request))
#4 C:\\laragon\\www\\Authentication\\core\\vendor\\laravel\\lumen-framework\\src\\Concerns\\RoutesRequests.php(413): Illuminate\\Pipeline\\Pipeline->then(Object(Closure))
#5 C:\\laragon\\www\\Authentication\\core\\vendor\\laravel\\lumen-framework\\src\\Concerns\\RoutesRequests.php(259): Laravel\\Lumen\\Application->sendThroughPipeline(Array, Object(Closure))
#6 C:\\laragon\\www\\Authentication\\core\\vendor\\laravel\\lumen-framework\\src\\Concerns\\RoutesRequests.php(165): Laravel\\Lumen\\Application->handleFoundRoute(Array)
#7 [internal function]: Laravel\\Lumen\\Application->Laravel\\Lumen\\Concerns\\{closure}(Object(Laravel\\Lumen\\Http\\Request))
#8 C:\\laragon\\www\\Authentication\\core\\vendor\\laravel\\lumen-framework\\src\\Routing\\Pipeline.php(52): call_user_func(Object(Closure), Object(Laravel\\Lumen\\Http\\Request))
#9 C:\\laragon\\www\\Authentication\\core\\vendor\
ordsoftware\\lumen-cors\\src\\CorsMiddleware.php(38): Laravel\\Lumen\\Routing\\Pipeline->Laravel\\Lumen\\Routing\\{closure}(Object(Laravel\\Lumen\\Http\\Request))
#10 C:\\laragon\\www\\Authentication\\core\\vendor\\illuminate\\pipeline\\Pipeline.php(171): Nord\\Lumen\\Cors\\CorsMiddleware->handle(Object(Laravel\\Lumen\\Http\\Request), Object(Closure))
#11 [internal function]: Illuminate\\Pipeline\\Pipeline->Illuminate\\Pipeline\\{closure}(Object(Laravel\\Lumen\\Http\\Request))
#12 C:\\laragon\\www\\Authentication\\core\\vendor\\laravel\\lumen-framework\\src\\Routing\\Pipeline.php(32): call_user_func(Object(Closure), Object(Laravel\\Lumen\\Http\\Request))
#13 C:\\laragon\\www\\Authentication\\core\\vendor\\illuminate\\pipeline\\Pipeline.php(105): Laravel\\Lumen\\Routing\\Pipeline->Laravel\\Lumen\\Routing\\{closure}(Object(Laravel\\Lumen\\Http\\Request))
#14 C:\\laragon\\www\\Authentication\\core\\vendor\\laravel\\lumen-framework\\src\\Concerns\\RoutesRequests.php(413): Illuminate\\Pipeline\\Pipeline->then(Object(Closure))
#15 C:\\laragon\\www\\Authentication\\core\\vendor\\laravel\\lumen-framework\\src\\Concerns\\RoutesRequests.php(171): Laravel\\Lumen\\Application->sendThroughPipeline(Array, Object(Closure))
#16 C:\\laragon\\www\\Authentication\\core\\vendor\\laravel\\lumen-framework\\src\\Concerns\\RoutesRequests.php(108): Laravel\\Lumen\\Application->dispatch(NULL)
#17 C:\\laragon\\www\\Authentication\\host\\public\\index.php(28): Laravel\\Lumen\\Application->run()
#18 {main}
"} 
[2020-05-29 13:17:57] local.ERROR: Illuminate\Auth\AuthenticationException: Unauthenticated. in C:\laragon\www\Authentication\core\vendor\laravel\passport\src\Http\Middleware\CheckCredentials.php:67
Stack trace:
#0 C:\laragon\www\Authentication\core\vendor\illuminate\pipeline\Pipeline.php(171): Laravel\Passport\Http\Middleware\CheckCredentials->handle(Object(Laravel\Lumen\Http\Request), Object(Closure))
#1 [internal function]: Illuminate\Pipeline\Pipeline->Illuminate\Pipeline\{closure}(Object(Laravel\Lumen\Http\Request))
#2 C:\laragon\www\Authentication\core\vendor\laravel\lumen-framework\src\Routing\Pipeline.php(32): call_user_func(Object(Closure), Object(Laravel\Lumen\Http\Request))
#3 C:\laragon\www\Authentication\core\vendor\illuminate\pipeline\Pipeline.php(105): Laravel\Lumen\Routing\Pipeline->Laravel\Lumen\Routing\{closure}(Object(Laravel\Lumen\Http\Request))
#4 C:\laragon\www\Authentication\core\vendor\laravel\lumen-framework\src\Concerns\RoutesRequests.php(413): Illuminate\Pipeline\Pipeline->then(Object(Closure))
#5 C:\laragon\www\Authentication\core\vendor\laravel\lumen-framework\src\Concerns\RoutesRequests.php(259): Laravel\Lumen\Application->sendThroughPipeline(Array, Object(Closure))
#6 C:\laragon\www\Authentication\core\vendor\laravel\lumen-framework\src\Concerns\RoutesRequests.php(165): Laravel\Lumen\Application->handleFoundRoute(Array)
#7 [internal function]: Laravel\Lumen\Application->Laravel\Lumen\Concerns\{closure}(Object(Laravel\Lumen\Http\Request))
#8 C:\laragon\www\Authentication\core\vendor\laravel\lumen-framework\src\Routing\Pipeline.php(52): call_user_func(Object(Closure), Object(Laravel\Lumen\Http\Request))
#9 C:\laragon\www\Authentication\core\vendor\nordsoftware\lumen-cors\src\CorsMiddleware.php(38): Laravel\Lumen\Routing\Pipeline->Laravel\Lumen\Routing\{closure}(Object(Laravel\Lumen\Http\Request))
#10 C:\laragon\www\Authentication\core\vendor\illuminate\pipeline\Pipeline.php(171): Nord\Lumen\Cors\CorsMiddleware->handle(Object(Laravel\Lumen\Http\Request), Object(Closure))
#11 [internal function]: Illuminate\Pipeline\Pipeline->Illuminate\Pipeline\{closure}(Object(Laravel\Lumen\Http\Request))
#12 C:\laragon\www\Authentication\core\vendor\laravel\lumen-framework\src\Routing\Pipeline.php(32): call_user_func(Object(Closure), Object(Laravel\Lumen\Http\Request))
#13 C:\laragon\www\Authentication\core\vendor\illuminate\pipeline\Pipeline.php(105): Laravel\Lumen\Routing\Pipeline->Laravel\Lumen\Routing\{closure}(Object(Laravel\Lumen\Http\Request))
#14 C:\laragon\www\Authentication\core\vendor\laravel\lumen-framework\src\Concerns\RoutesRequests.php(413): Illuminate\Pipeline\Pipeline->then(Object(Closure))
#15 C:\laragon\www\Authentication\core\vendor\laravel\lumen-framework\src\Concerns\RoutesRequests.php(171): Laravel\Lumen\Application->sendThroughPipeline(Array, Object(Closure))
#16 C:\laragon\www\Authentication\core\vendor\laravel\lumen-framework\src\Concerns\RoutesRequests.php(108): Laravel\Lumen\Application->dispatch(NULL)
#17 C:\laragon\www\Authentication\host\public\index.php(28): Laravel\Lumen\Application->run()
#18 {main} {"exception":"[object] (Illuminate\\Auth\\AuthenticationException(code: 0): Unauthenticated. at C:\\laragon\\www\\Authentication\\core\\vendor\\laravel\\passport\\src\\Http\\Middleware\\CheckCredentials.php:67)
[stacktrace]
#0 C:\\laragon\\www\\Authentication\\core\\vendor\\illuminate\\pipeline\\Pipeline.php(171): Laravel\\Passport\\Http\\Middleware\\CheckCredentials->handle(Object(Laravel\\Lumen\\Http\\Request), Object(Closure))
#1 [internal function]: Illuminate\\Pipeline\\Pipeline->Illuminate\\Pipeline\\{closure}(Object(Laravel\\Lumen\\Http\\Request))
#2 C:\\laragon\\www\\Authentication\\core\\vendor\\laravel\\lumen-framework\\src\\Routing\\Pipeline.php(32): call_user_func(Object(Closure), Object(Laravel\\Lumen\\Http\\Request))
#3 C:\\laragon\\www\\Authentication\\core\\vendor\\illuminate\\pipeline\\Pipeline.php(105): Laravel\\Lumen\\Routing\\Pipeline->Laravel\\Lumen\\Routing\\{closure}(Object(Laravel\\Lumen\\Http\\Request))
#4 C:\\laragon\\www\\Authentication\\core\\vendor\\laravel\\lumen-framework\\src\\Concerns\\RoutesRequests.php(413): Illuminate\\Pipeline\\Pipeline->then(Object(Closure))
#5 C:\\laragon\\www\\Authentication\\core\\vendor\\laravel\\lumen-framework\\src\\Concerns\\RoutesRequests.php(259): Laravel\\Lumen\\Application->sendThroughPipeline(Array, Object(Closure))
#6 C:\\laragon\\www\\Authentication\\core\\vendor\\laravel\\lumen-framework\\src\\Concerns\\RoutesRequests.php(165): Laravel\\Lumen\\Application->handleFoundRoute(Array)
#7 [internal function]: Laravel\\Lumen\\Application->Laravel\\Lumen\\Concerns\\{closure}(Object(Laravel\\Lumen\\Http\\Request))
#8 C:\\laragon\\www\\Authentication\\core\\vendor\\laravel\\lumen-framework\\src\\Routing\\Pipeline.php(52): call_user_func(Object(Closure), Object(Laravel\\Lumen\\Http\\Request))
#9 C:\\laragon\\www\\Authentication\\core\\vendor\
ordsoftware\\lumen-cors\\src\\CorsMiddleware.php(38): Laravel\\Lumen\\Routing\\Pipeline->Laravel\\Lumen\\Routing\\{closure}(Object(Laravel\\Lumen\\Http\\Request))
#10 C:\\laragon\\www\\Authentication\\core\\vendor\\illuminate\\pipeline\\Pipeline.php(171): Nord\\Lumen\\Cors\\CorsMiddleware->handle(Object(Laravel\\Lumen\\Http\\Request), Object(Closure))
#11 [internal function]: Illuminate\\Pipeline\\Pipeline->Illuminate\\Pipeline\\{closure}(Object(Laravel\\Lumen\\Http\\Request))
#12 C:\\laragon\\www\\Authentication\\core\\vendor\\laravel\\lumen-framework\\src\\Routing\\Pipeline.php(32): call_user_func(Object(Closure), Object(Laravel\\Lumen\\Http\\Request))
#13 C:\\laragon\\www\\Authentication\\core\\vendor\\illuminate\\pipeline\\Pipeline.php(105): Laravel\\Lumen\\Routing\\Pipeline->Laravel\\Lumen\\Routing\\{closure}(Object(Laravel\\Lumen\\Http\\Request))
#14 C:\\laragon\\www\\Authentication\\core\\vendor\\laravel\\lumen-framework\\src\\Concerns\\RoutesRequests.php(413): Illuminate\\Pipeline\\Pipeline->then(Object(Closure))
#15 C:\\laragon\\www\\Authentication\\core\\vendor\\laravel\\lumen-framework\\src\\Concerns\\RoutesRequests.php(171): Laravel\\Lumen\\Application->sendThroughPipeline(Array, Object(Closure))
#16 C:\\laragon\\www\\Authentication\\core\\vendor\\laravel\\lumen-framework\\src\\Concerns\\RoutesRequests.php(108): Laravel\\Lumen\\Application->dispatch(NULL)
#17 C:\\laragon\\www\\Authentication\\host\\public\\index.php(28): Laravel\\Lumen\\Application->run()
#18 {main}
"} 
[2020-05-29 13:17:59] local.ERROR: Illuminate\Auth\AuthenticationException: Unauthenticated. in C:\laragon\www\Authentication\core\vendor\laravel\passport\src\Http\Middleware\CheckCredentials.php:67
Stack trace:
#0 C:\laragon\www\Authentication\core\vendor\illuminate\pipeline\Pipeline.php(171): Laravel\Passport\Http\Middleware\CheckCredentials->handle(Object(Laravel\Lumen\Http\Request), Object(Closure))
#1 [internal function]: Illuminate\Pipeline\Pipeline->Illuminate\Pipeline\{closure}(Object(Laravel\Lumen\Http\Request))
#2 C:\laragon\www\Authentication\core\vendor\laravel\lumen-framework\src\Routing\Pipeline.php(32): call_user_func(Object(Closure), Object(Laravel\Lumen\Http\Request))
#3 C:\laragon\www\Authentication\core\vendor\illuminate\pipeline\Pipeline.php(105): Laravel\Lumen\Routing\Pipeline->Laravel\Lumen\Routing\{closure}(Object(Laravel\Lumen\Http\Request))
#4 C:\laragon\www\Authentication\core\vendor\laravel\lumen-framework\src\Concerns\RoutesRequests.php(413): Illuminate\Pipeline\Pipeline->then(Object(Closure))
#5 C:\laragon\www\Authentication\core\vendor\laravel\lumen-framework\src\Concerns\RoutesRequests.php(259): Laravel\Lumen\Application->sendThroughPipeline(Array, Object(Closure))
#6 C:\laragon\www\Authentication\core\vendor\laravel\lumen-framework\src\Concerns\RoutesRequests.php(165): Laravel\Lumen\Application->handleFoundRoute(Array)
#7 [internal function]: Laravel\Lumen\Application->Laravel\Lumen\Concerns\{closure}(Object(Laravel\Lumen\Http\Request))
#8 C:\laragon\www\Authentication\core\vendor\laravel\lumen-framework\src\Routing\Pipeline.php(52): call_user_func(Object(Closure), Object(Laravel\Lumen\Http\Request))
#9 C:\laragon\www\Authentication\core\vendor\nordsoftware\lumen-cors\src\CorsMiddleware.php(38): Laravel\Lumen\Routing\Pipeline->Laravel\Lumen\Routing\{closure}(Object(Laravel\Lumen\Http\Request))
#10 C:\laragon\www\Authentication\core\vendor\illuminate\pipeline\Pipeline.php(171): Nord\Lumen\Cors\CorsMiddleware->handle(Object(Laravel\Lumen\Http\Request), Object(Closure))
#11 [internal function]: Illuminate\Pipeline\Pipeline->Illuminate\Pipeline\{closure}(Object(Laravel\Lumen\Http\Request))
#12 C:\laragon\www\Authentication\core\vendor\laravel\lumen-framework\src\Routing\Pipeline.php(32): call_user_func(Object(Closure), Object(Laravel\Lumen\Http\Request))
#13 C:\laragon\www\Authentication\core\vendor\illuminate\pipeline\Pipeline.php(105): Laravel\Lumen\Routing\Pipeline->Laravel\Lumen\Routing\{closure}(Object(Laravel\Lumen\Http\Request))
#14 C:\laragon\www\Authentication\core\vendor\laravel\lumen-framework\src\Concerns\RoutesRequests.php(413): Illuminate\Pipeline\Pipeline->then(Object(Closure))
#15 C:\laragon\www\Authentication\core\vendor\laravel\lumen-framework\src\Concerns\RoutesRequests.php(171): Laravel\Lumen\Application->sendThroughPipeline(Array, Object(Closure))
#16 C:\laragon\www\Authentication\core\vendor\laravel\lumen-framework\src\Concerns\RoutesRequests.php(108): Laravel\Lumen\Application->dispatch(NULL)
#17 C:\laragon\www\Authentication\host\public\index.php(28): Laravel\Lumen\Application->run()
#18 {main} {"exception":"[object] (Illuminate\\Auth\\AuthenticationException(code: 0): Unauthenticated. at C:\\laragon\\www\\Authentication\\core\\vendor\\laravel\\passport\\src\\Http\\Middleware\\CheckCredentials.php:67)
[stacktrace]
#0 C:\\laragon\\www\\Authentication\\core\\vendor\\illuminate\\pipeline\\Pipeline.php(171): Laravel\\Passport\\Http\\Middleware\\CheckCredentials->handle(Object(Laravel\\Lumen\\Http\\Request), Object(Closure))
#1 [internal function]: Illuminate\\Pipeline\\Pipeline->Illuminate\\Pipeline\\{closure}(Object(Laravel\\Lumen\\Http\\Request))
#2 C:\\laragon\\www\\Authentication\\core\\vendor\\laravel\\lumen-framework\\src\\Routing\\Pipeline.php(32): call_user_func(Object(Closure), Object(Laravel\\Lumen\\Http\\Request))
#3 C:\\laragon\\www\\Authentication\\core\\vendor\\illuminate\\pipeline\\Pipeline.php(105): Laravel\\Lumen\\Routing\\Pipeline->Laravel\\Lumen\\Routing\\{closure}(Object(Laravel\\Lumen\\Http\\Request))
#4 C:\\laragon\\www\\Authentication\\core\\vendor\\laravel\\lumen-framework\\src\\Concerns\\RoutesRequests.php(413): Illuminate\\Pipeline\\Pipeline->then(Object(Closure))
#5 C:\\laragon\\www\\Authentication\\core\\vendor\\laravel\\lumen-framework\\src\\Concerns\\RoutesRequests.php(259): Laravel\\Lumen\\Application->sendThroughPipeline(Array, Object(Closure))
#6 C:\\laragon\\www\\Authentication\\core\\vendor\\laravel\\lumen-framework\\src\\Concerns\\RoutesRequests.php(165): Laravel\\Lumen\\Application->handleFoundRoute(Array)
#7 [internal function]: Laravel\\Lumen\\Application->Laravel\\Lumen\\Concerns\\{closure}(Object(Laravel\\Lumen\\Http\\Request))
#8 C:\\laragon\\www\\Authentication\\core\\vendor\\laravel\\lumen-framework\\src\\Routing\\Pipeline.php(52): call_user_func(Object(Closure), Object(Laravel\\Lumen\\Http\\Request))
#9 C:\\laragon\\www\\Authentication\\core\\vendor\
ordsoftware\\lumen-cors\\src\\CorsMiddleware.php(38): Laravel\\Lumen\\Routing\\Pipeline->Laravel\\Lumen\\Routing\\{closure}(Object(Laravel\\Lumen\\Http\\Request))
#10 C:\\laragon\\www\\Authentication\\core\\vendor\\illuminate\\pipeline\\Pipeline.php(171): Nord\\Lumen\\Cors\\CorsMiddleware->handle(Object(Laravel\\Lumen\\Http\\Request), Object(Closure))
#11 [internal function]: Illuminate\\Pipeline\\Pipeline->Illuminate\\Pipeline\\{closure}(Object(Laravel\\Lumen\\Http\\Request))
#12 C:\\laragon\\www\\Authentication\\core\\vendor\\laravel\\lumen-framework\\src\\Routing\\Pipeline.php(32): call_user_func(Object(Closure), Object(Laravel\\Lumen\\Http\\Request))
#13 C:\\laragon\\www\\Authentication\\core\\vendor\\illuminate\\pipeline\\Pipeline.php(105): Laravel\\Lumen\\Routing\\Pipeline->Laravel\\Lumen\\Routing\\{closure}(Object(Laravel\\Lumen\\Http\\Request))
#14 C:\\laragon\\www\\Authentication\\core\\vendor\\laravel\\lumen-framework\\src\\Concerns\\RoutesRequests.php(413): Illuminate\\Pipeline\\Pipeline->then(Object(Closure))
#15 C:\\laragon\\www\\Authentication\\core\\vendor\\laravel\\lumen-framework\\src\\Concerns\\RoutesRequests.php(171): Laravel\\Lumen\\Application->sendThroughPipeline(Array, Object(Closure))
#16 C:\\laragon\\www\\Authentication\\core\\vendor\\laravel\\lumen-framework\\src\\Concerns\\RoutesRequests.php(108): Laravel\\Lumen\\Application->dispatch(NULL)
#17 C:\\laragon\\www\\Authentication\\host\\public\\index.php(28): Laravel\\Lumen\\Application->run()
#18 {main}
"} 
[2020-05-29 13:24:35] local.ERROR: Illuminate\Auth\AuthenticationException: Unauthenticated. in C:\laragon\www\Authentication\core\vendor\laravel\passport\src\Http\Middleware\CheckCredentials.php:67
Stack trace:
#0 C:\laragon\www\Authentication\core\vendor\illuminate\pipeline\Pipeline.php(171): Laravel\Passport\Http\Middleware\CheckCredentials->handle(Object(Laravel\Lumen\Http\Request), Object(Closure))
#1 [internal function]: Illuminate\Pipeline\Pipeline->Illuminate\Pipeline\{closure}(Object(Laravel\Lumen\Http\Request))
#2 C:\laragon\www\Authentication\core\vendor\laravel\lumen-framework\src\Routing\Pipeline.php(32): call_user_func(Object(Closure), Object(Laravel\Lumen\Http\Request))
#3 C:\laragon\www\Authentication\core\vendor\illuminate\pipeline\Pipeline.php(105): Laravel\Lumen\Routing\Pipeline->Laravel\Lumen\Routing\{closure}(Object(Laravel\Lumen\Http\Request))
#4 C:\laragon\www\Authentication\core\vendor\laravel\lumen-framework\src\Concerns\RoutesRequests.php(413): Illuminate\Pipeline\Pipeline->then(Object(Closure))
#5 C:\laragon\www\Authentication\core\vendor\laravel\lumen-framework\src\Concerns\RoutesRequests.php(259): Laravel\Lumen\Application->sendThroughPipeline(Array, Object(Closure))
#6 C:\laragon\www\Authentication\core\vendor\laravel\lumen-framework\src\Concerns\RoutesRequests.php(165): Laravel\Lumen\Application->handleFoundRoute(Array)
#7 [internal function]: Laravel\Lumen\Application->Laravel\Lumen\Concerns\{closure}(Object(Laravel\Lumen\Http\Request))
#8 C:\laragon\www\Authentication\core\vendor\laravel\lumen-framework\src\Routing\Pipeline.php(52): call_user_func(Object(Closure), Object(Laravel\Lumen\Http\Request))
#9 C:\laragon\www\Authentication\core\vendor\nordsoftware\lumen-cors\src\CorsMiddleware.php(38): Laravel\Lumen\Routing\Pipeline->Laravel\Lumen\Routing\{closure}(Object(Laravel\Lumen\Http\Request))
#10 C:\laragon\www\Authentication\core\vendor\illuminate\pipeline\Pipeline.php(171): Nord\Lumen\Cors\CorsMiddleware->handle(Object(Laravel\Lumen\Http\Request), Object(Closure))
#11 [internal function]: Illuminate\Pipeline\Pipeline->Illuminate\Pipeline\{closure}(Object(Laravel\Lumen\Http\Request))
#12 C:\laragon\www\Authentication\core\vendor\laravel\lumen-framework\src\Routing\Pipeline.php(32): call_user_func(Object(Closure), Object(Laravel\Lumen\Http\Request))
#13 C:\laragon\www\Authentication\core\vendor\illuminate\pipeline\Pipeline.php(105): Laravel\Lumen\Routing\Pipeline->Laravel\Lumen\Routing\{closure}(Object(Laravel\Lumen\Http\Request))
#14 C:\laragon\www\Authentication\core\vendor\laravel\lumen-framework\src\Concerns\RoutesRequests.php(413): Illuminate\Pipeline\Pipeline->then(Object(Closure))
#15 C:\laragon\www\Authentication\core\vendor\laravel\lumen-framework\src\Concerns\RoutesRequests.php(171): Laravel\Lumen\Application->sendThroughPipeline(Array, Object(Closure))
#16 C:\laragon\www\Authentication\core\vendor\laravel\lumen-framework\src\Concerns\RoutesRequests.php(108): Laravel\Lumen\Application->dispatch(NULL)
#17 C:\laragon\www\Authentication\host\public\index.php(28): Laravel\Lumen\Application->run()
#18 {main} {"exception":"[object] (Illuminate\\Auth\\AuthenticationException(code: 0): Unauthenticated. at C:\\laragon\\www\\Authentication\\core\\vendor\\laravel\\passport\\src\\Http\\Middleware\\CheckCredentials.php:67)
[stacktrace]
#0 C:\\laragon\\www\\Authentication\\core\\vendor\\illuminate\\pipeline\\Pipeline.php(171): Laravel\\Passport\\Http\\Middleware\\CheckCredentials->handle(Object(Laravel\\Lumen\\Http\\Request), Object(Closure))
#1 [internal function]: Illuminate\\Pipeline\\Pipeline->Illuminate\\Pipeline\\{closure}(Object(Laravel\\Lumen\\Http\\Request))
#2 C:\\laragon\\www\\Authentication\\core\\vendor\\laravel\\lumen-framework\\src\\Routing\\Pipeline.php(32): call_user_func(Object(Closure), Object(Laravel\\Lumen\\Http\\Request))
#3 C:\\laragon\\www\\Authentication\\core\\vendor\\illuminate\\pipeline\\Pipeline.php(105): Laravel\\Lumen\\Routing\\Pipeline->Laravel\\Lumen\\Routing\\{closure}(Object(Laravel\\Lumen\\Http\\Request))
#4 C:\\laragon\\www\\Authentication\\core\\vendor\\laravel\\lumen-framework\\src\\Concerns\\RoutesRequests.php(413): Illuminate\\Pipeline\\Pipeline->then(Object(Closure))
#5 C:\\laragon\\www\\Authentication\\core\\vendor\\laravel\\lumen-framework\\src\\Concerns\\RoutesRequests.php(259): Laravel\\Lumen\\Application->sendThroughPipeline(Array, Object(Closure))
#6 C:\\laragon\\www\\Authentication\\core\\vendor\\laravel\\lumen-framework\\src\\Concerns\\RoutesRequests.php(165): Laravel\\Lumen\\Application->handleFoundRoute(Array)
#7 [internal function]: Laravel\\Lumen\\Application->Laravel\\Lumen\\Concerns\\{closure}(Object(Laravel\\Lumen\\Http\\Request))
#8 C:\\laragon\\www\\Authentication\\core\\vendor\\laravel\\lumen-framework\\src\\Routing\\Pipeline.php(52): call_user_func(Object(Closure), Object(Laravel\\Lumen\\Http\\Request))
#9 C:\\laragon\\www\\Authentication\\core\\vendor\
ordsoftware\\lumen-cors\\src\\CorsMiddleware.php(38): Laravel\\Lumen\\Routing\\Pipeline->Laravel\\Lumen\\Routing\\{closure}(Object(Laravel\\Lumen\\Http\\Request))
#10 C:\\laragon\\www\\Authentication\\core\\vendor\\illuminate\\pipeline\\Pipeline.php(171): Nord\\Lumen\\Cors\\CorsMiddleware->handle(Object(Laravel\\Lumen\\Http\\Request), Object(Closure))
#11 [internal function]: Illuminate\\Pipeline\\Pipeline->Illuminate\\Pipeline\\{closure}(Object(Laravel\\Lumen\\Http\\Request))
#12 C:\\laragon\\www\\Authentication\\core\\vendor\\laravel\\lumen-framework\\src\\Routing\\Pipeline.php(32): call_user_func(Object(Closure), Object(Laravel\\Lumen\\Http\\Request))
#13 C:\\laragon\\www\\Authentication\\core\\vendor\\illuminate\\pipeline\\Pipeline.php(105): Laravel\\Lumen\\Routing\\Pipeline->Laravel\\Lumen\\Routing\\{closure}(Object(Laravel\\Lumen\\Http\\Request))
#14 C:\\laragon\\www\\Authentication\\core\\vendor\\laravel\\lumen-framework\\src\\Concerns\\RoutesRequests.php(413): Illuminate\\Pipeline\\Pipeline->then(Object(Closure))
#15 C:\\laragon\\www\\Authentication\\core\\vendor\\laravel\\lumen-framework\\src\\Concerns\\RoutesRequests.php(171): Laravel\\Lumen\\Application->sendThroughPipeline(Array, Object(Closure))
#16 C:\\laragon\\www\\Authentication\\core\\vendor\\laravel\\lumen-framework\\src\\Concerns\\RoutesRequests.php(108): Laravel\\Lumen\\Application->dispatch(NULL)
#17 C:\\laragon\\www\\Authentication\\host\\public\\index.php(28): Laravel\\Lumen\\Application->run()
#18 {main}
"} 
[2020-05-29 13:46:51] local.ERROR: Illuminate\Auth\AuthenticationException: Unauthenticated. in C:\laragon\www\Authentication\core\vendor\laravel\passport\src\Http\Middleware\CheckCredentials.php:67
Stack trace:
#0 C:\laragon\www\Authentication\core\vendor\illuminate\pipeline\Pipeline.php(171): Laravel\Passport\Http\Middleware\CheckCredentials->handle(Object(Laravel\Lumen\Http\Request), Object(Closure))
#1 [internal function]: Illuminate\Pipeline\Pipeline->Illuminate\Pipeline\{closure}(Object(Laravel\Lumen\Http\Request))
#2 C:\laragon\www\Authentication\core\vendor\laravel\lumen-framework\src\Routing\Pipeline.php(32): call_user_func(Object(Closure), Object(Laravel\Lumen\Http\Request))
#3 C:\laragon\www\Authentication\core\vendor\illuminate\pipeline\Pipeline.php(105): Laravel\Lumen\Routing\Pipeline->Laravel\Lumen\Routing\{closure}(Object(Laravel\Lumen\Http\Request))
#4 C:\laragon\www\Authentication\core\vendor\laravel\lumen-framework\src\Concerns\RoutesRequests.php(413): Illuminate\Pipeline\Pipeline->then(Object(Closure))
#5 C:\laragon\www\Authentication\core\vendor\laravel\lumen-framework\src\Concerns\RoutesRequests.php(259): Laravel\Lumen\Application->sendThroughPipeline(Array, Object(Closure))
#6 C:\laragon\www\Authentication\core\vendor\laravel\lumen-framework\src\Concerns\RoutesRequests.php(165): Laravel\Lumen\Application->handleFoundRoute(Array)
#7 [internal function]: Laravel\Lumen\Application->Laravel\Lumen\Concerns\{closure}(Object(Laravel\Lumen\Http\Request))
#8 C:\laragon\www\Authentication\core\vendor\laravel\lumen-framework\src\Routing\Pipeline.php(52): call_user_func(Object(Closure), Object(Laravel\Lumen\Http\Request))
#9 C:\laragon\www\Authentication\core\vendor\nordsoftware\lumen-cors\src\CorsMiddleware.php(38): Laravel\Lumen\Routing\Pipeline->Laravel\Lumen\Routing\{closure}(Object(Laravel\Lumen\Http\Request))
#10 C:\laragon\www\Authentication\core\vendor\illuminate\pipeline\Pipeline.php(171): Nord\Lumen\Cors\CorsMiddleware->handle(Object(Laravel\Lumen\Http\Request), Object(Closure))
#11 [internal function]: Illuminate\Pipeline\Pipeline->Illuminate\Pipeline\{closure}(Object(Laravel\Lumen\Http\Request))
#12 C:\laragon\www\Authentication\core\vendor\laravel\lumen-framework\src\Routing\Pipeline.php(32): call_user_func(Object(Closure), Object(Laravel\Lumen\Http\Request))
#13 C:\laragon\www\Authentication\core\vendor\illuminate\pipeline\Pipeline.php(105): Laravel\Lumen\Routing\Pipeline->Laravel\Lumen\Routing\{closure}(Object(Laravel\Lumen\Http\Request))
#14 C:\laragon\www\Authentication\core\vendor\laravel\lumen-framework\src\Concerns\RoutesRequests.php(413): Illuminate\Pipeline\Pipeline->then(Object(Closure))
#15 C:\laragon\www\Authentication\core\vendor\laravel\lumen-framework\src\Concerns\RoutesRequests.php(171): Laravel\Lumen\Application->sendThroughPipeline(Array, Object(Closure))
#16 C:\laragon\www\Authentication\core\vendor\laravel\lumen-framework\src\Concerns\RoutesRequests.php(108): Laravel\Lumen\Application->dispatch(NULL)
#17 C:\laragon\www\Authentication\host\public\index.php(28): Laravel\Lumen\Application->run()
#18 {main} {"exception":"[object] (Illuminate\\Auth\\AuthenticationException(code: 0): Unauthenticated. at C:\\laragon\\www\\Authentication\\core\\vendor\\laravel\\passport\\src\\Http\\Middleware\\CheckCredentials.php:67)
[stacktrace]
#0 C:\\laragon\\www\\Authentication\\core\\vendor\\illuminate\\pipeline\\Pipeline.php(171): Laravel\\Passport\\Http\\Middleware\\CheckCredentials->handle(Object(Laravel\\Lumen\\Http\\Request), Object(Closure))
#1 [internal function]: Illuminate\\Pipeline\\Pipeline->Illuminate\\Pipeline\\{closure}(Object(Laravel\\Lumen\\Http\\Request))
#2 C:\\laragon\\www\\Authentication\\core\\vendor\\laravel\\lumen-framework\\src\\Routing\\Pipeline.php(32): call_user_func(Object(Closure), Object(Laravel\\Lumen\\Http\\Request))
#3 C:\\laragon\\www\\Authentication\\core\\vendor\\illuminate\\pipeline\\Pipeline.php(105): Laravel\\Lumen\\Routing\\Pipeline->Laravel\\Lumen\\Routing\\{closure}(Object(Laravel\\Lumen\\Http\\Request))
#4 C:\\laragon\\www\\Authentication\\core\\vendor\\laravel\\lumen-framework\\src\\Concerns\\RoutesRequests.php(413): Illuminate\\Pipeline\\Pipeline->then(Object(Closure))
#5 C:\\laragon\\www\\Authentication\\core\\vendor\\laravel\\lumen-framework\\src\\Concerns\\RoutesRequests.php(259): Laravel\\Lumen\\Application->sendThroughPipeline(Array, Object(Closure))
#6 C:\\laragon\\www\\Authentication\\core\\vendor\\laravel\\lumen-framework\\src\\Concerns\\RoutesRequests.php(165): Laravel\\Lumen\\Application->handleFoundRoute(Array)
#7 [internal function]: Laravel\\Lumen\\Application->Laravel\\Lumen\\Concerns\\{closure}(Object(Laravel\\Lumen\\Http\\Request))
#8 C:\\laragon\\www\\Authentication\\core\\vendor\\laravel\\lumen-framework\\src\\Routing\\Pipeline.php(52): call_user_func(Object(Closure), Object(Laravel\\Lumen\\Http\\Request))
#9 C:\\laragon\\www\\Authentication\\core\\vendor\
ordsoftware\\lumen-cors\\src\\CorsMiddleware.php(38): Laravel\\Lumen\\Routing\\Pipeline->Laravel\\Lumen\\Routing\\{closure}(Object(Laravel\\Lumen\\Http\\Request))
#10 C:\\laragon\\www\\Authentication\\core\\vendor\\illuminate\\pipeline\\Pipeline.php(171): Nord\\Lumen\\Cors\\CorsMiddleware->handle(Object(Laravel\\Lumen\\Http\\Request), Object(Closure))
#11 [internal function]: Illuminate\\Pipeline\\Pipeline->Illuminate\\Pipeline\\{closure}(Object(Laravel\\Lumen\\Http\\Request))
#12 C:\\laragon\\www\\Authentication\\core\\vendor\\laravel\\lumen-framework\\src\\Routing\\Pipeline.php(32): call_user_func(Object(Closure), Object(Laravel\\Lumen\\Http\\Request))
#13 C:\\laragon\\www\\Authentication\\core\\vendor\\illuminate\\pipeline\\Pipeline.php(105): Laravel\\Lumen\\Routing\\Pipeline->Laravel\\Lumen\\Routing\\{closure}(Object(Laravel\\Lumen\\Http\\Request))
#14 C:\\laragon\\www\\Authentication\\core\\vendor\\laravel\\lumen-framework\\src\\Concerns\\RoutesRequests.php(413): Illuminate\\Pipeline\\Pipeline->then(Object(Closure))
#15 C:\\laragon\\www\\Authentication\\core\\vendor\\laravel\\lumen-framework\\src\\Concerns\\RoutesRequests.php(171): Laravel\\Lumen\\Application->sendThroughPipeline(Array, Object(Closure))
#16 C:\\laragon\\www\\Authentication\\core\\vendor\\laravel\\lumen-framework\\src\\Concerns\\RoutesRequests.php(108): Laravel\\Lumen\\Application->dispatch(NULL)
#17 C:\\laragon\\www\\Authentication\\host\\public\\index.php(28): Laravel\\Lumen\\Application->run()
#18 {main}
"} 
[2020-05-29 13:46:55] local.ERROR: Illuminate\Auth\AuthenticationException: Unauthenticated. in C:\laragon\www\Authentication\core\vendor\laravel\passport\src\Http\Middleware\CheckCredentials.php:67
Stack trace:
#0 C:\laragon\www\Authentication\core\vendor\illuminate\pipeline\Pipeline.php(171): Laravel\Passport\Http\Middleware\CheckCredentials->handle(Object(Laravel\Lumen\Http\Request), Object(Closure))
#1 [internal function]: Illuminate\Pipeline\Pipeline->Illuminate\Pipeline\{closure}(Object(Laravel\Lumen\Http\Request))
#2 C:\laragon\www\Authentication\core\vendor\laravel\lumen-framework\src\Routing\Pipeline.php(32): call_user_func(Object(Closure), Object(Laravel\Lumen\Http\Request))
#3 C:\laragon\www\Authentication\core\vendor\illuminate\pipeline\Pipeline.php(105): Laravel\Lumen\Routing\Pipeline->Laravel\Lumen\Routing\{closure}(Object(Laravel\Lumen\Http\Request))
#4 C:\laragon\www\Authentication\core\vendor\laravel\lumen-framework\src\Concerns\RoutesRequests.php(413): Illuminate\Pipeline\Pipeline->then(Object(Closure))
#5 C:\laragon\www\Authentication\core\vendor\laravel\lumen-framework\src\Concerns\RoutesRequests.php(259): Laravel\Lumen\Application->sendThroughPipeline(Array, Object(Closure))
#6 C:\laragon\www\Authentication\core\vendor\laravel\lumen-framework\src\Concerns\RoutesRequests.php(165): Laravel\Lumen\Application->handleFoundRoute(Array)
#7 [internal function]: Laravel\Lumen\Application->Laravel\Lumen\Concerns\{closure}(Object(Laravel\Lumen\Http\Request))
#8 C:\laragon\www\Authentication\core\vendor\laravel\lumen-framework\src\Routing\Pipeline.php(52): call_user_func(Object(Closure), Object(Laravel\Lumen\Http\Request))
#9 C:\laragon\www\Authentication\core\vendor\nordsoftware\lumen-cors\src\CorsMiddleware.php(38): Laravel\Lumen\Routing\Pipeline->Laravel\Lumen\Routing\{closure}(Object(Laravel\Lumen\Http\Request))
#10 C:\laragon\www\Authentication\core\vendor\illuminate\pipeline\Pipeline.php(171): Nord\Lumen\Cors\CorsMiddleware->handle(Object(Laravel\Lumen\Http\Request), Object(Closure))
#11 [internal function]: Illuminate\Pipeline\Pipeline->Illuminate\Pipeline\{closure}(Object(Laravel\Lumen\Http\Request))
#12 C:\laragon\www\Authentication\core\vendor\laravel\lumen-framework\src\Routing\Pipeline.php(32): call_user_func(Object(Closure), Object(Laravel\Lumen\Http\Request))
#13 C:\laragon\www\Authentication\core\vendor\illuminate\pipeline\Pipeline.php(105): Laravel\Lumen\Routing\Pipeline->Laravel\Lumen\Routing\{closure}(Object(Laravel\Lumen\Http\Request))
#14 C:\laragon\www\Authentication\core\vendor\laravel\lumen-framework\src\Concerns\RoutesRequests.php(413): Illuminate\Pipeline\Pipeline->then(Object(Closure))
#15 C:\laragon\www\Authentication\core\vendor\laravel\lumen-framework\src\Concerns\RoutesRequests.php(171): Laravel\Lumen\Application->sendThroughPipeline(Array, Object(Closure))
#16 C:\laragon\www\Authentication\core\vendor\laravel\lumen-framework\src\Concerns\RoutesRequests.php(108): Laravel\Lumen\Application->dispatch(NULL)
#17 C:\laragon\www\Authentication\host\public\index.php(28): Laravel\Lumen\Application->run()
#18 {main} {"exception":"[object] (Illuminate\\Auth\\AuthenticationException(code: 0): Unauthenticated. at C:\\laragon\\www\\Authentication\\core\\vendor\\laravel\\passport\\src\\Http\\Middleware\\CheckCredentials.php:67)
[stacktrace]
#0 C:\\laragon\\www\\Authentication\\core\\vendor\\illuminate\\pipeline\\Pipeline.php(171): Laravel\\Passport\\Http\\Middleware\\CheckCredentials->handle(Object(Laravel\\Lumen\\Http\\Request), Object(Closure))
#1 [internal function]: Illuminate\\Pipeline\\Pipeline->Illuminate\\Pipeline\\{closure}(Object(Laravel\\Lumen\\Http\\Request))
#2 C:\\laragon\\www\\Authentication\\core\\vendor\\laravel\\lumen-framework\\src\\Routing\\Pipeline.php(32): call_user_func(Object(Closure), Object(Laravel\\Lumen\\Http\\Request))
#3 C:\\laragon\\www\\Authentication\\core\\vendor\\illuminate\\pipeline\\Pipeline.php(105): Laravel\\Lumen\\Routing\\Pipeline->Laravel\\Lumen\\Routing\\{closure}(Object(Laravel\\Lumen\\Http\\Request))
#4 C:\\laragon\\www\\Authentication\\core\\vendor\\laravel\\lumen-framework\\src\\Concerns\\RoutesRequests.php(413): Illuminate\\Pipeline\\Pipeline->then(Object(Closure))
#5 C:\\laragon\\www\\Authentication\\core\\vendor\\laravel\\lumen-framework\\src\\Concerns\\RoutesRequests.php(259): Laravel\\Lumen\\Application->sendThroughPipeline(Array, Object(Closure))
#6 C:\\laragon\\www\\Authentication\\core\\vendor\\laravel\\lumen-framework\\src\\Concerns\\RoutesRequests.php(165): Laravel\\Lumen\\Application->handleFoundRoute(Array)
#7 [internal function]: Laravel\\Lumen\\Application->Laravel\\Lumen\\Concerns\\{closure}(Object(Laravel\\Lumen\\Http\\Request))
#8 C:\\laragon\\www\\Authentication\\core\\vendor\\laravel\\lumen-framework\\src\\Routing\\Pipeline.php(52): call_user_func(Object(Closure), Object(Laravel\\Lumen\\Http\\Request))
#9 C:\\laragon\\www\\Authentication\\core\\vendor\
ordsoftware\\lumen-cors\\src\\CorsMiddleware.php(38): Laravel\\Lumen\\Routing\\Pipeline->Laravel\\Lumen\\Routing\\{closure}(Object(Laravel\\Lumen\\Http\\Request))
#10 C:\\laragon\\www\\Authentication\\core\\vendor\\illuminate\\pipeline\\Pipeline.php(171): Nord\\Lumen\\Cors\\CorsMiddleware->handle(Object(Laravel\\Lumen\\Http\\Request), Object(Closure))
#11 [internal function]: Illuminate\\Pipeline\\Pipeline->Illuminate\\Pipeline\\{closure}(Object(Laravel\\Lumen\\Http\\Request))
#12 C:\\laragon\\www\\Authentication\\core\\vendor\\laravel\\lumen-framework\\src\\Routing\\Pipeline.php(32): call_user_func(Object(Closure), Object(Laravel\\Lumen\\Http\\Request))
#13 C:\\laragon\\www\\Authentication\\core\\vendor\\illuminate\\pipeline\\Pipeline.php(105): Laravel\\Lumen\\Routing\\Pipeline->Laravel\\Lumen\\Routing\\{closure}(Object(Laravel\\Lumen\\Http\\Request))
#14 C:\\laragon\\www\\Authentication\\core\\vendor\\laravel\\lumen-framework\\src\\Concerns\\RoutesRequests.php(413): Illuminate\\Pipeline\\Pipeline->then(Object(Closure))
#15 C:\\laragon\\www\\Authentication\\core\\vendor\\laravel\\lumen-framework\\src\\Concerns\\RoutesRequests.php(171): Laravel\\Lumen\\Application->sendThroughPipeline(Array, Object(Closure))
#16 C:\\laragon\\www\\Authentication\\core\\vendor\\laravel\\lumen-framework\\src\\Concerns\\RoutesRequests.php(108): Laravel\\Lumen\\Application->dispatch(NULL)
#17 C:\\laragon\\www\\Authentication\\host\\public\\index.php(28): Laravel\\Lumen\\Application->run()
#18 {main}
"} 
[2020-05-29 13:46:57] local.ERROR: Illuminate\Auth\AuthenticationException: Unauthenticated. in C:\laragon\www\Authentication\core\vendor\laravel\passport\src\Http\Middleware\CheckCredentials.php:67
Stack trace:
#0 C:\laragon\www\Authentication\core\vendor\illuminate\pipeline\Pipeline.php(171): Laravel\Passport\Http\Middleware\CheckCredentials->handle(Object(Laravel\Lumen\Http\Request), Object(Closure))
#1 [internal function]: Illuminate\Pipeline\Pipeline->Illuminate\Pipeline\{closure}(Object(Laravel\Lumen\Http\Request))
#2 C:\laragon\www\Authentication\core\vendor\laravel\lumen-framework\src\Routing\Pipeline.php(32): call_user_func(Object(Closure), Object(Laravel\Lumen\Http\Request))
#3 C:\laragon\www\Authentication\core\vendor\illuminate\pipeline\Pipeline.php(105): Laravel\Lumen\Routing\Pipeline->Laravel\Lumen\Routing\{closure}(Object(Laravel\Lumen\Http\Request))
#4 C:\laragon\www\Authentication\core\vendor\laravel\lumen-framework\src\Concerns\RoutesRequests.php(413): Illuminate\Pipeline\Pipeline->then(Object(Closure))
#5 C:\laragon\www\Authentication\core\vendor\laravel\lumen-framework\src\Concerns\RoutesRequests.php(259): Laravel\Lumen\Application->sendThroughPipeline(Array, Object(Closure))
#6 C:\laragon\www\Authentication\core\vendor\laravel\lumen-framework\src\Concerns\RoutesRequests.php(165): Laravel\Lumen\Application->handleFoundRoute(Array)
#7 [internal function]: Laravel\Lumen\Application->Laravel\Lumen\Concerns\{closure}(Object(Laravel\Lumen\Http\Request))
#8 C:\laragon\www\Authentication\core\vendor\laravel\lumen-framework\src\Routing\Pipeline.php(52): call_user_func(Object(Closure), Object(Laravel\Lumen\Http\Request))
#9 C:\laragon\www\Authentication\core\vendor\nordsoftware\lumen-cors\src\CorsMiddleware.php(38): Laravel\Lumen\Routing\Pipeline->Laravel\Lumen\Routing\{closure}(Object(Laravel\Lumen\Http\Request))
#10 C:\laragon\www\Authentication\core\vendor\illuminate\pipeline\Pipeline.php(171): Nord\Lumen\Cors\CorsMiddleware->handle(Object(Laravel\Lumen\Http\Request), Object(Closure))
#11 [internal function]: Illuminate\Pipeline\Pipeline->Illuminate\Pipeline\{closure}(Object(Laravel\Lumen\Http\Request))
#12 C:\laragon\www\Authentication\core\vendor\laravel\lumen-framework\src\Routing\Pipeline.php(32): call_user_func(Object(Closure), Object(Laravel\Lumen\Http\Request))
#13 C:\laragon\www\Authentication\core\vendor\illuminate\pipeline\Pipeline.php(105): Laravel\Lumen\Routing\Pipeline->Laravel\Lumen\Routing\{closure}(Object(Laravel\Lumen\Http\Request))
#14 C:\laragon\www\Authentication\core\vendor\laravel\lumen-framework\src\Concerns\RoutesRequests.php(413): Illuminate\Pipeline\Pipeline->then(Object(Closure))
#15 C:\laragon\www\Authentication\core\vendor\laravel\lumen-framework\src\Concerns\RoutesRequests.php(171): Laravel\Lumen\Application->sendThroughPipeline(Array, Object(Closure))
#16 C:\laragon\www\Authentication\core\vendor\laravel\lumen-framework\src\Concerns\RoutesRequests.php(108): Laravel\Lumen\Application->dispatch(NULL)
#17 C:\laragon\www\Authentication\host\public\index.php(28): Laravel\Lumen\Application->run()
#18 {main} {"exception":"[object] (Illuminate\\Auth\\AuthenticationException(code: 0): Unauthenticated. at C:\\laragon\\www\\Authentication\\core\\vendor\\laravel\\passport\\src\\Http\\Middleware\\CheckCredentials.php:67)
[stacktrace]
#0 C:\\laragon\\www\\Authentication\\core\\vendor\\illuminate\\pipeline\\Pipeline.php(171): Laravel\\Passport\\Http\\Middleware\\CheckCredentials->handle(Object(Laravel\\Lumen\\Http\\Request), Object(Closure))
#1 [internal function]: Illuminate\\Pipeline\\Pipeline->Illuminate\\Pipeline\\{closure}(Object(Laravel\\Lumen\\Http\\Request))
#2 C:\\laragon\\www\\Authentication\\core\\vendor\\laravel\\lumen-framework\\src\\Routing\\Pipeline.php(32): call_user_func(Object(Closure), Object(Laravel\\Lumen\\Http\\Request))
#3 C:\\laragon\\www\\Authentication\\core\\vendor\\illuminate\\pipeline\\Pipeline.php(105): Laravel\\Lumen\\Routing\\Pipeline->Laravel\\Lumen\\Routing\\{closure}(Object(Laravel\\Lumen\\Http\\Request))
#4 C:\\laragon\\www\\Authentication\\core\\vendor\\laravel\\lumen-framework\\src\\Concerns\\RoutesRequests.php(413): Illuminate\\Pipeline\\Pipeline->then(Object(Closure))
#5 C:\\laragon\\www\\Authentication\\core\\vendor\\laravel\\lumen-framework\\src\\Concerns\\RoutesRequests.php(259): Laravel\\Lumen\\Application->sendThroughPipeline(Array, Object(Closure))
#6 C:\\laragon\\www\\Authentication\\core\\vendor\\laravel\\lumen-framework\\src\\Concerns\\RoutesRequests.php(165): Laravel\\Lumen\\Application->handleFoundRoute(Array)
#7 [internal function]: Laravel\\Lumen\\Application->Laravel\\Lumen\\Concerns\\{closure}(Object(Laravel\\Lumen\\Http\\Request))
#8 C:\\laragon\\www\\Authentication\\core\\vendor\\laravel\\lumen-framework\\src\\Routing\\Pipeline.php(52): call_user_func(Object(Closure), Object(Laravel\\Lumen\\Http\\Request))
#9 C:\\laragon\\www\\Authentication\\core\\vendor\
ordsoftware\\lumen-cors\\src\\CorsMiddleware.php(38): Laravel\\Lumen\\Routing\\Pipeline->Laravel\\Lumen\\Routing\\{closure}(Object(Laravel\\Lumen\\Http\\Request))
#10 C:\\laragon\\www\\Authentication\\core\\vendor\\illuminate\\pipeline\\Pipeline.php(171): Nord\\Lumen\\Cors\\CorsMiddleware->handle(Object(Laravel\\Lumen\\Http\\Request), Object(Closure))
#11 [internal function]: Illuminate\\Pipeline\\Pipeline->Illuminate\\Pipeline\\{closure}(Object(Laravel\\Lumen\\Http\\Request))
#12 C:\\laragon\\www\\Authentication\\core\\vendor\\laravel\\lumen-framework\\src\\Routing\\Pipeline.php(32): call_user_func(Object(Closure), Object(Laravel\\Lumen\\Http\\Request))
#13 C:\\laragon\\www\\Authentication\\core\\vendor\\illuminate\\pipeline\\Pipeline.php(105): Laravel\\Lumen\\Routing\\Pipeline->Laravel\\Lumen\\Routing\\{closure}(Object(Laravel\\Lumen\\Http\\Request))
#14 C:\\laragon\\www\\Authentication\\core\\vendor\\laravel\\lumen-framework\\src\\Concerns\\RoutesRequests.php(413): Illuminate\\Pipeline\\Pipeline->then(Object(Closure))
#15 C:\\laragon\\www\\Authentication\\core\\vendor\\laravel\\lumen-framework\\src\\Concerns\\RoutesRequests.php(171): Laravel\\Lumen\\Application->sendThroughPipeline(Array, Object(Closure))
#16 C:\\laragon\\www\\Authentication\\core\\vendor\\laravel\\lumen-framework\\src\\Concerns\\RoutesRequests.php(108): Laravel\\Lumen\\Application->dispatch(NULL)
#17 C:\\laragon\\www\\Authentication\\host\\public\\index.php(28): Laravel\\Lumen\\Application->run()
#18 {main}
"} 
