[2020-06-03 15:53:47] production.ERROR: GuzzleHttp\Exception\RequestException: cURL error 56:  (see https://curl.haxx.se/libcurl/c/libcurl-errors.html) in C:\laragon\www\ApiGateway\core\vendor\guzzlehttp\guzzle\src\Handler\CurlFactory.php:201
Stack trace:
#0 C:\laragon\www\ApiGateway\core\vendor\guzzlehttp\guzzle\src\Handler\CurlFactory.php(155): GuzzleHttp\Handler\CurlFactory::createRejection(Object(GuzzleHttp\Handler\EasyHandle), Array)
#1 C:\laragon\www\ApiGateway\core\vendor\guzzlehttp\guzzle\src\Handler\CurlFactory.php(105): GuzzleHttp\Handler\CurlFactory::finishError(Object(GuzzleHttp\Handler\CurlMultiHandler), Object(GuzzleHttp\Handler\EasyHandle), Object(GuzzleHttp\Handler\CurlFactory))
#2 C:\laragon\www\ApiGateway\core\vendor\guzzlehttp\guzzle\src\Handler\CurlMultiHandler.php(201): GuzzleHttp\Handler\CurlFactory::finish(Object(GuzzleHttp\Handler\CurlMultiHandler), Object(GuzzleHttp\Handler\EasyHandle), Object(GuzzleHttp\Handler\CurlFactory))
#3 C:\laragon\www\ApiGateway\core\vendor\guzzlehttp\guzzle\src\Handler\CurlMultiHandler.php(130): GuzzleHttp\Handler\CurlMultiHandler->processMessages()
#4 C:\laragon\www\ApiGateway\core\vendor\guzzlehttp\guzzle\src\Handler\CurlMultiHandler.php(145): GuzzleHttp\Handler\CurlMultiHandler->tick()
#5 C:\laragon\www\ApiGateway\core\vendor\guzzlehttp\promises\src\Promise.php(246): GuzzleHttp\Handler\CurlMultiHandler->execute(true)
#6 C:\laragon\www\ApiGateway\core\vendor\guzzlehttp\promises\src\Promise.php(223): GuzzleHttp\Promise\Promise->invokeWaitFn()
#7 C:\laragon\www\ApiGateway\core\vendor\guzzlehttp\promises\src\Promise.php(267): GuzzleHttp\Promise\Promise->waitIfPending()
#8 C:\laragon\www\ApiGateway\core\vendor\guzzlehttp\promises\src\Promise.php(225): GuzzleHttp\Promise\Promise->invokeWaitList()
#9 C:\laragon\www\ApiGateway\core\vendor\guzzlehttp\promises\src\Promise.php(62): GuzzleHttp\Promise\Promise->waitIfPending()
#10 C:\laragon\www\ApiGateway\host\controllers\base\GuzzleHttp.php(88): GuzzleHttp\Promise\Promise->wait()
#11 C:\laragon\www\ApiGateway\host\controllers\base\GuzzleHttp.php(20): Host\controllers\UserController->PostWithoutData(Object(GuzzleHttp\Client), 'localhost:8001/', 'api/roles/:assi...', Object(Laravel\Lumen\Http\Request))
#12 C:\laragon\www\ApiGateway\host\controllers\UserController.php(99): Host\controllers\UserController->httpPost('localhost:8001/', 'api/roles/:assi...', Object(Laravel\Lumen\Http\Request))
#13 [internal function]: Host\controllers\UserController->AssignPermission(Object(Laravel\Lumen\Http\Request))
#14 C:\laragon\www\ApiGateway\core\vendor\illuminate\container\BoundMethod.php(32): call_user_func_array(Array, Array)
#15 C:\laragon\www\ApiGateway\core\vendor\illuminate\container\Util.php(36): Illuminate\Container\BoundMethod::Illuminate\Container\{closure}()
#16 C:\laragon\www\ApiGateway\core\vendor\illuminate\container\BoundMethod.php(90): Illuminate\Container\Util::unwrapIfClosure(Object(Closure))
#17 C:\laragon\www\ApiGateway\core\vendor\illuminate\container\BoundMethod.php(34): Illuminate\Container\BoundMethod::callBoundMethod(Object(Core\myvendor\defaults\application\MyApplication), Array, Object(Closure))
#18 C:\laragon\www\ApiGateway\core\vendor\illuminate\container\Container.php(590): Illuminate\Container\BoundMethod::call(Object(Core\myvendor\defaults\application\MyApplication), Array, Array, NULL)
#19 C:\laragon\www\ApiGateway\core\vendor\laravel\lumen-framework\src\Concerns\RoutesRequests.php(376): Illuminate\Container\Container->call(Array, Array)
#20 C:\laragon\www\ApiGateway\core\vendor\laravel\lumen-framework\src\Concerns\RoutesRequests.php(342): Laravel\Lumen\Application->callControllerCallable(Array, Array)
#21 C:\laragon\www\ApiGateway\core\vendor\laravel\lumen-framework\src\Concerns\RoutesRequests.php(316): Laravel\Lumen\Application->callLumenController(Object(Host\controllers\UserController), 'AssignPermissio...', Array)
#22 C:\laragon\www\ApiGateway\core\vendor\laravel\lumen-framework\src\Concerns\RoutesRequests.php(278): Laravel\Lumen\Application->callControllerAction(Array)
#23 C:\laragon\www\ApiGateway\core\vendor\laravel\lumen-framework\src\Concerns\RoutesRequests.php(263): Laravel\Lumen\Application->callActionOnArrayBasedRoute(Array)
#24 C:\laragon\www\ApiGateway\core\vendor\laravel\lumen-framework\src\Concerns\RoutesRequests.php(165): Laravel\Lumen\Application->handleFoundRoute(Array)
#25 [internal function]: Laravel\Lumen\Application->Laravel\Lumen\Concerns\{closure}(Object(Laravel\Lumen\Http\Request))
#26 C:\laragon\www\ApiGateway\core\vendor\laravel\lumen-framework\src\Routing\Pipeline.php(52): call_user_func(Object(Closure), Object(Laravel\Lumen\Http\Request))
#27 C:\laragon\www\ApiGateway\core\vendor\nordsoftware\lumen-cors\src\CorsMiddleware.php(45): Laravel\Lumen\Routing\Pipeline->Laravel\Lumen\Routing\{closure}(Object(Laravel\Lumen\Http\Request))
#28 C:\laragon\www\ApiGateway\core\vendor\illuminate\pipeline\Pipeline.php(171): Nord\Lumen\Cors\CorsMiddleware->handle(Object(Laravel\Lumen\Http\Request), Object(Closure))
#29 [internal function]: Illuminate\Pipeline\Pipeline->Illuminate\Pipeline\{closure}(Object(Laravel\Lumen\Http\Request))
#30 C:\laragon\www\ApiGateway\core\vendor\laravel\lumen-framework\src\Routing\Pipeline.php(32): call_user_func(Object(Closure), Object(Laravel\Lumen\Http\Request))
#31 C:\laragon\www\ApiGateway\core\vendor\illuminate\pipeline\Pipeline.php(105): Laravel\Lumen\Routing\Pipeline->Laravel\Lumen\Routing\{closure}(Object(Laravel\Lumen\Http\Request))
#32 C:\laragon\www\ApiGateway\core\vendor\laravel\lumen-framework\src\Concerns\RoutesRequests.php(413): Illuminate\Pipeline\Pipeline->then(Object(Closure))
#33 C:\laragon\www\ApiGateway\core\vendor\laravel\lumen-framework\src\Concerns\RoutesRequests.php(171): Laravel\Lumen\Application->sendThroughPipeline(Array, Object(Closure))
#34 C:\laragon\www\ApiGateway\core\vendor\laravel\lumen-framework\src\Concerns\RoutesRequests.php(108): Laravel\Lumen\Application->dispatch(NULL)
#35 C:\laragon\www\ApiGateway\host\public\index.php(27): Laravel\Lumen\Application->run()
#36 {main} {"exception":"[object] (GuzzleHttp\\Exception\\RequestException(code: 0): cURL error 56:  (see https://curl.haxx.se/libcurl/c/libcurl-errors.html) at C:\\laragon\\www\\ApiGateway\\core\\vendor\\guzzlehttp\\guzzle\\src\\Handler\\CurlFactory.php:201)
[stacktrace]
#0 C:\\laragon\\www\\ApiGateway\\core\\vendor\\guzzlehttp\\guzzle\\src\\Handler\\CurlFactory.php(155): GuzzleHttp\\Handler\\CurlFactory::createRejection(Object(GuzzleHttp\\Handler\\EasyHandle), Array)
#1 C:\\laragon\\www\\ApiGateway\\core\\vendor\\guzzlehttp\\guzzle\\src\\Handler\\CurlFactory.php(105): GuzzleHttp\\Handler\\CurlFactory::finishError(Object(GuzzleHttp\\Handler\\CurlMultiHandler), Object(GuzzleHttp\\Handler\\EasyHandle), Object(GuzzleHttp\\Handler\\CurlFactory))
#2 C:\\laragon\\www\\ApiGateway\\core\\vendor\\guzzlehttp\\guzzle\\src\\Handler\\CurlMultiHandler.php(201): GuzzleHttp\\Handler\\CurlFactory::finish(Object(GuzzleHttp\\Handler\\CurlMultiHandler), Object(GuzzleHttp\\Handler\\EasyHandle), Object(GuzzleHttp\\Handler\\CurlFactory))
#3 C:\\laragon\\www\\ApiGateway\\core\\vendor\\guzzlehttp\\guzzle\\src\\Handler\\CurlMultiHandler.php(130): GuzzleHttp\\Handler\\CurlMultiHandler->processMessages()
#4 C:\\laragon\\www\\ApiGateway\\core\\vendor\\guzzlehttp\\guzzle\\src\\Handler\\CurlMultiHandler.php(145): GuzzleHttp\\Handler\\CurlMultiHandler->tick()
#5 C:\\laragon\\www\\ApiGateway\\core\\vendor\\guzzlehttp\\promises\\src\\Promise.php(246): GuzzleHttp\\Handler\\CurlMultiHandler->execute(true)
#6 C:\\laragon\\www\\ApiGateway\\core\\vendor\\guzzlehttp\\promises\\src\\Promise.php(223): GuzzleHttp\\Promise\\Promise->invokeWaitFn()
#7 C:\\laragon\\www\\ApiGateway\\core\\vendor\\guzzlehttp\\promises\\src\\Promise.php(267): GuzzleHttp\\Promise\\Promise->waitIfPending()
#8 C:\\laragon\\www\\ApiGateway\\core\\vendor\\guzzlehttp\\promises\\src\\Promise.php(225): GuzzleHttp\\Promise\\Promise->invokeWaitList()
#9 C:\\laragon\\www\\ApiGateway\\core\\vendor\\guzzlehttp\\promises\\src\\Promise.php(62): GuzzleHttp\\Promise\\Promise->waitIfPending()
#10 C:\\laragon\\www\\ApiGateway\\host\\controllers\\base\\GuzzleHttp.php(88): GuzzleHttp\\Promise\\Promise->wait()
#11 C:\\laragon\\www\\ApiGateway\\host\\controllers\\base\\GuzzleHttp.php(20): Host\\controllers\\UserController->PostWithoutData(Object(GuzzleHttp\\Client), 'localhost:8001/', 'api/roles/:assi...', Object(Laravel\\Lumen\\Http\\Request))
#12 C:\\laragon\\www\\ApiGateway\\host\\controllers\\UserController.php(99): Host\\controllers\\UserController->httpPost('localhost:8001/', 'api/roles/:assi...', Object(Laravel\\Lumen\\Http\\Request))
#13 [internal function]: Host\\controllers\\UserController->AssignPermission(Object(Laravel\\Lumen\\Http\\Request))
#14 C:\\laragon\\www\\ApiGateway\\core\\vendor\\illuminate\\container\\BoundMethod.php(32): call_user_func_array(Array, Array)
#15 C:\\laragon\\www\\ApiGateway\\core\\vendor\\illuminate\\container\\Util.php(36): Illuminate\\Container\\BoundMethod::Illuminate\\Container\\{closure}()
#16 C:\\laragon\\www\\ApiGateway\\core\\vendor\\illuminate\\container\\BoundMethod.php(90): Illuminate\\Container\\Util::unwrapIfClosure(Object(Closure))
#17 C:\\laragon\\www\\ApiGateway\\core\\vendor\\illuminate\\container\\BoundMethod.php(34): Illuminate\\Container\\BoundMethod::callBoundMethod(Object(Core\\myvendor\\defaults\\application\\MyApplication), Array, Object(Closure))
#18 C:\\laragon\\www\\ApiGateway\\core\\vendor\\illuminate\\container\\Container.php(590): Illuminate\\Container\\BoundMethod::call(Object(Core\\myvendor\\defaults\\application\\MyApplication), Array, Array, NULL)
#19 C:\\laragon\\www\\ApiGateway\\core\\vendor\\laravel\\lumen-framework\\src\\Concerns\\RoutesRequests.php(376): Illuminate\\Container\\Container->call(Array, Array)
#20 C:\\laragon\\www\\ApiGateway\\core\\vendor\\laravel\\lumen-framework\\src\\Concerns\\RoutesRequests.php(342): Laravel\\Lumen\\Application->callControllerCallable(Array, Array)
#21 C:\\laragon\\www\\ApiGateway\\core\\vendor\\laravel\\lumen-framework\\src\\Concerns\\RoutesRequests.php(316): Laravel\\Lumen\\Application->callLumenController(Object(Host\\controllers\\UserController), 'AssignPermissio...', Array)
#22 C:\\laragon\\www\\ApiGateway\\core\\vendor\\laravel\\lumen-framework\\src\\Concerns\\RoutesRequests.php(278): Laravel\\Lumen\\Application->callControllerAction(Array)
#23 C:\\laragon\\www\\ApiGateway\\core\\vendor\\laravel\\lumen-framework\\src\\Concerns\\RoutesRequests.php(263): Laravel\\Lumen\\Application->callActionOnArrayBasedRoute(Array)
#24 C:\\laragon\\www\\ApiGateway\\core\\vendor\\laravel\\lumen-framework\\src\\Concerns\\RoutesRequests.php(165): Laravel\\Lumen\\Application->handleFoundRoute(Array)
#25 [internal function]: Laravel\\Lumen\\Application->Laravel\\Lumen\\Concerns\\{closure}(Object(Laravel\\Lumen\\Http\\Request))
#26 C:\\laragon\\www\\ApiGateway\\core\\vendor\\laravel\\lumen-framework\\src\\Routing\\Pipeline.php(52): call_user_func(Object(Closure), Object(Laravel\\Lumen\\Http\\Request))
#27 C:\\laragon\\www\\ApiGateway\\core\\vendor\
ordsoftware\\lumen-cors\\src\\CorsMiddleware.php(45): Laravel\\Lumen\\Routing\\Pipeline->Laravel\\Lumen\\Routing\\{closure}(Object(Laravel\\Lumen\\Http\\Request))
#28 C:\\laragon\\www\\ApiGateway\\core\\vendor\\illuminate\\pipeline\\Pipeline.php(171): Nord\\Lumen\\Cors\\CorsMiddleware->handle(Object(Laravel\\Lumen\\Http\\Request), Object(Closure))
#29 [internal function]: Illuminate\\Pipeline\\Pipeline->Illuminate\\Pipeline\\{closure}(Object(Laravel\\Lumen\\Http\\Request))
#30 C:\\laragon\\www\\ApiGateway\\core\\vendor\\laravel\\lumen-framework\\src\\Routing\\Pipeline.php(32): call_user_func(Object(Closure), Object(Laravel\\Lumen\\Http\\Request))
#31 C:\\laragon\\www\\ApiGateway\\core\\vendor\\illuminate\\pipeline\\Pipeline.php(105): Laravel\\Lumen\\Routing\\Pipeline->Laravel\\Lumen\\Routing\\{closure}(Object(Laravel\\Lumen\\Http\\Request))
#32 C:\\laragon\\www\\ApiGateway\\core\\vendor\\laravel\\lumen-framework\\src\\Concerns\\RoutesRequests.php(413): Illuminate\\Pipeline\\Pipeline->then(Object(Closure))
#33 C:\\laragon\\www\\ApiGateway\\core\\vendor\\laravel\\lumen-framework\\src\\Concerns\\RoutesRequests.php(171): Laravel\\Lumen\\Application->sendThroughPipeline(Array, Object(Closure))
#34 C:\\laragon\\www\\ApiGateway\\core\\vendor\\laravel\\lumen-framework\\src\\Concerns\\RoutesRequests.php(108): Laravel\\Lumen\\Application->dispatch(NULL)
#35 C:\\laragon\\www\\ApiGateway\\host\\public\\index.php(27): Laravel\\Lumen\\Application->run()
#36 {main}
"} 
[2020-06-03 15:54:38] production.ERROR: GuzzleHttp\Exception\ConnectException: cURL error 52:  (see https://curl.haxx.se/libcurl/c/libcurl-errors.html) in C:\laragon\www\ApiGateway\core\vendor\guzzlehttp\guzzle\src\Handler\CurlFactory.php:200
Stack trace:
#0 C:\laragon\www\ApiGateway\core\vendor\guzzlehttp\guzzle\src\Handler\CurlFactory.php(155): GuzzleHttp\Handler\CurlFactory::createRejection(Object(GuzzleHttp\Handler\EasyHandle), Array)
#1 C:\laragon\www\ApiGateway\core\vendor\guzzlehttp\guzzle\src\Handler\CurlFactory.php(105): GuzzleHttp\Handler\CurlFactory::finishError(Object(GuzzleHttp\Handler\CurlMultiHandler), Object(GuzzleHttp\Handler\EasyHandle), Object(GuzzleHttp\Handler\CurlFactory))
#2 C:\laragon\www\ApiGateway\core\vendor\guzzlehttp\guzzle\src\Handler\CurlMultiHandler.php(201): GuzzleHttp\Handler\CurlFactory::finish(Object(GuzzleHttp\Handler\CurlMultiHandler), Object(GuzzleHttp\Handler\EasyHandle), Object(GuzzleHttp\Handler\CurlFactory))
#3 C:\laragon\www\ApiGateway\core\vendor\guzzlehttp\guzzle\src\Handler\CurlMultiHandler.php(130): GuzzleHttp\Handler\CurlMultiHandler->processMessages()
#4 C:\laragon\www\ApiGateway\core\vendor\guzzlehttp\guzzle\src\Handler\CurlMultiHandler.php(145): GuzzleHttp\Handler\CurlMultiHandler->tick()
#5 C:\laragon\www\ApiGateway\core\vendor\guzzlehttp\promises\src\Promise.php(246): GuzzleHttp\Handler\CurlMultiHandler->execute(true)
#6 C:\laragon\www\ApiGateway\core\vendor\guzzlehttp\promises\src\Promise.php(223): GuzzleHttp\Promise\Promise->invokeWaitFn()
#7 C:\laragon\www\ApiGateway\core\vendor\guzzlehttp\promises\src\Promise.php(267): GuzzleHttp\Promise\Promise->waitIfPending()
#8 C:\laragon\www\ApiGateway\core\vendor\guzzlehttp\promises\src\Promise.php(225): GuzzleHttp\Promise\Promise->invokeWaitList()
#9 C:\laragon\www\ApiGateway\core\vendor\guzzlehttp\promises\src\Promise.php(62): GuzzleHttp\Promise\Promise->waitIfPending()
#10 C:\laragon\www\ApiGateway\host\controllers\base\GuzzleHttp.php(88): GuzzleHttp\Promise\Promise->wait()
#11 C:\laragon\www\ApiGateway\host\controllers\base\GuzzleHttp.php(20): Host\controllers\UserController->PostWithoutData(Object(GuzzleHttp\Client), 'localhost:8001/', 'api/roles/:assi...', Object(Laravel\Lumen\Http\Request))
#12 C:\laragon\www\ApiGateway\host\controllers\UserController.php(99): Host\controllers\UserController->httpPost('localhost:8001/', 'api/roles/:assi...', Object(Laravel\Lumen\Http\Request))
#13 [internal function]: Host\controllers\UserController->AssignPermission(Object(Laravel\Lumen\Http\Request))
#14 C:\laragon\www\ApiGateway\core\vendor\illuminate\container\BoundMethod.php(32): call_user_func_array(Array, Array)
#15 C:\laragon\www\ApiGateway\core\vendor\illuminate\container\Util.php(36): Illuminate\Container\BoundMethod::Illuminate\Container\{closure}()
#16 C:\laragon\www\ApiGateway\core\vendor\illuminate\container\BoundMethod.php(90): Illuminate\Container\Util::unwrapIfClosure(Object(Closure))
#17 C:\laragon\www\ApiGateway\core\vendor\illuminate\container\BoundMethod.php(34): Illuminate\Container\BoundMethod::callBoundMethod(Object(Core\myvendor\defaults\application\MyApplication), Array, Object(Closure))
#18 C:\laragon\www\ApiGateway\core\vendor\illuminate\container\Container.php(590): Illuminate\Container\BoundMethod::call(Object(Core\myvendor\defaults\application\MyApplication), Array, Array, NULL)
#19 C:\laragon\www\ApiGateway\core\vendor\laravel\lumen-framework\src\Concerns\RoutesRequests.php(376): Illuminate\Container\Container->call(Array, Array)
#20 C:\laragon\www\ApiGateway\core\vendor\laravel\lumen-framework\src\Concerns\RoutesRequests.php(342): Laravel\Lumen\Application->callControllerCallable(Array, Array)
#21 C:\laragon\www\ApiGateway\core\vendor\laravel\lumen-framework\src\Concerns\RoutesRequests.php(316): Laravel\Lumen\Application->callLumenController(Object(Host\controllers\UserController), 'AssignPermissio...', Array)
#22 C:\laragon\www\ApiGateway\core\vendor\laravel\lumen-framework\src\Concerns\RoutesRequests.php(278): Laravel\Lumen\Application->callControllerAction(Array)
#23 C:\laragon\www\ApiGateway\core\vendor\laravel\lumen-framework\src\Concerns\RoutesRequests.php(263): Laravel\Lumen\Application->callActionOnArrayBasedRoute(Array)
#24 C:\laragon\www\ApiGateway\core\vendor\laravel\lumen-framework\src\Concerns\RoutesRequests.php(165): Laravel\Lumen\Application->handleFoundRoute(Array)
#25 [internal function]: Laravel\Lumen\Application->Laravel\Lumen\Concerns\{closure}(Object(Laravel\Lumen\Http\Request))
#26 C:\laragon\www\ApiGateway\core\vendor\laravel\lumen-framework\src\Routing\Pipeline.php(52): call_user_func(Object(Closure), Object(Laravel\Lumen\Http\Request))
#27 C:\laragon\www\ApiGateway\core\vendor\nordsoftware\lumen-cors\src\CorsMiddleware.php(45): Laravel\Lumen\Routing\Pipeline->Laravel\Lumen\Routing\{closure}(Object(Laravel\Lumen\Http\Request))
#28 C:\laragon\www\ApiGateway\core\vendor\illuminate\pipeline\Pipeline.php(171): Nord\Lumen\Cors\CorsMiddleware->handle(Object(Laravel\Lumen\Http\Request), Object(Closure))
#29 [internal function]: Illuminate\Pipeline\Pipeline->Illuminate\Pipeline\{closure}(Object(Laravel\Lumen\Http\Request))
#30 C:\laragon\www\ApiGateway\core\vendor\laravel\lumen-framework\src\Routing\Pipeline.php(32): call_user_func(Object(Closure), Object(Laravel\Lumen\Http\Request))
#31 C:\laragon\www\ApiGateway\core\vendor\illuminate\pipeline\Pipeline.php(105): Laravel\Lumen\Routing\Pipeline->Laravel\Lumen\Routing\{closure}(Object(Laravel\Lumen\Http\Request))
#32 C:\laragon\www\ApiGateway\core\vendor\laravel\lumen-framework\src\Concerns\RoutesRequests.php(413): Illuminate\Pipeline\Pipeline->then(Object(Closure))
#33 C:\laragon\www\ApiGateway\core\vendor\laravel\lumen-framework\src\Concerns\RoutesRequests.php(171): Laravel\Lumen\Application->sendThroughPipeline(Array, Object(Closure))
#34 C:\laragon\www\ApiGateway\core\vendor\laravel\lumen-framework\src\Concerns\RoutesRequests.php(108): Laravel\Lumen\Application->dispatch(NULL)
#35 C:\laragon\www\ApiGateway\host\public\index.php(27): Laravel\Lumen\Application->run()
#36 {main} {"exception":"[object] (GuzzleHttp\\Exception\\ConnectException(code: 0): cURL error 52:  (see https://curl.haxx.se/libcurl/c/libcurl-errors.html) at C:\\laragon\\www\\ApiGateway\\core\\vendor\\guzzlehttp\\guzzle\\src\\Handler\\CurlFactory.php:200)
[stacktrace]
#0 C:\\laragon\\www\\ApiGateway\\core\\vendor\\guzzlehttp\\guzzle\\src\\Handler\\CurlFactory.php(155): GuzzleHttp\\Handler\\CurlFactory::createRejection(Object(GuzzleHttp\\Handler\\EasyHandle), Array)
#1 C:\\laragon\\www\\ApiGateway\\core\\vendor\\guzzlehttp\\guzzle\\src\\Handler\\CurlFactory.php(105): GuzzleHttp\\Handler\\CurlFactory::finishError(Object(GuzzleHttp\\Handler\\CurlMultiHandler), Object(GuzzleHttp\\Handler\\EasyHandle), Object(GuzzleHttp\\Handler\\CurlFactory))
#2 C:\\laragon\\www\\ApiGateway\\core\\vendor\\guzzlehttp\\guzzle\\src\\Handler\\CurlMultiHandler.php(201): GuzzleHttp\\Handler\\CurlFactory::finish(Object(GuzzleHttp\\Handler\\CurlMultiHandler), Object(GuzzleHttp\\Handler\\EasyHandle), Object(GuzzleHttp\\Handler\\CurlFactory))
#3 C:\\laragon\\www\\ApiGateway\\core\\vendor\\guzzlehttp\\guzzle\\src\\Handler\\CurlMultiHandler.php(130): GuzzleHttp\\Handler\\CurlMultiHandler->processMessages()
#4 C:\\laragon\\www\\ApiGateway\\core\\vendor\\guzzlehttp\\guzzle\\src\\Handler\\CurlMultiHandler.php(145): GuzzleHttp\\Handler\\CurlMultiHandler->tick()
#5 C:\\laragon\\www\\ApiGateway\\core\\vendor\\guzzlehttp\\promises\\src\\Promise.php(246): GuzzleHttp\\Handler\\CurlMultiHandler->execute(true)
#6 C:\\laragon\\www\\ApiGateway\\core\\vendor\\guzzlehttp\\promises\\src\\Promise.php(223): GuzzleHttp\\Promise\\Promise->invokeWaitFn()
#7 C:\\laragon\\www\\ApiGateway\\core\\vendor\\guzzlehttp\\promises\\src\\Promise.php(267): GuzzleHttp\\Promise\\Promise->waitIfPending()
#8 C:\\laragon\\www\\ApiGateway\\core\\vendor\\guzzlehttp\\promises\\src\\Promise.php(225): GuzzleHttp\\Promise\\Promise->invokeWaitList()
#9 C:\\laragon\\www\\ApiGateway\\core\\vendor\\guzzlehttp\\promises\\src\\Promise.php(62): GuzzleHttp\\Promise\\Promise->waitIfPending()
#10 C:\\laragon\\www\\ApiGateway\\host\\controllers\\base\\GuzzleHttp.php(88): GuzzleHttp\\Promise\\Promise->wait()
#11 C:\\laragon\\www\\ApiGateway\\host\\controllers\\base\\GuzzleHttp.php(20): Host\\controllers\\UserController->PostWithoutData(Object(GuzzleHttp\\Client), 'localhost:8001/', 'api/roles/:assi...', Object(Laravel\\Lumen\\Http\\Request))
#12 C:\\laragon\\www\\ApiGateway\\host\\controllers\\UserController.php(99): Host\\controllers\\UserController->httpPost('localhost:8001/', 'api/roles/:assi...', Object(Laravel\\Lumen\\Http\\Request))
#13 [internal function]: Host\\controllers\\UserController->AssignPermission(Object(Laravel\\Lumen\\Http\\Request))
#14 C:\\laragon\\www\\ApiGateway\\core\\vendor\\illuminate\\container\\BoundMethod.php(32): call_user_func_array(Array, Array)
#15 C:\\laragon\\www\\ApiGateway\\core\\vendor\\illuminate\\container\\Util.php(36): Illuminate\\Container\\BoundMethod::Illuminate\\Container\\{closure}()
#16 C:\\laragon\\www\\ApiGateway\\core\\vendor\\illuminate\\container\\BoundMethod.php(90): Illuminate\\Container\\Util::unwrapIfClosure(Object(Closure))
#17 C:\\laragon\\www\\ApiGateway\\core\\vendor\\illuminate\\container\\BoundMethod.php(34): Illuminate\\Container\\BoundMethod::callBoundMethod(Object(Core\\myvendor\\defaults\\application\\MyApplication), Array, Object(Closure))
#18 C:\\laragon\\www\\ApiGateway\\core\\vendor\\illuminate\\container\\Container.php(590): Illuminate\\Container\\BoundMethod::call(Object(Core\\myvendor\\defaults\\application\\MyApplication), Array, Array, NULL)
#19 C:\\laragon\\www\\ApiGateway\\core\\vendor\\laravel\\lumen-framework\\src\\Concerns\\RoutesRequests.php(376): Illuminate\\Container\\Container->call(Array, Array)
#20 C:\\laragon\\www\\ApiGateway\\core\\vendor\\laravel\\lumen-framework\\src\\Concerns\\RoutesRequests.php(342): Laravel\\Lumen\\Application->callControllerCallable(Array, Array)
#21 C:\\laragon\\www\\ApiGateway\\core\\vendor\\laravel\\lumen-framework\\src\\Concerns\\RoutesRequests.php(316): Laravel\\Lumen\\Application->callLumenController(Object(Host\\controllers\\UserController), 'AssignPermissio...', Array)
#22 C:\\laragon\\www\\ApiGateway\\core\\vendor\\laravel\\lumen-framework\\src\\Concerns\\RoutesRequests.php(278): Laravel\\Lumen\\Application->callControllerAction(Array)
#23 C:\\laragon\\www\\ApiGateway\\core\\vendor\\laravel\\lumen-framework\\src\\Concerns\\RoutesRequests.php(263): Laravel\\Lumen\\Application->callActionOnArrayBasedRoute(Array)
#24 C:\\laragon\\www\\ApiGateway\\core\\vendor\\laravel\\lumen-framework\\src\\Concerns\\RoutesRequests.php(165): Laravel\\Lumen\\Application->handleFoundRoute(Array)
#25 [internal function]: Laravel\\Lumen\\Application->Laravel\\Lumen\\Concerns\\{closure}(Object(Laravel\\Lumen\\Http\\Request))
#26 C:\\laragon\\www\\ApiGateway\\core\\vendor\\laravel\\lumen-framework\\src\\Routing\\Pipeline.php(52): call_user_func(Object(Closure), Object(Laravel\\Lumen\\Http\\Request))
#27 C:\\laragon\\www\\ApiGateway\\core\\vendor\
ordsoftware\\lumen-cors\\src\\CorsMiddleware.php(45): Laravel\\Lumen\\Routing\\Pipeline->Laravel\\Lumen\\Routing\\{closure}(Object(Laravel\\Lumen\\Http\\Request))
#28 C:\\laragon\\www\\ApiGateway\\core\\vendor\\illuminate\\pipeline\\Pipeline.php(171): Nord\\Lumen\\Cors\\CorsMiddleware->handle(Object(Laravel\\Lumen\\Http\\Request), Object(Closure))
#29 [internal function]: Illuminate\\Pipeline\\Pipeline->Illuminate\\Pipeline\\{closure}(Object(Laravel\\Lumen\\Http\\Request))
#30 C:\\laragon\\www\\ApiGateway\\core\\vendor\\laravel\\lumen-framework\\src\\Routing\\Pipeline.php(32): call_user_func(Object(Closure), Object(Laravel\\Lumen\\Http\\Request))
#31 C:\\laragon\\www\\ApiGateway\\core\\vendor\\illuminate\\pipeline\\Pipeline.php(105): Laravel\\Lumen\\Routing\\Pipeline->Laravel\\Lumen\\Routing\\{closure}(Object(Laravel\\Lumen\\Http\\Request))
#32 C:\\laragon\\www\\ApiGateway\\core\\vendor\\laravel\\lumen-framework\\src\\Concerns\\RoutesRequests.php(413): Illuminate\\Pipeline\\Pipeline->then(Object(Closure))
#33 C:\\laragon\\www\\ApiGateway\\core\\vendor\\laravel\\lumen-framework\\src\\Concerns\\RoutesRequests.php(171): Laravel\\Lumen\\Application->sendThroughPipeline(Array, Object(Closure))
#34 C:\\laragon\\www\\ApiGateway\\core\\vendor\\laravel\\lumen-framework\\src\\Concerns\\RoutesRequests.php(108): Laravel\\Lumen\\Application->dispatch(NULL)
#35 C:\\laragon\\www\\ApiGateway\\host\\public\\index.php(27): Laravel\\Lumen\\Application->run()
#36 {main}
"} 
