[2020-05-13 13:36:03] production.ERROR: Symfony\Component\Debug\Exception\FatalThrowableError: syntax error, unexpected '}', expecting end of file in C:\laragon\www\ApiGateway\host\controllers\PaymentController.php:30
Stack trace:
#0 C:\laragon\www\ApiGateway\core\vendor\composer\ClassLoader.php(322): Composer\Autoload\includeFile('C:\\laragon\\www\\...')
#1 [internal function]: Composer\Autoload\ClassLoader->loadClass('Host\\controller...')
#2 [internal function]: spl_autoload_call('Host\\controller...')
#3 C:\laragon\www\ApiGateway\core\vendor\illuminate\container\Container.php(803): ReflectionClass->__construct('Host\\controller...')
#4 C:\laragon\www\ApiGateway\core\vendor\illuminate\container\Container.php(681): Illuminate\Container\Container->build('Host\\controller...')
#5 C:\laragon\www\ApiGateway\core\vendor\illuminate\container\Container.php(629): Illuminate\Container\Container->resolve('Host\\controller...', Array)
#6 C:\laragon\www\ApiGateway\core\vendor\laravel\lumen-framework\src\Application.php(273): Illuminate\Container\Container->make('Host\\controller...', Array)
#7 C:\laragon\www\ApiGateway\core\vendor\laravel\lumen-framework\src\Concerns\RoutesRequests.php(311): Laravel\Lumen\Application->make('Host\\controller...')
#8 C:\laragon\www\ApiGateway\core\vendor\laravel\lumen-framework\src\Concerns\RoutesRequests.php(278): Laravel\Lumen\Application->callControllerAction(Array)
#9 C:\laragon\www\ApiGateway\core\vendor\laravel\lumen-framework\src\Concerns\RoutesRequests.php(263): Laravel\Lumen\Application->callActionOnArrayBasedRoute(Array)
#10 C:\laragon\www\ApiGateway\core\vendor\laravel\lumen-framework\src\Concerns\RoutesRequests.php(165): Laravel\Lumen\Application->handleFoundRoute(Array)
#11 [internal function]: Laravel\Lumen\Application->Laravel\Lumen\Concerns\{closure}(Object(Laravel\Lumen\Http\Request))
#12 C:\laragon\www\ApiGateway\core\vendor\laravel\lumen-framework\src\Routing\Pipeline.php(52): call_user_func(Object(Closure), Object(Laravel\Lumen\Http\Request))
#13 C:\laragon\www\ApiGateway\core\vendor\nordsoftware\lumen-cors\src\CorsMiddleware.php(45): Laravel\Lumen\Routing\Pipeline->Laravel\Lumen\Routing\{closure}(Object(Laravel\Lumen\Http\Request))
#14 C:\laragon\www\ApiGateway\core\vendor\illuminate\pipeline\Pipeline.php(171): Nord\Lumen\Cors\CorsMiddleware->handle(Object(Laravel\Lumen\Http\Request), Object(Closure))
#15 [internal function]: Illuminate\Pipeline\Pipeline->Illuminate\Pipeline\{closure}(Object(Laravel\Lumen\Http\Request))
#16 C:\laragon\www\ApiGateway\core\vendor\laravel\lumen-framework\src\Routing\Pipeline.php(32): call_user_func(Object(Closure), Object(Laravel\Lumen\Http\Request))
#17 C:\laragon\www\ApiGateway\core\vendor\illuminate\pipeline\Pipeline.php(105): Laravel\Lumen\Routing\Pipeline->Laravel\Lumen\Routing\{closure}(Object(Laravel\Lumen\Http\Request))
#18 C:\laragon\www\ApiGateway\core\vendor\laravel\lumen-framework\src\Concerns\RoutesRequests.php(413): Illuminate\Pipeline\Pipeline->then(Object(Closure))
#19 C:\laragon\www\ApiGateway\core\vendor\laravel\lumen-framework\src\Concerns\RoutesRequests.php(171): Laravel\Lumen\Application->sendThroughPipeline(Array, Object(Closure))
#20 C:\laragon\www\ApiGateway\core\vendor\laravel\lumen-framework\src\Concerns\RoutesRequests.php(108): Laravel\Lumen\Application->dispatch(NULL)
#21 C:\laragon\www\ApiGateway\host\public\index.php(27): Laravel\Lumen\Application->run()
#22 {main} {"exception":"[object] (Symfony\\Component\\Debug\\Exception\\FatalThrowableError(code: 0): syntax error, unexpected '}', expecting end of file at C:\\laragon\\www\\ApiGateway\\host\\controllers\\PaymentController.php:30)
[stacktrace]
#0 C:\\laragon\\www\\ApiGateway\\core\\vendor\\composer\\ClassLoader.php(322): Composer\\Autoload\\includeFile('C:\\\\laragon\\\\www\\\\...')
#1 [internal function]: Composer\\Autoload\\ClassLoader->loadClass('Host\\\\controller...')
#2 [internal function]: spl_autoload_call('Host\\\\controller...')
#3 C:\\laragon\\www\\ApiGateway\\core\\vendor\\illuminate\\container\\Container.php(803): ReflectionClass->__construct('Host\\\\controller...')
#4 C:\\laragon\\www\\ApiGateway\\core\\vendor\\illuminate\\container\\Container.php(681): Illuminate\\Container\\Container->build('Host\\\\controller...')
#5 C:\\laragon\\www\\ApiGateway\\core\\vendor\\illuminate\\container\\Container.php(629): Illuminate\\Container\\Container->resolve('Host\\\\controller...', Array)
#6 C:\\laragon\\www\\ApiGateway\\core\\vendor\\laravel\\lumen-framework\\src\\Application.php(273): Illuminate\\Container\\Container->make('Host\\\\controller...', Array)
#7 C:\\laragon\\www\\ApiGateway\\core\\vendor\\laravel\\lumen-framework\\src\\Concerns\\RoutesRequests.php(311): Laravel\\Lumen\\Application->make('Host\\\\controller...')
#8 C:\\laragon\\www\\ApiGateway\\core\\vendor\\laravel\\lumen-framework\\src\\Concerns\\RoutesRequests.php(278): Laravel\\Lumen\\Application->callControllerAction(Array)
#9 C:\\laragon\\www\\ApiGateway\\core\\vendor\\laravel\\lumen-framework\\src\\Concerns\\RoutesRequests.php(263): Laravel\\Lumen\\Application->callActionOnArrayBasedRoute(Array)
#10 C:\\laragon\\www\\ApiGateway\\core\\vendor\\laravel\\lumen-framework\\src\\Concerns\\RoutesRequests.php(165): Laravel\\Lumen\\Application->handleFoundRoute(Array)
#11 [internal function]: Laravel\\Lumen\\Application->Laravel\\Lumen\\Concerns\\{closure}(Object(Laravel\\Lumen\\Http\\Request))
#12 C:\\laragon\\www\\ApiGateway\\core\\vendor\\laravel\\lumen-framework\\src\\Routing\\Pipeline.php(52): call_user_func(Object(Closure), Object(Laravel\\Lumen\\Http\\Request))
#13 C:\\laragon\\www\\ApiGateway\\core\\vendor\
ordsoftware\\lumen-cors\\src\\CorsMiddleware.php(45): Laravel\\Lumen\\Routing\\Pipeline->Laravel\\Lumen\\Routing\\{closure}(Object(Laravel\\Lumen\\Http\\Request))
#14 C:\\laragon\\www\\ApiGateway\\core\\vendor\\illuminate\\pipeline\\Pipeline.php(171): Nord\\Lumen\\Cors\\CorsMiddleware->handle(Object(Laravel\\Lumen\\Http\\Request), Object(Closure))
#15 [internal function]: Illuminate\\Pipeline\\Pipeline->Illuminate\\Pipeline\\{closure}(Object(Laravel\\Lumen\\Http\\Request))
#16 C:\\laragon\\www\\ApiGateway\\core\\vendor\\laravel\\lumen-framework\\src\\Routing\\Pipeline.php(32): call_user_func(Object(Closure), Object(Laravel\\Lumen\\Http\\Request))
#17 C:\\laragon\\www\\ApiGateway\\core\\vendor\\illuminate\\pipeline\\Pipeline.php(105): Laravel\\Lumen\\Routing\\Pipeline->Laravel\\Lumen\\Routing\\{closure}(Object(Laravel\\Lumen\\Http\\Request))
#18 C:\\laragon\\www\\ApiGateway\\core\\vendor\\laravel\\lumen-framework\\src\\Concerns\\RoutesRequests.php(413): Illuminate\\Pipeline\\Pipeline->then(Object(Closure))
#19 C:\\laragon\\www\\ApiGateway\\core\\vendor\\laravel\\lumen-framework\\src\\Concerns\\RoutesRequests.php(171): Laravel\\Lumen\\Application->sendThroughPipeline(Array, Object(Closure))
#20 C:\\laragon\\www\\ApiGateway\\core\\vendor\\laravel\\lumen-framework\\src\\Concerns\\RoutesRequests.php(108): Laravel\\Lumen\\Application->dispatch(NULL)
#21 C:\\laragon\\www\\ApiGateway\\host\\public\\index.php(27): Laravel\\Lumen\\Application->run()
#22 {main}
"} 
[2020-05-13 13:36:21] production.ERROR: Symfony\Component\Debug\Exception\FatalThrowableError: syntax error, unexpected '}', expecting end of file in C:\laragon\www\ApiGateway\host\controllers\PaymentController.php:30
Stack trace:
#0 C:\laragon\www\ApiGateway\core\vendor\composer\ClassLoader.php(322): Composer\Autoload\includeFile('C:\\laragon\\www\\...')
#1 [internal function]: Composer\Autoload\ClassLoader->loadClass('Host\\controller...')
#2 [internal function]: spl_autoload_call('Host\\controller...')
#3 C:\laragon\www\ApiGateway\core\vendor\illuminate\container\Container.php(803): ReflectionClass->__construct('Host\\controller...')
#4 C:\laragon\www\ApiGateway\core\vendor\illuminate\container\Container.php(681): Illuminate\Container\Container->build('Host\\controller...')
#5 C:\laragon\www\ApiGateway\core\vendor\illuminate\container\Container.php(629): Illuminate\Container\Container->resolve('Host\\controller...', Array)
#6 C:\laragon\www\ApiGateway\core\vendor\laravel\lumen-framework\src\Application.php(273): Illuminate\Container\Container->make('Host\\controller...', Array)
#7 C:\laragon\www\ApiGateway\core\vendor\laravel\lumen-framework\src\Concerns\RoutesRequests.php(311): Laravel\Lumen\Application->make('Host\\controller...')
#8 C:\laragon\www\ApiGateway\core\vendor\laravel\lumen-framework\src\Concerns\RoutesRequests.php(278): Laravel\Lumen\Application->callControllerAction(Array)
#9 C:\laragon\www\ApiGateway\core\vendor\laravel\lumen-framework\src\Concerns\RoutesRequests.php(263): Laravel\Lumen\Application->callActionOnArrayBasedRoute(Array)
#10 C:\laragon\www\ApiGateway\core\vendor\laravel\lumen-framework\src\Concerns\RoutesRequests.php(165): Laravel\Lumen\Application->handleFoundRoute(Array)
#11 [internal function]: Laravel\Lumen\Application->Laravel\Lumen\Concerns\{closure}(Object(Laravel\Lumen\Http\Request))
#12 C:\laragon\www\ApiGateway\core\vendor\laravel\lumen-framework\src\Routing\Pipeline.php(52): call_user_func(Object(Closure), Object(Laravel\Lumen\Http\Request))
#13 C:\laragon\www\ApiGateway\core\vendor\nordsoftware\lumen-cors\src\CorsMiddleware.php(45): Laravel\Lumen\Routing\Pipeline->Laravel\Lumen\Routing\{closure}(Object(Laravel\Lumen\Http\Request))
#14 C:\laragon\www\ApiGateway\core\vendor\illuminate\pipeline\Pipeline.php(171): Nord\Lumen\Cors\CorsMiddleware->handle(Object(Laravel\Lumen\Http\Request), Object(Closure))
#15 [internal function]: Illuminate\Pipeline\Pipeline->Illuminate\Pipeline\{closure}(Object(Laravel\Lumen\Http\Request))
#16 C:\laragon\www\ApiGateway\core\vendor\laravel\lumen-framework\src\Routing\Pipeline.php(32): call_user_func(Object(Closure), Object(Laravel\Lumen\Http\Request))
#17 C:\laragon\www\ApiGateway\core\vendor\illuminate\pipeline\Pipeline.php(105): Laravel\Lumen\Routing\Pipeline->Laravel\Lumen\Routing\{closure}(Object(Laravel\Lumen\Http\Request))
#18 C:\laragon\www\ApiGateway\core\vendor\laravel\lumen-framework\src\Concerns\RoutesRequests.php(413): Illuminate\Pipeline\Pipeline->then(Object(Closure))
#19 C:\laragon\www\ApiGateway\core\vendor\laravel\lumen-framework\src\Concerns\RoutesRequests.php(171): Laravel\Lumen\Application->sendThroughPipeline(Array, Object(Closure))
#20 C:\laragon\www\ApiGateway\core\vendor\laravel\lumen-framework\src\Concerns\RoutesRequests.php(108): Laravel\Lumen\Application->dispatch(NULL)
#21 C:\laragon\www\ApiGateway\host\public\index.php(27): Laravel\Lumen\Application->run()
#22 {main} {"exception":"[object] (Symfony\\Component\\Debug\\Exception\\FatalThrowableError(code: 0): syntax error, unexpected '}', expecting end of file at C:\\laragon\\www\\ApiGateway\\host\\controllers\\PaymentController.php:30)
[stacktrace]
#0 C:\\laragon\\www\\ApiGateway\\core\\vendor\\composer\\ClassLoader.php(322): Composer\\Autoload\\includeFile('C:\\\\laragon\\\\www\\\\...')
#1 [internal function]: Composer\\Autoload\\ClassLoader->loadClass('Host\\\\controller...')
#2 [internal function]: spl_autoload_call('Host\\\\controller...')
#3 C:\\laragon\\www\\ApiGateway\\core\\vendor\\illuminate\\container\\Container.php(803): ReflectionClass->__construct('Host\\\\controller...')
#4 C:\\laragon\\www\\ApiGateway\\core\\vendor\\illuminate\\container\\Container.php(681): Illuminate\\Container\\Container->build('Host\\\\controller...')
#5 C:\\laragon\\www\\ApiGateway\\core\\vendor\\illuminate\\container\\Container.php(629): Illuminate\\Container\\Container->resolve('Host\\\\controller...', Array)
#6 C:\\laragon\\www\\ApiGateway\\core\\vendor\\laravel\\lumen-framework\\src\\Application.php(273): Illuminate\\Container\\Container->make('Host\\\\controller...', Array)
#7 C:\\laragon\\www\\ApiGateway\\core\\vendor\\laravel\\lumen-framework\\src\\Concerns\\RoutesRequests.php(311): Laravel\\Lumen\\Application->make('Host\\\\controller...')
#8 C:\\laragon\\www\\ApiGateway\\core\\vendor\\laravel\\lumen-framework\\src\\Concerns\\RoutesRequests.php(278): Laravel\\Lumen\\Application->callControllerAction(Array)
#9 C:\\laragon\\www\\ApiGateway\\core\\vendor\\laravel\\lumen-framework\\src\\Concerns\\RoutesRequests.php(263): Laravel\\Lumen\\Application->callActionOnArrayBasedRoute(Array)
#10 C:\\laragon\\www\\ApiGateway\\core\\vendor\\laravel\\lumen-framework\\src\\Concerns\\RoutesRequests.php(165): Laravel\\Lumen\\Application->handleFoundRoute(Array)
#11 [internal function]: Laravel\\Lumen\\Application->Laravel\\Lumen\\Concerns\\{closure}(Object(Laravel\\Lumen\\Http\\Request))
#12 C:\\laragon\\www\\ApiGateway\\core\\vendor\\laravel\\lumen-framework\\src\\Routing\\Pipeline.php(52): call_user_func(Object(Closure), Object(Laravel\\Lumen\\Http\\Request))
#13 C:\\laragon\\www\\ApiGateway\\core\\vendor\
ordsoftware\\lumen-cors\\src\\CorsMiddleware.php(45): Laravel\\Lumen\\Routing\\Pipeline->Laravel\\Lumen\\Routing\\{closure}(Object(Laravel\\Lumen\\Http\\Request))
#14 C:\\laragon\\www\\ApiGateway\\core\\vendor\\illuminate\\pipeline\\Pipeline.php(171): Nord\\Lumen\\Cors\\CorsMiddleware->handle(Object(Laravel\\Lumen\\Http\\Request), Object(Closure))
#15 [internal function]: Illuminate\\Pipeline\\Pipeline->Illuminate\\Pipeline\\{closure}(Object(Laravel\\Lumen\\Http\\Request))
#16 C:\\laragon\\www\\ApiGateway\\core\\vendor\\laravel\\lumen-framework\\src\\Routing\\Pipeline.php(32): call_user_func(Object(Closure), Object(Laravel\\Lumen\\Http\\Request))
#17 C:\\laragon\\www\\ApiGateway\\core\\vendor\\illuminate\\pipeline\\Pipeline.php(105): Laravel\\Lumen\\Routing\\Pipeline->Laravel\\Lumen\\Routing\\{closure}(Object(Laravel\\Lumen\\Http\\Request))
#18 C:\\laragon\\www\\ApiGateway\\core\\vendor\\laravel\\lumen-framework\\src\\Concerns\\RoutesRequests.php(413): Illuminate\\Pipeline\\Pipeline->then(Object(Closure))
#19 C:\\laragon\\www\\ApiGateway\\core\\vendor\\laravel\\lumen-framework\\src\\Concerns\\RoutesRequests.php(171): Laravel\\Lumen\\Application->sendThroughPipeline(Array, Object(Closure))
#20 C:\\laragon\\www\\ApiGateway\\core\\vendor\\laravel\\lumen-framework\\src\\Concerns\\RoutesRequests.php(108): Laravel\\Lumen\\Application->dispatch(NULL)
#21 C:\\laragon\\www\\ApiGateway\\host\\public\\index.php(27): Laravel\\Lumen\\Application->run()
#22 {main}
"} 
