[2020-05-20 03:05:00] production.ERROR: ReflectionException: Class Host\controllers\EventController does not exist in C:\laragon\www\ApiGateway\core\vendor\illuminate\container\Container.php:803
Stack trace:
#0 C:\laragon\www\ApiGateway\core\vendor\illuminate\container\Container.php(803): ReflectionClass->__construct('Host\\controller...')
#1 C:\laragon\www\ApiGateway\core\vendor\illuminate\container\Container.php(681): Illuminate\Container\Container->build('Host\\controller...')
#2 C:\laragon\www\ApiGateway\core\vendor\illuminate\container\Container.php(629): Illuminate\Container\Container->resolve('Host\\controller...', Array)
#3 C:\laragon\www\ApiGateway\core\vendor\laravel\lumen-framework\src\Application.php(273): Illuminate\Container\Container->make('Host\\controller...', Array)
#4 C:\laragon\www\ApiGateway\core\vendor\laravel\lumen-framework\src\Concerns\RoutesRequests.php(311): Laravel\Lumen\Application->make('Host\\controller...')
#5 C:\laragon\www\ApiGateway\core\vendor\laravel\lumen-framework\src\Concerns\RoutesRequests.php(278): Laravel\Lumen\Application->callControllerAction(Array)
#6 C:\laragon\www\ApiGateway\core\vendor\laravel\lumen-framework\src\Concerns\RoutesRequests.php(263): Laravel\Lumen\Application->callActionOnArrayBasedRoute(Array)
#7 C:\laragon\www\ApiGateway\core\vendor\laravel\lumen-framework\src\Concerns\RoutesRequests.php(165): Laravel\Lumen\Application->handleFoundRoute(Array)
#8 [internal function]: Laravel\Lumen\Application->Laravel\Lumen\Concerns\{closure}(Object(Laravel\Lumen\Http\Request))
#9 C:\laragon\www\ApiGateway\core\vendor\laravel\lumen-framework\src\Routing\Pipeline.php(52): call_user_func(Object(Closure), Object(Laravel\Lumen\Http\Request))
#10 C:\laragon\www\ApiGateway\core\vendor\nordsoftware\lumen-cors\src\CorsMiddleware.php(45): Laravel\Lumen\Routing\Pipeline->Laravel\Lumen\Routing\{closure}(Object(Laravel\Lumen\Http\Request))
#11 C:\laragon\www\ApiGateway\core\vendor\illuminate\pipeline\Pipeline.php(171): Nord\Lumen\Cors\CorsMiddleware->handle(Object(Laravel\Lumen\Http\Request), Object(Closure))
#12 [internal function]: Illuminate\Pipeline\Pipeline->Illuminate\Pipeline\{closure}(Object(Laravel\Lumen\Http\Request))
#13 C:\laragon\www\ApiGateway\core\vendor\laravel\lumen-framework\src\Routing\Pipeline.php(32): call_user_func(Object(Closure), Object(Laravel\Lumen\Http\Request))
#14 C:\laragon\www\ApiGateway\core\vendor\illuminate\pipeline\Pipeline.php(105): Laravel\Lumen\Routing\Pipeline->Laravel\Lumen\Routing\{closure}(Object(Laravel\Lumen\Http\Request))
#15 C:\laragon\www\ApiGateway\core\vendor\laravel\lumen-framework\src\Concerns\RoutesRequests.php(413): Illuminate\Pipeline\Pipeline->then(Object(Closure))
#16 C:\laragon\www\ApiGateway\core\vendor\laravel\lumen-framework\src\Concerns\RoutesRequests.php(171): Laravel\Lumen\Application->sendThroughPipeline(Array, Object(Closure))
#17 C:\laragon\www\ApiGateway\core\vendor\laravel\lumen-framework\src\Concerns\RoutesRequests.php(108): Laravel\Lumen\Application->dispatch(NULL)
#18 C:\laragon\www\ApiGateway\host\public\index.php(27): Laravel\Lumen\Application->run()
#19 {main}

Next Illuminate\Contracts\Container\BindingResolutionException: Target class [Host\controllers\EventController] does not exist. in C:\laragon\www\ApiGateway\core\vendor\illuminate\container\Container.php:805
Stack trace:
#0 C:\laragon\www\ApiGateway\core\vendor\illuminate\container\Container.php(681): Illuminate\Container\Container->build('Host\\controller...')
#1 C:\laragon\www\ApiGateway\core\vendor\illuminate\container\Container.php(629): Illuminate\Container\Container->resolve('Host\\controller...', Array)
#2 C:\laragon\www\ApiGateway\core\vendor\laravel\lumen-framework\src\Application.php(273): Illuminate\Container\Container->make('Host\\controller...', Array)
#3 C:\laragon\www\ApiGateway\core\vendor\laravel\lumen-framework\src\Concerns\RoutesRequests.php(311): Laravel\Lumen\Application->make('Host\\controller...')
#4 C:\laragon\www\ApiGateway\core\vendor\laravel\lumen-framework\src\Concerns\RoutesRequests.php(278): Laravel\Lumen\Application->callControllerAction(Array)
#5 C:\laragon\www\ApiGateway\core\vendor\laravel\lumen-framework\src\Concerns\RoutesRequests.php(263): Laravel\Lumen\Application->callActionOnArrayBasedRoute(Array)
#6 C:\laragon\www\ApiGateway\core\vendor\laravel\lumen-framework\src\Concerns\RoutesRequests.php(165): Laravel\Lumen\Application->handleFoundRoute(Array)
#7 [internal function]: Laravel\Lumen\Application->Laravel\Lumen\Concerns\{closure}(Object(Laravel\Lumen\Http\Request))
#8 C:\laragon\www\ApiGateway\core\vendor\laravel\lumen-framework\src\Routing\Pipeline.php(52): call_user_func(Object(Closure), Object(Laravel\Lumen\Http\Request))
#9 C:\laragon\www\ApiGateway\core\vendor\nordsoftware\lumen-cors\src\CorsMiddleware.php(45): Laravel\Lumen\Routing\Pipeline->Laravel\Lumen\Routing\{closure}(Object(Laravel\Lumen\Http\Request))
#10 C:\laragon\www\ApiGateway\core\vendor\illuminate\pipeline\Pipeline.php(171): Nord\Lumen\Cors\CorsMiddleware->handle(Object(Laravel\Lumen\Http\Request), Object(Closure))
#11 [internal function]: Illuminate\Pipeline\Pipeline->Illuminate\Pipeline\{closure}(Object(Laravel\Lumen\Http\Request))
#12 C:\laragon\www\ApiGateway\core\vendor\laravel\lumen-framework\src\Routing\Pipeline.php(32): call_user_func(Object(Closure), Object(Laravel\Lumen\Http\Request))
#13 C:\laragon\www\ApiGateway\core\vendor\illuminate\pipeline\Pipeline.php(105): Laravel\Lumen\Routing\Pipeline->Laravel\Lumen\Routing\{closure}(Object(Laravel\Lumen\Http\Request))
#14 C:\laragon\www\ApiGateway\core\vendor\laravel\lumen-framework\src\Concerns\RoutesRequests.php(413): Illuminate\Pipeline\Pipeline->then(Object(Closure))
#15 C:\laragon\www\ApiGateway\core\vendor\laravel\lumen-framework\src\Concerns\RoutesRequests.php(171): Laravel\Lumen\Application->sendThroughPipeline(Array, Object(Closure))
#16 C:\laragon\www\ApiGateway\core\vendor\laravel\lumen-framework\src\Concerns\RoutesRequests.php(108): Laravel\Lumen\Application->dispatch(NULL)
#17 C:\laragon\www\ApiGateway\host\public\index.php(27): Laravel\Lumen\Application->run()
#18 {main} {"exception":"[object] (Illuminate\\Contracts\\Container\\BindingResolutionException(code: 0): Target class [Host\\controllers\\EventController] does not exist. at C:\\laragon\\www\\ApiGateway\\core\\vendor\\illuminate\\container\\Container.php:805)
[stacktrace]
#0 C:\\laragon\\www\\ApiGateway\\core\\vendor\\illuminate\\container\\Container.php(681): Illuminate\\Container\\Container->build('Host\\\\controller...')
#1 C:\\laragon\\www\\ApiGateway\\core\\vendor\\illuminate\\container\\Container.php(629): Illuminate\\Container\\Container->resolve('Host\\\\controller...', Array)
#2 C:\\laragon\\www\\ApiGateway\\core\\vendor\\laravel\\lumen-framework\\src\\Application.php(273): Illuminate\\Container\\Container->make('Host\\\\controller...', Array)
#3 C:\\laragon\\www\\ApiGateway\\core\\vendor\\laravel\\lumen-framework\\src\\Concerns\\RoutesRequests.php(311): Laravel\\Lumen\\Application->make('Host\\\\controller...')
#4 C:\\laragon\\www\\ApiGateway\\core\\vendor\\laravel\\lumen-framework\\src\\Concerns\\RoutesRequests.php(278): Laravel\\Lumen\\Application->callControllerAction(Array)
#5 C:\\laragon\\www\\ApiGateway\\core\\vendor\\laravel\\lumen-framework\\src\\Concerns\\RoutesRequests.php(263): Laravel\\Lumen\\Application->callActionOnArrayBasedRoute(Array)
#6 C:\\laragon\\www\\ApiGateway\\core\\vendor\\laravel\\lumen-framework\\src\\Concerns\\RoutesRequests.php(165): Laravel\\Lumen\\Application->handleFoundRoute(Array)
#7 [internal function]: Laravel\\Lumen\\Application->Laravel\\Lumen\\Concerns\\{closure}(Object(Laravel\\Lumen\\Http\\Request))
#8 C:\\laragon\\www\\ApiGateway\\core\\vendor\\laravel\\lumen-framework\\src\\Routing\\Pipeline.php(52): call_user_func(Object(Closure), Object(Laravel\\Lumen\\Http\\Request))
#9 C:\\laragon\\www\\ApiGateway\\core\\vendor\
ordsoftware\\lumen-cors\\src\\CorsMiddleware.php(45): Laravel\\Lumen\\Routing\\Pipeline->Laravel\\Lumen\\Routing\\{closure}(Object(Laravel\\Lumen\\Http\\Request))
#10 C:\\laragon\\www\\ApiGateway\\core\\vendor\\illuminate\\pipeline\\Pipeline.php(171): Nord\\Lumen\\Cors\\CorsMiddleware->handle(Object(Laravel\\Lumen\\Http\\Request), Object(Closure))
#11 [internal function]: Illuminate\\Pipeline\\Pipeline->Illuminate\\Pipeline\\{closure}(Object(Laravel\\Lumen\\Http\\Request))
#12 C:\\laragon\\www\\ApiGateway\\core\\vendor\\laravel\\lumen-framework\\src\\Routing\\Pipeline.php(32): call_user_func(Object(Closure), Object(Laravel\\Lumen\\Http\\Request))
#13 C:\\laragon\\www\\ApiGateway\\core\\vendor\\illuminate\\pipeline\\Pipeline.php(105): Laravel\\Lumen\\Routing\\Pipeline->Laravel\\Lumen\\Routing\\{closure}(Object(Laravel\\Lumen\\Http\\Request))
#14 C:\\laragon\\www\\ApiGateway\\core\\vendor\\laravel\\lumen-framework\\src\\Concerns\\RoutesRequests.php(413): Illuminate\\Pipeline\\Pipeline->then(Object(Closure))
#15 C:\\laragon\\www\\ApiGateway\\core\\vendor\\laravel\\lumen-framework\\src\\Concerns\\RoutesRequests.php(171): Laravel\\Lumen\\Application->sendThroughPipeline(Array, Object(Closure))
#16 C:\\laragon\\www\\ApiGateway\\core\\vendor\\laravel\\lumen-framework\\src\\Concerns\\RoutesRequests.php(108): Laravel\\Lumen\\Application->dispatch(NULL)
#17 C:\\laragon\\www\\ApiGateway\\host\\public\\index.php(27): Laravel\\Lumen\\Application->run()
#18 {main}

[previous exception] [object] (ReflectionException(code: -1): Class Host\\controllers\\EventController does not exist at C:\\laragon\\www\\ApiGateway\\core\\vendor\\illuminate\\container\\Container.php:803)
[stacktrace]
#0 C:\\laragon\\www\\ApiGateway\\core\\vendor\\illuminate\\container\\Container.php(803): ReflectionClass->__construct('Host\\\\controller...')
#1 C:\\laragon\\www\\ApiGateway\\core\\vendor\\illuminate\\container\\Container.php(681): Illuminate\\Container\\Container->build('Host\\\\controller...')
#2 C:\\laragon\\www\\ApiGateway\\core\\vendor\\illuminate\\container\\Container.php(629): Illuminate\\Container\\Container->resolve('Host\\\\controller...', Array)
#3 C:\\laragon\\www\\ApiGateway\\core\\vendor\\laravel\\lumen-framework\\src\\Application.php(273): Illuminate\\Container\\Container->make('Host\\\\controller...', Array)
#4 C:\\laragon\\www\\ApiGateway\\core\\vendor\\laravel\\lumen-framework\\src\\Concerns\\RoutesRequests.php(311): Laravel\\Lumen\\Application->make('Host\\\\controller...')
#5 C:\\laragon\\www\\ApiGateway\\core\\vendor\\laravel\\lumen-framework\\src\\Concerns\\RoutesRequests.php(278): Laravel\\Lumen\\Application->callControllerAction(Array)
#6 C:\\laragon\\www\\ApiGateway\\core\\vendor\\laravel\\lumen-framework\\src\\Concerns\\RoutesRequests.php(263): Laravel\\Lumen\\Application->callActionOnArrayBasedRoute(Array)
#7 C:\\laragon\\www\\ApiGateway\\core\\vendor\\laravel\\lumen-framework\\src\\Concerns\\RoutesRequests.php(165): Laravel\\Lumen\\Application->handleFoundRoute(Array)
#8 [internal function]: Laravel\\Lumen\\Application->Laravel\\Lumen\\Concerns\\{closure}(Object(Laravel\\Lumen\\Http\\Request))
#9 C:\\laragon\\www\\ApiGateway\\core\\vendor\\laravel\\lumen-framework\\src\\Routing\\Pipeline.php(52): call_user_func(Object(Closure), Object(Laravel\\Lumen\\Http\\Request))
#10 C:\\laragon\\www\\ApiGateway\\core\\vendor\
ordsoftware\\lumen-cors\\src\\CorsMiddleware.php(45): Laravel\\Lumen\\Routing\\Pipeline->Laravel\\Lumen\\Routing\\{closure}(Object(Laravel\\Lumen\\Http\\Request))
#11 C:\\laragon\\www\\ApiGateway\\core\\vendor\\illuminate\\pipeline\\Pipeline.php(171): Nord\\Lumen\\Cors\\CorsMiddleware->handle(Object(Laravel\\Lumen\\Http\\Request), Object(Closure))
#12 [internal function]: Illuminate\\Pipeline\\Pipeline->Illuminate\\Pipeline\\{closure}(Object(Laravel\\Lumen\\Http\\Request))
#13 C:\\laragon\\www\\ApiGateway\\core\\vendor\\laravel\\lumen-framework\\src\\Routing\\Pipeline.php(32): call_user_func(Object(Closure), Object(Laravel\\Lumen\\Http\\Request))
#14 C:\\laragon\\www\\ApiGateway\\core\\vendor\\illuminate\\pipeline\\Pipeline.php(105): Laravel\\Lumen\\Routing\\Pipeline->Laravel\\Lumen\\Routing\\{closure}(Object(Laravel\\Lumen\\Http\\Request))
#15 C:\\laragon\\www\\ApiGateway\\core\\vendor\\laravel\\lumen-framework\\src\\Concerns\\RoutesRequests.php(413): Illuminate\\Pipeline\\Pipeline->then(Object(Closure))
#16 C:\\laragon\\www\\ApiGateway\\core\\vendor\\laravel\\lumen-framework\\src\\Concerns\\RoutesRequests.php(171): Laravel\\Lumen\\Application->sendThroughPipeline(Array, Object(Closure))
#17 C:\\laragon\\www\\ApiGateway\\core\\vendor\\laravel\\lumen-framework\\src\\Concerns\\RoutesRequests.php(108): Laravel\\Lumen\\Application->dispatch(NULL)
#18 C:\\laragon\\www\\ApiGateway\\host\\public\\index.php(27): Laravel\\Lumen\\Application->run()
#19 {main}
"} 
[2020-05-20 03:05:42] production.ERROR: ReflectionException: Class Host\controllers\EventController does not exist in C:\laragon\www\ApiGateway\core\vendor\illuminate\container\Container.php:803
Stack trace:
#0 C:\laragon\www\ApiGateway\core\vendor\illuminate\container\Container.php(803): ReflectionClass->__construct('Host\\controller...')
#1 C:\laragon\www\ApiGateway\core\vendor\illuminate\container\Container.php(681): Illuminate\Container\Container->build('Host\\controller...')
#2 C:\laragon\www\ApiGateway\core\vendor\illuminate\container\Container.php(629): Illuminate\Container\Container->resolve('Host\\controller...', Array)
#3 C:\laragon\www\ApiGateway\core\vendor\laravel\lumen-framework\src\Application.php(273): Illuminate\Container\Container->make('Host\\controller...', Array)
#4 C:\laragon\www\ApiGateway\core\vendor\laravel\lumen-framework\src\Concerns\RoutesRequests.php(311): Laravel\Lumen\Application->make('Host\\controller...')
#5 C:\laragon\www\ApiGateway\core\vendor\laravel\lumen-framework\src\Concerns\RoutesRequests.php(278): Laravel\Lumen\Application->callControllerAction(Array)
#6 C:\laragon\www\ApiGateway\core\vendor\laravel\lumen-framework\src\Concerns\RoutesRequests.php(263): Laravel\Lumen\Application->callActionOnArrayBasedRoute(Array)
#7 C:\laragon\www\ApiGateway\core\vendor\laravel\lumen-framework\src\Concerns\RoutesRequests.php(165): Laravel\Lumen\Application->handleFoundRoute(Array)
#8 [internal function]: Laravel\Lumen\Application->Laravel\Lumen\Concerns\{closure}(Object(Laravel\Lumen\Http\Request))
#9 C:\laragon\www\ApiGateway\core\vendor\laravel\lumen-framework\src\Routing\Pipeline.php(52): call_user_func(Object(Closure), Object(Laravel\Lumen\Http\Request))
#10 C:\laragon\www\ApiGateway\core\vendor\nordsoftware\lumen-cors\src\CorsMiddleware.php(45): Laravel\Lumen\Routing\Pipeline->Laravel\Lumen\Routing\{closure}(Object(Laravel\Lumen\Http\Request))
#11 C:\laragon\www\ApiGateway\core\vendor\illuminate\pipeline\Pipeline.php(171): Nord\Lumen\Cors\CorsMiddleware->handle(Object(Laravel\Lumen\Http\Request), Object(Closure))
#12 [internal function]: Illuminate\Pipeline\Pipeline->Illuminate\Pipeline\{closure}(Object(Laravel\Lumen\Http\Request))
#13 C:\laragon\www\ApiGateway\core\vendor\laravel\lumen-framework\src\Routing\Pipeline.php(32): call_user_func(Object(Closure), Object(Laravel\Lumen\Http\Request))
#14 C:\laragon\www\ApiGateway\core\vendor\illuminate\pipeline\Pipeline.php(105): Laravel\Lumen\Routing\Pipeline->Laravel\Lumen\Routing\{closure}(Object(Laravel\Lumen\Http\Request))
#15 C:\laragon\www\ApiGateway\core\vendor\laravel\lumen-framework\src\Concerns\RoutesRequests.php(413): Illuminate\Pipeline\Pipeline->then(Object(Closure))
#16 C:\laragon\www\ApiGateway\core\vendor\laravel\lumen-framework\src\Concerns\RoutesRequests.php(171): Laravel\Lumen\Application->sendThroughPipeline(Array, Object(Closure))
#17 C:\laragon\www\ApiGateway\core\vendor\laravel\lumen-framework\src\Concerns\RoutesRequests.php(108): Laravel\Lumen\Application->dispatch(NULL)
#18 C:\laragon\www\ApiGateway\host\public\index.php(27): Laravel\Lumen\Application->run()
#19 {main}

Next Illuminate\Contracts\Container\BindingResolutionException: Target class [Host\controllers\EventController] does not exist. in C:\laragon\www\ApiGateway\core\vendor\illuminate\container\Container.php:805
Stack trace:
#0 C:\laragon\www\ApiGateway\core\vendor\illuminate\container\Container.php(681): Illuminate\Container\Container->build('Host\\controller...')
#1 C:\laragon\www\ApiGateway\core\vendor\illuminate\container\Container.php(629): Illuminate\Container\Container->resolve('Host\\controller...', Array)
#2 C:\laragon\www\ApiGateway\core\vendor\laravel\lumen-framework\src\Application.php(273): Illuminate\Container\Container->make('Host\\controller...', Array)
#3 C:\laragon\www\ApiGateway\core\vendor\laravel\lumen-framework\src\Concerns\RoutesRequests.php(311): Laravel\Lumen\Application->make('Host\\controller...')
#4 C:\laragon\www\ApiGateway\core\vendor\laravel\lumen-framework\src\Concerns\RoutesRequests.php(278): Laravel\Lumen\Application->callControllerAction(Array)
#5 C:\laragon\www\ApiGateway\core\vendor\laravel\lumen-framework\src\Concerns\RoutesRequests.php(263): Laravel\Lumen\Application->callActionOnArrayBasedRoute(Array)
#6 C:\laragon\www\ApiGateway\core\vendor\laravel\lumen-framework\src\Concerns\RoutesRequests.php(165): Laravel\Lumen\Application->handleFoundRoute(Array)
#7 [internal function]: Laravel\Lumen\Application->Laravel\Lumen\Concerns\{closure}(Object(Laravel\Lumen\Http\Request))
#8 C:\laragon\www\ApiGateway\core\vendor\laravel\lumen-framework\src\Routing\Pipeline.php(52): call_user_func(Object(Closure), Object(Laravel\Lumen\Http\Request))
#9 C:\laragon\www\ApiGateway\core\vendor\nordsoftware\lumen-cors\src\CorsMiddleware.php(45): Laravel\Lumen\Routing\Pipeline->Laravel\Lumen\Routing\{closure}(Object(Laravel\Lumen\Http\Request))
#10 C:\laragon\www\ApiGateway\core\vendor\illuminate\pipeline\Pipeline.php(171): Nord\Lumen\Cors\CorsMiddleware->handle(Object(Laravel\Lumen\Http\Request), Object(Closure))
#11 [internal function]: Illuminate\Pipeline\Pipeline->Illuminate\Pipeline\{closure}(Object(Laravel\Lumen\Http\Request))
#12 C:\laragon\www\ApiGateway\core\vendor\laravel\lumen-framework\src\Routing\Pipeline.php(32): call_user_func(Object(Closure), Object(Laravel\Lumen\Http\Request))
#13 C:\laragon\www\ApiGateway\core\vendor\illuminate\pipeline\Pipeline.php(105): Laravel\Lumen\Routing\Pipeline->Laravel\Lumen\Routing\{closure}(Object(Laravel\Lumen\Http\Request))
#14 C:\laragon\www\ApiGateway\core\vendor\laravel\lumen-framework\src\Concerns\RoutesRequests.php(413): Illuminate\Pipeline\Pipeline->then(Object(Closure))
#15 C:\laragon\www\ApiGateway\core\vendor\laravel\lumen-framework\src\Concerns\RoutesRequests.php(171): Laravel\Lumen\Application->sendThroughPipeline(Array, Object(Closure))
#16 C:\laragon\www\ApiGateway\core\vendor\laravel\lumen-framework\src\Concerns\RoutesRequests.php(108): Laravel\Lumen\Application->dispatch(NULL)
#17 C:\laragon\www\ApiGateway\host\public\index.php(27): Laravel\Lumen\Application->run()
#18 {main} {"exception":"[object] (Illuminate\\Contracts\\Container\\BindingResolutionException(code: 0): Target class [Host\\controllers\\EventController] does not exist. at C:\\laragon\\www\\ApiGateway\\core\\vendor\\illuminate\\container\\Container.php:805)
[stacktrace]
#0 C:\\laragon\\www\\ApiGateway\\core\\vendor\\illuminate\\container\\Container.php(681): Illuminate\\Container\\Container->build('Host\\\\controller...')
#1 C:\\laragon\\www\\ApiGateway\\core\\vendor\\illuminate\\container\\Container.php(629): Illuminate\\Container\\Container->resolve('Host\\\\controller...', Array)
#2 C:\\laragon\\www\\ApiGateway\\core\\vendor\\laravel\\lumen-framework\\src\\Application.php(273): Illuminate\\Container\\Container->make('Host\\\\controller...', Array)
#3 C:\\laragon\\www\\ApiGateway\\core\\vendor\\laravel\\lumen-framework\\src\\Concerns\\RoutesRequests.php(311): Laravel\\Lumen\\Application->make('Host\\\\controller...')
#4 C:\\laragon\\www\\ApiGateway\\core\\vendor\\laravel\\lumen-framework\\src\\Concerns\\RoutesRequests.php(278): Laravel\\Lumen\\Application->callControllerAction(Array)
#5 C:\\laragon\\www\\ApiGateway\\core\\vendor\\laravel\\lumen-framework\\src\\Concerns\\RoutesRequests.php(263): Laravel\\Lumen\\Application->callActionOnArrayBasedRoute(Array)
#6 C:\\laragon\\www\\ApiGateway\\core\\vendor\\laravel\\lumen-framework\\src\\Concerns\\RoutesRequests.php(165): Laravel\\Lumen\\Application->handleFoundRoute(Array)
#7 [internal function]: Laravel\\Lumen\\Application->Laravel\\Lumen\\Concerns\\{closure}(Object(Laravel\\Lumen\\Http\\Request))
#8 C:\\laragon\\www\\ApiGateway\\core\\vendor\\laravel\\lumen-framework\\src\\Routing\\Pipeline.php(52): call_user_func(Object(Closure), Object(Laravel\\Lumen\\Http\\Request))
#9 C:\\laragon\\www\\ApiGateway\\core\\vendor\
ordsoftware\\lumen-cors\\src\\CorsMiddleware.php(45): Laravel\\Lumen\\Routing\\Pipeline->Laravel\\Lumen\\Routing\\{closure}(Object(Laravel\\Lumen\\Http\\Request))
#10 C:\\laragon\\www\\ApiGateway\\core\\vendor\\illuminate\\pipeline\\Pipeline.php(171): Nord\\Lumen\\Cors\\CorsMiddleware->handle(Object(Laravel\\Lumen\\Http\\Request), Object(Closure))
#11 [internal function]: Illuminate\\Pipeline\\Pipeline->Illuminate\\Pipeline\\{closure}(Object(Laravel\\Lumen\\Http\\Request))
#12 C:\\laragon\\www\\ApiGateway\\core\\vendor\\laravel\\lumen-framework\\src\\Routing\\Pipeline.php(32): call_user_func(Object(Closure), Object(Laravel\\Lumen\\Http\\Request))
#13 C:\\laragon\\www\\ApiGateway\\core\\vendor\\illuminate\\pipeline\\Pipeline.php(105): Laravel\\Lumen\\Routing\\Pipeline->Laravel\\Lumen\\Routing\\{closure}(Object(Laravel\\Lumen\\Http\\Request))
#14 C:\\laragon\\www\\ApiGateway\\core\\vendor\\laravel\\lumen-framework\\src\\Concerns\\RoutesRequests.php(413): Illuminate\\Pipeline\\Pipeline->then(Object(Closure))
#15 C:\\laragon\\www\\ApiGateway\\core\\vendor\\laravel\\lumen-framework\\src\\Concerns\\RoutesRequests.php(171): Laravel\\Lumen\\Application->sendThroughPipeline(Array, Object(Closure))
#16 C:\\laragon\\www\\ApiGateway\\core\\vendor\\laravel\\lumen-framework\\src\\Concerns\\RoutesRequests.php(108): Laravel\\Lumen\\Application->dispatch(NULL)
#17 C:\\laragon\\www\\ApiGateway\\host\\public\\index.php(27): Laravel\\Lumen\\Application->run()
#18 {main}

[previous exception] [object] (ReflectionException(code: -1): Class Host\\controllers\\EventController does not exist at C:\\laragon\\www\\ApiGateway\\core\\vendor\\illuminate\\container\\Container.php:803)
[stacktrace]
#0 C:\\laragon\\www\\ApiGateway\\core\\vendor\\illuminate\\container\\Container.php(803): ReflectionClass->__construct('Host\\\\controller...')
#1 C:\\laragon\\www\\ApiGateway\\core\\vendor\\illuminate\\container\\Container.php(681): Illuminate\\Container\\Container->build('Host\\\\controller...')
#2 C:\\laragon\\www\\ApiGateway\\core\\vendor\\illuminate\\container\\Container.php(629): Illuminate\\Container\\Container->resolve('Host\\\\controller...', Array)
#3 C:\\laragon\\www\\ApiGateway\\core\\vendor\\laravel\\lumen-framework\\src\\Application.php(273): Illuminate\\Container\\Container->make('Host\\\\controller...', Array)
#4 C:\\laragon\\www\\ApiGateway\\core\\vendor\\laravel\\lumen-framework\\src\\Concerns\\RoutesRequests.php(311): Laravel\\Lumen\\Application->make('Host\\\\controller...')
#5 C:\\laragon\\www\\ApiGateway\\core\\vendor\\laravel\\lumen-framework\\src\\Concerns\\RoutesRequests.php(278): Laravel\\Lumen\\Application->callControllerAction(Array)
#6 C:\\laragon\\www\\ApiGateway\\core\\vendor\\laravel\\lumen-framework\\src\\Concerns\\RoutesRequests.php(263): Laravel\\Lumen\\Application->callActionOnArrayBasedRoute(Array)
#7 C:\\laragon\\www\\ApiGateway\\core\\vendor\\laravel\\lumen-framework\\src\\Concerns\\RoutesRequests.php(165): Laravel\\Lumen\\Application->handleFoundRoute(Array)
#8 [internal function]: Laravel\\Lumen\\Application->Laravel\\Lumen\\Concerns\\{closure}(Object(Laravel\\Lumen\\Http\\Request))
#9 C:\\laragon\\www\\ApiGateway\\core\\vendor\\laravel\\lumen-framework\\src\\Routing\\Pipeline.php(52): call_user_func(Object(Closure), Object(Laravel\\Lumen\\Http\\Request))
#10 C:\\laragon\\www\\ApiGateway\\core\\vendor\
ordsoftware\\lumen-cors\\src\\CorsMiddleware.php(45): Laravel\\Lumen\\Routing\\Pipeline->Laravel\\Lumen\\Routing\\{closure}(Object(Laravel\\Lumen\\Http\\Request))
#11 C:\\laragon\\www\\ApiGateway\\core\\vendor\\illuminate\\pipeline\\Pipeline.php(171): Nord\\Lumen\\Cors\\CorsMiddleware->handle(Object(Laravel\\Lumen\\Http\\Request), Object(Closure))
#12 [internal function]: Illuminate\\Pipeline\\Pipeline->Illuminate\\Pipeline\\{closure}(Object(Laravel\\Lumen\\Http\\Request))
#13 C:\\laragon\\www\\ApiGateway\\core\\vendor\\laravel\\lumen-framework\\src\\Routing\\Pipeline.php(32): call_user_func(Object(Closure), Object(Laravel\\Lumen\\Http\\Request))
#14 C:\\laragon\\www\\ApiGateway\\core\\vendor\\illuminate\\pipeline\\Pipeline.php(105): Laravel\\Lumen\\Routing\\Pipeline->Laravel\\Lumen\\Routing\\{closure}(Object(Laravel\\Lumen\\Http\\Request))
#15 C:\\laragon\\www\\ApiGateway\\core\\vendor\\laravel\\lumen-framework\\src\\Concerns\\RoutesRequests.php(413): Illuminate\\Pipeline\\Pipeline->then(Object(Closure))
#16 C:\\laragon\\www\\ApiGateway\\core\\vendor\\laravel\\lumen-framework\\src\\Concerns\\RoutesRequests.php(171): Laravel\\Lumen\\Application->sendThroughPipeline(Array, Object(Closure))
#17 C:\\laragon\\www\\ApiGateway\\core\\vendor\\laravel\\lumen-framework\\src\\Concerns\\RoutesRequests.php(108): Laravel\\Lumen\\Application->dispatch(NULL)
#18 C:\\laragon\\www\\ApiGateway\\host\\public\\index.php(27): Laravel\\Lumen\\Application->run()
#19 {main}
"} 
