[2020-05-04 02:07:53] local.ERROR: BadMethodCallException: Method Illuminate\Database\Schema\Blueprint::uudi does not exist. in C:\laragon\www\GroupService\core\vendor\illuminate\support\Traits\Macroable.php:103
Stack trace:
#0 C:\laragon\www\GroupService\persistence\database\migrations\2020_05_03_224411_create_user_statuses.php(19): Illuminate\Database\Schema\Blueprint->__call('uudi', Array)
#1 C:\laragon\www\GroupService\core\vendor\illuminate\database\Schema\Builder.php(166): CreateUserStatuses->{closure}(Object(Illuminate\Database\Schema\Blueprint))
#2 C:\laragon\www\GroupService\core\vendor\illuminate\support\helpers.php(422): Illuminate\Database\Schema\Builder->Illuminate\Database\Schema\{closure}(Object(Illuminate\Database\Schema\Blueprint))
#3 C:\laragon\www\GroupService\core\vendor\illuminate\database\Schema\Builder.php(167): tap(Object(Illuminate\Database\Schema\Blueprint), Object(Closure))
#4 C:\laragon\www\GroupService\core\vendor\illuminate\support\Facades\Facade.php(261): Illuminate\Database\Schema\Builder->create('user_statuses', Object(Closure))
#5 C:\laragon\www\GroupService\persistence\database\migrations\2020_05_03_224411_create_user_statuses.php(22): Illuminate\Support\Facades\Facade::__callStatic('create', Array)
#6 C:\laragon\www\GroupService\core\vendor\illuminate\database\Migrations\Migrator.php(387): CreateUserStatuses->up()
#7 C:\laragon\www\GroupService\core\vendor\illuminate\database\Migrations\Migrator.php(396): Illuminate\Database\Migrations\Migrator->Illuminate\Database\Migrations\{closure}()
#8 C:\laragon\www\GroupService\core\vendor\illuminate\database\Migrations\Migrator.php(197): Illuminate\Database\Migrations\Migrator->runMigration(Object(CreateUserStatuses), 'up')
#9 C:\laragon\www\GroupService\core\vendor\illuminate\database\Migrations\Migrator.php(162): Illuminate\Database\Migrations\Migrator->runUp('C:\\laragon\\www\\...', 2, false)
#10 C:\laragon\www\GroupService\core\vendor\illuminate\database\Migrations\Migrator.php(109): Illuminate\Database\Migrations\Migrator->runPending(Array, Array)
#11 C:\laragon\www\GroupService\core\vendor\illuminate\database\Console\Migrations\MigrateCommand.php(71): Illuminate\Database\Migrations\Migrator->run(Array, Array)
#12 [internal function]: Illuminate\Database\Console\Migrations\MigrateCommand->handle()
#13 C:\laragon\www\GroupService\core\vendor\illuminate\container\BoundMethod.php(32): call_user_func_array(Array, Array)
#14 C:\laragon\www\GroupService\core\vendor\illuminate\container\Util.php(36): Illuminate\Container\BoundMethod::Illuminate\Container\{closure}()
#15 C:\laragon\www\GroupService\core\vendor\illuminate\container\BoundMethod.php(90): Illuminate\Container\Util::unwrapIfClosure(Object(Closure))
#16 C:\laragon\www\GroupService\core\vendor\illuminate\container\BoundMethod.php(34): Illuminate\Container\BoundMethod::callBoundMethod(Object(Core\myvendor\defaults\application\MyApplication), Array, Object(Closure))
#17 C:\laragon\www\GroupService\core\vendor\illuminate\container\Container.php(590): Illuminate\Container\BoundMethod::call(Object(Core\myvendor\defaults\application\MyApplication), Array, Array, NULL)
#18 C:\laragon\www\GroupService\core\vendor\illuminate\console\Command.php(201): Illuminate\Container\Container->call(Array)
#19 C:\laragon\www\GroupService\core\vendor\symfony\console\Command\Command.php(255): Illuminate\Console\Command->execute(Object(Symfony\Component\Console\Input\ArgvInput), Object(Illuminate\Console\OutputStyle))
#20 C:\laragon\www\GroupService\core\vendor\illuminate\console\Command.php(188): Symfony\Component\Console\Command\Command->run(Object(Symfony\Component\Console\Input\ArgvInput), Object(Illuminate\Console\OutputStyle))
#21 C:\laragon\www\GroupService\core\vendor\symfony\console\Application.php(1012): Illuminate\Console\Command->run(Object(Symfony\Component\Console\Input\ArgvInput), Object(Symfony\Component\Console\Output\ConsoleOutput))
#22 C:\laragon\www\GroupService\core\vendor\symfony\console\Application.php(272): Symfony\Component\Console\Application->doRunCommand(Object(Illuminate\Database\Console\Migrations\MigrateCommand), Object(Symfony\Component\Console\Input\ArgvInput), Object(Symfony\Component\Console\Output\ConsoleOutput))
#23 C:\laragon\www\GroupService\core\vendor\symfony\console\Application.php(148): Symfony\Component\Console\Application->doRun(Object(Symfony\Component\Console\Input\ArgvInput), Object(Symfony\Component\Console\Output\ConsoleOutput))
#24 C:\laragon\www\GroupService\core\vendor\illuminate\console\Application.php(93): Symfony\Component\Console\Application->run(Object(Symfony\Component\Console\Input\ArgvInput), Object(Symfony\Component\Console\Output\ConsoleOutput))
#25 C:\laragon\www\GroupService\core\vendor\laravel\lumen-framework\src\Console\Kernel.php(115): Illuminate\Console\Application->run(Object(Symfony\Component\Console\Input\ArgvInput), Object(Symfony\Component\Console\Output\ConsoleOutput))
#26 C:\laragon\www\GroupService\core\artisan(35): Laravel\Lumen\Console\Kernel->handle(Object(Symfony\Component\Console\Input\ArgvInput), Object(Symfony\Component\Console\Output\ConsoleOutput))
#27 {main} {"exception":"[object] (BadMethodCallException(code: 0): Method Illuminate\\Database\\Schema\\Blueprint::uudi does not exist. at C:\\laragon\\www\\GroupService\\core\\vendor\\illuminate\\support\\Traits\\Macroable.php:103)
[stacktrace]
#0 C:\\laragon\\www\\GroupService\\persistence\\database\\migrations\\2020_05_03_224411_create_user_statuses.php(19): Illuminate\\Database\\Schema\\Blueprint->__call('uudi', Array)
#1 C:\\laragon\\www\\GroupService\\core\\vendor\\illuminate\\database\\Schema\\Builder.php(166): CreateUserStatuses->{closure}(Object(Illuminate\\Database\\Schema\\Blueprint))
#2 C:\\laragon\\www\\GroupService\\core\\vendor\\illuminate\\support\\helpers.php(422): Illuminate\\Database\\Schema\\Builder->Illuminate\\Database\\Schema\\{closure}(Object(Illuminate\\Database\\Schema\\Blueprint))
#3 C:\\laragon\\www\\GroupService\\core\\vendor\\illuminate\\database\\Schema\\Builder.php(167): tap(Object(Illuminate\\Database\\Schema\\Blueprint), Object(Closure))
#4 C:\\laragon\\www\\GroupService\\core\\vendor\\illuminate\\support\\Facades\\Facade.php(261): Illuminate\\Database\\Schema\\Builder->create('user_statuses', Object(Closure))
#5 C:\\laragon\\www\\GroupService\\persistence\\database\\migrations\\2020_05_03_224411_create_user_statuses.php(22): Illuminate\\Support\\Facades\\Facade::__callStatic('create', Array)
#6 C:\\laragon\\www\\GroupService\\core\\vendor\\illuminate\\database\\Migrations\\Migrator.php(387): CreateUserStatuses->up()
#7 C:\\laragon\\www\\GroupService\\core\\vendor\\illuminate\\database\\Migrations\\Migrator.php(396): Illuminate\\Database\\Migrations\\Migrator->Illuminate\\Database\\Migrations\\{closure}()
#8 C:\\laragon\\www\\GroupService\\core\\vendor\\illuminate\\database\\Migrations\\Migrator.php(197): Illuminate\\Database\\Migrations\\Migrator->runMigration(Object(CreateUserStatuses), 'up')
#9 C:\\laragon\\www\\GroupService\\core\\vendor\\illuminate\\database\\Migrations\\Migrator.php(162): Illuminate\\Database\\Migrations\\Migrator->runUp('C:\\\\laragon\\\\www\\\\...', 2, false)
#10 C:\\laragon\\www\\GroupService\\core\\vendor\\illuminate\\database\\Migrations\\Migrator.php(109): Illuminate\\Database\\Migrations\\Migrator->runPending(Array, Array)
#11 C:\\laragon\\www\\GroupService\\core\\vendor\\illuminate\\database\\Console\\Migrations\\MigrateCommand.php(71): Illuminate\\Database\\Migrations\\Migrator->run(Array, Array)
#12 [internal function]: Illuminate\\Database\\Console\\Migrations\\MigrateCommand->handle()
#13 C:\\laragon\\www\\GroupService\\core\\vendor\\illuminate\\container\\BoundMethod.php(32): call_user_func_array(Array, Array)
#14 C:\\laragon\\www\\GroupService\\core\\vendor\\illuminate\\container\\Util.php(36): Illuminate\\Container\\BoundMethod::Illuminate\\Container\\{closure}()
#15 C:\\laragon\\www\\GroupService\\core\\vendor\\illuminate\\container\\BoundMethod.php(90): Illuminate\\Container\\Util::unwrapIfClosure(Object(Closure))
#16 C:\\laragon\\www\\GroupService\\core\\vendor\\illuminate\\container\\BoundMethod.php(34): Illuminate\\Container\\BoundMethod::callBoundMethod(Object(Core\\myvendor\\defaults\\application\\MyApplication), Array, Object(Closure))
#17 C:\\laragon\\www\\GroupService\\core\\vendor\\illuminate\\container\\Container.php(590): Illuminate\\Container\\BoundMethod::call(Object(Core\\myvendor\\defaults\\application\\MyApplication), Array, Array, NULL)
#18 C:\\laragon\\www\\GroupService\\core\\vendor\\illuminate\\console\\Command.php(201): Illuminate\\Container\\Container->call(Array)
#19 C:\\laragon\\www\\GroupService\\core\\vendor\\symfony\\console\\Command\\Command.php(255): Illuminate\\Console\\Command->execute(Object(Symfony\\Component\\Console\\Input\\ArgvInput), Object(Illuminate\\Console\\OutputStyle))
#20 C:\\laragon\\www\\GroupService\\core\\vendor\\illuminate\\console\\Command.php(188): Symfony\\Component\\Console\\Command\\Command->run(Object(Symfony\\Component\\Console\\Input\\ArgvInput), Object(Illuminate\\Console\\OutputStyle))
#21 C:\\laragon\\www\\GroupService\\core\\vendor\\symfony\\console\\Application.php(1012): Illuminate\\Console\\Command->run(Object(Symfony\\Component\\Console\\Input\\ArgvInput), Object(Symfony\\Component\\Console\\Output\\ConsoleOutput))
#22 C:\\laragon\\www\\GroupService\\core\\vendor\\symfony\\console\\Application.php(272): Symfony\\Component\\Console\\Application->doRunCommand(Object(Illuminate\\Database\\Console\\Migrations\\MigrateCommand), Object(Symfony\\Component\\Console\\Input\\ArgvInput), Object(Symfony\\Component\\Console\\Output\\ConsoleOutput))
#23 C:\\laragon\\www\\GroupService\\core\\vendor\\symfony\\console\\Application.php(148): Symfony\\Component\\Console\\Application->doRun(Object(Symfony\\Component\\Console\\Input\\ArgvInput), Object(Symfony\\Component\\Console\\Output\\ConsoleOutput))
#24 C:\\laragon\\www\\GroupService\\core\\vendor\\illuminate\\console\\Application.php(93): Symfony\\Component\\Console\\Application->run(Object(Symfony\\Component\\Console\\Input\\ArgvInput), Object(Symfony\\Component\\Console\\Output\\ConsoleOutput))
#25 C:\\laragon\\www\\GroupService\\core\\vendor\\laravel\\lumen-framework\\src\\Console\\Kernel.php(115): Illuminate\\Console\\Application->run(Object(Symfony\\Component\\Console\\Input\\ArgvInput), Object(Symfony\\Component\\Console\\Output\\ConsoleOutput))
#26 C:\\laragon\\www\\GroupService\\core\\artisan(35): Laravel\\Lumen\\Console\\Kernel->handle(Object(Symfony\\Component\\Console\\Input\\ArgvInput), Object(Symfony\\Component\\Console\\Output\\ConsoleOutput))
#27 {main}
"} 
