[2020-05-03 18:03:35] local.ERROR: ErrorException: array_keys() expects parameter 1 to be array, null given in C:\laragon\www\GroupService\core\myvendor\functions\swagger\SwaggerFactory.php:26
Stack trace:
#0 [internal function]: Laravel\Lumen\Application->Laravel\Lumen\Concerns\{closure}(2, 'array_keys() ex...', 'C:\\laragon\\www\\...', 26, Array)
#1 C:\laragon\www\GroupService\core\myvendor\functions\swagger\SwaggerFactory.php(26): array_keys(NULL)
#2 C:\laragon\www\GroupService\core\myvendor\commands\AutoSwagger.php(141): Core\myvendor\functions\swagger\SwaggerFactory->Handler(NULL, Array, 200, Object(Core\myvendor\commands\AutoSwagger))
#3 C:\laragon\www\GroupService\core\myvendor\commands\AutoSwagger.php(105): Core\myvendor\commands\AutoSwagger->SendDataToHandler(NULL, Array, 200)
#4 C:\laragon\www\GroupService\core\myvendor\commands\AutoSwagger.php(67): Core\myvendor\commands\AutoSwagger->PrepareData(Array, Object(Core\myvendor\defaults\application\MyApplication))
#5 C:\laragon\www\GroupService\core\myvendor\commands\AutoSwagger.php(38): Core\myvendor\commands\AutoSwagger->getRoutes(Object(Core\myvendor\defaults\application\MyApplication))
#6 [internal function]: Core\myvendor\commands\AutoSwagger->handle()
#7 C:\laragon\www\GroupService\core\vendor\illuminate\container\BoundMethod.php(32): call_user_func_array(Array, Array)
#8 C:\laragon\www\GroupService\core\vendor\illuminate\container\Util.php(36): Illuminate\Container\BoundMethod::Illuminate\Container\{closure}()
#9 C:\laragon\www\GroupService\core\vendor\illuminate\container\BoundMethod.php(90): Illuminate\Container\Util::unwrapIfClosure(Object(Closure))
#10 C:\laragon\www\GroupService\core\vendor\illuminate\container\BoundMethod.php(34): Illuminate\Container\BoundMethod::callBoundMethod(Object(Core\myvendor\defaults\application\MyApplication), Array, Object(Closure))
#11 C:\laragon\www\GroupService\core\vendor\illuminate\container\Container.php(590): Illuminate\Container\BoundMethod::call(Object(Core\myvendor\defaults\application\MyApplication), Array, Array, NULL)
#12 C:\laragon\www\GroupService\core\vendor\illuminate\console\Command.php(201): Illuminate\Container\Container->call(Array)
#13 C:\laragon\www\GroupService\core\vendor\symfony\console\Command\Command.php(255): Illuminate\Console\Command->execute(Object(Symfony\Component\Console\Input\ArgvInput), Object(Illuminate\Console\OutputStyle))
#14 C:\laragon\www\GroupService\core\vendor\illuminate\console\Command.php(188): Symfony\Component\Console\Command\Command->run(Object(Symfony\Component\Console\Input\ArgvInput), Object(Illuminate\Console\OutputStyle))
#15 C:\laragon\www\GroupService\core\vendor\symfony\console\Application.php(1012): Illuminate\Console\Command->run(Object(Symfony\Component\Console\Input\ArgvInput), Object(Symfony\Component\Console\Output\ConsoleOutput))
#16 C:\laragon\www\GroupService\core\vendor\symfony\console\Application.php(272): Symfony\Component\Console\Application->doRunCommand(Object(Core\myvendor\commands\AutoSwagger), Object(Symfony\Component\Console\Input\ArgvInput), Object(Symfony\Component\Console\Output\ConsoleOutput))
#17 C:\laragon\www\GroupService\core\vendor\symfony\console\Application.php(148): Symfony\Component\Console\Application->doRun(Object(Symfony\Component\Console\Input\ArgvInput), Object(Symfony\Component\Console\Output\ConsoleOutput))
#18 C:\laragon\www\GroupService\core\vendor\illuminate\console\Application.php(93): Symfony\Component\Console\Application->run(Object(Symfony\Component\Console\Input\ArgvInput), Object(Symfony\Component\Console\Output\ConsoleOutput))
#19 C:\laragon\www\GroupService\core\vendor\laravel\lumen-framework\src\Console\Kernel.php(115): Illuminate\Console\Application->run(Object(Symfony\Component\Console\Input\ArgvInput), Object(Symfony\Component\Console\Output\ConsoleOutput))
#20 C:\laragon\www\GroupService\core\artisan(35): Laravel\Lumen\Console\Kernel->handle(Object(Symfony\Component\Console\Input\ArgvInput), Object(Symfony\Component\Console\Output\ConsoleOutput))
#21 {main} {"exception":"[object] (ErrorException(code: 0): array_keys() expects parameter 1 to be array, null given at C:\\laragon\\www\\GroupService\\core\\myvendor\\functions\\swagger\\SwaggerFactory.php:26)
[stacktrace]
#0 [internal function]: Laravel\\Lumen\\Application->Laravel\\Lumen\\Concerns\\{closure}(2, 'array_keys() ex...', 'C:\\\\laragon\\\\www\\\\...', 26, Array)
#1 C:\\laragon\\www\\GroupService\\core\\myvendor\\functions\\swagger\\SwaggerFactory.php(26): array_keys(NULL)
#2 C:\\laragon\\www\\GroupService\\core\\myvendor\\commands\\AutoSwagger.php(141): Core\\myvendor\\functions\\swagger\\SwaggerFactory->Handler(NULL, Array, 200, Object(Core\\myvendor\\commands\\AutoSwagger))
#3 C:\\laragon\\www\\GroupService\\core\\myvendor\\commands\\AutoSwagger.php(105): Core\\myvendor\\commands\\AutoSwagger->SendDataToHandler(NULL, Array, 200)
#4 C:\\laragon\\www\\GroupService\\core\\myvendor\\commands\\AutoSwagger.php(67): Core\\myvendor\\commands\\AutoSwagger->PrepareData(Array, Object(Core\\myvendor\\defaults\\application\\MyApplication))
#5 C:\\laragon\\www\\GroupService\\core\\myvendor\\commands\\AutoSwagger.php(38): Core\\myvendor\\commands\\AutoSwagger->getRoutes(Object(Core\\myvendor\\defaults\\application\\MyApplication))
#6 [internal function]: Core\\myvendor\\commands\\AutoSwagger->handle()
#7 C:\\laragon\\www\\GroupService\\core\\vendor\\illuminate\\container\\BoundMethod.php(32): call_user_func_array(Array, Array)
#8 C:\\laragon\\www\\GroupService\\core\\vendor\\illuminate\\container\\Util.php(36): Illuminate\\Container\\BoundMethod::Illuminate\\Container\\{closure}()
#9 C:\\laragon\\www\\GroupService\\core\\vendor\\illuminate\\container\\BoundMethod.php(90): Illuminate\\Container\\Util::unwrapIfClosure(Object(Closure))
#10 C:\\laragon\\www\\GroupService\\core\\vendor\\illuminate\\container\\BoundMethod.php(34): Illuminate\\Container\\BoundMethod::callBoundMethod(Object(Core\\myvendor\\defaults\\application\\MyApplication), Array, Object(Closure))
#11 C:\\laragon\\www\\GroupService\\core\\vendor\\illuminate\\container\\Container.php(590): Illuminate\\Container\\BoundMethod::call(Object(Core\\myvendor\\defaults\\application\\MyApplication), Array, Array, NULL)
#12 C:\\laragon\\www\\GroupService\\core\\vendor\\illuminate\\console\\Command.php(201): Illuminate\\Container\\Container->call(Array)
#13 C:\\laragon\\www\\GroupService\\core\\vendor\\symfony\\console\\Command\\Command.php(255): Illuminate\\Console\\Command->execute(Object(Symfony\\Component\\Console\\Input\\ArgvInput), Object(Illuminate\\Console\\OutputStyle))
#14 C:\\laragon\\www\\GroupService\\core\\vendor\\illuminate\\console\\Command.php(188): Symfony\\Component\\Console\\Command\\Command->run(Object(Symfony\\Component\\Console\\Input\\ArgvInput), Object(Illuminate\\Console\\OutputStyle))
#15 C:\\laragon\\www\\GroupService\\core\\vendor\\symfony\\console\\Application.php(1012): Illuminate\\Console\\Command->run(Object(Symfony\\Component\\Console\\Input\\ArgvInput), Object(Symfony\\Component\\Console\\Output\\ConsoleOutput))
#16 C:\\laragon\\www\\GroupService\\core\\vendor\\symfony\\console\\Application.php(272): Symfony\\Component\\Console\\Application->doRunCommand(Object(Core\\myvendor\\commands\\AutoSwagger), Object(Symfony\\Component\\Console\\Input\\ArgvInput), Object(Symfony\\Component\\Console\\Output\\ConsoleOutput))
#17 C:\\laragon\\www\\GroupService\\core\\vendor\\symfony\\console\\Application.php(148): Symfony\\Component\\Console\\Application->doRun(Object(Symfony\\Component\\Console\\Input\\ArgvInput), Object(Symfony\\Component\\Console\\Output\\ConsoleOutput))
#18 C:\\laragon\\www\\GroupService\\core\\vendor\\illuminate\\console\\Application.php(93): Symfony\\Component\\Console\\Application->run(Object(Symfony\\Component\\Console\\Input\\ArgvInput), Object(Symfony\\Component\\Console\\Output\\ConsoleOutput))
#19 C:\\laragon\\www\\GroupService\\core\\vendor\\laravel\\lumen-framework\\src\\Console\\Kernel.php(115): Illuminate\\Console\\Application->run(Object(Symfony\\Component\\Console\\Input\\ArgvInput), Object(Symfony\\Component\\Console\\Output\\ConsoleOutput))
#20 C:\\laragon\\www\\GroupService\\core\\artisan(35): Laravel\\Lumen\\Console\\Kernel->handle(Object(Symfony\\Component\\Console\\Input\\ArgvInput), Object(Symfony\\Component\\Console\\Output\\ConsoleOutput))
#21 {main}
"} 
[2020-05-03 18:30:25] local.ERROR: UnexpectedValueException: The Response content must be a string or object implementing __toString(), "boolean" given. in C:\laragon\www\GroupService\core\vendor\symfony\http-foundation\Response.php:401
Stack trace:
#0 C:\laragon\www\GroupService\core\vendor\illuminate\http\Response.php(45): Symfony\Component\HttpFoundation\Response->setContent(true)
#1 C:\laragon\www\GroupService\core\vendor\symfony\http-foundation\Response.php(202): Illuminate\Http\Response->setContent(true)
#2 C:\laragon\www\GroupService\core\vendor\laravel\lumen-framework\src\Concerns\RoutesRequests.php(436): Symfony\Component\HttpFoundation\Response->__construct(true)
#3 C:\laragon\www\GroupService\core\vendor\laravel\lumen-framework\src\Concerns\RoutesRequests.php(376): Laravel\Lumen\Application->prepareResponse(true)
#4 C:\laragon\www\GroupService\core\vendor\laravel\lumen-framework\src\Concerns\RoutesRequests.php(342): Laravel\Lumen\Application->callControllerCallable(Array, Array)
#5 C:\laragon\www\GroupService\core\vendor\laravel\lumen-framework\src\Concerns\RoutesRequests.php(316): Laravel\Lumen\Application->callLumenController(Object(Host\controllers\GroupController), 'UnassignUser', Array)
#6 C:\laragon\www\GroupService\core\vendor\laravel\lumen-framework\src\Concerns\RoutesRequests.php(278): Laravel\Lumen\Application->callControllerAction(Array)
#7 C:\laragon\www\GroupService\core\vendor\laravel\lumen-framework\src\Concerns\RoutesRequests.php(258): Laravel\Lumen\Application->callActionOnArrayBasedRoute(Array)
#8 [internal function]: Laravel\Lumen\Application->Laravel\Lumen\Concerns\{closure}(Object(Laravel\Lumen\Http\Request))
#9 C:\laragon\www\GroupService\core\vendor\laravel\lumen-framework\src\Routing\Pipeline.php(52): call_user_func(Object(Closure), Object(Laravel\Lumen\Http\Request))
#10 C:\laragon\www\GroupService\core\container\port\src\middlewares\Authenticate.php(59): Laravel\Lumen\Routing\Pipeline->Laravel\Lumen\Routing\{closure}(Object(Laravel\Lumen\Http\Request))
#11 C:\laragon\www\GroupService\core\vendor\illuminate\pipeline\Pipeline.php(171): Core\container\port\src\middlewares\Authenticate->handle(Object(Laravel\Lumen\Http\Request), Object(Closure))
#12 [internal function]: Illuminate\Pipeline\Pipeline->Illuminate\Pipeline\{closure}(Object(Laravel\Lumen\Http\Request))
#13 C:\laragon\www\GroupService\core\vendor\laravel\lumen-framework\src\Routing\Pipeline.php(32): call_user_func(Object(Closure), Object(Laravel\Lumen\Http\Request))
#14 C:\laragon\www\GroupService\core\vendor\illuminate\pipeline\Pipeline.php(105): Laravel\Lumen\Routing\Pipeline->Laravel\Lumen\Routing\{closure}(Object(Laravel\Lumen\Http\Request))
#15 C:\laragon\www\GroupService\core\vendor\laravel\lumen-framework\src\Concerns\RoutesRequests.php(413): Illuminate\Pipeline\Pipeline->then(Object(Closure))
#16 C:\laragon\www\GroupService\core\vendor\laravel\lumen-framework\src\Concerns\RoutesRequests.php(259): Laravel\Lumen\Application->sendThroughPipeline(Array, Object(Closure))
#17 C:\laragon\www\GroupService\core\vendor\laravel\lumen-framework\src\Concerns\RoutesRequests.php(165): Laravel\Lumen\Application->handleFoundRoute(Array)
#18 C:\laragon\www\GroupService\core\vendor\laravel\lumen-framework\src\Concerns\RoutesRequests.php(416): Laravel\Lumen\Application->Laravel\Lumen\Concerns\{closure}(Object(Laravel\Lumen\Http\Request))
#19 C:\laragon\www\GroupService\core\vendor\laravel\lumen-framework\src\Concerns\RoutesRequests.php(171): Laravel\Lumen\Application->sendThroughPipeline(Array, Object(Closure))
#20 C:\laragon\www\GroupService\core\vendor\laravel\lumen-framework\src\Concerns\RoutesRequests.php(108): Laravel\Lumen\Application->dispatch(NULL)
#21 C:\laragon\www\GroupService\host\public\index.php(28): Laravel\Lumen\Application->run()
#22 {main} {"exception":"[object] (UnexpectedValueException(code: 0): The Response content must be a string or object implementing __toString(), \"boolean\" given. at C:\\laragon\\www\\GroupService\\core\\vendor\\symfony\\http-foundation\\Response.php:401)
[stacktrace]
#0 C:\\laragon\\www\\GroupService\\core\\vendor\\illuminate\\http\\Response.php(45): Symfony\\Component\\HttpFoundation\\Response->setContent(true)
#1 C:\\laragon\\www\\GroupService\\core\\vendor\\symfony\\http-foundation\\Response.php(202): Illuminate\\Http\\Response->setContent(true)
#2 C:\\laragon\\www\\GroupService\\core\\vendor\\laravel\\lumen-framework\\src\\Concerns\\RoutesRequests.php(436): Symfony\\Component\\HttpFoundation\\Response->__construct(true)
#3 C:\\laragon\\www\\GroupService\\core\\vendor\\laravel\\lumen-framework\\src\\Concerns\\RoutesRequests.php(376): Laravel\\Lumen\\Application->prepareResponse(true)
#4 C:\\laragon\\www\\GroupService\\core\\vendor\\laravel\\lumen-framework\\src\\Concerns\\RoutesRequests.php(342): Laravel\\Lumen\\Application->callControllerCallable(Array, Array)
#5 C:\\laragon\\www\\GroupService\\core\\vendor\\laravel\\lumen-framework\\src\\Concerns\\RoutesRequests.php(316): Laravel\\Lumen\\Application->callLumenController(Object(Host\\controllers\\GroupController), 'UnassignUser', Array)
#6 C:\\laragon\\www\\GroupService\\core\\vendor\\laravel\\lumen-framework\\src\\Concerns\\RoutesRequests.php(278): Laravel\\Lumen\\Application->callControllerAction(Array)
#7 C:\\laragon\\www\\GroupService\\core\\vendor\\laravel\\lumen-framework\\src\\Concerns\\RoutesRequests.php(258): Laravel\\Lumen\\Application->callActionOnArrayBasedRoute(Array)
#8 [internal function]: Laravel\\Lumen\\Application->Laravel\\Lumen\\Concerns\\{closure}(Object(Laravel\\Lumen\\Http\\Request))
#9 C:\\laragon\\www\\GroupService\\core\\vendor\\laravel\\lumen-framework\\src\\Routing\\Pipeline.php(52): call_user_func(Object(Closure), Object(Laravel\\Lumen\\Http\\Request))
#10 C:\\laragon\\www\\GroupService\\core\\container\\port\\src\\middlewares\\Authenticate.php(59): Laravel\\Lumen\\Routing\\Pipeline->Laravel\\Lumen\\Routing\\{closure}(Object(Laravel\\Lumen\\Http\\Request))
#11 C:\\laragon\\www\\GroupService\\core\\vendor\\illuminate\\pipeline\\Pipeline.php(171): Core\\container\\port\\src\\middlewares\\Authenticate->handle(Object(Laravel\\Lumen\\Http\\Request), Object(Closure))
#12 [internal function]: Illuminate\\Pipeline\\Pipeline->Illuminate\\Pipeline\\{closure}(Object(Laravel\\Lumen\\Http\\Request))
#13 C:\\laragon\\www\\GroupService\\core\\vendor\\laravel\\lumen-framework\\src\\Routing\\Pipeline.php(32): call_user_func(Object(Closure), Object(Laravel\\Lumen\\Http\\Request))
#14 C:\\laragon\\www\\GroupService\\core\\vendor\\illuminate\\pipeline\\Pipeline.php(105): Laravel\\Lumen\\Routing\\Pipeline->Laravel\\Lumen\\Routing\\{closure}(Object(Laravel\\Lumen\\Http\\Request))
#15 C:\\laragon\\www\\GroupService\\core\\vendor\\laravel\\lumen-framework\\src\\Concerns\\RoutesRequests.php(413): Illuminate\\Pipeline\\Pipeline->then(Object(Closure))
#16 C:\\laragon\\www\\GroupService\\core\\vendor\\laravel\\lumen-framework\\src\\Concerns\\RoutesRequests.php(259): Laravel\\Lumen\\Application->sendThroughPipeline(Array, Object(Closure))
#17 C:\\laragon\\www\\GroupService\\core\\vendor\\laravel\\lumen-framework\\src\\Concerns\\RoutesRequests.php(165): Laravel\\Lumen\\Application->handleFoundRoute(Array)
#18 C:\\laragon\\www\\GroupService\\core\\vendor\\laravel\\lumen-framework\\src\\Concerns\\RoutesRequests.php(416): Laravel\\Lumen\\Application->Laravel\\Lumen\\Concerns\\{closure}(Object(Laravel\\Lumen\\Http\\Request))
#19 C:\\laragon\\www\\GroupService\\core\\vendor\\laravel\\lumen-framework\\src\\Concerns\\RoutesRequests.php(171): Laravel\\Lumen\\Application->sendThroughPipeline(Array, Object(Closure))
#20 C:\\laragon\\www\\GroupService\\core\\vendor\\laravel\\lumen-framework\\src\\Concerns\\RoutesRequests.php(108): Laravel\\Lumen\\Application->dispatch(NULL)
#21 C:\\laragon\\www\\GroupService\\host\\public\\index.php(28): Laravel\\Lumen\\Application->run()
#22 {main}
"} 
[2020-05-03 18:31:06] local.ERROR: UnexpectedValueException: The Response content must be a string or object implementing __toString(), "boolean" given. in C:\laragon\www\GroupService\core\vendor\symfony\http-foundation\Response.php:401
Stack trace:
#0 C:\laragon\www\GroupService\core\vendor\illuminate\http\Response.php(45): Symfony\Component\HttpFoundation\Response->setContent(true)
#1 C:\laragon\www\GroupService\core\vendor\symfony\http-foundation\Response.php(202): Illuminate\Http\Response->setContent(true)
#2 C:\laragon\www\GroupService\core\vendor\laravel\lumen-framework\src\Http\ResponseFactory.php(26): Symfony\Component\HttpFoundation\Response->__construct(true, 200, Array)
#3 C:\laragon\www\GroupService\core\vendor\laravel\lumen-framework\src\helpers.php(286): Laravel\Lumen\Http\ResponseFactory->make(true, 200, Array)
#4 C:\laragon\www\GroupService\functional\groups\commands\unassignUser\ExistsOnThisGroup.php(14): response(true, 200)
#5 C:\laragon\www\GroupService\functional\groups\commands\unassignUser\UnassignUserHandler.php(21): Functional\groups\commands\unassignUser\UnassignUserHandler->checkIfExists(Object(Domain\entities\GroupHasUser), Object(Laravel\Lumen\Http\Request))
#6 C:\laragon\www\GroupService\core\myvendor\functions\meteor\MeteorRequestHandler.php(35): Functional\groups\commands\unassignUser\UnassignUserHandler->Handler(Object(Laravel\Lumen\Http\Request))
#7 C:\laragon\www\GroupService\core\myvendor\functions\meteor\Meteor.php(24): Core\myvendor\functions\meteor\MeteorRequestHandler->Handle(Array, Object(Laravel\Lumen\Http\Request))
#8 C:\laragon\www\GroupService\host\controllers\GroupController.php(56): Core\myvendor\functions\meteor\Meteor->Send(Object(Functional\groups\commands\unassignUser\UnassignUserHandler), Object(Laravel\Lumen\Http\Request))
#9 [internal function]: Host\controllers\GroupController->UnassignUser(Object(Functional\groups\commands\unassignUser\UnassignUserHandler), Object(Laravel\Lumen\Http\Request))
#10 C:\laragon\www\GroupService\core\vendor\illuminate\container\BoundMethod.php(32): call_user_func_array(Array, Array)
#11 C:\laragon\www\GroupService\core\vendor\illuminate\container\Util.php(36): Illuminate\Container\BoundMethod::Illuminate\Container\{closure}()
#12 C:\laragon\www\GroupService\core\vendor\illuminate\container\BoundMethod.php(90): Illuminate\Container\Util::unwrapIfClosure(Object(Closure))
#13 C:\laragon\www\GroupService\core\vendor\illuminate\container\BoundMethod.php(34): Illuminate\Container\BoundMethod::callBoundMethod(Object(Core\myvendor\defaults\application\MyApplication), Array, Object(Closure))
#14 C:\laragon\www\GroupService\core\vendor\illuminate\container\Container.php(590): Illuminate\Container\BoundMethod::call(Object(Core\myvendor\defaults\application\MyApplication), Array, Array, NULL)
#15 C:\laragon\www\GroupService\core\vendor\laravel\lumen-framework\src\Concerns\RoutesRequests.php(376): Illuminate\Container\Container->call(Array, Array)
#16 C:\laragon\www\GroupService\core\vendor\laravel\lumen-framework\src\Concerns\RoutesRequests.php(342): Laravel\Lumen\Application->callControllerCallable(Array, Array)
#17 C:\laragon\www\GroupService\core\vendor\laravel\lumen-framework\src\Concerns\RoutesRequests.php(316): Laravel\Lumen\Application->callLumenController(Object(Host\controllers\GroupController), 'UnassignUser', Array)
#18 C:\laragon\www\GroupService\core\vendor\laravel\lumen-framework\src\Concerns\RoutesRequests.php(278): Laravel\Lumen\Application->callControllerAction(Array)
#19 C:\laragon\www\GroupService\core\vendor\laravel\lumen-framework\src\Concerns\RoutesRequests.php(258): Laravel\Lumen\Application->callActionOnArrayBasedRoute(Array)
#20 [internal function]: Laravel\Lumen\Application->Laravel\Lumen\Concerns\{closure}(Object(Laravel\Lumen\Http\Request))
#21 C:\laragon\www\GroupService\core\vendor\laravel\lumen-framework\src\Routing\Pipeline.php(52): call_user_func(Object(Closure), Object(Laravel\Lumen\Http\Request))
#22 C:\laragon\www\GroupService\core\container\port\src\middlewares\Authenticate.php(59): Laravel\Lumen\Routing\Pipeline->Laravel\Lumen\Routing\{closure}(Object(Laravel\Lumen\Http\Request))
#23 C:\laragon\www\GroupService\core\vendor\illuminate\pipeline\Pipeline.php(171): Core\container\port\src\middlewares\Authenticate->handle(Object(Laravel\Lumen\Http\Request), Object(Closure))
#24 [internal function]: Illuminate\Pipeline\Pipeline->Illuminate\Pipeline\{closure}(Object(Laravel\Lumen\Http\Request))
#25 C:\laragon\www\GroupService\core\vendor\laravel\lumen-framework\src\Routing\Pipeline.php(32): call_user_func(Object(Closure), Object(Laravel\Lumen\Http\Request))
#26 C:\laragon\www\GroupService\core\vendor\illuminate\pipeline\Pipeline.php(105): Laravel\Lumen\Routing\Pipeline->Laravel\Lumen\Routing\{closure}(Object(Laravel\Lumen\Http\Request))
#27 C:\laragon\www\GroupService\core\vendor\laravel\lumen-framework\src\Concerns\RoutesRequests.php(413): Illuminate\Pipeline\Pipeline->then(Object(Closure))
#28 C:\laragon\www\GroupService\core\vendor\laravel\lumen-framework\src\Concerns\RoutesRequests.php(259): Laravel\Lumen\Application->sendThroughPipeline(Array, Object(Closure))
#29 C:\laragon\www\GroupService\core\vendor\laravel\lumen-framework\src\Concerns\RoutesRequests.php(165): Laravel\Lumen\Application->handleFoundRoute(Array)
#30 C:\laragon\www\GroupService\core\vendor\laravel\lumen-framework\src\Concerns\RoutesRequests.php(416): Laravel\Lumen\Application->Laravel\Lumen\Concerns\{closure}(Object(Laravel\Lumen\Http\Request))
#31 C:\laragon\www\GroupService\core\vendor\laravel\lumen-framework\src\Concerns\RoutesRequests.php(171): Laravel\Lumen\Application->sendThroughPipeline(Array, Object(Closure))
#32 C:\laragon\www\GroupService\core\vendor\laravel\lumen-framework\src\Concerns\RoutesRequests.php(108): Laravel\Lumen\Application->dispatch(NULL)
#33 C:\laragon\www\GroupService\host\public\index.php(28): Laravel\Lumen\Application->run()
#34 {main} {"exception":"[object] (UnexpectedValueException(code: 0): The Response content must be a string or object implementing __toString(), \"boolean\" given. at C:\\laragon\\www\\GroupService\\core\\vendor\\symfony\\http-foundation\\Response.php:401)
[stacktrace]
#0 C:\\laragon\\www\\GroupService\\core\\vendor\\illuminate\\http\\Response.php(45): Symfony\\Component\\HttpFoundation\\Response->setContent(true)
#1 C:\\laragon\\www\\GroupService\\core\\vendor\\symfony\\http-foundation\\Response.php(202): Illuminate\\Http\\Response->setContent(true)
#2 C:\\laragon\\www\\GroupService\\core\\vendor\\laravel\\lumen-framework\\src\\Http\\ResponseFactory.php(26): Symfony\\Component\\HttpFoundation\\Response->__construct(true, 200, Array)
#3 C:\\laragon\\www\\GroupService\\core\\vendor\\laravel\\lumen-framework\\src\\helpers.php(286): Laravel\\Lumen\\Http\\ResponseFactory->make(true, 200, Array)
#4 C:\\laragon\\www\\GroupService\\functional\\groups\\commands\\unassignUser\\ExistsOnThisGroup.php(14): response(true, 200)
#5 C:\\laragon\\www\\GroupService\\functional\\groups\\commands\\unassignUser\\UnassignUserHandler.php(21): Functional\\groups\\commands\\unassignUser\\UnassignUserHandler->checkIfExists(Object(Domain\\entities\\GroupHasUser), Object(Laravel\\Lumen\\Http\\Request))
#6 C:\\laragon\\www\\GroupService\\core\\myvendor\\functions\\meteor\\MeteorRequestHandler.php(35): Functional\\groups\\commands\\unassignUser\\UnassignUserHandler->Handler(Object(Laravel\\Lumen\\Http\\Request))
#7 C:\\laragon\\www\\GroupService\\core\\myvendor\\functions\\meteor\\Meteor.php(24): Core\\myvendor\\functions\\meteor\\MeteorRequestHandler->Handle(Array, Object(Laravel\\Lumen\\Http\\Request))
#8 C:\\laragon\\www\\GroupService\\host\\controllers\\GroupController.php(56): Core\\myvendor\\functions\\meteor\\Meteor->Send(Object(Functional\\groups\\commands\\unassignUser\\UnassignUserHandler), Object(Laravel\\Lumen\\Http\\Request))
#9 [internal function]: Host\\controllers\\GroupController->UnassignUser(Object(Functional\\groups\\commands\\unassignUser\\UnassignUserHandler), Object(Laravel\\Lumen\\Http\\Request))
#10 C:\\laragon\\www\\GroupService\\core\\vendor\\illuminate\\container\\BoundMethod.php(32): call_user_func_array(Array, Array)
#11 C:\\laragon\\www\\GroupService\\core\\vendor\\illuminate\\container\\Util.php(36): Illuminate\\Container\\BoundMethod::Illuminate\\Container\\{closure}()
#12 C:\\laragon\\www\\GroupService\\core\\vendor\\illuminate\\container\\BoundMethod.php(90): Illuminate\\Container\\Util::unwrapIfClosure(Object(Closure))
#13 C:\\laragon\\www\\GroupService\\core\\vendor\\illuminate\\container\\BoundMethod.php(34): Illuminate\\Container\\BoundMethod::callBoundMethod(Object(Core\\myvendor\\defaults\\application\\MyApplication), Array, Object(Closure))
#14 C:\\laragon\\www\\GroupService\\core\\vendor\\illuminate\\container\\Container.php(590): Illuminate\\Container\\BoundMethod::call(Object(Core\\myvendor\\defaults\\application\\MyApplication), Array, Array, NULL)
#15 C:\\laragon\\www\\GroupService\\core\\vendor\\laravel\\lumen-framework\\src\\Concerns\\RoutesRequests.php(376): Illuminate\\Container\\Container->call(Array, Array)
#16 C:\\laragon\\www\\GroupService\\core\\vendor\\laravel\\lumen-framework\\src\\Concerns\\RoutesRequests.php(342): Laravel\\Lumen\\Application->callControllerCallable(Array, Array)
#17 C:\\laragon\\www\\GroupService\\core\\vendor\\laravel\\lumen-framework\\src\\Concerns\\RoutesRequests.php(316): Laravel\\Lumen\\Application->callLumenController(Object(Host\\controllers\\GroupController), 'UnassignUser', Array)
#18 C:\\laragon\\www\\GroupService\\core\\vendor\\laravel\\lumen-framework\\src\\Concerns\\RoutesRequests.php(278): Laravel\\Lumen\\Application->callControllerAction(Array)
#19 C:\\laragon\\www\\GroupService\\core\\vendor\\laravel\\lumen-framework\\src\\Concerns\\RoutesRequests.php(258): Laravel\\Lumen\\Application->callActionOnArrayBasedRoute(Array)
#20 [internal function]: Laravel\\Lumen\\Application->Laravel\\Lumen\\Concerns\\{closure}(Object(Laravel\\Lumen\\Http\\Request))
#21 C:\\laragon\\www\\GroupService\\core\\vendor\\laravel\\lumen-framework\\src\\Routing\\Pipeline.php(52): call_user_func(Object(Closure), Object(Laravel\\Lumen\\Http\\Request))
#22 C:\\laragon\\www\\GroupService\\core\\container\\port\\src\\middlewares\\Authenticate.php(59): Laravel\\Lumen\\Routing\\Pipeline->Laravel\\Lumen\\Routing\\{closure}(Object(Laravel\\Lumen\\Http\\Request))
#23 C:\\laragon\\www\\GroupService\\core\\vendor\\illuminate\\pipeline\\Pipeline.php(171): Core\\container\\port\\src\\middlewares\\Authenticate->handle(Object(Laravel\\Lumen\\Http\\Request), Object(Closure))
#24 [internal function]: Illuminate\\Pipeline\\Pipeline->Illuminate\\Pipeline\\{closure}(Object(Laravel\\Lumen\\Http\\Request))
#25 C:\\laragon\\www\\GroupService\\core\\vendor\\laravel\\lumen-framework\\src\\Routing\\Pipeline.php(32): call_user_func(Object(Closure), Object(Laravel\\Lumen\\Http\\Request))
#26 C:\\laragon\\www\\GroupService\\core\\vendor\\illuminate\\pipeline\\Pipeline.php(105): Laravel\\Lumen\\Routing\\Pipeline->Laravel\\Lumen\\Routing\\{closure}(Object(Laravel\\Lumen\\Http\\Request))
#27 C:\\laragon\\www\\GroupService\\core\\vendor\\laravel\\lumen-framework\\src\\Concerns\\RoutesRequests.php(413): Illuminate\\Pipeline\\Pipeline->then(Object(Closure))
#28 C:\\laragon\\www\\GroupService\\core\\vendor\\laravel\\lumen-framework\\src\\Concerns\\RoutesRequests.php(259): Laravel\\Lumen\\Application->sendThroughPipeline(Array, Object(Closure))
#29 C:\\laragon\\www\\GroupService\\core\\vendor\\laravel\\lumen-framework\\src\\Concerns\\RoutesRequests.php(165): Laravel\\Lumen\\Application->handleFoundRoute(Array)
#30 C:\\laragon\\www\\GroupService\\core\\vendor\\laravel\\lumen-framework\\src\\Concerns\\RoutesRequests.php(416): Laravel\\Lumen\\Application->Laravel\\Lumen\\Concerns\\{closure}(Object(Laravel\\Lumen\\Http\\Request))
#31 C:\\laragon\\www\\GroupService\\core\\vendor\\laravel\\lumen-framework\\src\\Concerns\\RoutesRequests.php(171): Laravel\\Lumen\\Application->sendThroughPipeline(Array, Object(Closure))
#32 C:\\laragon\\www\\GroupService\\core\\vendor\\laravel\\lumen-framework\\src\\Concerns\\RoutesRequests.php(108): Laravel\\Lumen\\Application->dispatch(NULL)
#33 C:\\laragon\\www\\GroupService\\host\\public\\index.php(28): Laravel\\Lumen\\Application->run()
#34 {main}
"} 
[2020-05-03 18:34:42] local.ERROR: ParseError: syntax error, unexpected ')', expecting ']' in C:\laragon\www\GroupService\functional\groups\commands\unassignUser\ExistsOnThisGroup.php:15
Stack trace:
#0 C:\laragon\www\GroupService\core\vendor\composer\ClassLoader.php(322): Composer\Autoload\includeFile('C:\\laragon\\www\\...')
#1 [internal function]: Composer\Autoload\ClassLoader->loadClass('Functional\\grou...')
#2 C:\laragon\www\GroupService\functional\groups\commands\unassignUser\UnassignUserHandler.php(10): spl_autoload_call('Functional\\grou...')
#3 C:\laragon\www\GroupService\core\vendor\composer\ClassLoader.php(444): include('C:\\laragon\\www\\...')
#4 C:\laragon\www\GroupService\core\vendor\composer\ClassLoader.php(322): Composer\Autoload\includeFile('C:\\laragon\\www\\...')
#5 [internal function]: Composer\Autoload\ClassLoader->loadClass('Functional\\grou...')
#6 [internal function]: spl_autoload_call('Functional\\grou...')
#7 C:\laragon\www\GroupService\core\vendor\illuminate\container\BoundMethod.php(164): ReflectionParameter->getClass()
#8 C:\laragon\www\GroupService\core\vendor\illuminate\container\BoundMethod.php(121): Illuminate\Container\BoundMethod::addDependencyForCallParameter(Object(Core\myvendor\defaults\application\MyApplication), Object(ReflectionParameter), Array, Array)
#9 C:\laragon\www\GroupService\core\vendor\illuminate\container\BoundMethod.php(32): Illuminate\Container\BoundMethod::getMethodDependencies(Object(Core\myvendor\defaults\application\MyApplication), Array, Array)
#10 C:\laragon\www\GroupService\core\vendor\illuminate\container\Util.php(36): Illuminate\Container\BoundMethod::Illuminate\Container\{closure}()
#11 C:\laragon\www\GroupService\core\vendor\illuminate\container\BoundMethod.php(90): Illuminate\Container\Util::unwrapIfClosure(Object(Closure))
#12 C:\laragon\www\GroupService\core\vendor\illuminate\container\BoundMethod.php(34): Illuminate\Container\BoundMethod::callBoundMethod(Object(Core\myvendor\defaults\application\MyApplication), Array, Object(Closure))
#13 C:\laragon\www\GroupService\core\vendor\illuminate\container\Container.php(590): Illuminate\Container\BoundMethod::call(Object(Core\myvendor\defaults\application\MyApplication), Array, Array, NULL)
#14 C:\laragon\www\GroupService\core\vendor\laravel\lumen-framework\src\Concerns\RoutesRequests.php(376): Illuminate\Container\Container->call(Array, Array)
#15 C:\laragon\www\GroupService\core\vendor\laravel\lumen-framework\src\Concerns\RoutesRequests.php(342): Laravel\Lumen\Application->callControllerCallable(Array, Array)
#16 C:\laragon\www\GroupService\core\vendor\laravel\lumen-framework\src\Concerns\RoutesRequests.php(316): Laravel\Lumen\Application->callLumenController(Object(Host\controllers\GroupController), 'UnassignUser', Array)
#17 C:\laragon\www\GroupService\core\vendor\laravel\lumen-framework\src\Concerns\RoutesRequests.php(278): Laravel\Lumen\Application->callControllerAction(Array)
#18 C:\laragon\www\GroupService\core\vendor\laravel\lumen-framework\src\Concerns\RoutesRequests.php(258): Laravel\Lumen\Application->callActionOnArrayBasedRoute(Array)
#19 [internal function]: Laravel\Lumen\Application->Laravel\Lumen\Concerns\{closure}(Object(Laravel\Lumen\Http\Request))
#20 C:\laragon\www\GroupService\core\vendor\laravel\lumen-framework\src\Routing\Pipeline.php(52): call_user_func(Object(Closure), Object(Laravel\Lumen\Http\Request))
#21 C:\laragon\www\GroupService\core\container\port\src\middlewares\Authenticate.php(59): Laravel\Lumen\Routing\Pipeline->Laravel\Lumen\Routing\{closure}(Object(Laravel\Lumen\Http\Request))
#22 C:\laragon\www\GroupService\core\vendor\illuminate\pipeline\Pipeline.php(171): Core\container\port\src\middlewares\Authenticate->handle(Object(Laravel\Lumen\Http\Request), Object(Closure))
#23 [internal function]: Illuminate\Pipeline\Pipeline->Illuminate\Pipeline\{closure}(Object(Laravel\Lumen\Http\Request))
#24 C:\laragon\www\GroupService\core\vendor\laravel\lumen-framework\src\Routing\Pipeline.php(32): call_user_func(Object(Closure), Object(Laravel\Lumen\Http\Request))
#25 C:\laragon\www\GroupService\core\vendor\illuminate\pipeline\Pipeline.php(105): Laravel\Lumen\Routing\Pipeline->Laravel\Lumen\Routing\{closure}(Object(Laravel\Lumen\Http\Request))
#26 C:\laragon\www\GroupService\core\vendor\laravel\lumen-framework\src\Concerns\RoutesRequests.php(413): Illuminate\Pipeline\Pipeline->then(Object(Closure))
#27 C:\laragon\www\GroupService\core\vendor\laravel\lumen-framework\src\Concerns\RoutesRequests.php(259): Laravel\Lumen\Application->sendThroughPipeline(Array, Object(Closure))
#28 C:\laragon\www\GroupService\core\vendor\laravel\lumen-framework\src\Concerns\RoutesRequests.php(165): Laravel\Lumen\Application->handleFoundRoute(Array)
#29 C:\laragon\www\GroupService\core\vendor\laravel\lumen-framework\src\Concerns\RoutesRequests.php(416): Laravel\Lumen\Application->Laravel\Lumen\Concerns\{closure}(Object(Laravel\Lumen\Http\Request))
#30 C:\laragon\www\GroupService\core\vendor\laravel\lumen-framework\src\Concerns\RoutesRequests.php(171): Laravel\Lumen\Application->sendThroughPipeline(Array, Object(Closure))
#31 C:\laragon\www\GroupService\core\vendor\laravel\lumen-framework\src\Concerns\RoutesRequests.php(108): Laravel\Lumen\Application->dispatch(NULL)
#32 C:\laragon\www\GroupService\host\public\index.php(28): Laravel\Lumen\Application->run()
#33 {main}

Next ReflectionException: Class Functional\groups\commands\unassignUser\UnassignUserHandler does not exist in C:\laragon\www\GroupService\core\vendor\illuminate\container\BoundMethod.php:164
Stack trace:
#0 C:\laragon\www\GroupService\core\vendor\illuminate\container\BoundMethod.php(164): ReflectionParameter->getClass()
#1 C:\laragon\www\GroupService\core\vendor\illuminate\container\BoundMethod.php(121): Illuminate\Container\BoundMethod::addDependencyForCallParameter(Object(Core\myvendor\defaults\application\MyApplication), Object(ReflectionParameter), Array, Array)
#2 C:\laragon\www\GroupService\core\vendor\illuminate\container\BoundMethod.php(32): Illuminate\Container\BoundMethod::getMethodDependencies(Object(Core\myvendor\defaults\application\MyApplication), Array, Array)
#3 C:\laragon\www\GroupService\core\vendor\illuminate\container\Util.php(36): Illuminate\Container\BoundMethod::Illuminate\Container\{closure}()
#4 C:\laragon\www\GroupService\core\vendor\illuminate\container\BoundMethod.php(90): Illuminate\Container\Util::unwrapIfClosure(Object(Closure))
#5 C:\laragon\www\GroupService\core\vendor\illuminate\container\BoundMethod.php(34): Illuminate\Container\BoundMethod::callBoundMethod(Object(Core\myvendor\defaults\application\MyApplication), Array, Object(Closure))
#6 C:\laragon\www\GroupService\core\vendor\illuminate\container\Container.php(590): Illuminate\Container\BoundMethod::call(Object(Core\myvendor\defaults\application\MyApplication), Array, Array, NULL)
#7 C:\laragon\www\GroupService\core\vendor\laravel\lumen-framework\src\Concerns\RoutesRequests.php(376): Illuminate\Container\Container->call(Array, Array)
#8 C:\laragon\www\GroupService\core\vendor\laravel\lumen-framework\src\Concerns\RoutesRequests.php(342): Laravel\Lumen\Application->callControllerCallable(Array, Array)
#9 C:\laragon\www\GroupService\core\vendor\laravel\lumen-framework\src\Concerns\RoutesRequests.php(316): Laravel\Lumen\Application->callLumenController(Object(Host\controllers\GroupController), 'UnassignUser', Array)
#10 C:\laragon\www\GroupService\core\vendor\laravel\lumen-framework\src\Concerns\RoutesRequests.php(278): Laravel\Lumen\Application->callControllerAction(Array)
#11 C:\laragon\www\GroupService\core\vendor\laravel\lumen-framework\src\Concerns\RoutesRequests.php(258): Laravel\Lumen\Application->callActionOnArrayBasedRoute(Array)
#12 [internal function]: Laravel\Lumen\Application->Laravel\Lumen\Concerns\{closure}(Object(Laravel\Lumen\Http\Request))
#13 C:\laragon\www\GroupService\core\vendor\laravel\lumen-framework\src\Routing\Pipeline.php(52): call_user_func(Object(Closure), Object(Laravel\Lumen\Http\Request))
#14 C:\laragon\www\GroupService\core\container\port\src\middlewares\Authenticate.php(59): Laravel\Lumen\Routing\Pipeline->Laravel\Lumen\Routing\{closure}(Object(Laravel\Lumen\Http\Request))
#15 C:\laragon\www\GroupService\core\vendor\illuminate\pipeline\Pipeline.php(171): Core\container\port\src\middlewares\Authenticate->handle(Object(Laravel\Lumen\Http\Request), Object(Closure))
#16 [internal function]: Illuminate\Pipeline\Pipeline->Illuminate\Pipeline\{closure}(Object(Laravel\Lumen\Http\Request))
#17 C:\laragon\www\GroupService\core\vendor\laravel\lumen-framework\src\Routing\Pipeline.php(32): call_user_func(Object(Closure), Object(Laravel\Lumen\Http\Request))
#18 C:\laragon\www\GroupService\core\vendor\illuminate\pipeline\Pipeline.php(105): Laravel\Lumen\Routing\Pipeline->Laravel\Lumen\Routing\{closure}(Object(Laravel\Lumen\Http\Request))
#19 C:\laragon\www\GroupService\core\vendor\laravel\lumen-framework\src\Concerns\RoutesRequests.php(413): Illuminate\Pipeline\Pipeline->then(Object(Closure))
#20 C:\laragon\www\GroupService\core\vendor\laravel\lumen-framework\src\Concerns\RoutesRequests.php(259): Laravel\Lumen\Application->sendThroughPipeline(Array, Object(Closure))
#21 C:\laragon\www\GroupService\core\vendor\laravel\lumen-framework\src\Concerns\RoutesRequests.php(165): Laravel\Lumen\Application->handleFoundRoute(Array)
#22 C:\laragon\www\GroupService\core\vendor\laravel\lumen-framework\src\Concerns\RoutesRequests.php(416): Laravel\Lumen\Application->Laravel\Lumen\Concerns\{closure}(Object(Laravel\Lumen\Http\Request))
#23 C:\laragon\www\GroupService\core\vendor\laravel\lumen-framework\src\Concerns\RoutesRequests.php(171): Laravel\Lumen\Application->sendThroughPipeline(Array, Object(Closure))
#24 C:\laragon\www\GroupService\core\vendor\laravel\lumen-framework\src\Concerns\RoutesRequests.php(108): Laravel\Lumen\Application->dispatch(NULL)
#25 C:\laragon\www\GroupService\host\public\index.php(28): Laravel\Lumen\Application->run()
#26 {main} {"exception":"[object] (ReflectionException(code: 0): Class Functional\\groups\\commands\\unassignUser\\UnassignUserHandler does not exist at C:\\laragon\\www\\GroupService\\core\\vendor\\illuminate\\container\\BoundMethod.php:164)
[stacktrace]
#0 C:\\laragon\\www\\GroupService\\core\\vendor\\illuminate\\container\\BoundMethod.php(164): ReflectionParameter->getClass()
#1 C:\\laragon\\www\\GroupService\\core\\vendor\\illuminate\\container\\BoundMethod.php(121): Illuminate\\Container\\BoundMethod::addDependencyForCallParameter(Object(Core\\myvendor\\defaults\\application\\MyApplication), Object(ReflectionParameter), Array, Array)
#2 C:\\laragon\\www\\GroupService\\core\\vendor\\illuminate\\container\\BoundMethod.php(32): Illuminate\\Container\\BoundMethod::getMethodDependencies(Object(Core\\myvendor\\defaults\\application\\MyApplication), Array, Array)
#3 C:\\laragon\\www\\GroupService\\core\\vendor\\illuminate\\container\\Util.php(36): Illuminate\\Container\\BoundMethod::Illuminate\\Container\\{closure}()
#4 C:\\laragon\\www\\GroupService\\core\\vendor\\illuminate\\container\\BoundMethod.php(90): Illuminate\\Container\\Util::unwrapIfClosure(Object(Closure))
#5 C:\\laragon\\www\\GroupService\\core\\vendor\\illuminate\\container\\BoundMethod.php(34): Illuminate\\Container\\BoundMethod::callBoundMethod(Object(Core\\myvendor\\defaults\\application\\MyApplication), Array, Object(Closure))
#6 C:\\laragon\\www\\GroupService\\core\\vendor\\illuminate\\container\\Container.php(590): Illuminate\\Container\\BoundMethod::call(Object(Core\\myvendor\\defaults\\application\\MyApplication), Array, Array, NULL)
#7 C:\\laragon\\www\\GroupService\\core\\vendor\\laravel\\lumen-framework\\src\\Concerns\\RoutesRequests.php(376): Illuminate\\Container\\Container->call(Array, Array)
#8 C:\\laragon\\www\\GroupService\\core\\vendor\\laravel\\lumen-framework\\src\\Concerns\\RoutesRequests.php(342): Laravel\\Lumen\\Application->callControllerCallable(Array, Array)
#9 C:\\laragon\\www\\GroupService\\core\\vendor\\laravel\\lumen-framework\\src\\Concerns\\RoutesRequests.php(316): Laravel\\Lumen\\Application->callLumenController(Object(Host\\controllers\\GroupController), 'UnassignUser', Array)
#10 C:\\laragon\\www\\GroupService\\core\\vendor\\laravel\\lumen-framework\\src\\Concerns\\RoutesRequests.php(278): Laravel\\Lumen\\Application->callControllerAction(Array)
#11 C:\\laragon\\www\\GroupService\\core\\vendor\\laravel\\lumen-framework\\src\\Concerns\\RoutesRequests.php(258): Laravel\\Lumen\\Application->callActionOnArrayBasedRoute(Array)
#12 [internal function]: Laravel\\Lumen\\Application->Laravel\\Lumen\\Concerns\\{closure}(Object(Laravel\\Lumen\\Http\\Request))
#13 C:\\laragon\\www\\GroupService\\core\\vendor\\laravel\\lumen-framework\\src\\Routing\\Pipeline.php(52): call_user_func(Object(Closure), Object(Laravel\\Lumen\\Http\\Request))
#14 C:\\laragon\\www\\GroupService\\core\\container\\port\\src\\middlewares\\Authenticate.php(59): Laravel\\Lumen\\Routing\\Pipeline->Laravel\\Lumen\\Routing\\{closure}(Object(Laravel\\Lumen\\Http\\Request))
#15 C:\\laragon\\www\\GroupService\\core\\vendor\\illuminate\\pipeline\\Pipeline.php(171): Core\\container\\port\\src\\middlewares\\Authenticate->handle(Object(Laravel\\Lumen\\Http\\Request), Object(Closure))
#16 [internal function]: Illuminate\\Pipeline\\Pipeline->Illuminate\\Pipeline\\{closure}(Object(Laravel\\Lumen\\Http\\Request))
#17 C:\\laragon\\www\\GroupService\\core\\vendor\\laravel\\lumen-framework\\src\\Routing\\Pipeline.php(32): call_user_func(Object(Closure), Object(Laravel\\Lumen\\Http\\Request))
#18 C:\\laragon\\www\\GroupService\\core\\vendor\\illuminate\\pipeline\\Pipeline.php(105): Laravel\\Lumen\\Routing\\Pipeline->Laravel\\Lumen\\Routing\\{closure}(Object(Laravel\\Lumen\\Http\\Request))
#19 C:\\laragon\\www\\GroupService\\core\\vendor\\laravel\\lumen-framework\\src\\Concerns\\RoutesRequests.php(413): Illuminate\\Pipeline\\Pipeline->then(Object(Closure))
#20 C:\\laragon\\www\\GroupService\\core\\vendor\\laravel\\lumen-framework\\src\\Concerns\\RoutesRequests.php(259): Laravel\\Lumen\\Application->sendThroughPipeline(Array, Object(Closure))
#21 C:\\laragon\\www\\GroupService\\core\\vendor\\laravel\\lumen-framework\\src\\Concerns\\RoutesRequests.php(165): Laravel\\Lumen\\Application->handleFoundRoute(Array)
#22 C:\\laragon\\www\\GroupService\\core\\vendor\\laravel\\lumen-framework\\src\\Concerns\\RoutesRequests.php(416): Laravel\\Lumen\\Application->Laravel\\Lumen\\Concerns\\{closure}(Object(Laravel\\Lumen\\Http\\Request))
#23 C:\\laragon\\www\\GroupService\\core\\vendor\\laravel\\lumen-framework\\src\\Concerns\\RoutesRequests.php(171): Laravel\\Lumen\\Application->sendThroughPipeline(Array, Object(Closure))
#24 C:\\laragon\\www\\GroupService\\core\\vendor\\laravel\\lumen-framework\\src\\Concerns\\RoutesRequests.php(108): Laravel\\Lumen\\Application->dispatch(NULL)
#25 C:\\laragon\\www\\GroupService\\host\\public\\index.php(28): Laravel\\Lumen\\Application->run()
#26 {main}

[previous exception] [object] (ParseError(code: 0): syntax error, unexpected ')', expecting ']' at C:\\laragon\\www\\GroupService\\functional\\groups\\commands\\unassignUser\\ExistsOnThisGroup.php:15)
[stacktrace]
#0 C:\\laragon\\www\\GroupService\\core\\vendor\\composer\\ClassLoader.php(322): Composer\\Autoload\\includeFile('C:\\\\laragon\\\\www\\\\...')
#1 [internal function]: Composer\\Autoload\\ClassLoader->loadClass('Functional\\\\grou...')
#2 C:\\laragon\\www\\GroupService\\functional\\groups\\commands\\unassignUser\\UnassignUserHandler.php(10): spl_autoload_call('Functional\\\\grou...')
#3 C:\\laragon\\www\\GroupService\\core\\vendor\\composer\\ClassLoader.php(444): include('C:\\\\laragon\\\\www\\\\...')
#4 C:\\laragon\\www\\GroupService\\core\\vendor\\composer\\ClassLoader.php(322): Composer\\Autoload\\includeFile('C:\\\\laragon\\\\www\\\\...')
#5 [internal function]: Composer\\Autoload\\ClassLoader->loadClass('Functional\\\\grou...')
#6 [internal function]: spl_autoload_call('Functional\\\\grou...')
#7 C:\\laragon\\www\\GroupService\\core\\vendor\\illuminate\\container\\BoundMethod.php(164): ReflectionParameter->getClass()
#8 C:\\laragon\\www\\GroupService\\core\\vendor\\illuminate\\container\\BoundMethod.php(121): Illuminate\\Container\\BoundMethod::addDependencyForCallParameter(Object(Core\\myvendor\\defaults\\application\\MyApplication), Object(ReflectionParameter), Array, Array)
#9 C:\\laragon\\www\\GroupService\\core\\vendor\\illuminate\\container\\BoundMethod.php(32): Illuminate\\Container\\BoundMethod::getMethodDependencies(Object(Core\\myvendor\\defaults\\application\\MyApplication), Array, Array)
#10 C:\\laragon\\www\\GroupService\\core\\vendor\\illuminate\\container\\Util.php(36): Illuminate\\Container\\BoundMethod::Illuminate\\Container\\{closure}()
#11 C:\\laragon\\www\\GroupService\\core\\vendor\\illuminate\\container\\BoundMethod.php(90): Illuminate\\Container\\Util::unwrapIfClosure(Object(Closure))
#12 C:\\laragon\\www\\GroupService\\core\\vendor\\illuminate\\container\\BoundMethod.php(34): Illuminate\\Container\\BoundMethod::callBoundMethod(Object(Core\\myvendor\\defaults\\application\\MyApplication), Array, Object(Closure))
#13 C:\\laragon\\www\\GroupService\\core\\vendor\\illuminate\\container\\Container.php(590): Illuminate\\Container\\BoundMethod::call(Object(Core\\myvendor\\defaults\\application\\MyApplication), Array, Array, NULL)
#14 C:\\laragon\\www\\GroupService\\core\\vendor\\laravel\\lumen-framework\\src\\Concerns\\RoutesRequests.php(376): Illuminate\\Container\\Container->call(Array, Array)
#15 C:\\laragon\\www\\GroupService\\core\\vendor\\laravel\\lumen-framework\\src\\Concerns\\RoutesRequests.php(342): Laravel\\Lumen\\Application->callControllerCallable(Array, Array)
#16 C:\\laragon\\www\\GroupService\\core\\vendor\\laravel\\lumen-framework\\src\\Concerns\\RoutesRequests.php(316): Laravel\\Lumen\\Application->callLumenController(Object(Host\\controllers\\GroupController), 'UnassignUser', Array)
#17 C:\\laragon\\www\\GroupService\\core\\vendor\\laravel\\lumen-framework\\src\\Concerns\\RoutesRequests.php(278): Laravel\\Lumen\\Application->callControllerAction(Array)
#18 C:\\laragon\\www\\GroupService\\core\\vendor\\laravel\\lumen-framework\\src\\Concerns\\RoutesRequests.php(258): Laravel\\Lumen\\Application->callActionOnArrayBasedRoute(Array)
#19 [internal function]: Laravel\\Lumen\\Application->Laravel\\Lumen\\Concerns\\{closure}(Object(Laravel\\Lumen\\Http\\Request))
#20 C:\\laragon\\www\\GroupService\\core\\vendor\\laravel\\lumen-framework\\src\\Routing\\Pipeline.php(52): call_user_func(Object(Closure), Object(Laravel\\Lumen\\Http\\Request))
#21 C:\\laragon\\www\\GroupService\\core\\container\\port\\src\\middlewares\\Authenticate.php(59): Laravel\\Lumen\\Routing\\Pipeline->Laravel\\Lumen\\Routing\\{closure}(Object(Laravel\\Lumen\\Http\\Request))
#22 C:\\laragon\\www\\GroupService\\core\\vendor\\illuminate\\pipeline\\Pipeline.php(171): Core\\container\\port\\src\\middlewares\\Authenticate->handle(Object(Laravel\\Lumen\\Http\\Request), Object(Closure))
#23 [internal function]: Illuminate\\Pipeline\\Pipeline->Illuminate\\Pipeline\\{closure}(Object(Laravel\\Lumen\\Http\\Request))
#24 C:\\laragon\\www\\GroupService\\core\\vendor\\laravel\\lumen-framework\\src\\Routing\\Pipeline.php(32): call_user_func(Object(Closure), Object(Laravel\\Lumen\\Http\\Request))
#25 C:\\laragon\\www\\GroupService\\core\\vendor\\illuminate\\pipeline\\Pipeline.php(105): Laravel\\Lumen\\Routing\\Pipeline->Laravel\\Lumen\\Routing\\{closure}(Object(Laravel\\Lumen\\Http\\Request))
#26 C:\\laragon\\www\\GroupService\\core\\vendor\\laravel\\lumen-framework\\src\\Concerns\\RoutesRequests.php(413): Illuminate\\Pipeline\\Pipeline->then(Object(Closure))
#27 C:\\laragon\\www\\GroupService\\core\\vendor\\laravel\\lumen-framework\\src\\Concerns\\RoutesRequests.php(259): Laravel\\Lumen\\Application->sendThroughPipeline(Array, Object(Closure))
#28 C:\\laragon\\www\\GroupService\\core\\vendor\\laravel\\lumen-framework\\src\\Concerns\\RoutesRequests.php(165): Laravel\\Lumen\\Application->handleFoundRoute(Array)
#29 C:\\laragon\\www\\GroupService\\core\\vendor\\laravel\\lumen-framework\\src\\Concerns\\RoutesRequests.php(416): Laravel\\Lumen\\Application->Laravel\\Lumen\\Concerns\\{closure}(Object(Laravel\\Lumen\\Http\\Request))
#30 C:\\laragon\\www\\GroupService\\core\\vendor\\laravel\\lumen-framework\\src\\Concerns\\RoutesRequests.php(171): Laravel\\Lumen\\Application->sendThroughPipeline(Array, Object(Closure))
#31 C:\\laragon\\www\\GroupService\\core\\vendor\\laravel\\lumen-framework\\src\\Concerns\\RoutesRequests.php(108): Laravel\\Lumen\\Application->dispatch(NULL)
#32 C:\\laragon\\www\\GroupService\\host\\public\\index.php(28): Laravel\\Lumen\\Application->run()
#33 {main}
"} 
[2020-05-03 18:37:06] local.ERROR: Symfony\Component\Debug\Exception\FatalThrowableError: Argument 1 passed to Illuminate\Database\Query\Builder::cleanBindings() must be of the type array, string given, called in C:\laragon\www\GroupService\core\vendor\illuminate\database\Query\Builder.php on line 907 in C:\laragon\www\GroupService\core\vendor\illuminate\database\Query\Builder.php:2921
Stack trace:
#0 C:\laragon\www\GroupService\core\vendor\illuminate\database\Query\Builder.php(907): Illuminate\Database\Query\Builder->cleanBindings('value')
#1 C:\laragon\www\GroupService\core\vendor\illuminate\support\Traits\ForwardsCalls.php(23): Illuminate\Database\Query\Builder->whereIn('user_id', 'value')
#2 C:\laragon\www\GroupService\core\vendor\illuminate\database\Eloquent\Builder.php(1369): Illuminate\Database\Eloquent\Builder->forwardCallTo(Object(Illuminate\Database\Query\Builder), 'whereIn', Array)
#3 C:\laragon\www\GroupService\functional\groups\commands\unassignUser\ExistsOnThisGroup.php(13): Illuminate\Database\Eloquent\Builder->__call('whereIn', Array)
#4 C:\laragon\www\GroupService\functional\groups\commands\unassignUser\UnassignUserHandler.php(21): Functional\groups\commands\unassignUser\UnassignUserHandler->checkIfExists(Object(Domain\entities\GroupHasUser), Object(Laravel\Lumen\Http\Request))
#5 C:\laragon\www\GroupService\core\myvendor\functions\meteor\MeteorRequestHandler.php(35): Functional\groups\commands\unassignUser\UnassignUserHandler->Handler(Object(Laravel\Lumen\Http\Request))
#6 C:\laragon\www\GroupService\core\myvendor\functions\meteor\Meteor.php(24): Core\myvendor\functions\meteor\MeteorRequestHandler->Handle(Array, Object(Laravel\Lumen\Http\Request))
#7 C:\laragon\www\GroupService\host\controllers\GroupController.php(56): Core\myvendor\functions\meteor\Meteor->Send(Object(Functional\groups\commands\unassignUser\UnassignUserHandler), Object(Laravel\Lumen\Http\Request))
#8 [internal function]: Host\controllers\GroupController->UnassignUser(Object(Functional\groups\commands\unassignUser\UnassignUserHandler), Object(Laravel\Lumen\Http\Request))
#9 C:\laragon\www\GroupService\core\vendor\illuminate\container\BoundMethod.php(32): call_user_func_array(Array, Array)
#10 C:\laragon\www\GroupService\core\vendor\illuminate\container\Util.php(36): Illuminate\Container\BoundMethod::Illuminate\Container\{closure}()
#11 C:\laragon\www\GroupService\core\vendor\illuminate\container\BoundMethod.php(90): Illuminate\Container\Util::unwrapIfClosure(Object(Closure))
#12 C:\laragon\www\GroupService\core\vendor\illuminate\container\BoundMethod.php(34): Illuminate\Container\BoundMethod::callBoundMethod(Object(Core\myvendor\defaults\application\MyApplication), Array, Object(Closure))
#13 C:\laragon\www\GroupService\core\vendor\illuminate\container\Container.php(590): Illuminate\Container\BoundMethod::call(Object(Core\myvendor\defaults\application\MyApplication), Array, Array, NULL)
#14 C:\laragon\www\GroupService\core\vendor\laravel\lumen-framework\src\Concerns\RoutesRequests.php(376): Illuminate\Container\Container->call(Array, Array)
#15 C:\laragon\www\GroupService\core\vendor\laravel\lumen-framework\src\Concerns\RoutesRequests.php(342): Laravel\Lumen\Application->callControllerCallable(Array, Array)
#16 C:\laragon\www\GroupService\core\vendor\laravel\lumen-framework\src\Concerns\RoutesRequests.php(316): Laravel\Lumen\Application->callLumenController(Object(Host\controllers\GroupController), 'UnassignUser', Array)
#17 C:\laragon\www\GroupService\core\vendor\laravel\lumen-framework\src\Concerns\RoutesRequests.php(278): Laravel\Lumen\Application->callControllerAction(Array)
#18 C:\laragon\www\GroupService\core\vendor\laravel\lumen-framework\src\Concerns\RoutesRequests.php(258): Laravel\Lumen\Application->callActionOnArrayBasedRoute(Array)
#19 [internal function]: Laravel\Lumen\Application->Laravel\Lumen\Concerns\{closure}(Object(Laravel\Lumen\Http\Request))
#20 C:\laragon\www\GroupService\core\vendor\laravel\lumen-framework\src\Routing\Pipeline.php(52): call_user_func(Object(Closure), Object(Laravel\Lumen\Http\Request))
#21 C:\laragon\www\GroupService\core\container\port\src\middlewares\Authenticate.php(59): Laravel\Lumen\Routing\Pipeline->Laravel\Lumen\Routing\{closure}(Object(Laravel\Lumen\Http\Request))
#22 C:\laragon\www\GroupService\core\vendor\illuminate\pipeline\Pipeline.php(171): Core\container\port\src\middlewares\Authenticate->handle(Object(Laravel\Lumen\Http\Request), Object(Closure))
#23 [internal function]: Illuminate\Pipeline\Pipeline->Illuminate\Pipeline\{closure}(Object(Laravel\Lumen\Http\Request))
#24 C:\laragon\www\GroupService\core\vendor\laravel\lumen-framework\src\Routing\Pipeline.php(32): call_user_func(Object(Closure), Object(Laravel\Lumen\Http\Request))
#25 C:\laragon\www\GroupService\core\vendor\illuminate\pipeline\Pipeline.php(105): Laravel\Lumen\Routing\Pipeline->Laravel\Lumen\Routing\{closure}(Object(Laravel\Lumen\Http\Request))
#26 C:\laragon\www\GroupService\core\vendor\laravel\lumen-framework\src\Concerns\RoutesRequests.php(413): Illuminate\Pipeline\Pipeline->then(Object(Closure))
#27 C:\laragon\www\GroupService\core\vendor\laravel\lumen-framework\src\Concerns\RoutesRequests.php(259): Laravel\Lumen\Application->sendThroughPipeline(Array, Object(Closure))
#28 C:\laragon\www\GroupService\core\vendor\laravel\lumen-framework\src\Concerns\RoutesRequests.php(165): Laravel\Lumen\Application->handleFoundRoute(Array)
#29 C:\laragon\www\GroupService\core\vendor\laravel\lumen-framework\src\Concerns\RoutesRequests.php(416): Laravel\Lumen\Application->Laravel\Lumen\Concerns\{closure}(Object(Laravel\Lumen\Http\Request))
#30 C:\laragon\www\GroupService\core\vendor\laravel\lumen-framework\src\Concerns\RoutesRequests.php(171): Laravel\Lumen\Application->sendThroughPipeline(Array, Object(Closure))
#31 C:\laragon\www\GroupService\core\vendor\laravel\lumen-framework\src\Concerns\RoutesRequests.php(108): Laravel\Lumen\Application->dispatch(NULL)
#32 C:\laragon\www\GroupService\host\public\index.php(28): Laravel\Lumen\Application->run()
#33 {main} {"exception":"[object] (Symfony\\Component\\Debug\\Exception\\FatalThrowableError(code: 0): Argument 1 passed to Illuminate\\Database\\Query\\Builder::cleanBindings() must be of the type array, string given, called in C:\\laragon\\www\\GroupService\\core\\vendor\\illuminate\\database\\Query\\Builder.php on line 907 at C:\\laragon\\www\\GroupService\\core\\vendor\\illuminate\\database\\Query\\Builder.php:2921)
[stacktrace]
#0 C:\\laragon\\www\\GroupService\\core\\vendor\\illuminate\\database\\Query\\Builder.php(907): Illuminate\\Database\\Query\\Builder->cleanBindings('value')
#1 C:\\laragon\\www\\GroupService\\core\\vendor\\illuminate\\support\\Traits\\ForwardsCalls.php(23): Illuminate\\Database\\Query\\Builder->whereIn('user_id', 'value')
#2 C:\\laragon\\www\\GroupService\\core\\vendor\\illuminate\\database\\Eloquent\\Builder.php(1369): Illuminate\\Database\\Eloquent\\Builder->forwardCallTo(Object(Illuminate\\Database\\Query\\Builder), 'whereIn', Array)
#3 C:\\laragon\\www\\GroupService\\functional\\groups\\commands\\unassignUser\\ExistsOnThisGroup.php(13): Illuminate\\Database\\Eloquent\\Builder->__call('whereIn', Array)
#4 C:\\laragon\\www\\GroupService\\functional\\groups\\commands\\unassignUser\\UnassignUserHandler.php(21): Functional\\groups\\commands\\unassignUser\\UnassignUserHandler->checkIfExists(Object(Domain\\entities\\GroupHasUser), Object(Laravel\\Lumen\\Http\\Request))
#5 C:\\laragon\\www\\GroupService\\core\\myvendor\\functions\\meteor\\MeteorRequestHandler.php(35): Functional\\groups\\commands\\unassignUser\\UnassignUserHandler->Handler(Object(Laravel\\Lumen\\Http\\Request))
#6 C:\\laragon\\www\\GroupService\\core\\myvendor\\functions\\meteor\\Meteor.php(24): Core\\myvendor\\functions\\meteor\\MeteorRequestHandler->Handle(Array, Object(Laravel\\Lumen\\Http\\Request))
#7 C:\\laragon\\www\\GroupService\\host\\controllers\\GroupController.php(56): Core\\myvendor\\functions\\meteor\\Meteor->Send(Object(Functional\\groups\\commands\\unassignUser\\UnassignUserHandler), Object(Laravel\\Lumen\\Http\\Request))
#8 [internal function]: Host\\controllers\\GroupController->UnassignUser(Object(Functional\\groups\\commands\\unassignUser\\UnassignUserHandler), Object(Laravel\\Lumen\\Http\\Request))
#9 C:\\laragon\\www\\GroupService\\core\\vendor\\illuminate\\container\\BoundMethod.php(32): call_user_func_array(Array, Array)
#10 C:\\laragon\\www\\GroupService\\core\\vendor\\illuminate\\container\\Util.php(36): Illuminate\\Container\\BoundMethod::Illuminate\\Container\\{closure}()
#11 C:\\laragon\\www\\GroupService\\core\\vendor\\illuminate\\container\\BoundMethod.php(90): Illuminate\\Container\\Util::unwrapIfClosure(Object(Closure))
#12 C:\\laragon\\www\\GroupService\\core\\vendor\\illuminate\\container\\BoundMethod.php(34): Illuminate\\Container\\BoundMethod::callBoundMethod(Object(Core\\myvendor\\defaults\\application\\MyApplication), Array, Object(Closure))
#13 C:\\laragon\\www\\GroupService\\core\\vendor\\illuminate\\container\\Container.php(590): Illuminate\\Container\\BoundMethod::call(Object(Core\\myvendor\\defaults\\application\\MyApplication), Array, Array, NULL)
#14 C:\\laragon\\www\\GroupService\\core\\vendor\\laravel\\lumen-framework\\src\\Concerns\\RoutesRequests.php(376): Illuminate\\Container\\Container->call(Array, Array)
#15 C:\\laragon\\www\\GroupService\\core\\vendor\\laravel\\lumen-framework\\src\\Concerns\\RoutesRequests.php(342): Laravel\\Lumen\\Application->callControllerCallable(Array, Array)
#16 C:\\laragon\\www\\GroupService\\core\\vendor\\laravel\\lumen-framework\\src\\Concerns\\RoutesRequests.php(316): Laravel\\Lumen\\Application->callLumenController(Object(Host\\controllers\\GroupController), 'UnassignUser', Array)
#17 C:\\laragon\\www\\GroupService\\core\\vendor\\laravel\\lumen-framework\\src\\Concerns\\RoutesRequests.php(278): Laravel\\Lumen\\Application->callControllerAction(Array)
#18 C:\\laragon\\www\\GroupService\\core\\vendor\\laravel\\lumen-framework\\src\\Concerns\\RoutesRequests.php(258): Laravel\\Lumen\\Application->callActionOnArrayBasedRoute(Array)
#19 [internal function]: Laravel\\Lumen\\Application->Laravel\\Lumen\\Concerns\\{closure}(Object(Laravel\\Lumen\\Http\\Request))
#20 C:\\laragon\\www\\GroupService\\core\\vendor\\laravel\\lumen-framework\\src\\Routing\\Pipeline.php(52): call_user_func(Object(Closure), Object(Laravel\\Lumen\\Http\\Request))
#21 C:\\laragon\\www\\GroupService\\core\\container\\port\\src\\middlewares\\Authenticate.php(59): Laravel\\Lumen\\Routing\\Pipeline->Laravel\\Lumen\\Routing\\{closure}(Object(Laravel\\Lumen\\Http\\Request))
#22 C:\\laragon\\www\\GroupService\\core\\vendor\\illuminate\\pipeline\\Pipeline.php(171): Core\\container\\port\\src\\middlewares\\Authenticate->handle(Object(Laravel\\Lumen\\Http\\Request), Object(Closure))
#23 [internal function]: Illuminate\\Pipeline\\Pipeline->Illuminate\\Pipeline\\{closure}(Object(Laravel\\Lumen\\Http\\Request))
#24 C:\\laragon\\www\\GroupService\\core\\vendor\\laravel\\lumen-framework\\src\\Routing\\Pipeline.php(32): call_user_func(Object(Closure), Object(Laravel\\Lumen\\Http\\Request))
#25 C:\\laragon\\www\\GroupService\\core\\vendor\\illuminate\\pipeline\\Pipeline.php(105): Laravel\\Lumen\\Routing\\Pipeline->Laravel\\Lumen\\Routing\\{closure}(Object(Laravel\\Lumen\\Http\\Request))
#26 C:\\laragon\\www\\GroupService\\core\\vendor\\laravel\\lumen-framework\\src\\Concerns\\RoutesRequests.php(413): Illuminate\\Pipeline\\Pipeline->then(Object(Closure))
#27 C:\\laragon\\www\\GroupService\\core\\vendor\\laravel\\lumen-framework\\src\\Concerns\\RoutesRequests.php(259): Laravel\\Lumen\\Application->sendThroughPipeline(Array, Object(Closure))
#28 C:\\laragon\\www\\GroupService\\core\\vendor\\laravel\\lumen-framework\\src\\Concerns\\RoutesRequests.php(165): Laravel\\Lumen\\Application->handleFoundRoute(Array)
#29 C:\\laragon\\www\\GroupService\\core\\vendor\\laravel\\lumen-framework\\src\\Concerns\\RoutesRequests.php(416): Laravel\\Lumen\\Application->Laravel\\Lumen\\Concerns\\{closure}(Object(Laravel\\Lumen\\Http\\Request))
#30 C:\\laragon\\www\\GroupService\\core\\vendor\\laravel\\lumen-framework\\src\\Concerns\\RoutesRequests.php(171): Laravel\\Lumen\\Application->sendThroughPipeline(Array, Object(Closure))
#31 C:\\laragon\\www\\GroupService\\core\\vendor\\laravel\\lumen-framework\\src\\Concerns\\RoutesRequests.php(108): Laravel\\Lumen\\Application->dispatch(NULL)
#32 C:\\laragon\\www\\GroupService\\host\\public\\index.php(28): Laravel\\Lumen\\Application->run()
#33 {main}
"} 
[2020-05-03 22:43:20] local.ERROR: Symfony\Component\Console\Exception\CommandNotFoundException: Command "make:mmigration" is not defined.

Did you mean one of these?
    make:migration
    make:seeder in C:\laragon\www\GroupService\core\vendor\symfony\console\Application.php:670
Stack trace:
#0 C:\laragon\www\GroupService\core\vendor\symfony\console\Application.php(236): Symfony\Component\Console\Application->find('make:mmigration')
#1 C:\laragon\www\GroupService\core\vendor\symfony\console\Application.php(148): Symfony\Component\Console\Application->doRun(Object(Symfony\Component\Console\Input\ArgvInput), Object(Symfony\Component\Console\Output\ConsoleOutput))
#2 C:\laragon\www\GroupService\core\vendor\illuminate\console\Application.php(93): Symfony\Component\Console\Application->run(Object(Symfony\Component\Console\Input\ArgvInput), Object(Symfony\Component\Console\Output\ConsoleOutput))
#3 C:\laragon\www\GroupService\core\vendor\laravel\lumen-framework\src\Console\Kernel.php(115): Illuminate\Console\Application->run(Object(Symfony\Component\Console\Input\ArgvInput), Object(Symfony\Component\Console\Output\ConsoleOutput))
#4 C:\laragon\www\GroupService\core\artisan(35): Laravel\Lumen\Console\Kernel->handle(Object(Symfony\Component\Console\Input\ArgvInput), Object(Symfony\Component\Console\Output\ConsoleOutput))
#5 {main} {"exception":"[object] (Symfony\\Component\\Console\\Exception\\CommandNotFoundException(code: 0): Command \"make:mmigration\" is not defined.

Did you mean one of these?
    make:migration
    make:seeder at C:\\laragon\\www\\GroupService\\core\\vendor\\symfony\\console\\Application.php:670)
[stacktrace]
#0 C:\\laragon\\www\\GroupService\\core\\vendor\\symfony\\console\\Application.php(236): Symfony\\Component\\Console\\Application->find('make:mmigration')
#1 C:\\laragon\\www\\GroupService\\core\\vendor\\symfony\\console\\Application.php(148): Symfony\\Component\\Console\\Application->doRun(Object(Symfony\\Component\\Console\\Input\\ArgvInput), Object(Symfony\\Component\\Console\\Output\\ConsoleOutput))
#2 C:\\laragon\\www\\GroupService\\core\\vendor\\illuminate\\console\\Application.php(93): Symfony\\Component\\Console\\Application->run(Object(Symfony\\Component\\Console\\Input\\ArgvInput), Object(Symfony\\Component\\Console\\Output\\ConsoleOutput))
#3 C:\\laragon\\www\\GroupService\\core\\vendor\\laravel\\lumen-framework\\src\\Console\\Kernel.php(115): Illuminate\\Console\\Application->run(Object(Symfony\\Component\\Console\\Input\\ArgvInput), Object(Symfony\\Component\\Console\\Output\\ConsoleOutput))
#4 C:\\laragon\\www\\GroupService\\core\\artisan(35): Laravel\\Lumen\\Console\\Kernel->handle(Object(Symfony\\Component\\Console\\Input\\ArgvInput), Object(Symfony\\Component\\Console\\Output\\ConsoleOutput))
#5 {main}
"} 
