[2020-05-11 21:18:37] local.ERROR: PDOException: SQLSTATE[HY000]: General error: 2031  in C:\laragon\www\GroupService\core\vendor\illuminate\database\Connection.php:335
Stack trace:
#0 C:\laragon\www\GroupService\core\vendor\illuminate\database\Connection.php(335): PDOStatement->execute()
#1 C:\laragon\www\GroupService\core\vendor\illuminate\database\Connection.php(662): Illuminate\Database\Connection->Illuminate\Database\{closure}('select `user_id...', Array)
#2 C:\laragon\www\GroupService\core\vendor\illuminate\database\Connection.php(629): Illuminate\Database\Connection->runQueryCallback('select `user_id...', Array, Object(Closure))
#3 C:\laragon\www\GroupService\core\vendor\illuminate\database\Connection.php(338): Illuminate\Database\Connection->run('select `user_id...', Array, Object(Closure))
#4 C:\laragon\www\GroupService\core\vendor\illuminate\database\Query\Builder.php(2132): Illuminate\Database\Connection->select('select `user_id...', Array, true)
#5 C:\laragon\www\GroupService\core\vendor\illuminate\database\Query\Builder.php(2284): Illuminate\Database\Query\Builder->runSelect()
#6 C:\laragon\www\GroupService\core\vendor\illuminate\database\Query\Builder.php(2586): Illuminate\Database\Query\Builder->Illuminate\Database\Query\{closure}()
#7 C:\laragon\www\GroupService\core\vendor\illuminate\database\Query\Builder.php(2286): Illuminate\Database\Query\Builder->onceWithColumns(Array, Object(Closure))
#8 C:\laragon\www\GroupService\core\vendor\illuminate\database\Eloquent\Builder.php(687): Illuminate\Database\Query\Builder->pluck('user_id', NULL)
#9 C:\laragon\www\GroupService\functional\groups\queries\getActivatedUsers\GetActivatedUsersHandler.php(30): Illuminate\Database\Eloquent\Builder->pluck('user_id')
#10 C:\laragon\www\GroupService\core\myvendor\functions\meteor\MeteorRequestHandler.php(35): Functional\groups\queries\getActivatedUsers\GetActivatedUsersHandler->Handler(Object(Laravel\Lumen\Http\Request))
#11 C:\laragon\www\GroupService\core\myvendor\functions\meteor\Meteor.php(24): Core\myvendor\functions\meteor\MeteorRequestHandler->Handle(Array, Object(Laravel\Lumen\Http\Request))
#12 C:\laragon\www\GroupService\host\controllers\GroupController.php(89): Core\myvendor\functions\meteor\Meteor->Send(Object(Functional\groups\queries\getActivatedUsers\GetActivatedUsersHandler), Object(Laravel\Lumen\Http\Request))
#13 [internal function]: Host\controllers\GroupController->GetActivatedUsers(Object(Functional\groups\queries\getActivatedUsers\GetActivatedUsersHandler), Object(Laravel\Lumen\Http\Request))
#14 C:\laragon\www\GroupService\core\vendor\illuminate\container\BoundMethod.php(32): call_user_func_array(Array, Array)
#15 C:\laragon\www\GroupService\core\vendor\illuminate\container\Util.php(36): Illuminate\Container\BoundMethod::Illuminate\Container\{closure}()
#16 C:\laragon\www\GroupService\core\vendor\illuminate\container\BoundMethod.php(90): Illuminate\Container\Util::unwrapIfClosure(Object(Closure))
#17 C:\laragon\www\GroupService\core\vendor\illuminate\container\BoundMethod.php(34): Illuminate\Container\BoundMethod::callBoundMethod(Object(Core\myvendor\defaults\application\MyApplication), Array, Object(Closure))
#18 C:\laragon\www\GroupService\core\vendor\illuminate\container\Container.php(590): Illuminate\Container\BoundMethod::call(Object(Core\myvendor\defaults\application\MyApplication), Array, Array, NULL)
#19 C:\laragon\www\GroupService\core\vendor\laravel\lumen-framework\src\Concerns\RoutesRequests.php(376): Illuminate\Container\Container->call(Array, Array)
#20 C:\laragon\www\GroupService\core\vendor\laravel\lumen-framework\src\Concerns\RoutesRequests.php(342): Laravel\Lumen\Application->callControllerCallable(Array, Array)
#21 C:\laragon\www\GroupService\core\vendor\laravel\lumen-framework\src\Concerns\RoutesRequests.php(316): Laravel\Lumen\Application->callLumenController(Object(Host\controllers\GroupController), 'GetActivatedUse...', Array)
#22 C:\laragon\www\GroupService\core\vendor\laravel\lumen-framework\src\Concerns\RoutesRequests.php(278): Laravel\Lumen\Application->callControllerAction(Array)
#23 C:\laragon\www\GroupService\core\vendor\laravel\lumen-framework\src\Concerns\RoutesRequests.php(258): Laravel\Lumen\Application->callActionOnArrayBasedRoute(Array)
#24 [internal function]: Laravel\Lumen\Application->Laravel\Lumen\Concerns\{closure}(Object(Laravel\Lumen\Http\Request))
#25 C:\laragon\www\GroupService\core\vendor\laravel\lumen-framework\src\Routing\Pipeline.php(52): call_user_func(Object(Closure), Object(Laravel\Lumen\Http\Request))
#26 C:\laragon\www\GroupService\core\container\port\src\middlewares\Authenticate.php(59): Laravel\Lumen\Routing\Pipeline->Laravel\Lumen\Routing\{closure}(Object(Laravel\Lumen\Http\Request))
#27 C:\laragon\www\GroupService\core\vendor\illuminate\pipeline\Pipeline.php(171): Core\container\port\src\middlewares\Authenticate->handle(Object(Laravel\Lumen\Http\Request), Object(Closure))
#28 [internal function]: Illuminate\Pipeline\Pipeline->Illuminate\Pipeline\{closure}(Object(Laravel\Lumen\Http\Request))
#29 C:\laragon\www\GroupService\core\vendor\laravel\lumen-framework\src\Routing\Pipeline.php(32): call_user_func(Object(Closure), Object(Laravel\Lumen\Http\Request))
#30 C:\laragon\www\GroupService\core\vendor\illuminate\pipeline\Pipeline.php(105): Laravel\Lumen\Routing\Pipeline->Laravel\Lumen\Routing\{closure}(Object(Laravel\Lumen\Http\Request))
#31 C:\laragon\www\GroupService\core\vendor\laravel\lumen-framework\src\Concerns\RoutesRequests.php(413): Illuminate\Pipeline\Pipeline->then(Object(Closure))
#32 C:\laragon\www\GroupService\core\vendor\laravel\lumen-framework\src\Concerns\RoutesRequests.php(259): Laravel\Lumen\Application->sendThroughPipeline(Array, Object(Closure))
#33 C:\laragon\www\GroupService\core\vendor\laravel\lumen-framework\src\Concerns\RoutesRequests.php(165): Laravel\Lumen\Application->handleFoundRoute(Array)
#34 C:\laragon\www\GroupService\core\vendor\laravel\lumen-framework\src\Concerns\RoutesRequests.php(416): Laravel\Lumen\Application->Laravel\Lumen\Concerns\{closure}(Object(Laravel\Lumen\Http\Request))
#35 C:\laragon\www\GroupService\core\vendor\laravel\lumen-framework\src\Concerns\RoutesRequests.php(171): Laravel\Lumen\Application->sendThroughPipeline(Array, Object(Closure))
#36 C:\laragon\www\GroupService\core\vendor\laravel\lumen-framework\src\Concerns\RoutesRequests.php(108): Laravel\Lumen\Application->dispatch(NULL)
#37 C:\laragon\www\GroupService\host\public\index.php(28): Laravel\Lumen\Application->run()
#38 {main}

Next Illuminate\Database\QueryException: SQLSTATE[HY000]: General error: 2031  (SQL: select `user_id` from `user_statuses` where `groupStatus_id` = ?) in C:\laragon\www\GroupService\core\vendor\illuminate\database\Connection.php:669
Stack trace:
#0 C:\laragon\www\GroupService\core\vendor\illuminate\database\Connection.php(629): Illuminate\Database\Connection->runQueryCallback('select `user_id...', Array, Object(Closure))
#1 C:\laragon\www\GroupService\core\vendor\illuminate\database\Connection.php(338): Illuminate\Database\Connection->run('select `user_id...', Array, Object(Closure))
#2 C:\laragon\www\GroupService\core\vendor\illuminate\database\Query\Builder.php(2132): Illuminate\Database\Connection->select('select `user_id...', Array, true)
#3 C:\laragon\www\GroupService\core\vendor\illuminate\database\Query\Builder.php(2284): Illuminate\Database\Query\Builder->runSelect()
#4 C:\laragon\www\GroupService\core\vendor\illuminate\database\Query\Builder.php(2586): Illuminate\Database\Query\Builder->Illuminate\Database\Query\{closure}()
#5 C:\laragon\www\GroupService\core\vendor\illuminate\database\Query\Builder.php(2286): Illuminate\Database\Query\Builder->onceWithColumns(Array, Object(Closure))
#6 C:\laragon\www\GroupService\core\vendor\illuminate\database\Eloquent\Builder.php(687): Illuminate\Database\Query\Builder->pluck('user_id', NULL)
#7 C:\laragon\www\GroupService\functional\groups\queries\getActivatedUsers\GetActivatedUsersHandler.php(30): Illuminate\Database\Eloquent\Builder->pluck('user_id')
#8 C:\laragon\www\GroupService\core\myvendor\functions\meteor\MeteorRequestHandler.php(35): Functional\groups\queries\getActivatedUsers\GetActivatedUsersHandler->Handler(Object(Laravel\Lumen\Http\Request))
#9 C:\laragon\www\GroupService\core\myvendor\functions\meteor\Meteor.php(24): Core\myvendor\functions\meteor\MeteorRequestHandler->Handle(Array, Object(Laravel\Lumen\Http\Request))
#10 C:\laragon\www\GroupService\host\controllers\GroupController.php(89): Core\myvendor\functions\meteor\Meteor->Send(Object(Functional\groups\queries\getActivatedUsers\GetActivatedUsersHandler), Object(Laravel\Lumen\Http\Request))
#11 [internal function]: Host\controllers\GroupController->GetActivatedUsers(Object(Functional\groups\queries\getActivatedUsers\GetActivatedUsersHandler), Object(Laravel\Lumen\Http\Request))
#12 C:\laragon\www\GroupService\core\vendor\illuminate\container\BoundMethod.php(32): call_user_func_array(Array, Array)
#13 C:\laragon\www\GroupService\core\vendor\illuminate\container\Util.php(36): Illuminate\Container\BoundMethod::Illuminate\Container\{closure}()
#14 C:\laragon\www\GroupService\core\vendor\illuminate\container\BoundMethod.php(90): Illuminate\Container\Util::unwrapIfClosure(Object(Closure))
#15 C:\laragon\www\GroupService\core\vendor\illuminate\container\BoundMethod.php(34): Illuminate\Container\BoundMethod::callBoundMethod(Object(Core\myvendor\defaults\application\MyApplication), Array, Object(Closure))
#16 C:\laragon\www\GroupService\core\vendor\illuminate\container\Container.php(590): Illuminate\Container\BoundMethod::call(Object(Core\myvendor\defaults\application\MyApplication), Array, Array, NULL)
#17 C:\laragon\www\GroupService\core\vendor\laravel\lumen-framework\src\Concerns\RoutesRequests.php(376): Illuminate\Container\Container->call(Array, Array)
#18 C:\laragon\www\GroupService\core\vendor\laravel\lumen-framework\src\Concerns\RoutesRequests.php(342): Laravel\Lumen\Application->callControllerCallable(Array, Array)
#19 C:\laragon\www\GroupService\core\vendor\laravel\lumen-framework\src\Concerns\RoutesRequests.php(316): Laravel\Lumen\Application->callLumenController(Object(Host\controllers\GroupController), 'GetActivatedUse...', Array)
#20 C:\laragon\www\GroupService\core\vendor\laravel\lumen-framework\src\Concerns\RoutesRequests.php(278): Laravel\Lumen\Application->callControllerAction(Array)
#21 C:\laragon\www\GroupService\core\vendor\laravel\lumen-framework\src\Concerns\RoutesRequests.php(258): Laravel\Lumen\Application->callActionOnArrayBasedRoute(Array)
#22 [internal function]: Laravel\Lumen\Application->Laravel\Lumen\Concerns\{closure}(Object(Laravel\Lumen\Http\Request))
#23 C:\laragon\www\GroupService\core\vendor\laravel\lumen-framework\src\Routing\Pipeline.php(52): call_user_func(Object(Closure), Object(Laravel\Lumen\Http\Request))
#24 C:\laragon\www\GroupService\core\container\port\src\middlewares\Authenticate.php(59): Laravel\Lumen\Routing\Pipeline->Laravel\Lumen\Routing\{closure}(Object(Laravel\Lumen\Http\Request))
#25 C:\laragon\www\GroupService\core\vendor\illuminate\pipeline\Pipeline.php(171): Core\container\port\src\middlewares\Authenticate->handle(Object(Laravel\Lumen\Http\Request), Object(Closure))
#26 [internal function]: Illuminate\Pipeline\Pipeline->Illuminate\Pipeline\{closure}(Object(Laravel\Lumen\Http\Request))
#27 C:\laragon\www\GroupService\core\vendor\laravel\lumen-framework\src\Routing\Pipeline.php(32): call_user_func(Object(Closure), Object(Laravel\Lumen\Http\Request))
#28 C:\laragon\www\GroupService\core\vendor\illuminate\pipeline\Pipeline.php(105): Laravel\Lumen\Routing\Pipeline->Laravel\Lumen\Routing\{closure}(Object(Laravel\Lumen\Http\Request))
#29 C:\laragon\www\GroupService\core\vendor\laravel\lumen-framework\src\Concerns\RoutesRequests.php(413): Illuminate\Pipeline\Pipeline->then(Object(Closure))
#30 C:\laragon\www\GroupService\core\vendor\laravel\lumen-framework\src\Concerns\RoutesRequests.php(259): Laravel\Lumen\Application->sendThroughPipeline(Array, Object(Closure))
#31 C:\laragon\www\GroupService\core\vendor\laravel\lumen-framework\src\Concerns\RoutesRequests.php(165): Laravel\Lumen\Application->handleFoundRoute(Array)
#32 C:\laragon\www\GroupService\core\vendor\laravel\lumen-framework\src\Concerns\RoutesRequests.php(416): Laravel\Lumen\Application->Laravel\Lumen\Concerns\{closure}(Object(Laravel\Lumen\Http\Request))
#33 C:\laragon\www\GroupService\core\vendor\laravel\lumen-framework\src\Concerns\RoutesRequests.php(171): Laravel\Lumen\Application->sendThroughPipeline(Array, Object(Closure))
#34 C:\laragon\www\GroupService\core\vendor\laravel\lumen-framework\src\Concerns\RoutesRequests.php(108): Laravel\Lumen\Application->dispatch(NULL)
#35 C:\laragon\www\GroupService\host\public\index.php(28): Laravel\Lumen\Application->run()
#36 {main} {"exception":"[object] (Illuminate\\Database\\QueryException(code: HY000): SQLSTATE[HY000]: General error: 2031  (SQL: select `user_id` from `user_statuses` where `groupStatus_id` = ?) at C:\\laragon\\www\\GroupService\\core\\vendor\\illuminate\\database\\Connection.php:669)
[stacktrace]
#0 C:\\laragon\\www\\GroupService\\core\\vendor\\illuminate\\database\\Connection.php(629): Illuminate\\Database\\Connection->runQueryCallback('select `user_id...', Array, Object(Closure))
#1 C:\\laragon\\www\\GroupService\\core\\vendor\\illuminate\\database\\Connection.php(338): Illuminate\\Database\\Connection->run('select `user_id...', Array, Object(Closure))
#2 C:\\laragon\\www\\GroupService\\core\\vendor\\illuminate\\database\\Query\\Builder.php(2132): Illuminate\\Database\\Connection->select('select `user_id...', Array, true)
#3 C:\\laragon\\www\\GroupService\\core\\vendor\\illuminate\\database\\Query\\Builder.php(2284): Illuminate\\Database\\Query\\Builder->runSelect()
#4 C:\\laragon\\www\\GroupService\\core\\vendor\\illuminate\\database\\Query\\Builder.php(2586): Illuminate\\Database\\Query\\Builder->Illuminate\\Database\\Query\\{closure}()
#5 C:\\laragon\\www\\GroupService\\core\\vendor\\illuminate\\database\\Query\\Builder.php(2286): Illuminate\\Database\\Query\\Builder->onceWithColumns(Array, Object(Closure))
#6 C:\\laragon\\www\\GroupService\\core\\vendor\\illuminate\\database\\Eloquent\\Builder.php(687): Illuminate\\Database\\Query\\Builder->pluck('user_id', NULL)
#7 C:\\laragon\\www\\GroupService\\functional\\groups\\queries\\getActivatedUsers\\GetActivatedUsersHandler.php(30): Illuminate\\Database\\Eloquent\\Builder->pluck('user_id')
#8 C:\\laragon\\www\\GroupService\\core\\myvendor\\functions\\meteor\\MeteorRequestHandler.php(35): Functional\\groups\\queries\\getActivatedUsers\\GetActivatedUsersHandler->Handler(Object(Laravel\\Lumen\\Http\\Request))
#9 C:\\laragon\\www\\GroupService\\core\\myvendor\\functions\\meteor\\Meteor.php(24): Core\\myvendor\\functions\\meteor\\MeteorRequestHandler->Handle(Array, Object(Laravel\\Lumen\\Http\\Request))
#10 C:\\laragon\\www\\GroupService\\host\\controllers\\GroupController.php(89): Core\\myvendor\\functions\\meteor\\Meteor->Send(Object(Functional\\groups\\queries\\getActivatedUsers\\GetActivatedUsersHandler), Object(Laravel\\Lumen\\Http\\Request))
#11 [internal function]: Host\\controllers\\GroupController->GetActivatedUsers(Object(Functional\\groups\\queries\\getActivatedUsers\\GetActivatedUsersHandler), Object(Laravel\\Lumen\\Http\\Request))
#12 C:\\laragon\\www\\GroupService\\core\\vendor\\illuminate\\container\\BoundMethod.php(32): call_user_func_array(Array, Array)
#13 C:\\laragon\\www\\GroupService\\core\\vendor\\illuminate\\container\\Util.php(36): Illuminate\\Container\\BoundMethod::Illuminate\\Container\\{closure}()
#14 C:\\laragon\\www\\GroupService\\core\\vendor\\illuminate\\container\\BoundMethod.php(90): Illuminate\\Container\\Util::unwrapIfClosure(Object(Closure))
#15 C:\\laragon\\www\\GroupService\\core\\vendor\\illuminate\\container\\BoundMethod.php(34): Illuminate\\Container\\BoundMethod::callBoundMethod(Object(Core\\myvendor\\defaults\\application\\MyApplication), Array, Object(Closure))
#16 C:\\laragon\\www\\GroupService\\core\\vendor\\illuminate\\container\\Container.php(590): Illuminate\\Container\\BoundMethod::call(Object(Core\\myvendor\\defaults\\application\\MyApplication), Array, Array, NULL)
#17 C:\\laragon\\www\\GroupService\\core\\vendor\\laravel\\lumen-framework\\src\\Concerns\\RoutesRequests.php(376): Illuminate\\Container\\Container->call(Array, Array)
#18 C:\\laragon\\www\\GroupService\\core\\vendor\\laravel\\lumen-framework\\src\\Concerns\\RoutesRequests.php(342): Laravel\\Lumen\\Application->callControllerCallable(Array, Array)
#19 C:\\laragon\\www\\GroupService\\core\\vendor\\laravel\\lumen-framework\\src\\Concerns\\RoutesRequests.php(316): Laravel\\Lumen\\Application->callLumenController(Object(Host\\controllers\\GroupController), 'GetActivatedUse...', Array)
#20 C:\\laragon\\www\\GroupService\\core\\vendor\\laravel\\lumen-framework\\src\\Concerns\\RoutesRequests.php(278): Laravel\\Lumen\\Application->callControllerAction(Array)
#21 C:\\laragon\\www\\GroupService\\core\\vendor\\laravel\\lumen-framework\\src\\Concerns\\RoutesRequests.php(258): Laravel\\Lumen\\Application->callActionOnArrayBasedRoute(Array)
#22 [internal function]: Laravel\\Lumen\\Application->Laravel\\Lumen\\Concerns\\{closure}(Object(Laravel\\Lumen\\Http\\Request))
#23 C:\\laragon\\www\\GroupService\\core\\vendor\\laravel\\lumen-framework\\src\\Routing\\Pipeline.php(52): call_user_func(Object(Closure), Object(Laravel\\Lumen\\Http\\Request))
#24 C:\\laragon\\www\\GroupService\\core\\container\\port\\src\\middlewares\\Authenticate.php(59): Laravel\\Lumen\\Routing\\Pipeline->Laravel\\Lumen\\Routing\\{closure}(Object(Laravel\\Lumen\\Http\\Request))
#25 C:\\laragon\\www\\GroupService\\core\\vendor\\illuminate\\pipeline\\Pipeline.php(171): Core\\container\\port\\src\\middlewares\\Authenticate->handle(Object(Laravel\\Lumen\\Http\\Request), Object(Closure))
#26 [internal function]: Illuminate\\Pipeline\\Pipeline->Illuminate\\Pipeline\\{closure}(Object(Laravel\\Lumen\\Http\\Request))
#27 C:\\laragon\\www\\GroupService\\core\\vendor\\laravel\\lumen-framework\\src\\Routing\\Pipeline.php(32): call_user_func(Object(Closure), Object(Laravel\\Lumen\\Http\\Request))
#28 C:\\laragon\\www\\GroupService\\core\\vendor\\illuminate\\pipeline\\Pipeline.php(105): Laravel\\Lumen\\Routing\\Pipeline->Laravel\\Lumen\\Routing\\{closure}(Object(Laravel\\Lumen\\Http\\Request))
#29 C:\\laragon\\www\\GroupService\\core\\vendor\\laravel\\lumen-framework\\src\\Concerns\\RoutesRequests.php(413): Illuminate\\Pipeline\\Pipeline->then(Object(Closure))
#30 C:\\laragon\\www\\GroupService\\core\\vendor\\laravel\\lumen-framework\\src\\Concerns\\RoutesRequests.php(259): Laravel\\Lumen\\Application->sendThroughPipeline(Array, Object(Closure))
#31 C:\\laragon\\www\\GroupService\\core\\vendor\\laravel\\lumen-framework\\src\\Concerns\\RoutesRequests.php(165): Laravel\\Lumen\\Application->handleFoundRoute(Array)
#32 C:\\laragon\\www\\GroupService\\core\\vendor\\laravel\\lumen-framework\\src\\Concerns\\RoutesRequests.php(416): Laravel\\Lumen\\Application->Laravel\\Lumen\\Concerns\\{closure}(Object(Laravel\\Lumen\\Http\\Request))
#33 C:\\laragon\\www\\GroupService\\core\\vendor\\laravel\\lumen-framework\\src\\Concerns\\RoutesRequests.php(171): Laravel\\Lumen\\Application->sendThroughPipeline(Array, Object(Closure))
#34 C:\\laragon\\www\\GroupService\\core\\vendor\\laravel\\lumen-framework\\src\\Concerns\\RoutesRequests.php(108): Laravel\\Lumen\\Application->dispatch(NULL)
#35 C:\\laragon\\www\\GroupService\\host\\public\\index.php(28): Laravel\\Lumen\\Application->run()
#36 {main}

[previous exception] [object] (PDOException(code: HY000): SQLSTATE[HY000]: General error: 2031  at C:\\laragon\\www\\GroupService\\core\\vendor\\illuminate\\database\\Connection.php:335)
[stacktrace]
#0 C:\\laragon\\www\\GroupService\\core\\vendor\\illuminate\\database\\Connection.php(335): PDOStatement->execute()
#1 C:\\laragon\\www\\GroupService\\core\\vendor\\illuminate\\database\\Connection.php(662): Illuminate\\Database\\Connection->Illuminate\\Database\\{closure}('select `user_id...', Array)
#2 C:\\laragon\\www\\GroupService\\core\\vendor\\illuminate\\database\\Connection.php(629): Illuminate\\Database\\Connection->runQueryCallback('select `user_id...', Array, Object(Closure))
#3 C:\\laragon\\www\\GroupService\\core\\vendor\\illuminate\\database\\Connection.php(338): Illuminate\\Database\\Connection->run('select `user_id...', Array, Object(Closure))
#4 C:\\laragon\\www\\GroupService\\core\\vendor\\illuminate\\database\\Query\\Builder.php(2132): Illuminate\\Database\\Connection->select('select `user_id...', Array, true)
#5 C:\\laragon\\www\\GroupService\\core\\vendor\\illuminate\\database\\Query\\Builder.php(2284): Illuminate\\Database\\Query\\Builder->runSelect()
#6 C:\\laragon\\www\\GroupService\\core\\vendor\\illuminate\\database\\Query\\Builder.php(2586): Illuminate\\Database\\Query\\Builder->Illuminate\\Database\\Query\\{closure}()
#7 C:\\laragon\\www\\GroupService\\core\\vendor\\illuminate\\database\\Query\\Builder.php(2286): Illuminate\\Database\\Query\\Builder->onceWithColumns(Array, Object(Closure))
#8 C:\\laragon\\www\\GroupService\\core\\vendor\\illuminate\\database\\Eloquent\\Builder.php(687): Illuminate\\Database\\Query\\Builder->pluck('user_id', NULL)
#9 C:\\laragon\\www\\GroupService\\functional\\groups\\queries\\getActivatedUsers\\GetActivatedUsersHandler.php(30): Illuminate\\Database\\Eloquent\\Builder->pluck('user_id')
#10 C:\\laragon\\www\\GroupService\\core\\myvendor\\functions\\meteor\\MeteorRequestHandler.php(35): Functional\\groups\\queries\\getActivatedUsers\\GetActivatedUsersHandler->Handler(Object(Laravel\\Lumen\\Http\\Request))
#11 C:\\laragon\\www\\GroupService\\core\\myvendor\\functions\\meteor\\Meteor.php(24): Core\\myvendor\\functions\\meteor\\MeteorRequestHandler->Handle(Array, Object(Laravel\\Lumen\\Http\\Request))
#12 C:\\laragon\\www\\GroupService\\host\\controllers\\GroupController.php(89): Core\\myvendor\\functions\\meteor\\Meteor->Send(Object(Functional\\groups\\queries\\getActivatedUsers\\GetActivatedUsersHandler), Object(Laravel\\Lumen\\Http\\Request))
#13 [internal function]: Host\\controllers\\GroupController->GetActivatedUsers(Object(Functional\\groups\\queries\\getActivatedUsers\\GetActivatedUsersHandler), Object(Laravel\\Lumen\\Http\\Request))
#14 C:\\laragon\\www\\GroupService\\core\\vendor\\illuminate\\container\\BoundMethod.php(32): call_user_func_array(Array, Array)
#15 C:\\laragon\\www\\GroupService\\core\\vendor\\illuminate\\container\\Util.php(36): Illuminate\\Container\\BoundMethod::Illuminate\\Container\\{closure}()
#16 C:\\laragon\\www\\GroupService\\core\\vendor\\illuminate\\container\\BoundMethod.php(90): Illuminate\\Container\\Util::unwrapIfClosure(Object(Closure))
#17 C:\\laragon\\www\\GroupService\\core\\vendor\\illuminate\\container\\BoundMethod.php(34): Illuminate\\Container\\BoundMethod::callBoundMethod(Object(Core\\myvendor\\defaults\\application\\MyApplication), Array, Object(Closure))
#18 C:\\laragon\\www\\GroupService\\core\\vendor\\illuminate\\container\\Container.php(590): Illuminate\\Container\\BoundMethod::call(Object(Core\\myvendor\\defaults\\application\\MyApplication), Array, Array, NULL)
#19 C:\\laragon\\www\\GroupService\\core\\vendor\\laravel\\lumen-framework\\src\\Concerns\\RoutesRequests.php(376): Illuminate\\Container\\Container->call(Array, Array)
#20 C:\\laragon\\www\\GroupService\\core\\vendor\\laravel\\lumen-framework\\src\\Concerns\\RoutesRequests.php(342): Laravel\\Lumen\\Application->callControllerCallable(Array, Array)
#21 C:\\laragon\\www\\GroupService\\core\\vendor\\laravel\\lumen-framework\\src\\Concerns\\RoutesRequests.php(316): Laravel\\Lumen\\Application->callLumenController(Object(Host\\controllers\\GroupController), 'GetActivatedUse...', Array)
#22 C:\\laragon\\www\\GroupService\\core\\vendor\\laravel\\lumen-framework\\src\\Concerns\\RoutesRequests.php(278): Laravel\\Lumen\\Application->callControllerAction(Array)
#23 C:\\laragon\\www\\GroupService\\core\\vendor\\laravel\\lumen-framework\\src\\Concerns\\RoutesRequests.php(258): Laravel\\Lumen\\Application->callActionOnArrayBasedRoute(Array)
#24 [internal function]: Laravel\\Lumen\\Application->Laravel\\Lumen\\Concerns\\{closure}(Object(Laravel\\Lumen\\Http\\Request))
#25 C:\\laragon\\www\\GroupService\\core\\vendor\\laravel\\lumen-framework\\src\\Routing\\Pipeline.php(52): call_user_func(Object(Closure), Object(Laravel\\Lumen\\Http\\Request))
#26 C:\\laragon\\www\\GroupService\\core\\container\\port\\src\\middlewares\\Authenticate.php(59): Laravel\\Lumen\\Routing\\Pipeline->Laravel\\Lumen\\Routing\\{closure}(Object(Laravel\\Lumen\\Http\\Request))
#27 C:\\laragon\\www\\GroupService\\core\\vendor\\illuminate\\pipeline\\Pipeline.php(171): Core\\container\\port\\src\\middlewares\\Authenticate->handle(Object(Laravel\\Lumen\\Http\\Request), Object(Closure))
#28 [internal function]: Illuminate\\Pipeline\\Pipeline->Illuminate\\Pipeline\\{closure}(Object(Laravel\\Lumen\\Http\\Request))
#29 C:\\laragon\\www\\GroupService\\core\\vendor\\laravel\\lumen-framework\\src\\Routing\\Pipeline.php(32): call_user_func(Object(Closure), Object(Laravel\\Lumen\\Http\\Request))
#30 C:\\laragon\\www\\GroupService\\core\\vendor\\illuminate\\pipeline\\Pipeline.php(105): Laravel\\Lumen\\Routing\\Pipeline->Laravel\\Lumen\\Routing\\{closure}(Object(Laravel\\Lumen\\Http\\Request))
#31 C:\\laragon\\www\\GroupService\\core\\vendor\\laravel\\lumen-framework\\src\\Concerns\\RoutesRequests.php(413): Illuminate\\Pipeline\\Pipeline->then(Object(Closure))
#32 C:\\laragon\\www\\GroupService\\core\\vendor\\laravel\\lumen-framework\\src\\Concerns\\RoutesRequests.php(259): Laravel\\Lumen\\Application->sendThroughPipeline(Array, Object(Closure))
#33 C:\\laragon\\www\\GroupService\\core\\vendor\\laravel\\lumen-framework\\src\\Concerns\\RoutesRequests.php(165): Laravel\\Lumen\\Application->handleFoundRoute(Array)
#34 C:\\laragon\\www\\GroupService\\core\\vendor\\laravel\\lumen-framework\\src\\Concerns\\RoutesRequests.php(416): Laravel\\Lumen\\Application->Laravel\\Lumen\\Concerns\\{closure}(Object(Laravel\\Lumen\\Http\\Request))
#35 C:\\laragon\\www\\GroupService\\core\\vendor\\laravel\\lumen-framework\\src\\Concerns\\RoutesRequests.php(171): Laravel\\Lumen\\Application->sendThroughPipeline(Array, Object(Closure))
#36 C:\\laragon\\www\\GroupService\\core\\vendor\\laravel\\lumen-framework\\src\\Concerns\\RoutesRequests.php(108): Laravel\\Lumen\\Application->dispatch(NULL)
#37 C:\\laragon\\www\\GroupService\\host\\public\\index.php(28): Laravel\\Lumen\\Application->run()
#38 {main}
"} 
