[2020-05-02 00:00:09] local.ERROR: ErrorException: Use of undefined constant i - assumed 'i' (this will throw an Error in a future version of PHP) in C:\laragon\www\GroupService\functional\groups\commands\addUsers\AddUsersHandler.php:28
Stack trace:
#0 C:\laragon\www\GroupService\functional\groups\commands\addUsers\AddUsersHandler.php(28): Laravel\Lumen\Application->Laravel\Lumen\Concerns\{closure}(2, 'Use of undefine...', 'C:\\laragon\\www\\...', 28, Array)
#1 C:\laragon\www\GroupService\core\myvendor\functions\meteor\MeteorRequestHandler.php(35): Functional\groups\commands\addUsers\AddUsersHandler->Handler(Object(Laravel\Lumen\Http\Request))
#2 C:\laragon\www\GroupService\core\myvendor\functions\meteor\Meteor.php(24): Core\myvendor\functions\meteor\MeteorRequestHandler->Handle(Array, Object(Laravel\Lumen\Http\Request))
#3 C:\laragon\www\GroupService\host\controllers\GroupController.php(25): Core\myvendor\functions\meteor\Meteor->Send(Object(Functional\groups\commands\addUsers\AddUsersHandler), Object(Laravel\Lumen\Http\Request))
#4 [internal function]: Host\controllers\GroupController->AddUser(Object(Functional\groups\commands\addUsers\AddUsersHandler), Object(Laravel\Lumen\Http\Request))
#5 C:\laragon\www\GroupService\core\vendor\illuminate\container\BoundMethod.php(32): call_user_func_array(Array, Array)
#6 C:\laragon\www\GroupService\core\vendor\illuminate\container\Util.php(36): Illuminate\Container\BoundMethod::Illuminate\Container\{closure}()
#7 C:\laragon\www\GroupService\core\vendor\illuminate\container\BoundMethod.php(90): Illuminate\Container\Util::unwrapIfClosure(Object(Closure))
#8 C:\laragon\www\GroupService\core\vendor\illuminate\container\BoundMethod.php(34): Illuminate\Container\BoundMethod::callBoundMethod(Object(Core\myvendor\defaults\application\MyApplication), Array, Object(Closure))
#9 C:\laragon\www\GroupService\core\vendor\illuminate\container\Container.php(590): Illuminate\Container\BoundMethod::call(Object(Core\myvendor\defaults\application\MyApplication), Array, Array, NULL)
#10 C:\laragon\www\GroupService\core\vendor\laravel\lumen-framework\src\Concerns\RoutesRequests.php(376): Illuminate\Container\Container->call(Array, Array)
#11 C:\laragon\www\GroupService\core\vendor\laravel\lumen-framework\src\Concerns\RoutesRequests.php(342): Laravel\Lumen\Application->callControllerCallable(Array, Array)
#12 C:\laragon\www\GroupService\core\vendor\laravel\lumen-framework\src\Concerns\RoutesRequests.php(316): Laravel\Lumen\Application->callLumenController(Object(Host\controllers\GroupController), 'AddUser', Array)
#13 C:\laragon\www\GroupService\core\vendor\laravel\lumen-framework\src\Concerns\RoutesRequests.php(278): Laravel\Lumen\Application->callControllerAction(Array)
#14 C:\laragon\www\GroupService\core\vendor\laravel\lumen-framework\src\Concerns\RoutesRequests.php(258): Laravel\Lumen\Application->callActionOnArrayBasedRoute(Array)
#15 [internal function]: Laravel\Lumen\Application->Laravel\Lumen\Concerns\{closure}(Object(Laravel\Lumen\Http\Request))
#16 C:\laragon\www\GroupService\core\vendor\laravel\lumen-framework\src\Routing\Pipeline.php(52): call_user_func(Object(Closure), Object(Laravel\Lumen\Http\Request))
#17 C:\laragon\www\GroupService\core\container\port\src\middlewares\Authenticate.php(59): Laravel\Lumen\Routing\Pipeline->Laravel\Lumen\Routing\{closure}(Object(Laravel\Lumen\Http\Request))
#18 C:\laragon\www\GroupService\core\vendor\illuminate\pipeline\Pipeline.php(171): Core\container\port\src\middlewares\Authenticate->handle(Object(Laravel\Lumen\Http\Request), Object(Closure))
#19 [internal function]: Illuminate\Pipeline\Pipeline->Illuminate\Pipeline\{closure}(Object(Laravel\Lumen\Http\Request))
#20 C:\laragon\www\GroupService\core\vendor\laravel\lumen-framework\src\Routing\Pipeline.php(32): call_user_func(Object(Closure), Object(Laravel\Lumen\Http\Request))
#21 C:\laragon\www\GroupService\core\vendor\illuminate\pipeline\Pipeline.php(105): Laravel\Lumen\Routing\Pipeline->Laravel\Lumen\Routing\{closure}(Object(Laravel\Lumen\Http\Request))
#22 C:\laragon\www\GroupService\core\vendor\laravel\lumen-framework\src\Concerns\RoutesRequests.php(413): Illuminate\Pipeline\Pipeline->then(Object(Closure))
#23 C:\laragon\www\GroupService\core\vendor\laravel\lumen-framework\src\Concerns\RoutesRequests.php(259): Laravel\Lumen\Application->sendThroughPipeline(Array, Object(Closure))
#24 C:\laragon\www\GroupService\core\vendor\laravel\lumen-framework\src\Concerns\RoutesRequests.php(165): Laravel\Lumen\Application->handleFoundRoute(Array)
#25 C:\laragon\www\GroupService\core\vendor\laravel\lumen-framework\src\Concerns\RoutesRequests.php(416): Laravel\Lumen\Application->Laravel\Lumen\Concerns\{closure}(Object(Laravel\Lumen\Http\Request))
#26 C:\laragon\www\GroupService\core\vendor\laravel\lumen-framework\src\Concerns\RoutesRequests.php(171): Laravel\Lumen\Application->sendThroughPipeline(Array, Object(Closure))
#27 C:\laragon\www\GroupService\core\vendor\laravel\lumen-framework\src\Concerns\RoutesRequests.php(108): Laravel\Lumen\Application->dispatch(NULL)
#28 C:\laragon\www\GroupService\host\public\index.php(28): Laravel\Lumen\Application->run()
#29 {main} {"exception":"[object] (ErrorException(code: 0): Use of undefined constant i - assumed 'i' (this will throw an Error in a future version of PHP) at C:\\laragon\\www\\GroupService\\functional\\groups\\commands\\addUsers\\AddUsersHandler.php:28)
[stacktrace]
#0 C:\\laragon\\www\\GroupService\\functional\\groups\\commands\\addUsers\\AddUsersHandler.php(28): Laravel\\Lumen\\Application->Laravel\\Lumen\\Concerns\\{closure}(2, 'Use of undefine...', 'C:\\\\laragon\\\\www\\\\...', 28, Array)
#1 C:\\laragon\\www\\GroupService\\core\\myvendor\\functions\\meteor\\MeteorRequestHandler.php(35): Functional\\groups\\commands\\addUsers\\AddUsersHandler->Handler(Object(Laravel\\Lumen\\Http\\Request))
#2 C:\\laragon\\www\\GroupService\\core\\myvendor\\functions\\meteor\\Meteor.php(24): Core\\myvendor\\functions\\meteor\\MeteorRequestHandler->Handle(Array, Object(Laravel\\Lumen\\Http\\Request))
#3 C:\\laragon\\www\\GroupService\\host\\controllers\\GroupController.php(25): Core\\myvendor\\functions\\meteor\\Meteor->Send(Object(Functional\\groups\\commands\\addUsers\\AddUsersHandler), Object(Laravel\\Lumen\\Http\\Request))
#4 [internal function]: Host\\controllers\\GroupController->AddUser(Object(Functional\\groups\\commands\\addUsers\\AddUsersHandler), Object(Laravel\\Lumen\\Http\\Request))
#5 C:\\laragon\\www\\GroupService\\core\\vendor\\illuminate\\container\\BoundMethod.php(32): call_user_func_array(Array, Array)
#6 C:\\laragon\\www\\GroupService\\core\\vendor\\illuminate\\container\\Util.php(36): Illuminate\\Container\\BoundMethod::Illuminate\\Container\\{closure}()
#7 C:\\laragon\\www\\GroupService\\core\\vendor\\illuminate\\container\\BoundMethod.php(90): Illuminate\\Container\\Util::unwrapIfClosure(Object(Closure))
#8 C:\\laragon\\www\\GroupService\\core\\vendor\\illuminate\\container\\BoundMethod.php(34): Illuminate\\Container\\BoundMethod::callBoundMethod(Object(Core\\myvendor\\defaults\\application\\MyApplication), Array, Object(Closure))
#9 C:\\laragon\\www\\GroupService\\core\\vendor\\illuminate\\container\\Container.php(590): Illuminate\\Container\\BoundMethod::call(Object(Core\\myvendor\\defaults\\application\\MyApplication), Array, Array, NULL)
#10 C:\\laragon\\www\\GroupService\\core\\vendor\\laravel\\lumen-framework\\src\\Concerns\\RoutesRequests.php(376): Illuminate\\Container\\Container->call(Array, Array)
#11 C:\\laragon\\www\\GroupService\\core\\vendor\\laravel\\lumen-framework\\src\\Concerns\\RoutesRequests.php(342): Laravel\\Lumen\\Application->callControllerCallable(Array, Array)
#12 C:\\laragon\\www\\GroupService\\core\\vendor\\laravel\\lumen-framework\\src\\Concerns\\RoutesRequests.php(316): Laravel\\Lumen\\Application->callLumenController(Object(Host\\controllers\\GroupController), 'AddUser', Array)
#13 C:\\laragon\\www\\GroupService\\core\\vendor\\laravel\\lumen-framework\\src\\Concerns\\RoutesRequests.php(278): Laravel\\Lumen\\Application->callControllerAction(Array)
#14 C:\\laragon\\www\\GroupService\\core\\vendor\\laravel\\lumen-framework\\src\\Concerns\\RoutesRequests.php(258): Laravel\\Lumen\\Application->callActionOnArrayBasedRoute(Array)
#15 [internal function]: Laravel\\Lumen\\Application->Laravel\\Lumen\\Concerns\\{closure}(Object(Laravel\\Lumen\\Http\\Request))
#16 C:\\laragon\\www\\GroupService\\core\\vendor\\laravel\\lumen-framework\\src\\Routing\\Pipeline.php(52): call_user_func(Object(Closure), Object(Laravel\\Lumen\\Http\\Request))
#17 C:\\laragon\\www\\GroupService\\core\\container\\port\\src\\middlewares\\Authenticate.php(59): Laravel\\Lumen\\Routing\\Pipeline->Laravel\\Lumen\\Routing\\{closure}(Object(Laravel\\Lumen\\Http\\Request))
#18 C:\\laragon\\www\\GroupService\\core\\vendor\\illuminate\\pipeline\\Pipeline.php(171): Core\\container\\port\\src\\middlewares\\Authenticate->handle(Object(Laravel\\Lumen\\Http\\Request), Object(Closure))
#19 [internal function]: Illuminate\\Pipeline\\Pipeline->Illuminate\\Pipeline\\{closure}(Object(Laravel\\Lumen\\Http\\Request))
#20 C:\\laragon\\www\\GroupService\\core\\vendor\\laravel\\lumen-framework\\src\\Routing\\Pipeline.php(32): call_user_func(Object(Closure), Object(Laravel\\Lumen\\Http\\Request))
#21 C:\\laragon\\www\\GroupService\\core\\vendor\\illuminate\\pipeline\\Pipeline.php(105): Laravel\\Lumen\\Routing\\Pipeline->Laravel\\Lumen\\Routing\\{closure}(Object(Laravel\\Lumen\\Http\\Request))
#22 C:\\laragon\\www\\GroupService\\core\\vendor\\laravel\\lumen-framework\\src\\Concerns\\RoutesRequests.php(413): Illuminate\\Pipeline\\Pipeline->then(Object(Closure))
#23 C:\\laragon\\www\\GroupService\\core\\vendor\\laravel\\lumen-framework\\src\\Concerns\\RoutesRequests.php(259): Laravel\\Lumen\\Application->sendThroughPipeline(Array, Object(Closure))
#24 C:\\laragon\\www\\GroupService\\core\\vendor\\laravel\\lumen-framework\\src\\Concerns\\RoutesRequests.php(165): Laravel\\Lumen\\Application->handleFoundRoute(Array)
#25 C:\\laragon\\www\\GroupService\\core\\vendor\\laravel\\lumen-framework\\src\\Concerns\\RoutesRequests.php(416): Laravel\\Lumen\\Application->Laravel\\Lumen\\Concerns\\{closure}(Object(Laravel\\Lumen\\Http\\Request))
#26 C:\\laragon\\www\\GroupService\\core\\vendor\\laravel\\lumen-framework\\src\\Concerns\\RoutesRequests.php(171): Laravel\\Lumen\\Application->sendThroughPipeline(Array, Object(Closure))
#27 C:\\laragon\\www\\GroupService\\core\\vendor\\laravel\\lumen-framework\\src\\Concerns\\RoutesRequests.php(108): Laravel\\Lumen\\Application->dispatch(NULL)
#28 C:\\laragon\\www\\GroupService\\host\\public\\index.php(28): Laravel\\Lumen\\Application->run()
#29 {main}
"} 
[2020-05-02 00:09:22] local.ERROR: Symfony\Component\Debug\Exception\FatalThrowableError: Argument 1 passed to Illuminate\Database\Query\Builder::cleanBindings() must be of the type array, string given, called in C:\laragon\www\GroupService\core\vendor\illuminate\database\Query\Builder.php on line 907 in C:\laragon\www\GroupService\core\vendor\illuminate\database\Query\Builder.php:2921
Stack trace:
#0 C:\laragon\www\GroupService\core\vendor\illuminate\database\Query\Builder.php(907): Illuminate\Database\Query\Builder->cleanBindings('447ede8e-e334-4...')
#1 C:\laragon\www\GroupService\core\vendor\illuminate\support\Traits\ForwardsCalls.php(23): Illuminate\Database\Query\Builder->whereIn('group_id', '447ede8e-e334-4...')
#2 C:\laragon\www\GroupService\core\vendor\illuminate\database\Eloquent\Builder.php(1369): Illuminate\Database\Eloquent\Builder->forwardCallTo(Object(Illuminate\Database\Query\Builder), 'whereIn', Array)
#3 C:\laragon\www\GroupService\core\vendor\illuminate\support\Traits\ForwardsCalls.php(23): Illuminate\Database\Eloquent\Builder->__call('whereIn', Array)
#4 C:\laragon\www\GroupService\core\vendor\illuminate\database\Eloquent\Model.php(1620): Illuminate\Database\Eloquent\Model->forwardCallTo(Object(Illuminate\Database\Eloquent\Builder), 'whereIn', Array)
#5 C:\laragon\www\GroupService\functional\groups\commands\addUsers\CheckLimit.php(11): Illuminate\Database\Eloquent\Model->__call('whereIn', Array)
#6 C:\laragon\www\GroupService\functional\groups\commands\addUsers\AddUsersHandler.php(25): Functional\groups\commands\addUsers\AddUsersHandler->CheckLimit(Object(Laravel\Lumen\Http\Request), Object(Domain\entities\GroupHasUser))
#7 C:\laragon\www\GroupService\core\myvendor\functions\meteor\MeteorRequestHandler.php(35): Functional\groups\commands\addUsers\AddUsersHandler->Handler(Object(Laravel\Lumen\Http\Request))
#8 C:\laragon\www\GroupService\core\myvendor\functions\meteor\Meteor.php(24): Core\myvendor\functions\meteor\MeteorRequestHandler->Handle(Array, Object(Laravel\Lumen\Http\Request))
#9 C:\laragon\www\GroupService\host\controllers\GroupController.php(25): Core\myvendor\functions\meteor\Meteor->Send(Object(Functional\groups\commands\addUsers\AddUsersHandler), Object(Laravel\Lumen\Http\Request))
#10 [internal function]: Host\controllers\GroupController->AddUser(Object(Functional\groups\commands\addUsers\AddUsersHandler), Object(Laravel\Lumen\Http\Request))
#11 C:\laragon\www\GroupService\core\vendor\illuminate\container\BoundMethod.php(32): call_user_func_array(Array, Array)
#12 C:\laragon\www\GroupService\core\vendor\illuminate\container\Util.php(36): Illuminate\Container\BoundMethod::Illuminate\Container\{closure}()
#13 C:\laragon\www\GroupService\core\vendor\illuminate\container\BoundMethod.php(90): Illuminate\Container\Util::unwrapIfClosure(Object(Closure))
#14 C:\laragon\www\GroupService\core\vendor\illuminate\container\BoundMethod.php(34): Illuminate\Container\BoundMethod::callBoundMethod(Object(Core\myvendor\defaults\application\MyApplication), Array, Object(Closure))
#15 C:\laragon\www\GroupService\core\vendor\illuminate\container\Container.php(590): Illuminate\Container\BoundMethod::call(Object(Core\myvendor\defaults\application\MyApplication), Array, Array, NULL)
#16 C:\laragon\www\GroupService\core\vendor\laravel\lumen-framework\src\Concerns\RoutesRequests.php(376): Illuminate\Container\Container->call(Array, Array)
#17 C:\laragon\www\GroupService\core\vendor\laravel\lumen-framework\src\Concerns\RoutesRequests.php(342): Laravel\Lumen\Application->callControllerCallable(Array, Array)
#18 C:\laragon\www\GroupService\core\vendor\laravel\lumen-framework\src\Concerns\RoutesRequests.php(316): Laravel\Lumen\Application->callLumenController(Object(Host\controllers\GroupController), 'AddUser', Array)
#19 C:\laragon\www\GroupService\core\vendor\laravel\lumen-framework\src\Concerns\RoutesRequests.php(278): Laravel\Lumen\Application->callControllerAction(Array)
#20 C:\laragon\www\GroupService\core\vendor\laravel\lumen-framework\src\Concerns\RoutesRequests.php(258): Laravel\Lumen\Application->callActionOnArrayBasedRoute(Array)
#21 [internal function]: Laravel\Lumen\Application->Laravel\Lumen\Concerns\{closure}(Object(Laravel\Lumen\Http\Request))
#22 C:\laragon\www\GroupService\core\vendor\laravel\lumen-framework\src\Routing\Pipeline.php(52): call_user_func(Object(Closure), Object(Laravel\Lumen\Http\Request))
#23 C:\laragon\www\GroupService\core\container\port\src\middlewares\Authenticate.php(59): Laravel\Lumen\Routing\Pipeline->Laravel\Lumen\Routing\{closure}(Object(Laravel\Lumen\Http\Request))
#24 C:\laragon\www\GroupService\core\vendor\illuminate\pipeline\Pipeline.php(171): Core\container\port\src\middlewares\Authenticate->handle(Object(Laravel\Lumen\Http\Request), Object(Closure))
#25 [internal function]: Illuminate\Pipeline\Pipeline->Illuminate\Pipeline\{closure}(Object(Laravel\Lumen\Http\Request))
#26 C:\laragon\www\GroupService\core\vendor\laravel\lumen-framework\src\Routing\Pipeline.php(32): call_user_func(Object(Closure), Object(Laravel\Lumen\Http\Request))
#27 C:\laragon\www\GroupService\core\vendor\illuminate\pipeline\Pipeline.php(105): Laravel\Lumen\Routing\Pipeline->Laravel\Lumen\Routing\{closure}(Object(Laravel\Lumen\Http\Request))
#28 C:\laragon\www\GroupService\core\vendor\laravel\lumen-framework\src\Concerns\RoutesRequests.php(413): Illuminate\Pipeline\Pipeline->then(Object(Closure))
#29 C:\laragon\www\GroupService\core\vendor\laravel\lumen-framework\src\Concerns\RoutesRequests.php(259): Laravel\Lumen\Application->sendThroughPipeline(Array, Object(Closure))
#30 C:\laragon\www\GroupService\core\vendor\laravel\lumen-framework\src\Concerns\RoutesRequests.php(165): Laravel\Lumen\Application->handleFoundRoute(Array)
#31 C:\laragon\www\GroupService\core\vendor\laravel\lumen-framework\src\Concerns\RoutesRequests.php(416): Laravel\Lumen\Application->Laravel\Lumen\Concerns\{closure}(Object(Laravel\Lumen\Http\Request))
#32 C:\laragon\www\GroupService\core\vendor\laravel\lumen-framework\src\Concerns\RoutesRequests.php(171): Laravel\Lumen\Application->sendThroughPipeline(Array, Object(Closure))
#33 C:\laragon\www\GroupService\core\vendor\laravel\lumen-framework\src\Concerns\RoutesRequests.php(108): Laravel\Lumen\Application->dispatch(NULL)
#34 C:\laragon\www\GroupService\host\public\index.php(28): Laravel\Lumen\Application->run()
#35 {main} {"exception":"[object] (Symfony\\Component\\Debug\\Exception\\FatalThrowableError(code: 0): Argument 1 passed to Illuminate\\Database\\Query\\Builder::cleanBindings() must be of the type array, string given, called in C:\\laragon\\www\\GroupService\\core\\vendor\\illuminate\\database\\Query\\Builder.php on line 907 at C:\\laragon\\www\\GroupService\\core\\vendor\\illuminate\\database\\Query\\Builder.php:2921)
[stacktrace]
#0 C:\\laragon\\www\\GroupService\\core\\vendor\\illuminate\\database\\Query\\Builder.php(907): Illuminate\\Database\\Query\\Builder->cleanBindings('447ede8e-e334-4...')
#1 C:\\laragon\\www\\GroupService\\core\\vendor\\illuminate\\support\\Traits\\ForwardsCalls.php(23): Illuminate\\Database\\Query\\Builder->whereIn('group_id', '447ede8e-e334-4...')
#2 C:\\laragon\\www\\GroupService\\core\\vendor\\illuminate\\database\\Eloquent\\Builder.php(1369): Illuminate\\Database\\Eloquent\\Builder->forwardCallTo(Object(Illuminate\\Database\\Query\\Builder), 'whereIn', Array)
#3 C:\\laragon\\www\\GroupService\\core\\vendor\\illuminate\\support\\Traits\\ForwardsCalls.php(23): Illuminate\\Database\\Eloquent\\Builder->__call('whereIn', Array)
#4 C:\\laragon\\www\\GroupService\\core\\vendor\\illuminate\\database\\Eloquent\\Model.php(1620): Illuminate\\Database\\Eloquent\\Model->forwardCallTo(Object(Illuminate\\Database\\Eloquent\\Builder), 'whereIn', Array)
#5 C:\\laragon\\www\\GroupService\\functional\\groups\\commands\\addUsers\\CheckLimit.php(11): Illuminate\\Database\\Eloquent\\Model->__call('whereIn', Array)
#6 C:\\laragon\\www\\GroupService\\functional\\groups\\commands\\addUsers\\AddUsersHandler.php(25): Functional\\groups\\commands\\addUsers\\AddUsersHandler->CheckLimit(Object(Laravel\\Lumen\\Http\\Request), Object(Domain\\entities\\GroupHasUser))
#7 C:\\laragon\\www\\GroupService\\core\\myvendor\\functions\\meteor\\MeteorRequestHandler.php(35): Functional\\groups\\commands\\addUsers\\AddUsersHandler->Handler(Object(Laravel\\Lumen\\Http\\Request))
#8 C:\\laragon\\www\\GroupService\\core\\myvendor\\functions\\meteor\\Meteor.php(24): Core\\myvendor\\functions\\meteor\\MeteorRequestHandler->Handle(Array, Object(Laravel\\Lumen\\Http\\Request))
#9 C:\\laragon\\www\\GroupService\\host\\controllers\\GroupController.php(25): Core\\myvendor\\functions\\meteor\\Meteor->Send(Object(Functional\\groups\\commands\\addUsers\\AddUsersHandler), Object(Laravel\\Lumen\\Http\\Request))
#10 [internal function]: Host\\controllers\\GroupController->AddUser(Object(Functional\\groups\\commands\\addUsers\\AddUsersHandler), Object(Laravel\\Lumen\\Http\\Request))
#11 C:\\laragon\\www\\GroupService\\core\\vendor\\illuminate\\container\\BoundMethod.php(32): call_user_func_array(Array, Array)
#12 C:\\laragon\\www\\GroupService\\core\\vendor\\illuminate\\container\\Util.php(36): Illuminate\\Container\\BoundMethod::Illuminate\\Container\\{closure}()
#13 C:\\laragon\\www\\GroupService\\core\\vendor\\illuminate\\container\\BoundMethod.php(90): Illuminate\\Container\\Util::unwrapIfClosure(Object(Closure))
#14 C:\\laragon\\www\\GroupService\\core\\vendor\\illuminate\\container\\BoundMethod.php(34): Illuminate\\Container\\BoundMethod::callBoundMethod(Object(Core\\myvendor\\defaults\\application\\MyApplication), Array, Object(Closure))
#15 C:\\laragon\\www\\GroupService\\core\\vendor\\illuminate\\container\\Container.php(590): Illuminate\\Container\\BoundMethod::call(Object(Core\\myvendor\\defaults\\application\\MyApplication), Array, Array, NULL)
#16 C:\\laragon\\www\\GroupService\\core\\vendor\\laravel\\lumen-framework\\src\\Concerns\\RoutesRequests.php(376): Illuminate\\Container\\Container->call(Array, Array)
#17 C:\\laragon\\www\\GroupService\\core\\vendor\\laravel\\lumen-framework\\src\\Concerns\\RoutesRequests.php(342): Laravel\\Lumen\\Application->callControllerCallable(Array, Array)
#18 C:\\laragon\\www\\GroupService\\core\\vendor\\laravel\\lumen-framework\\src\\Concerns\\RoutesRequests.php(316): Laravel\\Lumen\\Application->callLumenController(Object(Host\\controllers\\GroupController), 'AddUser', Array)
#19 C:\\laragon\\www\\GroupService\\core\\vendor\\laravel\\lumen-framework\\src\\Concerns\\RoutesRequests.php(278): Laravel\\Lumen\\Application->callControllerAction(Array)
#20 C:\\laragon\\www\\GroupService\\core\\vendor\\laravel\\lumen-framework\\src\\Concerns\\RoutesRequests.php(258): Laravel\\Lumen\\Application->callActionOnArrayBasedRoute(Array)
#21 [internal function]: Laravel\\Lumen\\Application->Laravel\\Lumen\\Concerns\\{closure}(Object(Laravel\\Lumen\\Http\\Request))
#22 C:\\laragon\\www\\GroupService\\core\\vendor\\laravel\\lumen-framework\\src\\Routing\\Pipeline.php(52): call_user_func(Object(Closure), Object(Laravel\\Lumen\\Http\\Request))
#23 C:\\laragon\\www\\GroupService\\core\\container\\port\\src\\middlewares\\Authenticate.php(59): Laravel\\Lumen\\Routing\\Pipeline->Laravel\\Lumen\\Routing\\{closure}(Object(Laravel\\Lumen\\Http\\Request))
#24 C:\\laragon\\www\\GroupService\\core\\vendor\\illuminate\\pipeline\\Pipeline.php(171): Core\\container\\port\\src\\middlewares\\Authenticate->handle(Object(Laravel\\Lumen\\Http\\Request), Object(Closure))
#25 [internal function]: Illuminate\\Pipeline\\Pipeline->Illuminate\\Pipeline\\{closure}(Object(Laravel\\Lumen\\Http\\Request))
#26 C:\\laragon\\www\\GroupService\\core\\vendor\\laravel\\lumen-framework\\src\\Routing\\Pipeline.php(32): call_user_func(Object(Closure), Object(Laravel\\Lumen\\Http\\Request))
#27 C:\\laragon\\www\\GroupService\\core\\vendor\\illuminate\\pipeline\\Pipeline.php(105): Laravel\\Lumen\\Routing\\Pipeline->Laravel\\Lumen\\Routing\\{closure}(Object(Laravel\\Lumen\\Http\\Request))
#28 C:\\laragon\\www\\GroupService\\core\\vendor\\laravel\\lumen-framework\\src\\Concerns\\RoutesRequests.php(413): Illuminate\\Pipeline\\Pipeline->then(Object(Closure))
#29 C:\\laragon\\www\\GroupService\\core\\vendor\\laravel\\lumen-framework\\src\\Concerns\\RoutesRequests.php(259): Laravel\\Lumen\\Application->sendThroughPipeline(Array, Object(Closure))
#30 C:\\laragon\\www\\GroupService\\core\\vendor\\laravel\\lumen-framework\\src\\Concerns\\RoutesRequests.php(165): Laravel\\Lumen\\Application->handleFoundRoute(Array)
#31 C:\\laragon\\www\\GroupService\\core\\vendor\\laravel\\lumen-framework\\src\\Concerns\\RoutesRequests.php(416): Laravel\\Lumen\\Application->Laravel\\Lumen\\Concerns\\{closure}(Object(Laravel\\Lumen\\Http\\Request))
#32 C:\\laragon\\www\\GroupService\\core\\vendor\\laravel\\lumen-framework\\src\\Concerns\\RoutesRequests.php(171): Laravel\\Lumen\\Application->sendThroughPipeline(Array, Object(Closure))
#33 C:\\laragon\\www\\GroupService\\core\\vendor\\laravel\\lumen-framework\\src\\Concerns\\RoutesRequests.php(108): Laravel\\Lumen\\Application->dispatch(NULL)
#34 C:\\laragon\\www\\GroupService\\host\\public\\index.php(28): Laravel\\Lumen\\Application->run()
#35 {main}
"} 
[2020-05-02 00:09:41] local.ERROR: Symfony\Component\Debug\Exception\FatalThrowableError: Argument 1 passed to Illuminate\Database\Query\Builder::cleanBindings() must be of the type array, string given, called in C:\laragon\www\GroupService\core\vendor\illuminate\database\Query\Builder.php on line 907 in C:\laragon\www\GroupService\core\vendor\illuminate\database\Query\Builder.php:2921
Stack trace:
#0 C:\laragon\www\GroupService\core\vendor\illuminate\database\Query\Builder.php(907): Illuminate\Database\Query\Builder->cleanBindings('447ede8e-e334-4...')
#1 C:\laragon\www\GroupService\core\vendor\illuminate\support\Traits\ForwardsCalls.php(23): Illuminate\Database\Query\Builder->whereIn('group_id', '447ede8e-e334-4...')
#2 C:\laragon\www\GroupService\core\vendor\illuminate\database\Eloquent\Builder.php(1369): Illuminate\Database\Eloquent\Builder->forwardCallTo(Object(Illuminate\Database\Query\Builder), 'whereIn', Array)
#3 C:\laragon\www\GroupService\core\vendor\illuminate\support\Traits\ForwardsCalls.php(23): Illuminate\Database\Eloquent\Builder->__call('whereIn', Array)
#4 C:\laragon\www\GroupService\core\vendor\illuminate\database\Eloquent\Model.php(1620): Illuminate\Database\Eloquent\Model->forwardCallTo(Object(Illuminate\Database\Eloquent\Builder), 'whereIn', Array)
#5 C:\laragon\www\GroupService\functional\groups\commands\addUsers\CheckLimit.php(11): Illuminate\Database\Eloquent\Model->__call('whereIn', Array)
#6 C:\laragon\www\GroupService\functional\groups\commands\addUsers\AddUsersHandler.php(25): Functional\groups\commands\addUsers\AddUsersHandler->CheckLimit(Object(Laravel\Lumen\Http\Request), Object(Domain\entities\GroupHasUser))
#7 C:\laragon\www\GroupService\core\myvendor\functions\meteor\MeteorRequestHandler.php(35): Functional\groups\commands\addUsers\AddUsersHandler->Handler(Object(Laravel\Lumen\Http\Request))
#8 C:\laragon\www\GroupService\core\myvendor\functions\meteor\Meteor.php(24): Core\myvendor\functions\meteor\MeteorRequestHandler->Handle(Array, Object(Laravel\Lumen\Http\Request))
#9 C:\laragon\www\GroupService\host\controllers\GroupController.php(25): Core\myvendor\functions\meteor\Meteor->Send(Object(Functional\groups\commands\addUsers\AddUsersHandler), Object(Laravel\Lumen\Http\Request))
#10 [internal function]: Host\controllers\GroupController->AddUser(Object(Functional\groups\commands\addUsers\AddUsersHandler), Object(Laravel\Lumen\Http\Request))
#11 C:\laragon\www\GroupService\core\vendor\illuminate\container\BoundMethod.php(32): call_user_func_array(Array, Array)
#12 C:\laragon\www\GroupService\core\vendor\illuminate\container\Util.php(36): Illuminate\Container\BoundMethod::Illuminate\Container\{closure}()
#13 C:\laragon\www\GroupService\core\vendor\illuminate\container\BoundMethod.php(90): Illuminate\Container\Util::unwrapIfClosure(Object(Closure))
#14 C:\laragon\www\GroupService\core\vendor\illuminate\container\BoundMethod.php(34): Illuminate\Container\BoundMethod::callBoundMethod(Object(Core\myvendor\defaults\application\MyApplication), Array, Object(Closure))
#15 C:\laragon\www\GroupService\core\vendor\illuminate\container\Container.php(590): Illuminate\Container\BoundMethod::call(Object(Core\myvendor\defaults\application\MyApplication), Array, Array, NULL)
#16 C:\laragon\www\GroupService\core\vendor\laravel\lumen-framework\src\Concerns\RoutesRequests.php(376): Illuminate\Container\Container->call(Array, Array)
#17 C:\laragon\www\GroupService\core\vendor\laravel\lumen-framework\src\Concerns\RoutesRequests.php(342): Laravel\Lumen\Application->callControllerCallable(Array, Array)
#18 C:\laragon\www\GroupService\core\vendor\laravel\lumen-framework\src\Concerns\RoutesRequests.php(316): Laravel\Lumen\Application->callLumenController(Object(Host\controllers\GroupController), 'AddUser', Array)
#19 C:\laragon\www\GroupService\core\vendor\laravel\lumen-framework\src\Concerns\RoutesRequests.php(278): Laravel\Lumen\Application->callControllerAction(Array)
#20 C:\laragon\www\GroupService\core\vendor\laravel\lumen-framework\src\Concerns\RoutesRequests.php(258): Laravel\Lumen\Application->callActionOnArrayBasedRoute(Array)
#21 [internal function]: Laravel\Lumen\Application->Laravel\Lumen\Concerns\{closure}(Object(Laravel\Lumen\Http\Request))
#22 C:\laragon\www\GroupService\core\vendor\laravel\lumen-framework\src\Routing\Pipeline.php(52): call_user_func(Object(Closure), Object(Laravel\Lumen\Http\Request))
#23 C:\laragon\www\GroupService\core\container\port\src\middlewares\Authenticate.php(59): Laravel\Lumen\Routing\Pipeline->Laravel\Lumen\Routing\{closure}(Object(Laravel\Lumen\Http\Request))
#24 C:\laragon\www\GroupService\core\vendor\illuminate\pipeline\Pipeline.php(171): Core\container\port\src\middlewares\Authenticate->handle(Object(Laravel\Lumen\Http\Request), Object(Closure))
#25 [internal function]: Illuminate\Pipeline\Pipeline->Illuminate\Pipeline\{closure}(Object(Laravel\Lumen\Http\Request))
#26 C:\laragon\www\GroupService\core\vendor\laravel\lumen-framework\src\Routing\Pipeline.php(32): call_user_func(Object(Closure), Object(Laravel\Lumen\Http\Request))
#27 C:\laragon\www\GroupService\core\vendor\illuminate\pipeline\Pipeline.php(105): Laravel\Lumen\Routing\Pipeline->Laravel\Lumen\Routing\{closure}(Object(Laravel\Lumen\Http\Request))
#28 C:\laragon\www\GroupService\core\vendor\laravel\lumen-framework\src\Concerns\RoutesRequests.php(413): Illuminate\Pipeline\Pipeline->then(Object(Closure))
#29 C:\laragon\www\GroupService\core\vendor\laravel\lumen-framework\src\Concerns\RoutesRequests.php(259): Laravel\Lumen\Application->sendThroughPipeline(Array, Object(Closure))
#30 C:\laragon\www\GroupService\core\vendor\laravel\lumen-framework\src\Concerns\RoutesRequests.php(165): Laravel\Lumen\Application->handleFoundRoute(Array)
#31 C:\laragon\www\GroupService\core\vendor\laravel\lumen-framework\src\Concerns\RoutesRequests.php(416): Laravel\Lumen\Application->Laravel\Lumen\Concerns\{closure}(Object(Laravel\Lumen\Http\Request))
#32 C:\laragon\www\GroupService\core\vendor\laravel\lumen-framework\src\Concerns\RoutesRequests.php(171): Laravel\Lumen\Application->sendThroughPipeline(Array, Object(Closure))
#33 C:\laragon\www\GroupService\core\vendor\laravel\lumen-framework\src\Concerns\RoutesRequests.php(108): Laravel\Lumen\Application->dispatch(NULL)
#34 C:\laragon\www\GroupService\host\public\index.php(28): Laravel\Lumen\Application->run()
#35 {main} {"exception":"[object] (Symfony\\Component\\Debug\\Exception\\FatalThrowableError(code: 0): Argument 1 passed to Illuminate\\Database\\Query\\Builder::cleanBindings() must be of the type array, string given, called in C:\\laragon\\www\\GroupService\\core\\vendor\\illuminate\\database\\Query\\Builder.php on line 907 at C:\\laragon\\www\\GroupService\\core\\vendor\\illuminate\\database\\Query\\Builder.php:2921)
[stacktrace]
#0 C:\\laragon\\www\\GroupService\\core\\vendor\\illuminate\\database\\Query\\Builder.php(907): Illuminate\\Database\\Query\\Builder->cleanBindings('447ede8e-e334-4...')
#1 C:\\laragon\\www\\GroupService\\core\\vendor\\illuminate\\support\\Traits\\ForwardsCalls.php(23): Illuminate\\Database\\Query\\Builder->whereIn('group_id', '447ede8e-e334-4...')
#2 C:\\laragon\\www\\GroupService\\core\\vendor\\illuminate\\database\\Eloquent\\Builder.php(1369): Illuminate\\Database\\Eloquent\\Builder->forwardCallTo(Object(Illuminate\\Database\\Query\\Builder), 'whereIn', Array)
#3 C:\\laragon\\www\\GroupService\\core\\vendor\\illuminate\\support\\Traits\\ForwardsCalls.php(23): Illuminate\\Database\\Eloquent\\Builder->__call('whereIn', Array)
#4 C:\\laragon\\www\\GroupService\\core\\vendor\\illuminate\\database\\Eloquent\\Model.php(1620): Illuminate\\Database\\Eloquent\\Model->forwardCallTo(Object(Illuminate\\Database\\Eloquent\\Builder), 'whereIn', Array)
#5 C:\\laragon\\www\\GroupService\\functional\\groups\\commands\\addUsers\\CheckLimit.php(11): Illuminate\\Database\\Eloquent\\Model->__call('whereIn', Array)
#6 C:\\laragon\\www\\GroupService\\functional\\groups\\commands\\addUsers\\AddUsersHandler.php(25): Functional\\groups\\commands\\addUsers\\AddUsersHandler->CheckLimit(Object(Laravel\\Lumen\\Http\\Request), Object(Domain\\entities\\GroupHasUser))
#7 C:\\laragon\\www\\GroupService\\core\\myvendor\\functions\\meteor\\MeteorRequestHandler.php(35): Functional\\groups\\commands\\addUsers\\AddUsersHandler->Handler(Object(Laravel\\Lumen\\Http\\Request))
#8 C:\\laragon\\www\\GroupService\\core\\myvendor\\functions\\meteor\\Meteor.php(24): Core\\myvendor\\functions\\meteor\\MeteorRequestHandler->Handle(Array, Object(Laravel\\Lumen\\Http\\Request))
#9 C:\\laragon\\www\\GroupService\\host\\controllers\\GroupController.php(25): Core\\myvendor\\functions\\meteor\\Meteor->Send(Object(Functional\\groups\\commands\\addUsers\\AddUsersHandler), Object(Laravel\\Lumen\\Http\\Request))
#10 [internal function]: Host\\controllers\\GroupController->AddUser(Object(Functional\\groups\\commands\\addUsers\\AddUsersHandler), Object(Laravel\\Lumen\\Http\\Request))
#11 C:\\laragon\\www\\GroupService\\core\\vendor\\illuminate\\container\\BoundMethod.php(32): call_user_func_array(Array, Array)
#12 C:\\laragon\\www\\GroupService\\core\\vendor\\illuminate\\container\\Util.php(36): Illuminate\\Container\\BoundMethod::Illuminate\\Container\\{closure}()
#13 C:\\laragon\\www\\GroupService\\core\\vendor\\illuminate\\container\\BoundMethod.php(90): Illuminate\\Container\\Util::unwrapIfClosure(Object(Closure))
#14 C:\\laragon\\www\\GroupService\\core\\vendor\\illuminate\\container\\BoundMethod.php(34): Illuminate\\Container\\BoundMethod::callBoundMethod(Object(Core\\myvendor\\defaults\\application\\MyApplication), Array, Object(Closure))
#15 C:\\laragon\\www\\GroupService\\core\\vendor\\illuminate\\container\\Container.php(590): Illuminate\\Container\\BoundMethod::call(Object(Core\\myvendor\\defaults\\application\\MyApplication), Array, Array, NULL)
#16 C:\\laragon\\www\\GroupService\\core\\vendor\\laravel\\lumen-framework\\src\\Concerns\\RoutesRequests.php(376): Illuminate\\Container\\Container->call(Array, Array)
#17 C:\\laragon\\www\\GroupService\\core\\vendor\\laravel\\lumen-framework\\src\\Concerns\\RoutesRequests.php(342): Laravel\\Lumen\\Application->callControllerCallable(Array, Array)
#18 C:\\laragon\\www\\GroupService\\core\\vendor\\laravel\\lumen-framework\\src\\Concerns\\RoutesRequests.php(316): Laravel\\Lumen\\Application->callLumenController(Object(Host\\controllers\\GroupController), 'AddUser', Array)
#19 C:\\laragon\\www\\GroupService\\core\\vendor\\laravel\\lumen-framework\\src\\Concerns\\RoutesRequests.php(278): Laravel\\Lumen\\Application->callControllerAction(Array)
#20 C:\\laragon\\www\\GroupService\\core\\vendor\\laravel\\lumen-framework\\src\\Concerns\\RoutesRequests.php(258): Laravel\\Lumen\\Application->callActionOnArrayBasedRoute(Array)
#21 [internal function]: Laravel\\Lumen\\Application->Laravel\\Lumen\\Concerns\\{closure}(Object(Laravel\\Lumen\\Http\\Request))
#22 C:\\laragon\\www\\GroupService\\core\\vendor\\laravel\\lumen-framework\\src\\Routing\\Pipeline.php(52): call_user_func(Object(Closure), Object(Laravel\\Lumen\\Http\\Request))
#23 C:\\laragon\\www\\GroupService\\core\\container\\port\\src\\middlewares\\Authenticate.php(59): Laravel\\Lumen\\Routing\\Pipeline->Laravel\\Lumen\\Routing\\{closure}(Object(Laravel\\Lumen\\Http\\Request))
#24 C:\\laragon\\www\\GroupService\\core\\vendor\\illuminate\\pipeline\\Pipeline.php(171): Core\\container\\port\\src\\middlewares\\Authenticate->handle(Object(Laravel\\Lumen\\Http\\Request), Object(Closure))
#25 [internal function]: Illuminate\\Pipeline\\Pipeline->Illuminate\\Pipeline\\{closure}(Object(Laravel\\Lumen\\Http\\Request))
#26 C:\\laragon\\www\\GroupService\\core\\vendor\\laravel\\lumen-framework\\src\\Routing\\Pipeline.php(32): call_user_func(Object(Closure), Object(Laravel\\Lumen\\Http\\Request))
#27 C:\\laragon\\www\\GroupService\\core\\vendor\\illuminate\\pipeline\\Pipeline.php(105): Laravel\\Lumen\\Routing\\Pipeline->Laravel\\Lumen\\Routing\\{closure}(Object(Laravel\\Lumen\\Http\\Request))
#28 C:\\laragon\\www\\GroupService\\core\\vendor\\laravel\\lumen-framework\\src\\Concerns\\RoutesRequests.php(413): Illuminate\\Pipeline\\Pipeline->then(Object(Closure))
#29 C:\\laragon\\www\\GroupService\\core\\vendor\\laravel\\lumen-framework\\src\\Concerns\\RoutesRequests.php(259): Laravel\\Lumen\\Application->sendThroughPipeline(Array, Object(Closure))
#30 C:\\laragon\\www\\GroupService\\core\\vendor\\laravel\\lumen-framework\\src\\Concerns\\RoutesRequests.php(165): Laravel\\Lumen\\Application->handleFoundRoute(Array)
#31 C:\\laragon\\www\\GroupService\\core\\vendor\\laravel\\lumen-framework\\src\\Concerns\\RoutesRequests.php(416): Laravel\\Lumen\\Application->Laravel\\Lumen\\Concerns\\{closure}(Object(Laravel\\Lumen\\Http\\Request))
#32 C:\\laragon\\www\\GroupService\\core\\vendor\\laravel\\lumen-framework\\src\\Concerns\\RoutesRequests.php(171): Laravel\\Lumen\\Application->sendThroughPipeline(Array, Object(Closure))
#33 C:\\laragon\\www\\GroupService\\core\\vendor\\laravel\\lumen-framework\\src\\Concerns\\RoutesRequests.php(108): Laravel\\Lumen\\Application->dispatch(NULL)
#34 C:\\laragon\\www\\GroupService\\host\\public\\index.php(28): Laravel\\Lumen\\Application->run()
#35 {main}
"} 
[2020-05-02 00:20:02] local.ERROR: ParseError: syntax error, unexpected end of file, expecting function (T_FUNCTION) or const (T_CONST) in C:\laragon\www\GroupService\functional\groups\commands\addUsers\CheckLimit.php:24
Stack trace:
#0 C:\laragon\www\GroupService\core\vendor\composer\ClassLoader.php(322): Composer\Autoload\includeFile('C:\\laragon\\www\\...')
#1 [internal function]: Composer\Autoload\ClassLoader->loadClass('Functional\\grou...')
#2 C:\laragon\www\GroupService\functional\groups\commands\addUsers\AddUsersHandler.php(11): spl_autoload_call('Functional\\grou...')
#3 C:\laragon\www\GroupService\core\vendor\composer\ClassLoader.php(444): include('C:\\laragon\\www\\...')
#4 C:\laragon\www\GroupService\core\vendor\composer\ClassLoader.php(322): Composer\Autoload\includeFile('C:\\laragon\\www\\...')
#5 [internal function]: Composer\Autoload\ClassLoader->loadClass('Functional\\grou...')
#6 [internal function]: spl_autoload_call('Functional\\grou...')
#7 C:\laragon\www\GroupService\core\vendor\illuminate\container\BoundMethod.php(164): ReflectionParameter->getClass()
#8 C:\laragon\www\GroupService\core\vendor\illuminate\container\BoundMethod.php(121): Illuminate\Container\BoundMethod::addDependencyForCallParameter(Object(Core\myvendor\defaults\application\MyApplication), Object(ReflectionParameter), Array, Array)
#9 C:\laragon\www\GroupService\core\vendor\illuminate\container\BoundMethod.php(32): Illuminate\Container\BoundMethod::getMethodDependencies(Object(Core\myvendor\defaults\application\MyApplication), Array, Array)
#10 C:\laragon\www\GroupService\core\vendor\illuminate\container\Util.php(36): Illuminate\Container\BoundMethod::Illuminate\Container\{closure}()
#11 C:\laragon\www\GroupService\core\vendor\illuminate\container\BoundMethod.php(90): Illuminate\Container\Util::unwrapIfClosure(Object(Closure))
#12 C:\laragon\www\GroupService\core\vendor\illuminate\container\BoundMethod.php(34): Illuminate\Container\BoundMethod::callBoundMethod(Object(Core\myvendor\defaults\application\MyApplication), Array, Object(Closure))
#13 C:\laragon\www\GroupService\core\vendor\illuminate\container\Container.php(590): Illuminate\Container\BoundMethod::call(Object(Core\myvendor\defaults\application\MyApplication), Array, Array, NULL)
#14 C:\laragon\www\GroupService\core\vendor\laravel\lumen-framework\src\Concerns\RoutesRequests.php(376): Illuminate\Container\Container->call(Array, Array)
#15 C:\laragon\www\GroupService\core\vendor\laravel\lumen-framework\src\Concerns\RoutesRequests.php(342): Laravel\Lumen\Application->callControllerCallable(Array, Array)
#16 C:\laragon\www\GroupService\core\vendor\laravel\lumen-framework\src\Concerns\RoutesRequests.php(316): Laravel\Lumen\Application->callLumenController(Object(Host\controllers\GroupController), 'AddUser', Array)
#17 C:\laragon\www\GroupService\core\vendor\laravel\lumen-framework\src\Concerns\RoutesRequests.php(278): Laravel\Lumen\Application->callControllerAction(Array)
#18 C:\laragon\www\GroupService\core\vendor\laravel\lumen-framework\src\Concerns\RoutesRequests.php(258): Laravel\Lumen\Application->callActionOnArrayBasedRoute(Array)
#19 [internal function]: Laravel\Lumen\Application->Laravel\Lumen\Concerns\{closure}(Object(Laravel\Lumen\Http\Request))
#20 C:\laragon\www\GroupService\core\vendor\laravel\lumen-framework\src\Routing\Pipeline.php(52): call_user_func(Object(Closure), Object(Laravel\Lumen\Http\Request))
#21 C:\laragon\www\GroupService\core\container\port\src\middlewares\Authenticate.php(59): Laravel\Lumen\Routing\Pipeline->Laravel\Lumen\Routing\{closure}(Object(Laravel\Lumen\Http\Request))
#22 C:\laragon\www\GroupService\core\vendor\illuminate\pipeline\Pipeline.php(171): Core\container\port\src\middlewares\Authenticate->handle(Object(Laravel\Lumen\Http\Request), Object(Closure))
#23 [internal function]: Illuminate\Pipeline\Pipeline->Illuminate\Pipeline\{closure}(Object(Laravel\Lumen\Http\Request))
#24 C:\laragon\www\GroupService\core\vendor\laravel\lumen-framework\src\Routing\Pipeline.php(32): call_user_func(Object(Closure), Object(Laravel\Lumen\Http\Request))
#25 C:\laragon\www\GroupService\core\vendor\illuminate\pipeline\Pipeline.php(105): Laravel\Lumen\Routing\Pipeline->Laravel\Lumen\Routing\{closure}(Object(Laravel\Lumen\Http\Request))
#26 C:\laragon\www\GroupService\core\vendor\laravel\lumen-framework\src\Concerns\RoutesRequests.php(413): Illuminate\Pipeline\Pipeline->then(Object(Closure))
#27 C:\laragon\www\GroupService\core\vendor\laravel\lumen-framework\src\Concerns\RoutesRequests.php(259): Laravel\Lumen\Application->sendThroughPipeline(Array, Object(Closure))
#28 C:\laragon\www\GroupService\core\vendor\laravel\lumen-framework\src\Concerns\RoutesRequests.php(165): Laravel\Lumen\Application->handleFoundRoute(Array)
#29 C:\laragon\www\GroupService\core\vendor\laravel\lumen-framework\src\Concerns\RoutesRequests.php(416): Laravel\Lumen\Application->Laravel\Lumen\Concerns\{closure}(Object(Laravel\Lumen\Http\Request))
#30 C:\laragon\www\GroupService\core\vendor\laravel\lumen-framework\src\Concerns\RoutesRequests.php(171): Laravel\Lumen\Application->sendThroughPipeline(Array, Object(Closure))
#31 C:\laragon\www\GroupService\core\vendor\laravel\lumen-framework\src\Concerns\RoutesRequests.php(108): Laravel\Lumen\Application->dispatch(NULL)
#32 C:\laragon\www\GroupService\host\public\index.php(28): Laravel\Lumen\Application->run()
#33 {main}

Next ReflectionException: Class Functional\groups\commands\addUsers\AddUsersHandler does not exist in C:\laragon\www\GroupService\core\vendor\illuminate\container\BoundMethod.php:164
Stack trace:
#0 C:\laragon\www\GroupService\core\vendor\illuminate\container\BoundMethod.php(164): ReflectionParameter->getClass()
#1 C:\laragon\www\GroupService\core\vendor\illuminate\container\BoundMethod.php(121): Illuminate\Container\BoundMethod::addDependencyForCallParameter(Object(Core\myvendor\defaults\application\MyApplication), Object(ReflectionParameter), Array, Array)
#2 C:\laragon\www\GroupService\core\vendor\illuminate\container\BoundMethod.php(32): Illuminate\Container\BoundMethod::getMethodDependencies(Object(Core\myvendor\defaults\application\MyApplication), Array, Array)
#3 C:\laragon\www\GroupService\core\vendor\illuminate\container\Util.php(36): Illuminate\Container\BoundMethod::Illuminate\Container\{closure}()
#4 C:\laragon\www\GroupService\core\vendor\illuminate\container\BoundMethod.php(90): Illuminate\Container\Util::unwrapIfClosure(Object(Closure))
#5 C:\laragon\www\GroupService\core\vendor\illuminate\container\BoundMethod.php(34): Illuminate\Container\BoundMethod::callBoundMethod(Object(Core\myvendor\defaults\application\MyApplication), Array, Object(Closure))
#6 C:\laragon\www\GroupService\core\vendor\illuminate\container\Container.php(590): Illuminate\Container\BoundMethod::call(Object(Core\myvendor\defaults\application\MyApplication), Array, Array, NULL)
#7 C:\laragon\www\GroupService\core\vendor\laravel\lumen-framework\src\Concerns\RoutesRequests.php(376): Illuminate\Container\Container->call(Array, Array)
#8 C:\laragon\www\GroupService\core\vendor\laravel\lumen-framework\src\Concerns\RoutesRequests.php(342): Laravel\Lumen\Application->callControllerCallable(Array, Array)
#9 C:\laragon\www\GroupService\core\vendor\laravel\lumen-framework\src\Concerns\RoutesRequests.php(316): Laravel\Lumen\Application->callLumenController(Object(Host\controllers\GroupController), 'AddUser', Array)
#10 C:\laragon\www\GroupService\core\vendor\laravel\lumen-framework\src\Concerns\RoutesRequests.php(278): Laravel\Lumen\Application->callControllerAction(Array)
#11 C:\laragon\www\GroupService\core\vendor\laravel\lumen-framework\src\Concerns\RoutesRequests.php(258): Laravel\Lumen\Application->callActionOnArrayBasedRoute(Array)
#12 [internal function]: Laravel\Lumen\Application->Laravel\Lumen\Concerns\{closure}(Object(Laravel\Lumen\Http\Request))
#13 C:\laragon\www\GroupService\core\vendor\laravel\lumen-framework\src\Routing\Pipeline.php(52): call_user_func(Object(Closure), Object(Laravel\Lumen\Http\Request))
#14 C:\laragon\www\GroupService\core\container\port\src\middlewares\Authenticate.php(59): Laravel\Lumen\Routing\Pipeline->Laravel\Lumen\Routing\{closure}(Object(Laravel\Lumen\Http\Request))
#15 C:\laragon\www\GroupService\core\vendor\illuminate\pipeline\Pipeline.php(171): Core\container\port\src\middlewares\Authenticate->handle(Object(Laravel\Lumen\Http\Request), Object(Closure))
#16 [internal function]: Illuminate\Pipeline\Pipeline->Illuminate\Pipeline\{closure}(Object(Laravel\Lumen\Http\Request))
#17 C:\laragon\www\GroupService\core\vendor\laravel\lumen-framework\src\Routing\Pipeline.php(32): call_user_func(Object(Closure), Object(Laravel\Lumen\Http\Request))
#18 C:\laragon\www\GroupService\core\vendor\illuminate\pipeline\Pipeline.php(105): Laravel\Lumen\Routing\Pipeline->Laravel\Lumen\Routing\{closure}(Object(Laravel\Lumen\Http\Request))
#19 C:\laragon\www\GroupService\core\vendor\laravel\lumen-framework\src\Concerns\RoutesRequests.php(413): Illuminate\Pipeline\Pipeline->then(Object(Closure))
#20 C:\laragon\www\GroupService\core\vendor\laravel\lumen-framework\src\Concerns\RoutesRequests.php(259): Laravel\Lumen\Application->sendThroughPipeline(Array, Object(Closure))
#21 C:\laragon\www\GroupService\core\vendor\laravel\lumen-framework\src\Concerns\RoutesRequests.php(165): Laravel\Lumen\Application->handleFoundRoute(Array)
#22 C:\laragon\www\GroupService\core\vendor\laravel\lumen-framework\src\Concerns\RoutesRequests.php(416): Laravel\Lumen\Application->Laravel\Lumen\Concerns\{closure}(Object(Laravel\Lumen\Http\Request))
#23 C:\laragon\www\GroupService\core\vendor\laravel\lumen-framework\src\Concerns\RoutesRequests.php(171): Laravel\Lumen\Application->sendThroughPipeline(Array, Object(Closure))
#24 C:\laragon\www\GroupService\core\vendor\laravel\lumen-framework\src\Concerns\RoutesRequests.php(108): Laravel\Lumen\Application->dispatch(NULL)
#25 C:\laragon\www\GroupService\host\public\index.php(28): Laravel\Lumen\Application->run()
#26 {main} {"exception":"[object] (ReflectionException(code: 0): Class Functional\\groups\\commands\\addUsers\\AddUsersHandler does not exist at C:\\laragon\\www\\GroupService\\core\\vendor\\illuminate\\container\\BoundMethod.php:164)
[stacktrace]
#0 C:\\laragon\\www\\GroupService\\core\\vendor\\illuminate\\container\\BoundMethod.php(164): ReflectionParameter->getClass()
#1 C:\\laragon\\www\\GroupService\\core\\vendor\\illuminate\\container\\BoundMethod.php(121): Illuminate\\Container\\BoundMethod::addDependencyForCallParameter(Object(Core\\myvendor\\defaults\\application\\MyApplication), Object(ReflectionParameter), Array, Array)
#2 C:\\laragon\\www\\GroupService\\core\\vendor\\illuminate\\container\\BoundMethod.php(32): Illuminate\\Container\\BoundMethod::getMethodDependencies(Object(Core\\myvendor\\defaults\\application\\MyApplication), Array, Array)
#3 C:\\laragon\\www\\GroupService\\core\\vendor\\illuminate\\container\\Util.php(36): Illuminate\\Container\\BoundMethod::Illuminate\\Container\\{closure}()
#4 C:\\laragon\\www\\GroupService\\core\\vendor\\illuminate\\container\\BoundMethod.php(90): Illuminate\\Container\\Util::unwrapIfClosure(Object(Closure))
#5 C:\\laragon\\www\\GroupService\\core\\vendor\\illuminate\\container\\BoundMethod.php(34): Illuminate\\Container\\BoundMethod::callBoundMethod(Object(Core\\myvendor\\defaults\\application\\MyApplication), Array, Object(Closure))
#6 C:\\laragon\\www\\GroupService\\core\\vendor\\illuminate\\container\\Container.php(590): Illuminate\\Container\\BoundMethod::call(Object(Core\\myvendor\\defaults\\application\\MyApplication), Array, Array, NULL)
#7 C:\\laragon\\www\\GroupService\\core\\vendor\\laravel\\lumen-framework\\src\\Concerns\\RoutesRequests.php(376): Illuminate\\Container\\Container->call(Array, Array)
#8 C:\\laragon\\www\\GroupService\\core\\vendor\\laravel\\lumen-framework\\src\\Concerns\\RoutesRequests.php(342): Laravel\\Lumen\\Application->callControllerCallable(Array, Array)
#9 C:\\laragon\\www\\GroupService\\core\\vendor\\laravel\\lumen-framework\\src\\Concerns\\RoutesRequests.php(316): Laravel\\Lumen\\Application->callLumenController(Object(Host\\controllers\\GroupController), 'AddUser', Array)
#10 C:\\laragon\\www\\GroupService\\core\\vendor\\laravel\\lumen-framework\\src\\Concerns\\RoutesRequests.php(278): Laravel\\Lumen\\Application->callControllerAction(Array)
#11 C:\\laragon\\www\\GroupService\\core\\vendor\\laravel\\lumen-framework\\src\\Concerns\\RoutesRequests.php(258): Laravel\\Lumen\\Application->callActionOnArrayBasedRoute(Array)
#12 [internal function]: Laravel\\Lumen\\Application->Laravel\\Lumen\\Concerns\\{closure}(Object(Laravel\\Lumen\\Http\\Request))
#13 C:\\laragon\\www\\GroupService\\core\\vendor\\laravel\\lumen-framework\\src\\Routing\\Pipeline.php(52): call_user_func(Object(Closure), Object(Laravel\\Lumen\\Http\\Request))
#14 C:\\laragon\\www\\GroupService\\core\\container\\port\\src\\middlewares\\Authenticate.php(59): Laravel\\Lumen\\Routing\\Pipeline->Laravel\\Lumen\\Routing\\{closure}(Object(Laravel\\Lumen\\Http\\Request))
#15 C:\\laragon\\www\\GroupService\\core\\vendor\\illuminate\\pipeline\\Pipeline.php(171): Core\\container\\port\\src\\middlewares\\Authenticate->handle(Object(Laravel\\Lumen\\Http\\Request), Object(Closure))
#16 [internal function]: Illuminate\\Pipeline\\Pipeline->Illuminate\\Pipeline\\{closure}(Object(Laravel\\Lumen\\Http\\Request))
#17 C:\\laragon\\www\\GroupService\\core\\vendor\\laravel\\lumen-framework\\src\\Routing\\Pipeline.php(32): call_user_func(Object(Closure), Object(Laravel\\Lumen\\Http\\Request))
#18 C:\\laragon\\www\\GroupService\\core\\vendor\\illuminate\\pipeline\\Pipeline.php(105): Laravel\\Lumen\\Routing\\Pipeline->Laravel\\Lumen\\Routing\\{closure}(Object(Laravel\\Lumen\\Http\\Request))
#19 C:\\laragon\\www\\GroupService\\core\\vendor\\laravel\\lumen-framework\\src\\Concerns\\RoutesRequests.php(413): Illuminate\\Pipeline\\Pipeline->then(Object(Closure))
#20 C:\\laragon\\www\\GroupService\\core\\vendor\\laravel\\lumen-framework\\src\\Concerns\\RoutesRequests.php(259): Laravel\\Lumen\\Application->sendThroughPipeline(Array, Object(Closure))
#21 C:\\laragon\\www\\GroupService\\core\\vendor\\laravel\\lumen-framework\\src\\Concerns\\RoutesRequests.php(165): Laravel\\Lumen\\Application->handleFoundRoute(Array)
#22 C:\\laragon\\www\\GroupService\\core\\vendor\\laravel\\lumen-framework\\src\\Concerns\\RoutesRequests.php(416): Laravel\\Lumen\\Application->Laravel\\Lumen\\Concerns\\{closure}(Object(Laravel\\Lumen\\Http\\Request))
#23 C:\\laragon\\www\\GroupService\\core\\vendor\\laravel\\lumen-framework\\src\\Concerns\\RoutesRequests.php(171): Laravel\\Lumen\\Application->sendThroughPipeline(Array, Object(Closure))
#24 C:\\laragon\\www\\GroupService\\core\\vendor\\laravel\\lumen-framework\\src\\Concerns\\RoutesRequests.php(108): Laravel\\Lumen\\Application->dispatch(NULL)
#25 C:\\laragon\\www\\GroupService\\host\\public\\index.php(28): Laravel\\Lumen\\Application->run()
#26 {main}

[previous exception] [object] (ParseError(code: 0): syntax error, unexpected end of file, expecting function (T_FUNCTION) or const (T_CONST) at C:\\laragon\\www\\GroupService\\functional\\groups\\commands\\addUsers\\CheckLimit.php:24)
[stacktrace]
#0 C:\\laragon\\www\\GroupService\\core\\vendor\\composer\\ClassLoader.php(322): Composer\\Autoload\\includeFile('C:\\\\laragon\\\\www\\\\...')
#1 [internal function]: Composer\\Autoload\\ClassLoader->loadClass('Functional\\\\grou...')
#2 C:\\laragon\\www\\GroupService\\functional\\groups\\commands\\addUsers\\AddUsersHandler.php(11): spl_autoload_call('Functional\\\\grou...')
#3 C:\\laragon\\www\\GroupService\\core\\vendor\\composer\\ClassLoader.php(444): include('C:\\\\laragon\\\\www\\\\...')
#4 C:\\laragon\\www\\GroupService\\core\\vendor\\composer\\ClassLoader.php(322): Composer\\Autoload\\includeFile('C:\\\\laragon\\\\www\\\\...')
#5 [internal function]: Composer\\Autoload\\ClassLoader->loadClass('Functional\\\\grou...')
#6 [internal function]: spl_autoload_call('Functional\\\\grou...')
#7 C:\\laragon\\www\\GroupService\\core\\vendor\\illuminate\\container\\BoundMethod.php(164): ReflectionParameter->getClass()
#8 C:\\laragon\\www\\GroupService\\core\\vendor\\illuminate\\container\\BoundMethod.php(121): Illuminate\\Container\\BoundMethod::addDependencyForCallParameter(Object(Core\\myvendor\\defaults\\application\\MyApplication), Object(ReflectionParameter), Array, Array)
#9 C:\\laragon\\www\\GroupService\\core\\vendor\\illuminate\\container\\BoundMethod.php(32): Illuminate\\Container\\BoundMethod::getMethodDependencies(Object(Core\\myvendor\\defaults\\application\\MyApplication), Array, Array)
#10 C:\\laragon\\www\\GroupService\\core\\vendor\\illuminate\\container\\Util.php(36): Illuminate\\Container\\BoundMethod::Illuminate\\Container\\{closure}()
#11 C:\\laragon\\www\\GroupService\\core\\vendor\\illuminate\\container\\BoundMethod.php(90): Illuminate\\Container\\Util::unwrapIfClosure(Object(Closure))
#12 C:\\laragon\\www\\GroupService\\core\\vendor\\illuminate\\container\\BoundMethod.php(34): Illuminate\\Container\\BoundMethod::callBoundMethod(Object(Core\\myvendor\\defaults\\application\\MyApplication), Array, Object(Closure))
#13 C:\\laragon\\www\\GroupService\\core\\vendor\\illuminate\\container\\Container.php(590): Illuminate\\Container\\BoundMethod::call(Object(Core\\myvendor\\defaults\\application\\MyApplication), Array, Array, NULL)
#14 C:\\laragon\\www\\GroupService\\core\\vendor\\laravel\\lumen-framework\\src\\Concerns\\RoutesRequests.php(376): Illuminate\\Container\\Container->call(Array, Array)
#15 C:\\laragon\\www\\GroupService\\core\\vendor\\laravel\\lumen-framework\\src\\Concerns\\RoutesRequests.php(342): Laravel\\Lumen\\Application->callControllerCallable(Array, Array)
#16 C:\\laragon\\www\\GroupService\\core\\vendor\\laravel\\lumen-framework\\src\\Concerns\\RoutesRequests.php(316): Laravel\\Lumen\\Application->callLumenController(Object(Host\\controllers\\GroupController), 'AddUser', Array)
#17 C:\\laragon\\www\\GroupService\\core\\vendor\\laravel\\lumen-framework\\src\\Concerns\\RoutesRequests.php(278): Laravel\\Lumen\\Application->callControllerAction(Array)
#18 C:\\laragon\\www\\GroupService\\core\\vendor\\laravel\\lumen-framework\\src\\Concerns\\RoutesRequests.php(258): Laravel\\Lumen\\Application->callActionOnArrayBasedRoute(Array)
#19 [internal function]: Laravel\\Lumen\\Application->Laravel\\Lumen\\Concerns\\{closure}(Object(Laravel\\Lumen\\Http\\Request))
#20 C:\\laragon\\www\\GroupService\\core\\vendor\\laravel\\lumen-framework\\src\\Routing\\Pipeline.php(52): call_user_func(Object(Closure), Object(Laravel\\Lumen\\Http\\Request))
#21 C:\\laragon\\www\\GroupService\\core\\container\\port\\src\\middlewares\\Authenticate.php(59): Laravel\\Lumen\\Routing\\Pipeline->Laravel\\Lumen\\Routing\\{closure}(Object(Laravel\\Lumen\\Http\\Request))
#22 C:\\laragon\\www\\GroupService\\core\\vendor\\illuminate\\pipeline\\Pipeline.php(171): Core\\container\\port\\src\\middlewares\\Authenticate->handle(Object(Laravel\\Lumen\\Http\\Request), Object(Closure))
#23 [internal function]: Illuminate\\Pipeline\\Pipeline->Illuminate\\Pipeline\\{closure}(Object(Laravel\\Lumen\\Http\\Request))
#24 C:\\laragon\\www\\GroupService\\core\\vendor\\laravel\\lumen-framework\\src\\Routing\\Pipeline.php(32): call_user_func(Object(Closure), Object(Laravel\\Lumen\\Http\\Request))
#25 C:\\laragon\\www\\GroupService\\core\\vendor\\illuminate\\pipeline\\Pipeline.php(105): Laravel\\Lumen\\Routing\\Pipeline->Laravel\\Lumen\\Routing\\{closure}(Object(Laravel\\Lumen\\Http\\Request))
#26 C:\\laragon\\www\\GroupService\\core\\vendor\\laravel\\lumen-framework\\src\\Concerns\\RoutesRequests.php(413): Illuminate\\Pipeline\\Pipeline->then(Object(Closure))
#27 C:\\laragon\\www\\GroupService\\core\\vendor\\laravel\\lumen-framework\\src\\Concerns\\RoutesRequests.php(259): Laravel\\Lumen\\Application->sendThroughPipeline(Array, Object(Closure))
#28 C:\\laragon\\www\\GroupService\\core\\vendor\\laravel\\lumen-framework\\src\\Concerns\\RoutesRequests.php(165): Laravel\\Lumen\\Application->handleFoundRoute(Array)
#29 C:\\laragon\\www\\GroupService\\core\\vendor\\laravel\\lumen-framework\\src\\Concerns\\RoutesRequests.php(416): Laravel\\Lumen\\Application->Laravel\\Lumen\\Concerns\\{closure}(Object(Laravel\\Lumen\\Http\\Request))
#30 C:\\laragon\\www\\GroupService\\core\\vendor\\laravel\\lumen-framework\\src\\Concerns\\RoutesRequests.php(171): Laravel\\Lumen\\Application->sendThroughPipeline(Array, Object(Closure))
#31 C:\\laragon\\www\\GroupService\\core\\vendor\\laravel\\lumen-framework\\src\\Concerns\\RoutesRequests.php(108): Laravel\\Lumen\\Application->dispatch(NULL)
#32 C:\\laragon\\www\\GroupService\\host\\public\\index.php(28): Laravel\\Lumen\\Application->run()
#33 {main}
"} 
[2020-05-02 00:25:17] local.ERROR: PDOException: SQLSTATE[42S22]: Column not found: 1054 Unknown column 'group_id' in 'where clause' in C:\laragon\www\GroupService\core\vendor\illuminate\database\Connection.php:331
Stack trace:
#0 C:\laragon\www\GroupService\core\vendor\illuminate\database\Connection.php(331): PDO->prepare('select * from `...')
#1 C:\laragon\www\GroupService\core\vendor\illuminate\database\Connection.php(662): Illuminate\Database\Connection->Illuminate\Database\{closure}('select * from `...', Array)
#2 C:\laragon\www\GroupService\core\vendor\illuminate\database\Connection.php(629): Illuminate\Database\Connection->runQueryCallback('select * from `...', Array, Object(Closure))
#3 C:\laragon\www\GroupService\core\vendor\illuminate\database\Connection.php(338): Illuminate\Database\Connection->run('select * from `...', Array, Object(Closure))
#4 C:\laragon\www\GroupService\core\vendor\illuminate\database\Query\Builder.php(2132): Illuminate\Database\Connection->select('select * from `...', Array, true)
#5 C:\laragon\www\GroupService\core\vendor\illuminate\database\Query\Builder.php(2120): Illuminate\Database\Query\Builder->runSelect()
#6 C:\laragon\www\GroupService\core\vendor\illuminate\database\Query\Builder.php(2586): Illuminate\Database\Query\Builder->Illuminate\Database\Query\{closure}()
#7 C:\laragon\www\GroupService\core\vendor\illuminate\database\Query\Builder.php(2121): Illuminate\Database\Query\Builder->onceWithColumns(Array, Object(Closure))
#8 C:\laragon\www\GroupService\core\vendor\illuminate\database\Eloquent\Builder.php(537): Illuminate\Database\Query\Builder->get(Array)
#9 C:\laragon\www\GroupService\core\vendor\illuminate\database\Eloquent\Builder.php(521): Illuminate\Database\Eloquent\Builder->getModels(Array)
#10 C:\laragon\www\GroupService\core\vendor\illuminate\database\Concerns\BuildsQueries.php(143): Illuminate\Database\Eloquent\Builder->get(Array)
#11 C:\laragon\www\GroupService\functional\groups\commands\addUsers\CheckLimit.php(13): Illuminate\Database\Eloquent\Builder->first()
#12 C:\laragon\www\GroupService\functional\groups\commands\addUsers\AddUsersHandler.php(28): Functional\groups\commands\addUsers\AddUsersHandler->CheckLimit(Object(Laravel\Lumen\Http\Request), Object(Domain\entities\GroupHasUser), Object(Domain\entities\Group))
#13 C:\laragon\www\GroupService\core\myvendor\functions\meteor\MeteorRequestHandler.php(35): Functional\groups\commands\addUsers\AddUsersHandler->Handler(Object(Laravel\Lumen\Http\Request))
#14 C:\laragon\www\GroupService\core\myvendor\functions\meteor\Meteor.php(24): Core\myvendor\functions\meteor\MeteorRequestHandler->Handle(Array, Object(Laravel\Lumen\Http\Request))
#15 C:\laragon\www\GroupService\host\controllers\GroupController.php(25): Core\myvendor\functions\meteor\Meteor->Send(Object(Functional\groups\commands\addUsers\AddUsersHandler), Object(Laravel\Lumen\Http\Request))
#16 [internal function]: Host\controllers\GroupController->AddUser(Object(Functional\groups\commands\addUsers\AddUsersHandler), Object(Laravel\Lumen\Http\Request))
#17 C:\laragon\www\GroupService\core\vendor\illuminate\container\BoundMethod.php(32): call_user_func_array(Array, Array)
#18 C:\laragon\www\GroupService\core\vendor\illuminate\container\Util.php(36): Illuminate\Container\BoundMethod::Illuminate\Container\{closure}()
#19 C:\laragon\www\GroupService\core\vendor\illuminate\container\BoundMethod.php(90): Illuminate\Container\Util::unwrapIfClosure(Object(Closure))
#20 C:\laragon\www\GroupService\core\vendor\illuminate\container\BoundMethod.php(34): Illuminate\Container\BoundMethod::callBoundMethod(Object(Core\myvendor\defaults\application\MyApplication), Array, Object(Closure))
#21 C:\laragon\www\GroupService\core\vendor\illuminate\container\Container.php(590): Illuminate\Container\BoundMethod::call(Object(Core\myvendor\defaults\application\MyApplication), Array, Array, NULL)
#22 C:\laragon\www\GroupService\core\vendor\laravel\lumen-framework\src\Concerns\RoutesRequests.php(376): Illuminate\Container\Container->call(Array, Array)
#23 C:\laragon\www\GroupService\core\vendor\laravel\lumen-framework\src\Concerns\RoutesRequests.php(342): Laravel\Lumen\Application->callControllerCallable(Array, Array)
#24 C:\laragon\www\GroupService\core\vendor\laravel\lumen-framework\src\Concerns\RoutesRequests.php(316): Laravel\Lumen\Application->callLumenController(Object(Host\controllers\GroupController), 'AddUser', Array)
#25 C:\laragon\www\GroupService\core\vendor\laravel\lumen-framework\src\Concerns\RoutesRequests.php(278): Laravel\Lumen\Application->callControllerAction(Array)
#26 C:\laragon\www\GroupService\core\vendor\laravel\lumen-framework\src\Concerns\RoutesRequests.php(258): Laravel\Lumen\Application->callActionOnArrayBasedRoute(Array)
#27 [internal function]: Laravel\Lumen\Application->Laravel\Lumen\Concerns\{closure}(Object(Laravel\Lumen\Http\Request))
#28 C:\laragon\www\GroupService\core\vendor\laravel\lumen-framework\src\Routing\Pipeline.php(52): call_user_func(Object(Closure), Object(Laravel\Lumen\Http\Request))
#29 C:\laragon\www\GroupService\core\container\port\src\middlewares\Authenticate.php(59): Laravel\Lumen\Routing\Pipeline->Laravel\Lumen\Routing\{closure}(Object(Laravel\Lumen\Http\Request))
#30 C:\laragon\www\GroupService\core\vendor\illuminate\pipeline\Pipeline.php(171): Core\container\port\src\middlewares\Authenticate->handle(Object(Laravel\Lumen\Http\Request), Object(Closure))
#31 [internal function]: Illuminate\Pipeline\Pipeline->Illuminate\Pipeline\{closure}(Object(Laravel\Lumen\Http\Request))
#32 C:\laragon\www\GroupService\core\vendor\laravel\lumen-framework\src\Routing\Pipeline.php(32): call_user_func(Object(Closure), Object(Laravel\Lumen\Http\Request))
#33 C:\laragon\www\GroupService\core\vendor\illuminate\pipeline\Pipeline.php(105): Laravel\Lumen\Routing\Pipeline->Laravel\Lumen\Routing\{closure}(Object(Laravel\Lumen\Http\Request))
#34 C:\laragon\www\GroupService\core\vendor\laravel\lumen-framework\src\Concerns\RoutesRequests.php(413): Illuminate\Pipeline\Pipeline->then(Object(Closure))
#35 C:\laragon\www\GroupService\core\vendor\laravel\lumen-framework\src\Concerns\RoutesRequests.php(259): Laravel\Lumen\Application->sendThroughPipeline(Array, Object(Closure))
#36 C:\laragon\www\GroupService\core\vendor\laravel\lumen-framework\src\Concerns\RoutesRequests.php(165): Laravel\Lumen\Application->handleFoundRoute(Array)
#37 C:\laragon\www\GroupService\core\vendor\laravel\lumen-framework\src\Concerns\RoutesRequests.php(416): Laravel\Lumen\Application->Laravel\Lumen\Concerns\{closure}(Object(Laravel\Lumen\Http\Request))
#38 C:\laragon\www\GroupService\core\vendor\laravel\lumen-framework\src\Concerns\RoutesRequests.php(171): Laravel\Lumen\Application->sendThroughPipeline(Array, Object(Closure))
#39 C:\laragon\www\GroupService\core\vendor\laravel\lumen-framework\src\Concerns\RoutesRequests.php(108): Laravel\Lumen\Application->dispatch(NULL)
#40 C:\laragon\www\GroupService\host\public\index.php(28): Laravel\Lumen\Application->run()
#41 {main}

Next Illuminate\Database\QueryException: SQLSTATE[42S22]: Column not found: 1054 Unknown column 'group_id' in 'where clause' (SQL: select * from `groups` where `group_id` = 447ede8e-e334-4fe4-aed4-59252fa94c75 limit 1) in C:\laragon\www\GroupService\core\vendor\illuminate\database\Connection.php:669
Stack trace:
#0 C:\laragon\www\GroupService\core\vendor\illuminate\database\Connection.php(629): Illuminate\Database\Connection->runQueryCallback('select * from `...', Array, Object(Closure))
#1 C:\laragon\www\GroupService\core\vendor\illuminate\database\Connection.php(338): Illuminate\Database\Connection->run('select * from `...', Array, Object(Closure))
#2 C:\laragon\www\GroupService\core\vendor\illuminate\database\Query\Builder.php(2132): Illuminate\Database\Connection->select('select * from `...', Array, true)
#3 C:\laragon\www\GroupService\core\vendor\illuminate\database\Query\Builder.php(2120): Illuminate\Database\Query\Builder->runSelect()
#4 C:\laragon\www\GroupService\core\vendor\illuminate\database\Query\Builder.php(2586): Illuminate\Database\Query\Builder->Illuminate\Database\Query\{closure}()
#5 C:\laragon\www\GroupService\core\vendor\illuminate\database\Query\Builder.php(2121): Illuminate\Database\Query\Builder->onceWithColumns(Array, Object(Closure))
#6 C:\laragon\www\GroupService\core\vendor\illuminate\database\Eloquent\Builder.php(537): Illuminate\Database\Query\Builder->get(Array)
#7 C:\laragon\www\GroupService\core\vendor\illuminate\database\Eloquent\Builder.php(521): Illuminate\Database\Eloquent\Builder->getModels(Array)
#8 C:\laragon\www\GroupService\core\vendor\illuminate\database\Concerns\BuildsQueries.php(143): Illuminate\Database\Eloquent\Builder->get(Array)
#9 C:\laragon\www\GroupService\functional\groups\commands\addUsers\CheckLimit.php(13): Illuminate\Database\Eloquent\Builder->first()
#10 C:\laragon\www\GroupService\functional\groups\commands\addUsers\AddUsersHandler.php(28): Functional\groups\commands\addUsers\AddUsersHandler->CheckLimit(Object(Laravel\Lumen\Http\Request), Object(Domain\entities\GroupHasUser), Object(Domain\entities\Group))
#11 C:\laragon\www\GroupService\core\myvendor\functions\meteor\MeteorRequestHandler.php(35): Functional\groups\commands\addUsers\AddUsersHandler->Handler(Object(Laravel\Lumen\Http\Request))
#12 C:\laragon\www\GroupService\core\myvendor\functions\meteor\Meteor.php(24): Core\myvendor\functions\meteor\MeteorRequestHandler->Handle(Array, Object(Laravel\Lumen\Http\Request))
#13 C:\laragon\www\GroupService\host\controllers\GroupController.php(25): Core\myvendor\functions\meteor\Meteor->Send(Object(Functional\groups\commands\addUsers\AddUsersHandler), Object(Laravel\Lumen\Http\Request))
#14 [internal function]: Host\controllers\GroupController->AddUser(Object(Functional\groups\commands\addUsers\AddUsersHandler), Object(Laravel\Lumen\Http\Request))
#15 C:\laragon\www\GroupService\core\vendor\illuminate\container\BoundMethod.php(32): call_user_func_array(Array, Array)
#16 C:\laragon\www\GroupService\core\vendor\illuminate\container\Util.php(36): Illuminate\Container\BoundMethod::Illuminate\Container\{closure}()
#17 C:\laragon\www\GroupService\core\vendor\illuminate\container\BoundMethod.php(90): Illuminate\Container\Util::unwrapIfClosure(Object(Closure))
#18 C:\laragon\www\GroupService\core\vendor\illuminate\container\BoundMethod.php(34): Illuminate\Container\BoundMethod::callBoundMethod(Object(Core\myvendor\defaults\application\MyApplication), Array, Object(Closure))
#19 C:\laragon\www\GroupService\core\vendor\illuminate\container\Container.php(590): Illuminate\Container\BoundMethod::call(Object(Core\myvendor\defaults\application\MyApplication), Array, Array, NULL)
#20 C:\laragon\www\GroupService\core\vendor\laravel\lumen-framework\src\Concerns\RoutesRequests.php(376): Illuminate\Container\Container->call(Array, Array)
#21 C:\laragon\www\GroupService\core\vendor\laravel\lumen-framework\src\Concerns\RoutesRequests.php(342): Laravel\Lumen\Application->callControllerCallable(Array, Array)
#22 C:\laragon\www\GroupService\core\vendor\laravel\lumen-framework\src\Concerns\RoutesRequests.php(316): Laravel\Lumen\Application->callLumenController(Object(Host\controllers\GroupController), 'AddUser', Array)
#23 C:\laragon\www\GroupService\core\vendor\laravel\lumen-framework\src\Concerns\RoutesRequests.php(278): Laravel\Lumen\Application->callControllerAction(Array)
#24 C:\laragon\www\GroupService\core\vendor\laravel\lumen-framework\src\Concerns\RoutesRequests.php(258): Laravel\Lumen\Application->callActionOnArrayBasedRoute(Array)
#25 [internal function]: Laravel\Lumen\Application->Laravel\Lumen\Concerns\{closure}(Object(Laravel\Lumen\Http\Request))
#26 C:\laragon\www\GroupService\core\vendor\laravel\lumen-framework\src\Routing\Pipeline.php(52): call_user_func(Object(Closure), Object(Laravel\Lumen\Http\Request))
#27 C:\laragon\www\GroupService\core\container\port\src\middlewares\Authenticate.php(59): Laravel\Lumen\Routing\Pipeline->Laravel\Lumen\Routing\{closure}(Object(Laravel\Lumen\Http\Request))
#28 C:\laragon\www\GroupService\core\vendor\illuminate\pipeline\Pipeline.php(171): Core\container\port\src\middlewares\Authenticate->handle(Object(Laravel\Lumen\Http\Request), Object(Closure))
#29 [internal function]: Illuminate\Pipeline\Pipeline->Illuminate\Pipeline\{closure}(Object(Laravel\Lumen\Http\Request))
#30 C:\laragon\www\GroupService\core\vendor\laravel\lumen-framework\src\Routing\Pipeline.php(32): call_user_func(Object(Closure), Object(Laravel\Lumen\Http\Request))
#31 C:\laragon\www\GroupService\core\vendor\illuminate\pipeline\Pipeline.php(105): Laravel\Lumen\Routing\Pipeline->Laravel\Lumen\Routing\{closure}(Object(Laravel\Lumen\Http\Request))
#32 C:\laragon\www\GroupService\core\vendor\laravel\lumen-framework\src\Concerns\RoutesRequests.php(413): Illuminate\Pipeline\Pipeline->then(Object(Closure))
#33 C:\laragon\www\GroupService\core\vendor\laravel\lumen-framework\src\Concerns\RoutesRequests.php(259): Laravel\Lumen\Application->sendThroughPipeline(Array, Object(Closure))
#34 C:\laragon\www\GroupService\core\vendor\laravel\lumen-framework\src\Concerns\RoutesRequests.php(165): Laravel\Lumen\Application->handleFoundRoute(Array)
#35 C:\laragon\www\GroupService\core\vendor\laravel\lumen-framework\src\Concerns\RoutesRequests.php(416): Laravel\Lumen\Application->Laravel\Lumen\Concerns\{closure}(Object(Laravel\Lumen\Http\Request))
#36 C:\laragon\www\GroupService\core\vendor\laravel\lumen-framework\src\Concerns\RoutesRequests.php(171): Laravel\Lumen\Application->sendThroughPipeline(Array, Object(Closure))
#37 C:\laragon\www\GroupService\core\vendor\laravel\lumen-framework\src\Concerns\RoutesRequests.php(108): Laravel\Lumen\Application->dispatch(NULL)
#38 C:\laragon\www\GroupService\host\public\index.php(28): Laravel\Lumen\Application->run()
#39 {main} {"exception":"[object] (Illuminate\\Database\\QueryException(code: 42S22): SQLSTATE[42S22]: Column not found: 1054 Unknown column 'group_id' in 'where clause' (SQL: select * from `groups` where `group_id` = 447ede8e-e334-4fe4-aed4-59252fa94c75 limit 1) at C:\\laragon\\www\\GroupService\\core\\vendor\\illuminate\\database\\Connection.php:669)
[stacktrace]
#0 C:\\laragon\\www\\GroupService\\core\\vendor\\illuminate\\database\\Connection.php(629): Illuminate\\Database\\Connection->runQueryCallback('select * from `...', Array, Object(Closure))
#1 C:\\laragon\\www\\GroupService\\core\\vendor\\illuminate\\database\\Connection.php(338): Illuminate\\Database\\Connection->run('select * from `...', Array, Object(Closure))
#2 C:\\laragon\\www\\GroupService\\core\\vendor\\illuminate\\database\\Query\\Builder.php(2132): Illuminate\\Database\\Connection->select('select * from `...', Array, true)
#3 C:\\laragon\\www\\GroupService\\core\\vendor\\illuminate\\database\\Query\\Builder.php(2120): Illuminate\\Database\\Query\\Builder->runSelect()
#4 C:\\laragon\\www\\GroupService\\core\\vendor\\illuminate\\database\\Query\\Builder.php(2586): Illuminate\\Database\\Query\\Builder->Illuminate\\Database\\Query\\{closure}()
#5 C:\\laragon\\www\\GroupService\\core\\vendor\\illuminate\\database\\Query\\Builder.php(2121): Illuminate\\Database\\Query\\Builder->onceWithColumns(Array, Object(Closure))
#6 C:\\laragon\\www\\GroupService\\core\\vendor\\illuminate\\database\\Eloquent\\Builder.php(537): Illuminate\\Database\\Query\\Builder->get(Array)
#7 C:\\laragon\\www\\GroupService\\core\\vendor\\illuminate\\database\\Eloquent\\Builder.php(521): Illuminate\\Database\\Eloquent\\Builder->getModels(Array)
#8 C:\\laragon\\www\\GroupService\\core\\vendor\\illuminate\\database\\Concerns\\BuildsQueries.php(143): Illuminate\\Database\\Eloquent\\Builder->get(Array)
#9 C:\\laragon\\www\\GroupService\\functional\\groups\\commands\\addUsers\\CheckLimit.php(13): Illuminate\\Database\\Eloquent\\Builder->first()
#10 C:\\laragon\\www\\GroupService\\functional\\groups\\commands\\addUsers\\AddUsersHandler.php(28): Functional\\groups\\commands\\addUsers\\AddUsersHandler->CheckLimit(Object(Laravel\\Lumen\\Http\\Request), Object(Domain\\entities\\GroupHasUser), Object(Domain\\entities\\Group))
#11 C:\\laragon\\www\\GroupService\\core\\myvendor\\functions\\meteor\\MeteorRequestHandler.php(35): Functional\\groups\\commands\\addUsers\\AddUsersHandler->Handler(Object(Laravel\\Lumen\\Http\\Request))
#12 C:\\laragon\\www\\GroupService\\core\\myvendor\\functions\\meteor\\Meteor.php(24): Core\\myvendor\\functions\\meteor\\MeteorRequestHandler->Handle(Array, Object(Laravel\\Lumen\\Http\\Request))
#13 C:\\laragon\\www\\GroupService\\host\\controllers\\GroupController.php(25): Core\\myvendor\\functions\\meteor\\Meteor->Send(Object(Functional\\groups\\commands\\addUsers\\AddUsersHandler), Object(Laravel\\Lumen\\Http\\Request))
#14 [internal function]: Host\\controllers\\GroupController->AddUser(Object(Functional\\groups\\commands\\addUsers\\AddUsersHandler), Object(Laravel\\Lumen\\Http\\Request))
#15 C:\\laragon\\www\\GroupService\\core\\vendor\\illuminate\\container\\BoundMethod.php(32): call_user_func_array(Array, Array)
#16 C:\\laragon\\www\\GroupService\\core\\vendor\\illuminate\\container\\Util.php(36): Illuminate\\Container\\BoundMethod::Illuminate\\Container\\{closure}()
#17 C:\\laragon\\www\\GroupService\\core\\vendor\\illuminate\\container\\BoundMethod.php(90): Illuminate\\Container\\Util::unwrapIfClosure(Object(Closure))
#18 C:\\laragon\\www\\GroupService\\core\\vendor\\illuminate\\container\\BoundMethod.php(34): Illuminate\\Container\\BoundMethod::callBoundMethod(Object(Core\\myvendor\\defaults\\application\\MyApplication), Array, Object(Closure))
#19 C:\\laragon\\www\\GroupService\\core\\vendor\\illuminate\\container\\Container.php(590): Illuminate\\Container\\BoundMethod::call(Object(Core\\myvendor\\defaults\\application\\MyApplication), Array, Array, NULL)
#20 C:\\laragon\\www\\GroupService\\core\\vendor\\laravel\\lumen-framework\\src\\Concerns\\RoutesRequests.php(376): Illuminate\\Container\\Container->call(Array, Array)
#21 C:\\laragon\\www\\GroupService\\core\\vendor\\laravel\\lumen-framework\\src\\Concerns\\RoutesRequests.php(342): Laravel\\Lumen\\Application->callControllerCallable(Array, Array)
#22 C:\\laragon\\www\\GroupService\\core\\vendor\\laravel\\lumen-framework\\src\\Concerns\\RoutesRequests.php(316): Laravel\\Lumen\\Application->callLumenController(Object(Host\\controllers\\GroupController), 'AddUser', Array)
#23 C:\\laragon\\www\\GroupService\\core\\vendor\\laravel\\lumen-framework\\src\\Concerns\\RoutesRequests.php(278): Laravel\\Lumen\\Application->callControllerAction(Array)
#24 C:\\laragon\\www\\GroupService\\core\\vendor\\laravel\\lumen-framework\\src\\Concerns\\RoutesRequests.php(258): Laravel\\Lumen\\Application->callActionOnArrayBasedRoute(Array)
#25 [internal function]: Laravel\\Lumen\\Application->Laravel\\Lumen\\Concerns\\{closure}(Object(Laravel\\Lumen\\Http\\Request))
#26 C:\\laragon\\www\\GroupService\\core\\vendor\\laravel\\lumen-framework\\src\\Routing\\Pipeline.php(52): call_user_func(Object(Closure), Object(Laravel\\Lumen\\Http\\Request))
#27 C:\\laragon\\www\\GroupService\\core\\container\\port\\src\\middlewares\\Authenticate.php(59): Laravel\\Lumen\\Routing\\Pipeline->Laravel\\Lumen\\Routing\\{closure}(Object(Laravel\\Lumen\\Http\\Request))
#28 C:\\laragon\\www\\GroupService\\core\\vendor\\illuminate\\pipeline\\Pipeline.php(171): Core\\container\\port\\src\\middlewares\\Authenticate->handle(Object(Laravel\\Lumen\\Http\\Request), Object(Closure))
#29 [internal function]: Illuminate\\Pipeline\\Pipeline->Illuminate\\Pipeline\\{closure}(Object(Laravel\\Lumen\\Http\\Request))
#30 C:\\laragon\\www\\GroupService\\core\\vendor\\laravel\\lumen-framework\\src\\Routing\\Pipeline.php(32): call_user_func(Object(Closure), Object(Laravel\\Lumen\\Http\\Request))
#31 C:\\laragon\\www\\GroupService\\core\\vendor\\illuminate\\pipeline\\Pipeline.php(105): Laravel\\Lumen\\Routing\\Pipeline->Laravel\\Lumen\\Routing\\{closure}(Object(Laravel\\Lumen\\Http\\Request))
#32 C:\\laragon\\www\\GroupService\\core\\vendor\\laravel\\lumen-framework\\src\\Concerns\\RoutesRequests.php(413): Illuminate\\Pipeline\\Pipeline->then(Object(Closure))
#33 C:\\laragon\\www\\GroupService\\core\\vendor\\laravel\\lumen-framework\\src\\Concerns\\RoutesRequests.php(259): Laravel\\Lumen\\Application->sendThroughPipeline(Array, Object(Closure))
#34 C:\\laragon\\www\\GroupService\\core\\vendor\\laravel\\lumen-framework\\src\\Concerns\\RoutesRequests.php(165): Laravel\\Lumen\\Application->handleFoundRoute(Array)
#35 C:\\laragon\\www\\GroupService\\core\\vendor\\laravel\\lumen-framework\\src\\Concerns\\RoutesRequests.php(416): Laravel\\Lumen\\Application->Laravel\\Lumen\\Concerns\\{closure}(Object(Laravel\\Lumen\\Http\\Request))
#36 C:\\laragon\\www\\GroupService\\core\\vendor\\laravel\\lumen-framework\\src\\Concerns\\RoutesRequests.php(171): Laravel\\Lumen\\Application->sendThroughPipeline(Array, Object(Closure))
#37 C:\\laragon\\www\\GroupService\\core\\vendor\\laravel\\lumen-framework\\src\\Concerns\\RoutesRequests.php(108): Laravel\\Lumen\\Application->dispatch(NULL)
#38 C:\\laragon\\www\\GroupService\\host\\public\\index.php(28): Laravel\\Lumen\\Application->run()
#39 {main}

[previous exception] [object] (PDOException(code: 42S22): SQLSTATE[42S22]: Column not found: 1054 Unknown column 'group_id' in 'where clause' at C:\\laragon\\www\\GroupService\\core\\vendor\\illuminate\\database\\Connection.php:331)
[stacktrace]
#0 C:\\laragon\\www\\GroupService\\core\\vendor\\illuminate\\database\\Connection.php(331): PDO->prepare('select * from `...')
#1 C:\\laragon\\www\\GroupService\\core\\vendor\\illuminate\\database\\Connection.php(662): Illuminate\\Database\\Connection->Illuminate\\Database\\{closure}('select * from `...', Array)
#2 C:\\laragon\\www\\GroupService\\core\\vendor\\illuminate\\database\\Connection.php(629): Illuminate\\Database\\Connection->runQueryCallback('select * from `...', Array, Object(Closure))
#3 C:\\laragon\\www\\GroupService\\core\\vendor\\illuminate\\database\\Connection.php(338): Illuminate\\Database\\Connection->run('select * from `...', Array, Object(Closure))
#4 C:\\laragon\\www\\GroupService\\core\\vendor\\illuminate\\database\\Query\\Builder.php(2132): Illuminate\\Database\\Connection->select('select * from `...', Array, true)
#5 C:\\laragon\\www\\GroupService\\core\\vendor\\illuminate\\database\\Query\\Builder.php(2120): Illuminate\\Database\\Query\\Builder->runSelect()
#6 C:\\laragon\\www\\GroupService\\core\\vendor\\illuminate\\database\\Query\\Builder.php(2586): Illuminate\\Database\\Query\\Builder->Illuminate\\Database\\Query\\{closure}()
#7 C:\\laragon\\www\\GroupService\\core\\vendor\\illuminate\\database\\Query\\Builder.php(2121): Illuminate\\Database\\Query\\Builder->onceWithColumns(Array, Object(Closure))
#8 C:\\laragon\\www\\GroupService\\core\\vendor\\illuminate\\database\\Eloquent\\Builder.php(537): Illuminate\\Database\\Query\\Builder->get(Array)
#9 C:\\laragon\\www\\GroupService\\core\\vendor\\illuminate\\database\\Eloquent\\Builder.php(521): Illuminate\\Database\\Eloquent\\Builder->getModels(Array)
#10 C:\\laragon\\www\\GroupService\\core\\vendor\\illuminate\\database\\Concerns\\BuildsQueries.php(143): Illuminate\\Database\\Eloquent\\Builder->get(Array)
#11 C:\\laragon\\www\\GroupService\\functional\\groups\\commands\\addUsers\\CheckLimit.php(13): Illuminate\\Database\\Eloquent\\Builder->first()
#12 C:\\laragon\\www\\GroupService\\functional\\groups\\commands\\addUsers\\AddUsersHandler.php(28): Functional\\groups\\commands\\addUsers\\AddUsersHandler->CheckLimit(Object(Laravel\\Lumen\\Http\\Request), Object(Domain\\entities\\GroupHasUser), Object(Domain\\entities\\Group))
#13 C:\\laragon\\www\\GroupService\\core\\myvendor\\functions\\meteor\\MeteorRequestHandler.php(35): Functional\\groups\\commands\\addUsers\\AddUsersHandler->Handler(Object(Laravel\\Lumen\\Http\\Request))
#14 C:\\laragon\\www\\GroupService\\core\\myvendor\\functions\\meteor\\Meteor.php(24): Core\\myvendor\\functions\\meteor\\MeteorRequestHandler->Handle(Array, Object(Laravel\\Lumen\\Http\\Request))
#15 C:\\laragon\\www\\GroupService\\host\\controllers\\GroupController.php(25): Core\\myvendor\\functions\\meteor\\Meteor->Send(Object(Functional\\groups\\commands\\addUsers\\AddUsersHandler), Object(Laravel\\Lumen\\Http\\Request))
#16 [internal function]: Host\\controllers\\GroupController->AddUser(Object(Functional\\groups\\commands\\addUsers\\AddUsersHandler), Object(Laravel\\Lumen\\Http\\Request))
#17 C:\\laragon\\www\\GroupService\\core\\vendor\\illuminate\\container\\BoundMethod.php(32): call_user_func_array(Array, Array)
#18 C:\\laragon\\www\\GroupService\\core\\vendor\\illuminate\\container\\Util.php(36): Illuminate\\Container\\BoundMethod::Illuminate\\Container\\{closure}()
#19 C:\\laragon\\www\\GroupService\\core\\vendor\\illuminate\\container\\BoundMethod.php(90): Illuminate\\Container\\Util::unwrapIfClosure(Object(Closure))
#20 C:\\laragon\\www\\GroupService\\core\\vendor\\illuminate\\container\\BoundMethod.php(34): Illuminate\\Container\\BoundMethod::callBoundMethod(Object(Core\\myvendor\\defaults\\application\\MyApplication), Array, Object(Closure))
#21 C:\\laragon\\www\\GroupService\\core\\vendor\\illuminate\\container\\Container.php(590): Illuminate\\Container\\BoundMethod::call(Object(Core\\myvendor\\defaults\\application\\MyApplication), Array, Array, NULL)
#22 C:\\laragon\\www\\GroupService\\core\\vendor\\laravel\\lumen-framework\\src\\Concerns\\RoutesRequests.php(376): Illuminate\\Container\\Container->call(Array, Array)
#23 C:\\laragon\\www\\GroupService\\core\\vendor\\laravel\\lumen-framework\\src\\Concerns\\RoutesRequests.php(342): Laravel\\Lumen\\Application->callControllerCallable(Array, Array)
#24 C:\\laragon\\www\\GroupService\\core\\vendor\\laravel\\lumen-framework\\src\\Concerns\\RoutesRequests.php(316): Laravel\\Lumen\\Application->callLumenController(Object(Host\\controllers\\GroupController), 'AddUser', Array)
#25 C:\\laragon\\www\\GroupService\\core\\vendor\\laravel\\lumen-framework\\src\\Concerns\\RoutesRequests.php(278): Laravel\\Lumen\\Application->callControllerAction(Array)
#26 C:\\laragon\\www\\GroupService\\core\\vendor\\laravel\\lumen-framework\\src\\Concerns\\RoutesRequests.php(258): Laravel\\Lumen\\Application->callActionOnArrayBasedRoute(Array)
#27 [internal function]: Laravel\\Lumen\\Application->Laravel\\Lumen\\Concerns\\{closure}(Object(Laravel\\Lumen\\Http\\Request))
#28 C:\\laragon\\www\\GroupService\\core\\vendor\\laravel\\lumen-framework\\src\\Routing\\Pipeline.php(52): call_user_func(Object(Closure), Object(Laravel\\Lumen\\Http\\Request))
#29 C:\\laragon\\www\\GroupService\\core\\container\\port\\src\\middlewares\\Authenticate.php(59): Laravel\\Lumen\\Routing\\Pipeline->Laravel\\Lumen\\Routing\\{closure}(Object(Laravel\\Lumen\\Http\\Request))
#30 C:\\laragon\\www\\GroupService\\core\\vendor\\illuminate\\pipeline\\Pipeline.php(171): Core\\container\\port\\src\\middlewares\\Authenticate->handle(Object(Laravel\\Lumen\\Http\\Request), Object(Closure))
#31 [internal function]: Illuminate\\Pipeline\\Pipeline->Illuminate\\Pipeline\\{closure}(Object(Laravel\\Lumen\\Http\\Request))
#32 C:\\laragon\\www\\GroupService\\core\\vendor\\laravel\\lumen-framework\\src\\Routing\\Pipeline.php(32): call_user_func(Object(Closure), Object(Laravel\\Lumen\\Http\\Request))
#33 C:\\laragon\\www\\GroupService\\core\\vendor\\illuminate\\pipeline\\Pipeline.php(105): Laravel\\Lumen\\Routing\\Pipeline->Laravel\\Lumen\\Routing\\{closure}(Object(Laravel\\Lumen\\Http\\Request))
#34 C:\\laragon\\www\\GroupService\\core\\vendor\\laravel\\lumen-framework\\src\\Concerns\\RoutesRequests.php(413): Illuminate\\Pipeline\\Pipeline->then(Object(Closure))
#35 C:\\laragon\\www\\GroupService\\core\\vendor\\laravel\\lumen-framework\\src\\Concerns\\RoutesRequests.php(259): Laravel\\Lumen\\Application->sendThroughPipeline(Array, Object(Closure))
#36 C:\\laragon\\www\\GroupService\\core\\vendor\\laravel\\lumen-framework\\src\\Concerns\\RoutesRequests.php(165): Laravel\\Lumen\\Application->handleFoundRoute(Array)
#37 C:\\laragon\\www\\GroupService\\core\\vendor\\laravel\\lumen-framework\\src\\Concerns\\RoutesRequests.php(416): Laravel\\Lumen\\Application->Laravel\\Lumen\\Concerns\\{closure}(Object(Laravel\\Lumen\\Http\\Request))
#38 C:\\laragon\\www\\GroupService\\core\\vendor\\laravel\\lumen-framework\\src\\Concerns\\RoutesRequests.php(171): Laravel\\Lumen\\Application->sendThroughPipeline(Array, Object(Closure))
#39 C:\\laragon\\www\\GroupService\\core\\vendor\\laravel\\lumen-framework\\src\\Concerns\\RoutesRequests.php(108): Laravel\\Lumen\\Application->dispatch(NULL)
#40 C:\\laragon\\www\\GroupService\\host\\public\\index.php(28): Laravel\\Lumen\\Application->run()
#41 {main}
"} 
