[2020-03-03 21:41:54] local.ERROR: PDOException: SQLSTATE[HY000]: General error: 1364 Field 'zipCode' doesn't have a default value in /home/oem/Desktop/Projects/onion-project/CoreService/core/vendor/illuminate/database/Connection.php:463
Stack trace:
#0 /home/oem/Desktop/Projects/onion-project/CoreService/core/vendor/illuminate/database/Connection.php(463): PDOStatement->execute()
#1 /home/oem/Desktop/Projects/onion-project/CoreService/core/vendor/illuminate/database/Connection.php(662): Illuminate\Database\Connection->Illuminate\Database\{closure}()
#2 /home/oem/Desktop/Projects/onion-project/CoreService/core/vendor/illuminate/database/Connection.php(629): Illuminate\Database\Connection->runQueryCallback()
#3 /home/oem/Desktop/Projects/onion-project/CoreService/core/vendor/illuminate/database/Connection.php(464): Illuminate\Database\Connection->run()
#4 /home/oem/Desktop/Projects/onion-project/CoreService/core/vendor/illuminate/database/Connection.php(416): Illuminate\Database\Connection->statement()
#5 /home/oem/Desktop/Projects/onion-project/CoreService/core/vendor/illuminate/database/Query/Builder.php(2628): Illuminate\Database\Connection->insert()
#6 /home/oem/Desktop/Projects/onion-project/CoreService/persistence/database/seeds/base/Countries.php(12): Illuminate\Database\Query\Builder->insert()
#7 /home/oem/Desktop/Projects/onion-project/CoreService/persistence/database/seeds/base/Base.php(11): Persistence\database\seeds\base\Base->Countries()
#8 /home/oem/Desktop/Projects/onion-project/CoreService/persistence/database/seeds/DatabaseSeeder.php(15): Persistence\database\seeds\base\Base->__construct()
#9 [internal function]: DatabaseSeeder->run()
#10 /home/oem/Desktop/Projects/onion-project/CoreService/core/vendor/illuminate/container/BoundMethod.php(32): call_user_func_array()
#11 /home/oem/Desktop/Projects/onion-project/CoreService/core/vendor/illuminate/container/Util.php(36): Illuminate\Container\BoundMethod::Illuminate\Container\{closure}()
#12 /home/oem/Desktop/Projects/onion-project/CoreService/core/vendor/illuminate/container/BoundMethod.php(90): Illuminate\Container\Util::unwrapIfClosure()
#13 /home/oem/Desktop/Projects/onion-project/CoreService/core/vendor/illuminate/container/BoundMethod.php(34): Illuminate\Container\BoundMethod::callBoundMethod()
#14 /home/oem/Desktop/Projects/onion-project/CoreService/core/vendor/illuminate/container/Container.php(590): Illuminate\Container\BoundMethod::call()
#15 /home/oem/Desktop/Projects/onion-project/CoreService/core/vendor/illuminate/database/Seeder.php(134): Illuminate\Container\Container->call()
#16 /home/oem/Desktop/Projects/onion-project/CoreService/core/vendor/illuminate/database/Console/Seeds/SeedCommand.php(63): Illuminate\Database\Seeder->__invoke()
#17 /home/oem/Desktop/Projects/onion-project/CoreService/core/vendor/illuminate/database/Eloquent/Concerns/GuardsAttributes.php(122): Illuminate\Database\Console\Seeds\SeedCommand->Illuminate\Database\Console\Seeds\{closure}()
#18 /home/oem/Desktop/Projects/onion-project/CoreService/core/vendor/illuminate/database/Console/Seeds/SeedCommand.php(64): Illuminate\Database\Eloquent\Model::unguarded()
#19 [internal function]: Illuminate\Database\Console\Seeds\SeedCommand->handle()
#20 /home/oem/Desktop/Projects/onion-project/CoreService/core/vendor/illuminate/container/BoundMethod.php(32): call_user_func_array()
#21 /home/oem/Desktop/Projects/onion-project/CoreService/core/vendor/illuminate/container/Util.php(36): Illuminate\Container\BoundMethod::Illuminate\Container\{closure}()
#22 /home/oem/Desktop/Projects/onion-project/CoreService/core/vendor/illuminate/container/BoundMethod.php(90): Illuminate\Container\Util::unwrapIfClosure()
#23 /home/oem/Desktop/Projects/onion-project/CoreService/core/vendor/illuminate/container/BoundMethod.php(34): Illuminate\Container\BoundMethod::callBoundMethod()
#24 /home/oem/Desktop/Projects/onion-project/CoreService/core/vendor/illuminate/container/Container.php(590): Illuminate\Container\BoundMethod::call()
#25 /home/oem/Desktop/Projects/onion-project/CoreService/core/vendor/illuminate/console/Command.php(201): Illuminate\Container\Container->call()
#26 /home/oem/Desktop/Projects/onion-project/CoreService/core/vendor/symfony/console/Command/Command.php(255): Illuminate\Console\Command->execute()
#27 /home/oem/Desktop/Projects/onion-project/CoreService/core/vendor/illuminate/console/Command.php(188): Symfony\Component\Console\Command\Command->run()
#28 /home/oem/Desktop/Projects/onion-project/CoreService/core/vendor/illuminate/console/Concerns/CallsCommands.php(56): Illuminate\Console\Command->run()
#29 /home/oem/Desktop/Projects/onion-project/CoreService/core/vendor/illuminate/console/Concerns/CallsCommands.php(28): Illuminate\Console\Command->runCommand()
#30 /home/oem/Desktop/Projects/onion-project/CoreService/core/vendor/illuminate/database/Console/Migrations/FreshCommand.php(79): Illuminate\Console\Command->call()
#31 /home/oem/Desktop/Projects/onion-project/CoreService/core/vendor/illuminate/database/Console/Migrations/FreshCommand.php(56): Illuminate\Database\Console\Migrations\FreshCommand->runSeeder()
#32 [internal function]: Illuminate\Database\Console\Migrations\FreshCommand->handle()
#33 /home/oem/Desktop/Projects/onion-project/CoreService/core/vendor/illuminate/container/BoundMethod.php(32): call_user_func_array()
#34 /home/oem/Desktop/Projects/onion-project/CoreService/core/vendor/illuminate/container/Util.php(36): Illuminate\Container\BoundMethod::Illuminate\Container\{closure}()
#35 /home/oem/Desktop/Projects/onion-project/CoreService/core/vendor/illuminate/container/BoundMethod.php(90): Illuminate\Container\Util::unwrapIfClosure()
#36 /home/oem/Desktop/Projects/onion-project/CoreService/core/vendor/illuminate/container/BoundMethod.php(34): Illuminate\Container\BoundMethod::callBoundMethod()
#37 /home/oem/Desktop/Projects/onion-project/CoreService/core/vendor/illuminate/container/Container.php(590): Illuminate\Container\BoundMethod::call()
#38 /home/oem/Desktop/Projects/onion-project/CoreService/core/vendor/illuminate/console/Command.php(201): Illuminate\Container\Container->call()
#39 /home/oem/Desktop/Projects/onion-project/CoreService/core/vendor/symfony/console/Command/Command.php(255): Illuminate\Console\Command->execute()
#40 /home/oem/Desktop/Projects/onion-project/CoreService/core/vendor/illuminate/console/Command.php(188): Symfony\Component\Console\Command\Command->run()
#41 /home/oem/Desktop/Projects/onion-project/CoreService/core/vendor/symfony/console/Application.php(1012): Illuminate\Console\Command->run()
#42 /home/oem/Desktop/Projects/onion-project/CoreService/core/vendor/symfony/console/Application.php(272): Symfony\Component\Console\Application->doRunCommand()
#43 /home/oem/Desktop/Projects/onion-project/CoreService/core/vendor/symfony/console/Application.php(148): Symfony\Component\Console\Application->doRun()
#44 /home/oem/Desktop/Projects/onion-project/CoreService/core/vendor/illuminate/console/Application.php(93): Symfony\Component\Console\Application->run()
#45 /home/oem/Desktop/Projects/onion-project/CoreService/core/vendor/laravel/lumen-framework/src/Console/Kernel.php(115): Illuminate\Console\Application->run()
#46 /home/oem/Desktop/Projects/onion-project/CoreService/core/artisan(35): Laravel\Lumen\Console\Kernel->handle()
#47 {main}

Next Illuminate\Database\QueryException: SQLSTATE[HY000]: General error: 1364 Field 'zipCode' doesn't have a default value (SQL: insert into `countries` (`id`, `name`) values (2d6d8422-5dc2-4a87-a969-016050f1f483, Kosovo)) in /home/oem/Desktop/Projects/onion-project/CoreService/core/vendor/illuminate/database/Connection.php:669
Stack trace:
#0 /home/oem/Desktop/Projects/onion-project/CoreService/core/vendor/illuminate/database/Connection.php(629): Illuminate\Database\Connection->runQueryCallback()
#1 /home/oem/Desktop/Projects/onion-project/CoreService/core/vendor/illuminate/database/Connection.php(464): Illuminate\Database\Connection->run()
#2 /home/oem/Desktop/Projects/onion-project/CoreService/core/vendor/illuminate/database/Connection.php(416): Illuminate\Database\Connection->statement()
#3 /home/oem/Desktop/Projects/onion-project/CoreService/core/vendor/illuminate/database/Query/Builder.php(2628): Illuminate\Database\Connection->insert()
#4 /home/oem/Desktop/Projects/onion-project/CoreService/persistence/database/seeds/base/Countries.php(12): Illuminate\Database\Query\Builder->insert()
#5 /home/oem/Desktop/Projects/onion-project/CoreService/persistence/database/seeds/base/Base.php(11): Persistence\database\seeds\base\Base->Countries()
#6 /home/oem/Desktop/Projects/onion-project/CoreService/persistence/database/seeds/DatabaseSeeder.php(15): Persistence\database\seeds\base\Base->__construct()
#7 [internal function]: DatabaseSeeder->run()
#8 /home/oem/Desktop/Projects/onion-project/CoreService/core/vendor/illuminate/container/BoundMethod.php(32): call_user_func_array()
#9 /home/oem/Desktop/Projects/onion-project/CoreService/core/vendor/illuminate/container/Util.php(36): Illuminate\Container\BoundMethod::Illuminate\Container\{closure}()
#10 /home/oem/Desktop/Projects/onion-project/CoreService/core/vendor/illuminate/container/BoundMethod.php(90): Illuminate\Container\Util::unwrapIfClosure()
#11 /home/oem/Desktop/Projects/onion-project/CoreService/core/vendor/illuminate/container/BoundMethod.php(34): Illuminate\Container\BoundMethod::callBoundMethod()
#12 /home/oem/Desktop/Projects/onion-project/CoreService/core/vendor/illuminate/container/Container.php(590): Illuminate\Container\BoundMethod::call()
#13 /home/oem/Desktop/Projects/onion-project/CoreService/core/vendor/illuminate/database/Seeder.php(134): Illuminate\Container\Container->call()
#14 /home/oem/Desktop/Projects/onion-project/CoreService/core/vendor/illuminate/database/Console/Seeds/SeedCommand.php(63): Illuminate\Database\Seeder->__invoke()
#15 /home/oem/Desktop/Projects/onion-project/CoreService/core/vendor/illuminate/database/Eloquent/Concerns/GuardsAttributes.php(122): Illuminate\Database\Console\Seeds\SeedCommand->Illuminate\Database\Console\Seeds\{closure}()
#16 /home/oem/Desktop/Projects/onion-project/CoreService/core/vendor/illuminate/database/Console/Seeds/SeedCommand.php(64): Illuminate\Database\Eloquent\Model::unguarded()
#17 [internal function]: Illuminate\Database\Console\Seeds\SeedCommand->handle()
#18 /home/oem/Desktop/Projects/onion-project/CoreService/core/vendor/illuminate/container/BoundMethod.php(32): call_user_func_array()
#19 /home/oem/Desktop/Projects/onion-project/CoreService/core/vendor/illuminate/container/Util.php(36): Illuminate\Container\BoundMethod::Illuminate\Container\{closure}()
#20 /home/oem/Desktop/Projects/onion-project/CoreService/core/vendor/illuminate/container/BoundMethod.php(90): Illuminate\Container\Util::unwrapIfClosure()
#21 /home/oem/Desktop/Projects/onion-project/CoreService/core/vendor/illuminate/container/BoundMethod.php(34): Illuminate\Container\BoundMethod::callBoundMethod()
#22 /home/oem/Desktop/Projects/onion-project/CoreService/core/vendor/illuminate/container/Container.php(590): Illuminate\Container\BoundMethod::call()
#23 /home/oem/Desktop/Projects/onion-project/CoreService/core/vendor/illuminate/console/Command.php(201): Illuminate\Container\Container->call()
#24 /home/oem/Desktop/Projects/onion-project/CoreService/core/vendor/symfony/console/Command/Command.php(255): Illuminate\Console\Command->execute()
#25 /home/oem/Desktop/Projects/onion-project/CoreService/core/vendor/illuminate/console/Command.php(188): Symfony\Component\Console\Command\Command->run()
#26 /home/oem/Desktop/Projects/onion-project/CoreService/core/vendor/illuminate/console/Concerns/CallsCommands.php(56): Illuminate\Console\Command->run()
#27 /home/oem/Desktop/Projects/onion-project/CoreService/core/vendor/illuminate/console/Concerns/CallsCommands.php(28): Illuminate\Console\Command->runCommand()
#28 /home/oem/Desktop/Projects/onion-project/CoreService/core/vendor/illuminate/database/Console/Migrations/FreshCommand.php(79): Illuminate\Console\Command->call()
#29 /home/oem/Desktop/Projects/onion-project/CoreService/core/vendor/illuminate/database/Console/Migrations/FreshCommand.php(56): Illuminate\Database\Console\Migrations\FreshCommand->runSeeder()
#30 [internal function]: Illuminate\Database\Console\Migrations\FreshCommand->handle()
#31 /home/oem/Desktop/Projects/onion-project/CoreService/core/vendor/illuminate/container/BoundMethod.php(32): call_user_func_array()
#32 /home/oem/Desktop/Projects/onion-project/CoreService/core/vendor/illuminate/container/Util.php(36): Illuminate\Container\BoundMethod::Illuminate\Container\{closure}()
#33 /home/oem/Desktop/Projects/onion-project/CoreService/core/vendor/illuminate/container/BoundMethod.php(90): Illuminate\Container\Util::unwrapIfClosure()
#34 /home/oem/Desktop/Projects/onion-project/CoreService/core/vendor/illuminate/container/BoundMethod.php(34): Illuminate\Container\BoundMethod::callBoundMethod()
#35 /home/oem/Desktop/Projects/onion-project/CoreService/core/vendor/illuminate/container/Container.php(590): Illuminate\Container\BoundMethod::call()
#36 /home/oem/Desktop/Projects/onion-project/CoreService/core/vendor/illuminate/console/Command.php(201): Illuminate\Container\Container->call()
#37 /home/oem/Desktop/Projects/onion-project/CoreService/core/vendor/symfony/console/Command/Command.php(255): Illuminate\Console\Command->execute()
#38 /home/oem/Desktop/Projects/onion-project/CoreService/core/vendor/illuminate/console/Command.php(188): Symfony\Component\Console\Command\Command->run()
#39 /home/oem/Desktop/Projects/onion-project/CoreService/core/vendor/symfony/console/Application.php(1012): Illuminate\Console\Command->run()
#40 /home/oem/Desktop/Projects/onion-project/CoreService/core/vendor/symfony/console/Application.php(272): Symfony\Component\Console\Application->doRunCommand()
#41 /home/oem/Desktop/Projects/onion-project/CoreService/core/vendor/symfony/console/Application.php(148): Symfony\Component\Console\Application->doRun()
#42 /home/oem/Desktop/Projects/onion-project/CoreService/core/vendor/illuminate/console/Application.php(93): Symfony\Component\Console\Application->run()
#43 /home/oem/Desktop/Projects/onion-project/CoreService/core/vendor/laravel/lumen-framework/src/Console/Kernel.php(115): Illuminate\Console\Application->run()
#44 /home/oem/Desktop/Projects/onion-project/CoreService/core/artisan(35): Laravel\Lumen\Console\Kernel->handle()
#45 {main} {"exception":"[object] (Illuminate\\Database\\QueryException(code: HY000): SQLSTATE[HY000]: General error: 1364 Field 'zipCode' doesn't have a default value (SQL: insert into `countries` (`id`, `name`) values (2d6d8422-5dc2-4a87-a969-016050f1f483, Kosovo)) at /home/oem/Desktop/Projects/onion-project/CoreService/core/vendor/illuminate/database/Connection.php:669)
[stacktrace]
#0 /home/oem/Desktop/Projects/onion-project/CoreService/core/vendor/illuminate/database/Connection.php(629): Illuminate\\Database\\Connection->runQueryCallback()
#1 /home/oem/Desktop/Projects/onion-project/CoreService/core/vendor/illuminate/database/Connection.php(464): Illuminate\\Database\\Connection->run()
#2 /home/oem/Desktop/Projects/onion-project/CoreService/core/vendor/illuminate/database/Connection.php(416): Illuminate\\Database\\Connection->statement()
#3 /home/oem/Desktop/Projects/onion-project/CoreService/core/vendor/illuminate/database/Query/Builder.php(2628): Illuminate\\Database\\Connection->insert()
#4 /home/oem/Desktop/Projects/onion-project/CoreService/persistence/database/seeds/base/Countries.php(12): Illuminate\\Database\\Query\\Builder->insert()
#5 /home/oem/Desktop/Projects/onion-project/CoreService/persistence/database/seeds/base/Base.php(11): Persistence\\database\\seeds\\base\\Base->Countries()
#6 /home/oem/Desktop/Projects/onion-project/CoreService/persistence/database/seeds/DatabaseSeeder.php(15): Persistence\\database\\seeds\\base\\Base->__construct()
#7 [internal function]: DatabaseSeeder->run()
#8 /home/oem/Desktop/Projects/onion-project/CoreService/core/vendor/illuminate/container/BoundMethod.php(32): call_user_func_array()
#9 /home/oem/Desktop/Projects/onion-project/CoreService/core/vendor/illuminate/container/Util.php(36): Illuminate\\Container\\BoundMethod::Illuminate\\Container\\{closure}()
#10 /home/oem/Desktop/Projects/onion-project/CoreService/core/vendor/illuminate/container/BoundMethod.php(90): Illuminate\\Container\\Util::unwrapIfClosure()
#11 /home/oem/Desktop/Projects/onion-project/CoreService/core/vendor/illuminate/container/BoundMethod.php(34): Illuminate\\Container\\BoundMethod::callBoundMethod()
#12 /home/oem/Desktop/Projects/onion-project/CoreService/core/vendor/illuminate/container/Container.php(590): Illuminate\\Container\\BoundMethod::call()
#13 /home/oem/Desktop/Projects/onion-project/CoreService/core/vendor/illuminate/database/Seeder.php(134): Illuminate\\Container\\Container->call()
#14 /home/oem/Desktop/Projects/onion-project/CoreService/core/vendor/illuminate/database/Console/Seeds/SeedCommand.php(63): Illuminate\\Database\\Seeder->__invoke()
#15 /home/oem/Desktop/Projects/onion-project/CoreService/core/vendor/illuminate/database/Eloquent/Concerns/GuardsAttributes.php(122): Illuminate\\Database\\Console\\Seeds\\SeedCommand->Illuminate\\Database\\Console\\Seeds\\{closure}()
#16 /home/oem/Desktop/Projects/onion-project/CoreService/core/vendor/illuminate/database/Console/Seeds/SeedCommand.php(64): Illuminate\\Database\\Eloquent\\Model::unguarded()
#17 [internal function]: Illuminate\\Database\\Console\\Seeds\\SeedCommand->handle()
#18 /home/oem/Desktop/Projects/onion-project/CoreService/core/vendor/illuminate/container/BoundMethod.php(32): call_user_func_array()
#19 /home/oem/Desktop/Projects/onion-project/CoreService/core/vendor/illuminate/container/Util.php(36): Illuminate\\Container\\BoundMethod::Illuminate\\Container\\{closure}()
#20 /home/oem/Desktop/Projects/onion-project/CoreService/core/vendor/illuminate/container/BoundMethod.php(90): Illuminate\\Container\\Util::unwrapIfClosure()
#21 /home/oem/Desktop/Projects/onion-project/CoreService/core/vendor/illuminate/container/BoundMethod.php(34): Illuminate\\Container\\BoundMethod::callBoundMethod()
#22 /home/oem/Desktop/Projects/onion-project/CoreService/core/vendor/illuminate/container/Container.php(590): Illuminate\\Container\\BoundMethod::call()
#23 /home/oem/Desktop/Projects/onion-project/CoreService/core/vendor/illuminate/console/Command.php(201): Illuminate\\Container\\Container->call()
#24 /home/oem/Desktop/Projects/onion-project/CoreService/core/vendor/symfony/console/Command/Command.php(255): Illuminate\\Console\\Command->execute()
#25 /home/oem/Desktop/Projects/onion-project/CoreService/core/vendor/illuminate/console/Command.php(188): Symfony\\Component\\Console\\Command\\Command->run()
#26 /home/oem/Desktop/Projects/onion-project/CoreService/core/vendor/illuminate/console/Concerns/CallsCommands.php(56): Illuminate\\Console\\Command->run()
#27 /home/oem/Desktop/Projects/onion-project/CoreService/core/vendor/illuminate/console/Concerns/CallsCommands.php(28): Illuminate\\Console\\Command->runCommand()
#28 /home/oem/Desktop/Projects/onion-project/CoreService/core/vendor/illuminate/database/Console/Migrations/FreshCommand.php(79): Illuminate\\Console\\Command->call()
#29 /home/oem/Desktop/Projects/onion-project/CoreService/core/vendor/illuminate/database/Console/Migrations/FreshCommand.php(56): Illuminate\\Database\\Console\\Migrations\\FreshCommand->runSeeder()
#30 [internal function]: Illuminate\\Database\\Console\\Migrations\\FreshCommand->handle()
#31 /home/oem/Desktop/Projects/onion-project/CoreService/core/vendor/illuminate/container/BoundMethod.php(32): call_user_func_array()
#32 /home/oem/Desktop/Projects/onion-project/CoreService/core/vendor/illuminate/container/Util.php(36): Illuminate\\Container\\BoundMethod::Illuminate\\Container\\{closure}()
#33 /home/oem/Desktop/Projects/onion-project/CoreService/core/vendor/illuminate/container/BoundMethod.php(90): Illuminate\\Container\\Util::unwrapIfClosure()
#34 /home/oem/Desktop/Projects/onion-project/CoreService/core/vendor/illuminate/container/BoundMethod.php(34): Illuminate\\Container\\BoundMethod::callBoundMethod()
#35 /home/oem/Desktop/Projects/onion-project/CoreService/core/vendor/illuminate/container/Container.php(590): Illuminate\\Container\\BoundMethod::call()
#36 /home/oem/Desktop/Projects/onion-project/CoreService/core/vendor/illuminate/console/Command.php(201): Illuminate\\Container\\Container->call()
#37 /home/oem/Desktop/Projects/onion-project/CoreService/core/vendor/symfony/console/Command/Command.php(255): Illuminate\\Console\\Command->execute()
#38 /home/oem/Desktop/Projects/onion-project/CoreService/core/vendor/illuminate/console/Command.php(188): Symfony\\Component\\Console\\Command\\Command->run()
#39 /home/oem/Desktop/Projects/onion-project/CoreService/core/vendor/symfony/console/Application.php(1012): Illuminate\\Console\\Command->run()
#40 /home/oem/Desktop/Projects/onion-project/CoreService/core/vendor/symfony/console/Application.php(272): Symfony\\Component\\Console\\Application->doRunCommand()
#41 /home/oem/Desktop/Projects/onion-project/CoreService/core/vendor/symfony/console/Application.php(148): Symfony\\Component\\Console\\Application->doRun()
#42 /home/oem/Desktop/Projects/onion-project/CoreService/core/vendor/illuminate/console/Application.php(93): Symfony\\Component\\Console\\Application->run()
#43 /home/oem/Desktop/Projects/onion-project/CoreService/core/vendor/laravel/lumen-framework/src/Console/Kernel.php(115): Illuminate\\Console\\Application->run()
#44 /home/oem/Desktop/Projects/onion-project/CoreService/core/artisan(35): Laravel\\Lumen\\Console\\Kernel->handle()
#45 {main}

[previous exception] [object] (PDOException(code: HY000): SQLSTATE[HY000]: General error: 1364 Field 'zipCode' doesn't have a default value at /home/oem/Desktop/Projects/onion-project/CoreService/core/vendor/illuminate/database/Connection.php:463)
[stacktrace]
#0 /home/oem/Desktop/Projects/onion-project/CoreService/core/vendor/illuminate/database/Connection.php(463): PDOStatement->execute()
#1 /home/oem/Desktop/Projects/onion-project/CoreService/core/vendor/illuminate/database/Connection.php(662): Illuminate\\Database\\Connection->Illuminate\\Database\\{closure}()
#2 /home/oem/Desktop/Projects/onion-project/CoreService/core/vendor/illuminate/database/Connection.php(629): Illuminate\\Database\\Connection->runQueryCallback()
#3 /home/oem/Desktop/Projects/onion-project/CoreService/core/vendor/illuminate/database/Connection.php(464): Illuminate\\Database\\Connection->run()
#4 /home/oem/Desktop/Projects/onion-project/CoreService/core/vendor/illuminate/database/Connection.php(416): Illuminate\\Database\\Connection->statement()
#5 /home/oem/Desktop/Projects/onion-project/CoreService/core/vendor/illuminate/database/Query/Builder.php(2628): Illuminate\\Database\\Connection->insert()
#6 /home/oem/Desktop/Projects/onion-project/CoreService/persistence/database/seeds/base/Countries.php(12): Illuminate\\Database\\Query\\Builder->insert()
#7 /home/oem/Desktop/Projects/onion-project/CoreService/persistence/database/seeds/base/Base.php(11): Persistence\\database\\seeds\\base\\Base->Countries()
#8 /home/oem/Desktop/Projects/onion-project/CoreService/persistence/database/seeds/DatabaseSeeder.php(15): Persistence\\database\\seeds\\base\\Base->__construct()
#9 [internal function]: DatabaseSeeder->run()
#10 /home/oem/Desktop/Projects/onion-project/CoreService/core/vendor/illuminate/container/BoundMethod.php(32): call_user_func_array()
#11 /home/oem/Desktop/Projects/onion-project/CoreService/core/vendor/illuminate/container/Util.php(36): Illuminate\\Container\\BoundMethod::Illuminate\\Container\\{closure}()
#12 /home/oem/Desktop/Projects/onion-project/CoreService/core/vendor/illuminate/container/BoundMethod.php(90): Illuminate\\Container\\Util::unwrapIfClosure()
#13 /home/oem/Desktop/Projects/onion-project/CoreService/core/vendor/illuminate/container/BoundMethod.php(34): Illuminate\\Container\\BoundMethod::callBoundMethod()
#14 /home/oem/Desktop/Projects/onion-project/CoreService/core/vendor/illuminate/container/Container.php(590): Illuminate\\Container\\BoundMethod::call()
#15 /home/oem/Desktop/Projects/onion-project/CoreService/core/vendor/illuminate/database/Seeder.php(134): Illuminate\\Container\\Container->call()
#16 /home/oem/Desktop/Projects/onion-project/CoreService/core/vendor/illuminate/database/Console/Seeds/SeedCommand.php(63): Illuminate\\Database\\Seeder->__invoke()
#17 /home/oem/Desktop/Projects/onion-project/CoreService/core/vendor/illuminate/database/Eloquent/Concerns/GuardsAttributes.php(122): Illuminate\\Database\\Console\\Seeds\\SeedCommand->Illuminate\\Database\\Console\\Seeds\\{closure}()
#18 /home/oem/Desktop/Projects/onion-project/CoreService/core/vendor/illuminate/database/Console/Seeds/SeedCommand.php(64): Illuminate\\Database\\Eloquent\\Model::unguarded()
#19 [internal function]: Illuminate\\Database\\Console\\Seeds\\SeedCommand->handle()
#20 /home/oem/Desktop/Projects/onion-project/CoreService/core/vendor/illuminate/container/BoundMethod.php(32): call_user_func_array()
#21 /home/oem/Desktop/Projects/onion-project/CoreService/core/vendor/illuminate/container/Util.php(36): Illuminate\\Container\\BoundMethod::Illuminate\\Container\\{closure}()
#22 /home/oem/Desktop/Projects/onion-project/CoreService/core/vendor/illuminate/container/BoundMethod.php(90): Illuminate\\Container\\Util::unwrapIfClosure()
#23 /home/oem/Desktop/Projects/onion-project/CoreService/core/vendor/illuminate/container/BoundMethod.php(34): Illuminate\\Container\\BoundMethod::callBoundMethod()
#24 /home/oem/Desktop/Projects/onion-project/CoreService/core/vendor/illuminate/container/Container.php(590): Illuminate\\Container\\BoundMethod::call()
#25 /home/oem/Desktop/Projects/onion-project/CoreService/core/vendor/illuminate/console/Command.php(201): Illuminate\\Container\\Container->call()
#26 /home/oem/Desktop/Projects/onion-project/CoreService/core/vendor/symfony/console/Command/Command.php(255): Illuminate\\Console\\Command->execute()
#27 /home/oem/Desktop/Projects/onion-project/CoreService/core/vendor/illuminate/console/Command.php(188): Symfony\\Component\\Console\\Command\\Command->run()
#28 /home/oem/Desktop/Projects/onion-project/CoreService/core/vendor/illuminate/console/Concerns/CallsCommands.php(56): Illuminate\\Console\\Command->run()
#29 /home/oem/Desktop/Projects/onion-project/CoreService/core/vendor/illuminate/console/Concerns/CallsCommands.php(28): Illuminate\\Console\\Command->runCommand()
#30 /home/oem/Desktop/Projects/onion-project/CoreService/core/vendor/illuminate/database/Console/Migrations/FreshCommand.php(79): Illuminate\\Console\\Command->call()
#31 /home/oem/Desktop/Projects/onion-project/CoreService/core/vendor/illuminate/database/Console/Migrations/FreshCommand.php(56): Illuminate\\Database\\Console\\Migrations\\FreshCommand->runSeeder()
#32 [internal function]: Illuminate\\Database\\Console\\Migrations\\FreshCommand->handle()
#33 /home/oem/Desktop/Projects/onion-project/CoreService/core/vendor/illuminate/container/BoundMethod.php(32): call_user_func_array()
#34 /home/oem/Desktop/Projects/onion-project/CoreService/core/vendor/illuminate/container/Util.php(36): Illuminate\\Container\\BoundMethod::Illuminate\\Container\\{closure}()
#35 /home/oem/Desktop/Projects/onion-project/CoreService/core/vendor/illuminate/container/BoundMethod.php(90): Illuminate\\Container\\Util::unwrapIfClosure()
#36 /home/oem/Desktop/Projects/onion-project/CoreService/core/vendor/illuminate/container/BoundMethod.php(34): Illuminate\\Container\\BoundMethod::callBoundMethod()
#37 /home/oem/Desktop/Projects/onion-project/CoreService/core/vendor/illuminate/container/Container.php(590): Illuminate\\Container\\BoundMethod::call()
#38 /home/oem/Desktop/Projects/onion-project/CoreService/core/vendor/illuminate/console/Command.php(201): Illuminate\\Container\\Container->call()
#39 /home/oem/Desktop/Projects/onion-project/CoreService/core/vendor/symfony/console/Command/Command.php(255): Illuminate\\Console\\Command->execute()
#40 /home/oem/Desktop/Projects/onion-project/CoreService/core/vendor/illuminate/console/Command.php(188): Symfony\\Component\\Console\\Command\\Command->run()
#41 /home/oem/Desktop/Projects/onion-project/CoreService/core/vendor/symfony/console/Application.php(1012): Illuminate\\Console\\Command->run()
#42 /home/oem/Desktop/Projects/onion-project/CoreService/core/vendor/symfony/console/Application.php(272): Symfony\\Component\\Console\\Application->doRunCommand()
#43 /home/oem/Desktop/Projects/onion-project/CoreService/core/vendor/symfony/console/Application.php(148): Symfony\\Component\\Console\\Application->doRun()
#44 /home/oem/Desktop/Projects/onion-project/CoreService/core/vendor/illuminate/console/Application.php(93): Symfony\\Component\\Console\\Application->run()
#45 /home/oem/Desktop/Projects/onion-project/CoreService/core/vendor/laravel/lumen-framework/src/Console/Kernel.php(115): Illuminate\\Console\\Application->run()
#46 /home/oem/Desktop/Projects/onion-project/CoreService/core/artisan(35): Laravel\\Lumen\\Console\\Kernel->handle()
#47 {main}
"} 
[2020-03-03 21:55:23] local.ERROR: ReflectionException: Class Host\controllers\RoleController does not exist in /home/oem/Desktop/Projects/onion-project/CoreService/core/vendor/illuminate/container/Container.php:803
Stack trace:
#0 /home/oem/Desktop/Projects/onion-project/CoreService/core/vendor/illuminate/container/Container.php(803): ReflectionClass->__construct()
#1 /home/oem/Desktop/Projects/onion-project/CoreService/core/vendor/illuminate/container/Container.php(681): Illuminate\Container\Container->build()
#2 /home/oem/Desktop/Projects/onion-project/CoreService/core/vendor/illuminate/container/Container.php(629): Illuminate\Container\Container->resolve()
#3 /home/oem/Desktop/Projects/onion-project/CoreService/core/vendor/laravel/lumen-framework/src/Application.php(267): Illuminate\Container\Container->make()
#4 /home/oem/Desktop/Projects/onion-project/CoreService/core/vendor/laravel/lumen-framework/src/Concerns/RoutesRequests.php(311): Laravel\Lumen\Application->make()
#5 /home/oem/Desktop/Projects/onion-project/CoreService/core/vendor/laravel/lumen-framework/src/Concerns/RoutesRequests.php(278): Laravel\Lumen\Application->callControllerAction()
#6 /home/oem/Desktop/Projects/onion-project/CoreService/core/vendor/laravel/lumen-framework/src/Concerns/RoutesRequests.php(258): Laravel\Lumen\Application->callActionOnArrayBasedRoute()
#7 /home/oem/Desktop/Projects/onion-project/CoreService/core/vendor/laravel/lumen-framework/src/Concerns/RoutesRequests.php(416): Laravel\Lumen\Application->Laravel\Lumen\Concerns\{closure}()
#8 /home/oem/Desktop/Projects/onion-project/CoreService/core/vendor/laravel/lumen-framework/src/Concerns/RoutesRequests.php(259): Laravel\Lumen\Application->sendThroughPipeline()
#9 /home/oem/Desktop/Projects/onion-project/CoreService/core/vendor/laravel/lumen-framework/src/Concerns/RoutesRequests.php(165): Laravel\Lumen\Application->handleFoundRoute()
#10 /home/oem/Desktop/Projects/onion-project/CoreService/core/vendor/laravel/lumen-framework/src/Concerns/RoutesRequests.php(416): Laravel\Lumen\Application->Laravel\Lumen\Concerns\{closure}()
#11 /home/oem/Desktop/Projects/onion-project/CoreService/core/vendor/laravel/lumen-framework/src/Concerns/RoutesRequests.php(171): Laravel\Lumen\Application->sendThroughPipeline()
#12 /home/oem/Desktop/Projects/onion-project/CoreService/core/myvendor/commands/AutoSwagger.php(103): Laravel\Lumen\Application->dispatch()
#13 /home/oem/Desktop/Projects/onion-project/CoreService/core/myvendor/commands/AutoSwagger.php(67): Core\myvendor\commands\AutoSwagger->PrepareData()
#14 /home/oem/Desktop/Projects/onion-project/CoreService/core/myvendor/commands/AutoSwagger.php(38): Core\myvendor\commands\AutoSwagger->getRoutes()
#15 [internal function]: Core\myvendor\commands\AutoSwagger->handle()
#16 /home/oem/Desktop/Projects/onion-project/CoreService/core/vendor/illuminate/container/BoundMethod.php(32): call_user_func_array()
#17 /home/oem/Desktop/Projects/onion-project/CoreService/core/vendor/illuminate/container/Util.php(36): Illuminate\Container\BoundMethod::Illuminate\Container\{closure}()
#18 /home/oem/Desktop/Projects/onion-project/CoreService/core/vendor/illuminate/container/BoundMethod.php(90): Illuminate\Container\Util::unwrapIfClosure()
#19 /home/oem/Desktop/Projects/onion-project/CoreService/core/vendor/illuminate/container/BoundMethod.php(34): Illuminate\Container\BoundMethod::callBoundMethod()
#20 /home/oem/Desktop/Projects/onion-project/CoreService/core/vendor/illuminate/container/Container.php(590): Illuminate\Container\BoundMethod::call()
#21 /home/oem/Desktop/Projects/onion-project/CoreService/core/vendor/illuminate/console/Command.php(201): Illuminate\Container\Container->call()
#22 /home/oem/Desktop/Projects/onion-project/CoreService/core/vendor/symfony/console/Command/Command.php(255): Illuminate\Console\Command->execute()
#23 /home/oem/Desktop/Projects/onion-project/CoreService/core/vendor/illuminate/console/Command.php(188): Symfony\Component\Console\Command\Command->run()
#24 /home/oem/Desktop/Projects/onion-project/CoreService/core/vendor/symfony/console/Application.php(1012): Illuminate\Console\Command->run()
#25 /home/oem/Desktop/Projects/onion-project/CoreService/core/vendor/symfony/console/Application.php(272): Symfony\Component\Console\Application->doRunCommand()
#26 /home/oem/Desktop/Projects/onion-project/CoreService/core/vendor/symfony/console/Application.php(148): Symfony\Component\Console\Application->doRun()
#27 /home/oem/Desktop/Projects/onion-project/CoreService/core/vendor/illuminate/console/Application.php(93): Symfony\Component\Console\Application->run()
#28 /home/oem/Desktop/Projects/onion-project/CoreService/core/vendor/laravel/lumen-framework/src/Console/Kernel.php(115): Illuminate\Console\Application->run()
#29 /home/oem/Desktop/Projects/onion-project/CoreService/core/artisan(35): Laravel\Lumen\Console\Kernel->handle()
#30 {main}

Next Illuminate\Contracts\Container\BindingResolutionException: Target class [Host\controllers\RoleController] does not exist. in /home/oem/Desktop/Projects/onion-project/CoreService/core/vendor/illuminate/container/Container.php:805
Stack trace:
#0 /home/oem/Desktop/Projects/onion-project/CoreService/core/vendor/illuminate/container/Container.php(681): Illuminate\Container\Container->build()
#1 /home/oem/Desktop/Projects/onion-project/CoreService/core/vendor/illuminate/container/Container.php(629): Illuminate\Container\Container->resolve()
#2 /home/oem/Desktop/Projects/onion-project/CoreService/core/vendor/laravel/lumen-framework/src/Application.php(267): Illuminate\Container\Container->make()
#3 /home/oem/Desktop/Projects/onion-project/CoreService/core/vendor/laravel/lumen-framework/src/Concerns/RoutesRequests.php(311): Laravel\Lumen\Application->make()
#4 /home/oem/Desktop/Projects/onion-project/CoreService/core/vendor/laravel/lumen-framework/src/Concerns/RoutesRequests.php(278): Laravel\Lumen\Application->callControllerAction()
#5 /home/oem/Desktop/Projects/onion-project/CoreService/core/vendor/laravel/lumen-framework/src/Concerns/RoutesRequests.php(258): Laravel\Lumen\Application->callActionOnArrayBasedRoute()
#6 /home/oem/Desktop/Projects/onion-project/CoreService/core/vendor/laravel/lumen-framework/src/Concerns/RoutesRequests.php(416): Laravel\Lumen\Application->Laravel\Lumen\Concerns\{closure}()
#7 /home/oem/Desktop/Projects/onion-project/CoreService/core/vendor/laravel/lumen-framework/src/Concerns/RoutesRequests.php(259): Laravel\Lumen\Application->sendThroughPipeline()
#8 /home/oem/Desktop/Projects/onion-project/CoreService/core/vendor/laravel/lumen-framework/src/Concerns/RoutesRequests.php(165): Laravel\Lumen\Application->handleFoundRoute()
#9 /home/oem/Desktop/Projects/onion-project/CoreService/core/vendor/laravel/lumen-framework/src/Concerns/RoutesRequests.php(416): Laravel\Lumen\Application->Laravel\Lumen\Concerns\{closure}()
#10 /home/oem/Desktop/Projects/onion-project/CoreService/core/vendor/laravel/lumen-framework/src/Concerns/RoutesRequests.php(171): Laravel\Lumen\Application->sendThroughPipeline()
#11 /home/oem/Desktop/Projects/onion-project/CoreService/core/myvendor/commands/AutoSwagger.php(103): Laravel\Lumen\Application->dispatch()
#12 /home/oem/Desktop/Projects/onion-project/CoreService/core/myvendor/commands/AutoSwagger.php(67): Core\myvendor\commands\AutoSwagger->PrepareData()
#13 /home/oem/Desktop/Projects/onion-project/CoreService/core/myvendor/commands/AutoSwagger.php(38): Core\myvendor\commands\AutoSwagger->getRoutes()
#14 [internal function]: Core\myvendor\commands\AutoSwagger->handle()
#15 /home/oem/Desktop/Projects/onion-project/CoreService/core/vendor/illuminate/container/BoundMethod.php(32): call_user_func_array()
#16 /home/oem/Desktop/Projects/onion-project/CoreService/core/vendor/illuminate/container/Util.php(36): Illuminate\Container\BoundMethod::Illuminate\Container\{closure}()
#17 /home/oem/Desktop/Projects/onion-project/CoreService/core/vendor/illuminate/container/BoundMethod.php(90): Illuminate\Container\Util::unwrapIfClosure()
#18 /home/oem/Desktop/Projects/onion-project/CoreService/core/vendor/illuminate/container/BoundMethod.php(34): Illuminate\Container\BoundMethod::callBoundMethod()
#19 /home/oem/Desktop/Projects/onion-project/CoreService/core/vendor/illuminate/container/Container.php(590): Illuminate\Container\BoundMethod::call()
#20 /home/oem/Desktop/Projects/onion-project/CoreService/core/vendor/illuminate/console/Command.php(201): Illuminate\Container\Container->call()
#21 /home/oem/Desktop/Projects/onion-project/CoreService/core/vendor/symfony/console/Command/Command.php(255): Illuminate\Console\Command->execute()
#22 /home/oem/Desktop/Projects/onion-project/CoreService/core/vendor/illuminate/console/Command.php(188): Symfony\Component\Console\Command\Command->run()
#23 /home/oem/Desktop/Projects/onion-project/CoreService/core/vendor/symfony/console/Application.php(1012): Illuminate\Console\Command->run()
#24 /home/oem/Desktop/Projects/onion-project/CoreService/core/vendor/symfony/console/Application.php(272): Symfony\Component\Console\Application->doRunCommand()
#25 /home/oem/Desktop/Projects/onion-project/CoreService/core/vendor/symfony/console/Application.php(148): Symfony\Component\Console\Application->doRun()
#26 /home/oem/Desktop/Projects/onion-project/CoreService/core/vendor/illuminate/console/Application.php(93): Symfony\Component\Console\Application->run()
#27 /home/oem/Desktop/Projects/onion-project/CoreService/core/vendor/laravel/lumen-framework/src/Console/Kernel.php(115): Illuminate\Console\Application->run()
#28 /home/oem/Desktop/Projects/onion-project/CoreService/core/artisan(35): Laravel\Lumen\Console\Kernel->handle()
#29 {main} {"exception":"[object] (Illuminate\\Contracts\\Container\\BindingResolutionException(code: 0): Target class [Host\\controllers\\RoleController] does not exist. at /home/oem/Desktop/Projects/onion-project/CoreService/core/vendor/illuminate/container/Container.php:805)
[stacktrace]
#0 /home/oem/Desktop/Projects/onion-project/CoreService/core/vendor/illuminate/container/Container.php(681): Illuminate\\Container\\Container->build()
#1 /home/oem/Desktop/Projects/onion-project/CoreService/core/vendor/illuminate/container/Container.php(629): Illuminate\\Container\\Container->resolve()
#2 /home/oem/Desktop/Projects/onion-project/CoreService/core/vendor/laravel/lumen-framework/src/Application.php(267): Illuminate\\Container\\Container->make()
#3 /home/oem/Desktop/Projects/onion-project/CoreService/core/vendor/laravel/lumen-framework/src/Concerns/RoutesRequests.php(311): Laravel\\Lumen\\Application->make()
#4 /home/oem/Desktop/Projects/onion-project/CoreService/core/vendor/laravel/lumen-framework/src/Concerns/RoutesRequests.php(278): Laravel\\Lumen\\Application->callControllerAction()
#5 /home/oem/Desktop/Projects/onion-project/CoreService/core/vendor/laravel/lumen-framework/src/Concerns/RoutesRequests.php(258): Laravel\\Lumen\\Application->callActionOnArrayBasedRoute()
#6 /home/oem/Desktop/Projects/onion-project/CoreService/core/vendor/laravel/lumen-framework/src/Concerns/RoutesRequests.php(416): Laravel\\Lumen\\Application->Laravel\\Lumen\\Concerns\\{closure}()
#7 /home/oem/Desktop/Projects/onion-project/CoreService/core/vendor/laravel/lumen-framework/src/Concerns/RoutesRequests.php(259): Laravel\\Lumen\\Application->sendThroughPipeline()
#8 /home/oem/Desktop/Projects/onion-project/CoreService/core/vendor/laravel/lumen-framework/src/Concerns/RoutesRequests.php(165): Laravel\\Lumen\\Application->handleFoundRoute()
#9 /home/oem/Desktop/Projects/onion-project/CoreService/core/vendor/laravel/lumen-framework/src/Concerns/RoutesRequests.php(416): Laravel\\Lumen\\Application->Laravel\\Lumen\\Concerns\\{closure}()
#10 /home/oem/Desktop/Projects/onion-project/CoreService/core/vendor/laravel/lumen-framework/src/Concerns/RoutesRequests.php(171): Laravel\\Lumen\\Application->sendThroughPipeline()
#11 /home/oem/Desktop/Projects/onion-project/CoreService/core/myvendor/commands/AutoSwagger.php(103): Laravel\\Lumen\\Application->dispatch()
#12 /home/oem/Desktop/Projects/onion-project/CoreService/core/myvendor/commands/AutoSwagger.php(67): Core\\myvendor\\commands\\AutoSwagger->PrepareData()
#13 /home/oem/Desktop/Projects/onion-project/CoreService/core/myvendor/commands/AutoSwagger.php(38): Core\\myvendor\\commands\\AutoSwagger->getRoutes()
#14 [internal function]: Core\\myvendor\\commands\\AutoSwagger->handle()
#15 /home/oem/Desktop/Projects/onion-project/CoreService/core/vendor/illuminate/container/BoundMethod.php(32): call_user_func_array()
#16 /home/oem/Desktop/Projects/onion-project/CoreService/core/vendor/illuminate/container/Util.php(36): Illuminate\\Container\\BoundMethod::Illuminate\\Container\\{closure}()
#17 /home/oem/Desktop/Projects/onion-project/CoreService/core/vendor/illuminate/container/BoundMethod.php(90): Illuminate\\Container\\Util::unwrapIfClosure()
#18 /home/oem/Desktop/Projects/onion-project/CoreService/core/vendor/illuminate/container/BoundMethod.php(34): Illuminate\\Container\\BoundMethod::callBoundMethod()
#19 /home/oem/Desktop/Projects/onion-project/CoreService/core/vendor/illuminate/container/Container.php(590): Illuminate\\Container\\BoundMethod::call()
#20 /home/oem/Desktop/Projects/onion-project/CoreService/core/vendor/illuminate/console/Command.php(201): Illuminate\\Container\\Container->call()
#21 /home/oem/Desktop/Projects/onion-project/CoreService/core/vendor/symfony/console/Command/Command.php(255): Illuminate\\Console\\Command->execute()
#22 /home/oem/Desktop/Projects/onion-project/CoreService/core/vendor/illuminate/console/Command.php(188): Symfony\\Component\\Console\\Command\\Command->run()
#23 /home/oem/Desktop/Projects/onion-project/CoreService/core/vendor/symfony/console/Application.php(1012): Illuminate\\Console\\Command->run()
#24 /home/oem/Desktop/Projects/onion-project/CoreService/core/vendor/symfony/console/Application.php(272): Symfony\\Component\\Console\\Application->doRunCommand()
#25 /home/oem/Desktop/Projects/onion-project/CoreService/core/vendor/symfony/console/Application.php(148): Symfony\\Component\\Console\\Application->doRun()
#26 /home/oem/Desktop/Projects/onion-project/CoreService/core/vendor/illuminate/console/Application.php(93): Symfony\\Component\\Console\\Application->run()
#27 /home/oem/Desktop/Projects/onion-project/CoreService/core/vendor/laravel/lumen-framework/src/Console/Kernel.php(115): Illuminate\\Console\\Application->run()
#28 /home/oem/Desktop/Projects/onion-project/CoreService/core/artisan(35): Laravel\\Lumen\\Console\\Kernel->handle()
#29 {main}

[previous exception] [object] (ReflectionException(code: -1): Class Host\\controllers\\RoleController does not exist at /home/oem/Desktop/Projects/onion-project/CoreService/core/vendor/illuminate/container/Container.php:803)
[stacktrace]
#0 /home/oem/Desktop/Projects/onion-project/CoreService/core/vendor/illuminate/container/Container.php(803): ReflectionClass->__construct()
#1 /home/oem/Desktop/Projects/onion-project/CoreService/core/vendor/illuminate/container/Container.php(681): Illuminate\\Container\\Container->build()
#2 /home/oem/Desktop/Projects/onion-project/CoreService/core/vendor/illuminate/container/Container.php(629): Illuminate\\Container\\Container->resolve()
#3 /home/oem/Desktop/Projects/onion-project/CoreService/core/vendor/laravel/lumen-framework/src/Application.php(267): Illuminate\\Container\\Container->make()
#4 /home/oem/Desktop/Projects/onion-project/CoreService/core/vendor/laravel/lumen-framework/src/Concerns/RoutesRequests.php(311): Laravel\\Lumen\\Application->make()
#5 /home/oem/Desktop/Projects/onion-project/CoreService/core/vendor/laravel/lumen-framework/src/Concerns/RoutesRequests.php(278): Laravel\\Lumen\\Application->callControllerAction()
#6 /home/oem/Desktop/Projects/onion-project/CoreService/core/vendor/laravel/lumen-framework/src/Concerns/RoutesRequests.php(258): Laravel\\Lumen\\Application->callActionOnArrayBasedRoute()
#7 /home/oem/Desktop/Projects/onion-project/CoreService/core/vendor/laravel/lumen-framework/src/Concerns/RoutesRequests.php(416): Laravel\\Lumen\\Application->Laravel\\Lumen\\Concerns\\{closure}()
#8 /home/oem/Desktop/Projects/onion-project/CoreService/core/vendor/laravel/lumen-framework/src/Concerns/RoutesRequests.php(259): Laravel\\Lumen\\Application->sendThroughPipeline()
#9 /home/oem/Desktop/Projects/onion-project/CoreService/core/vendor/laravel/lumen-framework/src/Concerns/RoutesRequests.php(165): Laravel\\Lumen\\Application->handleFoundRoute()
#10 /home/oem/Desktop/Projects/onion-project/CoreService/core/vendor/laravel/lumen-framework/src/Concerns/RoutesRequests.php(416): Laravel\\Lumen\\Application->Laravel\\Lumen\\Concerns\\{closure}()
#11 /home/oem/Desktop/Projects/onion-project/CoreService/core/vendor/laravel/lumen-framework/src/Concerns/RoutesRequests.php(171): Laravel\\Lumen\\Application->sendThroughPipeline()
#12 /home/oem/Desktop/Projects/onion-project/CoreService/core/myvendor/commands/AutoSwagger.php(103): Laravel\\Lumen\\Application->dispatch()
#13 /home/oem/Desktop/Projects/onion-project/CoreService/core/myvendor/commands/AutoSwagger.php(67): Core\\myvendor\\commands\\AutoSwagger->PrepareData()
#14 /home/oem/Desktop/Projects/onion-project/CoreService/core/myvendor/commands/AutoSwagger.php(38): Core\\myvendor\\commands\\AutoSwagger->getRoutes()
#15 [internal function]: Core\\myvendor\\commands\\AutoSwagger->handle()
#16 /home/oem/Desktop/Projects/onion-project/CoreService/core/vendor/illuminate/container/BoundMethod.php(32): call_user_func_array()
#17 /home/oem/Desktop/Projects/onion-project/CoreService/core/vendor/illuminate/container/Util.php(36): Illuminate\\Container\\BoundMethod::Illuminate\\Container\\{closure}()
#18 /home/oem/Desktop/Projects/onion-project/CoreService/core/vendor/illuminate/container/BoundMethod.php(90): Illuminate\\Container\\Util::unwrapIfClosure()
#19 /home/oem/Desktop/Projects/onion-project/CoreService/core/vendor/illuminate/container/BoundMethod.php(34): Illuminate\\Container\\BoundMethod::callBoundMethod()
#20 /home/oem/Desktop/Projects/onion-project/CoreService/core/vendor/illuminate/container/Container.php(590): Illuminate\\Container\\BoundMethod::call()
#21 /home/oem/Desktop/Projects/onion-project/CoreService/core/vendor/illuminate/console/Command.php(201): Illuminate\\Container\\Container->call()
#22 /home/oem/Desktop/Projects/onion-project/CoreService/core/vendor/symfony/console/Command/Command.php(255): Illuminate\\Console\\Command->execute()
#23 /home/oem/Desktop/Projects/onion-project/CoreService/core/vendor/illuminate/console/Command.php(188): Symfony\\Component\\Console\\Command\\Command->run()
#24 /home/oem/Desktop/Projects/onion-project/CoreService/core/vendor/symfony/console/Application.php(1012): Illuminate\\Console\\Command->run()
#25 /home/oem/Desktop/Projects/onion-project/CoreService/core/vendor/symfony/console/Application.php(272): Symfony\\Component\\Console\\Application->doRunCommand()
#26 /home/oem/Desktop/Projects/onion-project/CoreService/core/vendor/symfony/console/Application.php(148): Symfony\\Component\\Console\\Application->doRun()
#27 /home/oem/Desktop/Projects/onion-project/CoreService/core/vendor/illuminate/console/Application.php(93): Symfony\\Component\\Console\\Application->run()
#28 /home/oem/Desktop/Projects/onion-project/CoreService/core/vendor/laravel/lumen-framework/src/Console/Kernel.php(115): Illuminate\\Console\\Application->run()
#29 /home/oem/Desktop/Projects/onion-project/CoreService/core/artisan(35): Laravel\\Lumen\\Console\\Kernel->handle()
#30 {main}
"} 
[2020-03-03 21:55:24] local.ERROR: ReflectionException: Class Host\controllers\RoleController does not exist in /home/oem/Desktop/Projects/onion-project/CoreService/core/vendor/illuminate/container/Container.php:803
Stack trace:
#0 /home/oem/Desktop/Projects/onion-project/CoreService/core/vendor/illuminate/container/Container.php(803): ReflectionClass->__construct()
#1 /home/oem/Desktop/Projects/onion-project/CoreService/core/vendor/illuminate/container/Container.php(681): Illuminate\Container\Container->build()
#2 /home/oem/Desktop/Projects/onion-project/CoreService/core/vendor/illuminate/container/Container.php(629): Illuminate\Container\Container->resolve()
#3 /home/oem/Desktop/Projects/onion-project/CoreService/core/vendor/laravel/lumen-framework/src/Application.php(267): Illuminate\Container\Container->make()
#4 /home/oem/Desktop/Projects/onion-project/CoreService/core/vendor/laravel/lumen-framework/src/Concerns/RoutesRequests.php(311): Laravel\Lumen\Application->make()
#5 /home/oem/Desktop/Projects/onion-project/CoreService/core/vendor/laravel/lumen-framework/src/Concerns/RoutesRequests.php(278): Laravel\Lumen\Application->callControllerAction()
#6 /home/oem/Desktop/Projects/onion-project/CoreService/core/vendor/laravel/lumen-framework/src/Concerns/RoutesRequests.php(258): Laravel\Lumen\Application->callActionOnArrayBasedRoute()
#7 /home/oem/Desktop/Projects/onion-project/CoreService/core/vendor/laravel/lumen-framework/src/Concerns/RoutesRequests.php(416): Laravel\Lumen\Application->Laravel\Lumen\Concerns\{closure}()
#8 /home/oem/Desktop/Projects/onion-project/CoreService/core/vendor/laravel/lumen-framework/src/Concerns/RoutesRequests.php(259): Laravel\Lumen\Application->sendThroughPipeline()
#9 /home/oem/Desktop/Projects/onion-project/CoreService/core/vendor/laravel/lumen-framework/src/Concerns/RoutesRequests.php(165): Laravel\Lumen\Application->handleFoundRoute()
#10 /home/oem/Desktop/Projects/onion-project/CoreService/core/vendor/laravel/lumen-framework/src/Concerns/RoutesRequests.php(416): Laravel\Lumen\Application->Laravel\Lumen\Concerns\{closure}()
#11 /home/oem/Desktop/Projects/onion-project/CoreService/core/vendor/laravel/lumen-framework/src/Concerns/RoutesRequests.php(171): Laravel\Lumen\Application->sendThroughPipeline()
#12 /home/oem/Desktop/Projects/onion-project/CoreService/core/myvendor/commands/AutoSwagger.php(103): Laravel\Lumen\Application->dispatch()
#13 /home/oem/Desktop/Projects/onion-project/CoreService/core/myvendor/commands/AutoSwagger.php(67): Core\myvendor\commands\AutoSwagger->PrepareData()
#14 /home/oem/Desktop/Projects/onion-project/CoreService/core/myvendor/commands/AutoSwagger.php(38): Core\myvendor\commands\AutoSwagger->getRoutes()
#15 [internal function]: Core\myvendor\commands\AutoSwagger->handle()
#16 /home/oem/Desktop/Projects/onion-project/CoreService/core/vendor/illuminate/container/BoundMethod.php(32): call_user_func_array()
#17 /home/oem/Desktop/Projects/onion-project/CoreService/core/vendor/illuminate/container/Util.php(36): Illuminate\Container\BoundMethod::Illuminate\Container\{closure}()
#18 /home/oem/Desktop/Projects/onion-project/CoreService/core/vendor/illuminate/container/BoundMethod.php(90): Illuminate\Container\Util::unwrapIfClosure()
#19 /home/oem/Desktop/Projects/onion-project/CoreService/core/vendor/illuminate/container/BoundMethod.php(34): Illuminate\Container\BoundMethod::callBoundMethod()
#20 /home/oem/Desktop/Projects/onion-project/CoreService/core/vendor/illuminate/container/Container.php(590): Illuminate\Container\BoundMethod::call()
#21 /home/oem/Desktop/Projects/onion-project/CoreService/core/vendor/illuminate/console/Command.php(201): Illuminate\Container\Container->call()
#22 /home/oem/Desktop/Projects/onion-project/CoreService/core/vendor/symfony/console/Command/Command.php(255): Illuminate\Console\Command->execute()
#23 /home/oem/Desktop/Projects/onion-project/CoreService/core/vendor/illuminate/console/Command.php(188): Symfony\Component\Console\Command\Command->run()
#24 /home/oem/Desktop/Projects/onion-project/CoreService/core/vendor/symfony/console/Application.php(1012): Illuminate\Console\Command->run()
#25 /home/oem/Desktop/Projects/onion-project/CoreService/core/vendor/symfony/console/Application.php(272): Symfony\Component\Console\Application->doRunCommand()
#26 /home/oem/Desktop/Projects/onion-project/CoreService/core/vendor/symfony/console/Application.php(148): Symfony\Component\Console\Application->doRun()
#27 /home/oem/Desktop/Projects/onion-project/CoreService/core/vendor/illuminate/console/Application.php(93): Symfony\Component\Console\Application->run()
#28 /home/oem/Desktop/Projects/onion-project/CoreService/core/vendor/laravel/lumen-framework/src/Console/Kernel.php(115): Illuminate\Console\Application->run()
#29 /home/oem/Desktop/Projects/onion-project/CoreService/core/artisan(35): Laravel\Lumen\Console\Kernel->handle()
#30 {main}

Next Illuminate\Contracts\Container\BindingResolutionException: Target class [Host\controllers\RoleController] does not exist. in /home/oem/Desktop/Projects/onion-project/CoreService/core/vendor/illuminate/container/Container.php:805
Stack trace:
#0 /home/oem/Desktop/Projects/onion-project/CoreService/core/vendor/illuminate/container/Container.php(681): Illuminate\Container\Container->build()
#1 /home/oem/Desktop/Projects/onion-project/CoreService/core/vendor/illuminate/container/Container.php(629): Illuminate\Container\Container->resolve()
#2 /home/oem/Desktop/Projects/onion-project/CoreService/core/vendor/laravel/lumen-framework/src/Application.php(267): Illuminate\Container\Container->make()
#3 /home/oem/Desktop/Projects/onion-project/CoreService/core/vendor/laravel/lumen-framework/src/Concerns/RoutesRequests.php(311): Laravel\Lumen\Application->make()
#4 /home/oem/Desktop/Projects/onion-project/CoreService/core/vendor/laravel/lumen-framework/src/Concerns/RoutesRequests.php(278): Laravel\Lumen\Application->callControllerAction()
#5 /home/oem/Desktop/Projects/onion-project/CoreService/core/vendor/laravel/lumen-framework/src/Concerns/RoutesRequests.php(258): Laravel\Lumen\Application->callActionOnArrayBasedRoute()
#6 /home/oem/Desktop/Projects/onion-project/CoreService/core/vendor/laravel/lumen-framework/src/Concerns/RoutesRequests.php(416): Laravel\Lumen\Application->Laravel\Lumen\Concerns\{closure}()
#7 /home/oem/Desktop/Projects/onion-project/CoreService/core/vendor/laravel/lumen-framework/src/Concerns/RoutesRequests.php(259): Laravel\Lumen\Application->sendThroughPipeline()
#8 /home/oem/Desktop/Projects/onion-project/CoreService/core/vendor/laravel/lumen-framework/src/Concerns/RoutesRequests.php(165): Laravel\Lumen\Application->handleFoundRoute()
#9 /home/oem/Desktop/Projects/onion-project/CoreService/core/vendor/laravel/lumen-framework/src/Concerns/RoutesRequests.php(416): Laravel\Lumen\Application->Laravel\Lumen\Concerns\{closure}()
#10 /home/oem/Desktop/Projects/onion-project/CoreService/core/vendor/laravel/lumen-framework/src/Concerns/RoutesRequests.php(171): Laravel\Lumen\Application->sendThroughPipeline()
#11 /home/oem/Desktop/Projects/onion-project/CoreService/core/myvendor/commands/AutoSwagger.php(103): Laravel\Lumen\Application->dispatch()
#12 /home/oem/Desktop/Projects/onion-project/CoreService/core/myvendor/commands/AutoSwagger.php(67): Core\myvendor\commands\AutoSwagger->PrepareData()
#13 /home/oem/Desktop/Projects/onion-project/CoreService/core/myvendor/commands/AutoSwagger.php(38): Core\myvendor\commands\AutoSwagger->getRoutes()
#14 [internal function]: Core\myvendor\commands\AutoSwagger->handle()
#15 /home/oem/Desktop/Projects/onion-project/CoreService/core/vendor/illuminate/container/BoundMethod.php(32): call_user_func_array()
#16 /home/oem/Desktop/Projects/onion-project/CoreService/core/vendor/illuminate/container/Util.php(36): Illuminate\Container\BoundMethod::Illuminate\Container\{closure}()
#17 /home/oem/Desktop/Projects/onion-project/CoreService/core/vendor/illuminate/container/BoundMethod.php(90): Illuminate\Container\Util::unwrapIfClosure()
#18 /home/oem/Desktop/Projects/onion-project/CoreService/core/vendor/illuminate/container/BoundMethod.php(34): Illuminate\Container\BoundMethod::callBoundMethod()
#19 /home/oem/Desktop/Projects/onion-project/CoreService/core/vendor/illuminate/container/Container.php(590): Illuminate\Container\BoundMethod::call()
#20 /home/oem/Desktop/Projects/onion-project/CoreService/core/vendor/illuminate/console/Command.php(201): Illuminate\Container\Container->call()
#21 /home/oem/Desktop/Projects/onion-project/CoreService/core/vendor/symfony/console/Command/Command.php(255): Illuminate\Console\Command->execute()
#22 /home/oem/Desktop/Projects/onion-project/CoreService/core/vendor/illuminate/console/Command.php(188): Symfony\Component\Console\Command\Command->run()
#23 /home/oem/Desktop/Projects/onion-project/CoreService/core/vendor/symfony/console/Application.php(1012): Illuminate\Console\Command->run()
#24 /home/oem/Desktop/Projects/onion-project/CoreService/core/vendor/symfony/console/Application.php(272): Symfony\Component\Console\Application->doRunCommand()
#25 /home/oem/Desktop/Projects/onion-project/CoreService/core/vendor/symfony/console/Application.php(148): Symfony\Component\Console\Application->doRun()
#26 /home/oem/Desktop/Projects/onion-project/CoreService/core/vendor/illuminate/console/Application.php(93): Symfony\Component\Console\Application->run()
#27 /home/oem/Desktop/Projects/onion-project/CoreService/core/vendor/laravel/lumen-framework/src/Console/Kernel.php(115): Illuminate\Console\Application->run()
#28 /home/oem/Desktop/Projects/onion-project/CoreService/core/artisan(35): Laravel\Lumen\Console\Kernel->handle()
#29 {main} {"exception":"[object] (Illuminate\\Contracts\\Container\\BindingResolutionException(code: 0): Target class [Host\\controllers\\RoleController] does not exist. at /home/oem/Desktop/Projects/onion-project/CoreService/core/vendor/illuminate/container/Container.php:805)
[stacktrace]
#0 /home/oem/Desktop/Projects/onion-project/CoreService/core/vendor/illuminate/container/Container.php(681): Illuminate\\Container\\Container->build()
#1 /home/oem/Desktop/Projects/onion-project/CoreService/core/vendor/illuminate/container/Container.php(629): Illuminate\\Container\\Container->resolve()
#2 /home/oem/Desktop/Projects/onion-project/CoreService/core/vendor/laravel/lumen-framework/src/Application.php(267): Illuminate\\Container\\Container->make()
#3 /home/oem/Desktop/Projects/onion-project/CoreService/core/vendor/laravel/lumen-framework/src/Concerns/RoutesRequests.php(311): Laravel\\Lumen\\Application->make()
#4 /home/oem/Desktop/Projects/onion-project/CoreService/core/vendor/laravel/lumen-framework/src/Concerns/RoutesRequests.php(278): Laravel\\Lumen\\Application->callControllerAction()
#5 /home/oem/Desktop/Projects/onion-project/CoreService/core/vendor/laravel/lumen-framework/src/Concerns/RoutesRequests.php(258): Laravel\\Lumen\\Application->callActionOnArrayBasedRoute()
#6 /home/oem/Desktop/Projects/onion-project/CoreService/core/vendor/laravel/lumen-framework/src/Concerns/RoutesRequests.php(416): Laravel\\Lumen\\Application->Laravel\\Lumen\\Concerns\\{closure}()
#7 /home/oem/Desktop/Projects/onion-project/CoreService/core/vendor/laravel/lumen-framework/src/Concerns/RoutesRequests.php(259): Laravel\\Lumen\\Application->sendThroughPipeline()
#8 /home/oem/Desktop/Projects/onion-project/CoreService/core/vendor/laravel/lumen-framework/src/Concerns/RoutesRequests.php(165): Laravel\\Lumen\\Application->handleFoundRoute()
#9 /home/oem/Desktop/Projects/onion-project/CoreService/core/vendor/laravel/lumen-framework/src/Concerns/RoutesRequests.php(416): Laravel\\Lumen\\Application->Laravel\\Lumen\\Concerns\\{closure}()
#10 /home/oem/Desktop/Projects/onion-project/CoreService/core/vendor/laravel/lumen-framework/src/Concerns/RoutesRequests.php(171): Laravel\\Lumen\\Application->sendThroughPipeline()
#11 /home/oem/Desktop/Projects/onion-project/CoreService/core/myvendor/commands/AutoSwagger.php(103): Laravel\\Lumen\\Application->dispatch()
#12 /home/oem/Desktop/Projects/onion-project/CoreService/core/myvendor/commands/AutoSwagger.php(67): Core\\myvendor\\commands\\AutoSwagger->PrepareData()
#13 /home/oem/Desktop/Projects/onion-project/CoreService/core/myvendor/commands/AutoSwagger.php(38): Core\\myvendor\\commands\\AutoSwagger->getRoutes()
#14 [internal function]: Core\\myvendor\\commands\\AutoSwagger->handle()
#15 /home/oem/Desktop/Projects/onion-project/CoreService/core/vendor/illuminate/container/BoundMethod.php(32): call_user_func_array()
#16 /home/oem/Desktop/Projects/onion-project/CoreService/core/vendor/illuminate/container/Util.php(36): Illuminate\\Container\\BoundMethod::Illuminate\\Container\\{closure}()
#17 /home/oem/Desktop/Projects/onion-project/CoreService/core/vendor/illuminate/container/BoundMethod.php(90): Illuminate\\Container\\Util::unwrapIfClosure()
#18 /home/oem/Desktop/Projects/onion-project/CoreService/core/vendor/illuminate/container/BoundMethod.php(34): Illuminate\\Container\\BoundMethod::callBoundMethod()
#19 /home/oem/Desktop/Projects/onion-project/CoreService/core/vendor/illuminate/container/Container.php(590): Illuminate\\Container\\BoundMethod::call()
#20 /home/oem/Desktop/Projects/onion-project/CoreService/core/vendor/illuminate/console/Command.php(201): Illuminate\\Container\\Container->call()
#21 /home/oem/Desktop/Projects/onion-project/CoreService/core/vendor/symfony/console/Command/Command.php(255): Illuminate\\Console\\Command->execute()
#22 /home/oem/Desktop/Projects/onion-project/CoreService/core/vendor/illuminate/console/Command.php(188): Symfony\\Component\\Console\\Command\\Command->run()
#23 /home/oem/Desktop/Projects/onion-project/CoreService/core/vendor/symfony/console/Application.php(1012): Illuminate\\Console\\Command->run()
#24 /home/oem/Desktop/Projects/onion-project/CoreService/core/vendor/symfony/console/Application.php(272): Symfony\\Component\\Console\\Application->doRunCommand()
#25 /home/oem/Desktop/Projects/onion-project/CoreService/core/vendor/symfony/console/Application.php(148): Symfony\\Component\\Console\\Application->doRun()
#26 /home/oem/Desktop/Projects/onion-project/CoreService/core/vendor/illuminate/console/Application.php(93): Symfony\\Component\\Console\\Application->run()
#27 /home/oem/Desktop/Projects/onion-project/CoreService/core/vendor/laravel/lumen-framework/src/Console/Kernel.php(115): Illuminate\\Console\\Application->run()
#28 /home/oem/Desktop/Projects/onion-project/CoreService/core/artisan(35): Laravel\\Lumen\\Console\\Kernel->handle()
#29 {main}

[previous exception] [object] (ReflectionException(code: -1): Class Host\\controllers\\RoleController does not exist at /home/oem/Desktop/Projects/onion-project/CoreService/core/vendor/illuminate/container/Container.php:803)
[stacktrace]
#0 /home/oem/Desktop/Projects/onion-project/CoreService/core/vendor/illuminate/container/Container.php(803): ReflectionClass->__construct()
#1 /home/oem/Desktop/Projects/onion-project/CoreService/core/vendor/illuminate/container/Container.php(681): Illuminate\\Container\\Container->build()
#2 /home/oem/Desktop/Projects/onion-project/CoreService/core/vendor/illuminate/container/Container.php(629): Illuminate\\Container\\Container->resolve()
#3 /home/oem/Desktop/Projects/onion-project/CoreService/core/vendor/laravel/lumen-framework/src/Application.php(267): Illuminate\\Container\\Container->make()
#4 /home/oem/Desktop/Projects/onion-project/CoreService/core/vendor/laravel/lumen-framework/src/Concerns/RoutesRequests.php(311): Laravel\\Lumen\\Application->make()
#5 /home/oem/Desktop/Projects/onion-project/CoreService/core/vendor/laravel/lumen-framework/src/Concerns/RoutesRequests.php(278): Laravel\\Lumen\\Application->callControllerAction()
#6 /home/oem/Desktop/Projects/onion-project/CoreService/core/vendor/laravel/lumen-framework/src/Concerns/RoutesRequests.php(258): Laravel\\Lumen\\Application->callActionOnArrayBasedRoute()
#7 /home/oem/Desktop/Projects/onion-project/CoreService/core/vendor/laravel/lumen-framework/src/Concerns/RoutesRequests.php(416): Laravel\\Lumen\\Application->Laravel\\Lumen\\Concerns\\{closure}()
#8 /home/oem/Desktop/Projects/onion-project/CoreService/core/vendor/laravel/lumen-framework/src/Concerns/RoutesRequests.php(259): Laravel\\Lumen\\Application->sendThroughPipeline()
#9 /home/oem/Desktop/Projects/onion-project/CoreService/core/vendor/laravel/lumen-framework/src/Concerns/RoutesRequests.php(165): Laravel\\Lumen\\Application->handleFoundRoute()
#10 /home/oem/Desktop/Projects/onion-project/CoreService/core/vendor/laravel/lumen-framework/src/Concerns/RoutesRequests.php(416): Laravel\\Lumen\\Application->Laravel\\Lumen\\Concerns\\{closure}()
#11 /home/oem/Desktop/Projects/onion-project/CoreService/core/vendor/laravel/lumen-framework/src/Concerns/RoutesRequests.php(171): Laravel\\Lumen\\Application->sendThroughPipeline()
#12 /home/oem/Desktop/Projects/onion-project/CoreService/core/myvendor/commands/AutoSwagger.php(103): Laravel\\Lumen\\Application->dispatch()
#13 /home/oem/Desktop/Projects/onion-project/CoreService/core/myvendor/commands/AutoSwagger.php(67): Core\\myvendor\\commands\\AutoSwagger->PrepareData()
#14 /home/oem/Desktop/Projects/onion-project/CoreService/core/myvendor/commands/AutoSwagger.php(38): Core\\myvendor\\commands\\AutoSwagger->getRoutes()
#15 [internal function]: Core\\myvendor\\commands\\AutoSwagger->handle()
#16 /home/oem/Desktop/Projects/onion-project/CoreService/core/vendor/illuminate/container/BoundMethod.php(32): call_user_func_array()
#17 /home/oem/Desktop/Projects/onion-project/CoreService/core/vendor/illuminate/container/Util.php(36): Illuminate\\Container\\BoundMethod::Illuminate\\Container\\{closure}()
#18 /home/oem/Desktop/Projects/onion-project/CoreService/core/vendor/illuminate/container/BoundMethod.php(90): Illuminate\\Container\\Util::unwrapIfClosure()
#19 /home/oem/Desktop/Projects/onion-project/CoreService/core/vendor/illuminate/container/BoundMethod.php(34): Illuminate\\Container\\BoundMethod::callBoundMethod()
#20 /home/oem/Desktop/Projects/onion-project/CoreService/core/vendor/illuminate/container/Container.php(590): Illuminate\\Container\\BoundMethod::call()
#21 /home/oem/Desktop/Projects/onion-project/CoreService/core/vendor/illuminate/console/Command.php(201): Illuminate\\Container\\Container->call()
#22 /home/oem/Desktop/Projects/onion-project/CoreService/core/vendor/symfony/console/Command/Command.php(255): Illuminate\\Console\\Command->execute()
#23 /home/oem/Desktop/Projects/onion-project/CoreService/core/vendor/illuminate/console/Command.php(188): Symfony\\Component\\Console\\Command\\Command->run()
#24 /home/oem/Desktop/Projects/onion-project/CoreService/core/vendor/symfony/console/Application.php(1012): Illuminate\\Console\\Command->run()
#25 /home/oem/Desktop/Projects/onion-project/CoreService/core/vendor/symfony/console/Application.php(272): Symfony\\Component\\Console\\Application->doRunCommand()
#26 /home/oem/Desktop/Projects/onion-project/CoreService/core/vendor/symfony/console/Application.php(148): Symfony\\Component\\Console\\Application->doRun()
#27 /home/oem/Desktop/Projects/onion-project/CoreService/core/vendor/illuminate/console/Application.php(93): Symfony\\Component\\Console\\Application->run()
#28 /home/oem/Desktop/Projects/onion-project/CoreService/core/vendor/laravel/lumen-framework/src/Console/Kernel.php(115): Illuminate\\Console\\Application->run()
#29 /home/oem/Desktop/Projects/onion-project/CoreService/core/artisan(35): Laravel\\Lumen\\Console\\Kernel->handle()
#30 {main}
"} 
[2020-03-03 21:55:24] local.ERROR: ErrorException: array_keys() expects parameter 1 to be array, null given in /home/oem/Desktop/Projects/onion-project/CoreService/core/myvendor/functions/swagger/SwaggerFactory.php:26
Stack trace:
#0 [internal function]: Laravel\Lumen\Application->Laravel\Lumen\Concerns\{closure}()
#1 /home/oem/Desktop/Projects/onion-project/CoreService/core/myvendor/functions/swagger/SwaggerFactory.php(26): array_keys()
#2 /home/oem/Desktop/Projects/onion-project/CoreService/core/myvendor/commands/AutoSwagger.php(141): Core\myvendor\functions\swagger\SwaggerFactory->Handler()
#3 /home/oem/Desktop/Projects/onion-project/CoreService/core/myvendor/commands/AutoSwagger.php(105): Core\myvendor\commands\AutoSwagger->SendDataToHandler()
#4 /home/oem/Desktop/Projects/onion-project/CoreService/core/myvendor/commands/AutoSwagger.php(67): Core\myvendor\commands\AutoSwagger->PrepareData()
#5 /home/oem/Desktop/Projects/onion-project/CoreService/core/myvendor/commands/AutoSwagger.php(38): Core\myvendor\commands\AutoSwagger->getRoutes()
#6 [internal function]: Core\myvendor\commands\AutoSwagger->handle()
#7 /home/oem/Desktop/Projects/onion-project/CoreService/core/vendor/illuminate/container/BoundMethod.php(32): call_user_func_array()
#8 /home/oem/Desktop/Projects/onion-project/CoreService/core/vendor/illuminate/container/Util.php(36): Illuminate\Container\BoundMethod::Illuminate\Container\{closure}()
#9 /home/oem/Desktop/Projects/onion-project/CoreService/core/vendor/illuminate/container/BoundMethod.php(90): Illuminate\Container\Util::unwrapIfClosure()
#10 /home/oem/Desktop/Projects/onion-project/CoreService/core/vendor/illuminate/container/BoundMethod.php(34): Illuminate\Container\BoundMethod::callBoundMethod()
#11 /home/oem/Desktop/Projects/onion-project/CoreService/core/vendor/illuminate/container/Container.php(590): Illuminate\Container\BoundMethod::call()
#12 /home/oem/Desktop/Projects/onion-project/CoreService/core/vendor/illuminate/console/Command.php(201): Illuminate\Container\Container->call()
#13 /home/oem/Desktop/Projects/onion-project/CoreService/core/vendor/symfony/console/Command/Command.php(255): Illuminate\Console\Command->execute()
#14 /home/oem/Desktop/Projects/onion-project/CoreService/core/vendor/illuminate/console/Command.php(188): Symfony\Component\Console\Command\Command->run()
#15 /home/oem/Desktop/Projects/onion-project/CoreService/core/vendor/symfony/console/Application.php(1012): Illuminate\Console\Command->run()
#16 /home/oem/Desktop/Projects/onion-project/CoreService/core/vendor/symfony/console/Application.php(272): Symfony\Component\Console\Application->doRunCommand()
#17 /home/oem/Desktop/Projects/onion-project/CoreService/core/vendor/symfony/console/Application.php(148): Symfony\Component\Console\Application->doRun()
#18 /home/oem/Desktop/Projects/onion-project/CoreService/core/vendor/illuminate/console/Application.php(93): Symfony\Component\Console\Application->run()
#19 /home/oem/Desktop/Projects/onion-project/CoreService/core/vendor/laravel/lumen-framework/src/Console/Kernel.php(115): Illuminate\Console\Application->run()
#20 /home/oem/Desktop/Projects/onion-project/CoreService/core/artisan(35): Laravel\Lumen\Console\Kernel->handle()
#21 {main} {"exception":"[object] (ErrorException(code: 0): array_keys() expects parameter 1 to be array, null given at /home/oem/Desktop/Projects/onion-project/CoreService/core/myvendor/functions/swagger/SwaggerFactory.php:26)
[stacktrace]
#0 [internal function]: Laravel\\Lumen\\Application->Laravel\\Lumen\\Concerns\\{closure}()
#1 /home/oem/Desktop/Projects/onion-project/CoreService/core/myvendor/functions/swagger/SwaggerFactory.php(26): array_keys()
#2 /home/oem/Desktop/Projects/onion-project/CoreService/core/myvendor/commands/AutoSwagger.php(141): Core\\myvendor\\functions\\swagger\\SwaggerFactory->Handler()
#3 /home/oem/Desktop/Projects/onion-project/CoreService/core/myvendor/commands/AutoSwagger.php(105): Core\\myvendor\\commands\\AutoSwagger->SendDataToHandler()
#4 /home/oem/Desktop/Projects/onion-project/CoreService/core/myvendor/commands/AutoSwagger.php(67): Core\\myvendor\\commands\\AutoSwagger->PrepareData()
#5 /home/oem/Desktop/Projects/onion-project/CoreService/core/myvendor/commands/AutoSwagger.php(38): Core\\myvendor\\commands\\AutoSwagger->getRoutes()
#6 [internal function]: Core\\myvendor\\commands\\AutoSwagger->handle()
#7 /home/oem/Desktop/Projects/onion-project/CoreService/core/vendor/illuminate/container/BoundMethod.php(32): call_user_func_array()
#8 /home/oem/Desktop/Projects/onion-project/CoreService/core/vendor/illuminate/container/Util.php(36): Illuminate\\Container\\BoundMethod::Illuminate\\Container\\{closure}()
#9 /home/oem/Desktop/Projects/onion-project/CoreService/core/vendor/illuminate/container/BoundMethod.php(90): Illuminate\\Container\\Util::unwrapIfClosure()
#10 /home/oem/Desktop/Projects/onion-project/CoreService/core/vendor/illuminate/container/BoundMethod.php(34): Illuminate\\Container\\BoundMethod::callBoundMethod()
#11 /home/oem/Desktop/Projects/onion-project/CoreService/core/vendor/illuminate/container/Container.php(590): Illuminate\\Container\\BoundMethod::call()
#12 /home/oem/Desktop/Projects/onion-project/CoreService/core/vendor/illuminate/console/Command.php(201): Illuminate\\Container\\Container->call()
#13 /home/oem/Desktop/Projects/onion-project/CoreService/core/vendor/symfony/console/Command/Command.php(255): Illuminate\\Console\\Command->execute()
#14 /home/oem/Desktop/Projects/onion-project/CoreService/core/vendor/illuminate/console/Command.php(188): Symfony\\Component\\Console\\Command\\Command->run()
#15 /home/oem/Desktop/Projects/onion-project/CoreService/core/vendor/symfony/console/Application.php(1012): Illuminate\\Console\\Command->run()
#16 /home/oem/Desktop/Projects/onion-project/CoreService/core/vendor/symfony/console/Application.php(272): Symfony\\Component\\Console\\Application->doRunCommand()
#17 /home/oem/Desktop/Projects/onion-project/CoreService/core/vendor/symfony/console/Application.php(148): Symfony\\Component\\Console\\Application->doRun()
#18 /home/oem/Desktop/Projects/onion-project/CoreService/core/vendor/illuminate/console/Application.php(93): Symfony\\Component\\Console\\Application->run()
#19 /home/oem/Desktop/Projects/onion-project/CoreService/core/vendor/laravel/lumen-framework/src/Console/Kernel.php(115): Illuminate\\Console\\Application->run()
#20 /home/oem/Desktop/Projects/onion-project/CoreService/core/artisan(35): Laravel\\Lumen\\Console\\Kernel->handle()
#21 {main}
"} 
