[2020-05-20 03:11:26] local.ERROR: PDOException: SQLSTATE[22007]: Invalid datetime format: 1292 Incorrect datetime value: '2020-05-20T00:05:00.000Z' for column 'from' at row 1 in C:\laragon\www\CoreService\core\vendor\illuminate\database\Connection.php:463
Stack trace:
#0 C:\laragon\www\CoreService\core\vendor\illuminate\database\Connection.php(463): PDOStatement->execute()
#1 C:\laragon\www\CoreService\core\vendor\illuminate\database\Connection.php(662): Illuminate\Database\Connection->Illuminate\Database\{closure}('insert into `ev...', Array)
#2 C:\laragon\www\CoreService\core\vendor\illuminate\database\Connection.php(629): Illuminate\Database\Connection->runQueryCallback('insert into `ev...', Array, Object(Closure))
#3 C:\laragon\www\CoreService\core\vendor\illuminate\database\Connection.php(464): Illuminate\Database\Connection->run('insert into `ev...', Array, Object(Closure))
#4 C:\laragon\www\CoreService\core\vendor\illuminate\database\Connection.php(416): Illuminate\Database\Connection->statement('insert into `ev...', Array)
#5 C:\laragon\www\CoreService\core\vendor\illuminate\database\Query\Builder.php(2628): Illuminate\Database\Connection->insert('insert into `ev...', Array)
#6 C:\laragon\www\CoreService\core\vendor\illuminate\database\Eloquent\Builder.php(1366): Illuminate\Database\Query\Builder->insert(Array)
#7 C:\laragon\www\CoreService\core\vendor\illuminate\database\Eloquent\Model.php(815): Illuminate\Database\Eloquent\Builder->__call('insert', Array)
#8 C:\laragon\www\CoreService\core\vendor\illuminate\database\Eloquent\Model.php(667): Illuminate\Database\Eloquent\Model->performInsert(Object(Illuminate\Database\Eloquent\Builder))
#9 C:\laragon\www\CoreService\core\myvendor\functions\mapper\Mapper.php(41): Illuminate\Database\Eloquent\Model->save()
#10 C:\laragon\www\CoreService\functional\events\commands\createEvent\CreateEventHandler.php(22): Core\myvendor\functions\mapper\Mapper->createMap(Object(Domain\entities\Event), Array)
#11 C:\laragon\www\CoreService\core\myvendor\functions\meteor\MeteorRequestHandler.php(35): Functional\events\commands\createEvent\CreateEventHandler->Handler(Object(Laravel\Lumen\Http\Request))
#12 C:\laragon\www\CoreService\core\myvendor\functions\meteor\Meteor.php(24): Core\myvendor\functions\meteor\MeteorRequestHandler->Handle(Array, Object(Laravel\Lumen\Http\Request))
#13 C:\laragon\www\CoreService\host\controllers\EventController.php(19): Core\myvendor\functions\meteor\Meteor->Send(Object(Functional\events\commands\createEvent\CreateEventHandler), Object(Laravel\Lumen\Http\Request))
#14 [internal function]: Host\controllers\EventController->CreateEvent(Object(Functional\events\commands\createEvent\CreateEventHandler), Object(Laravel\Lumen\Http\Request))
#15 C:\laragon\www\CoreService\core\vendor\illuminate\container\BoundMethod.php(32): call_user_func_array(Array, Array)
#16 C:\laragon\www\CoreService\core\vendor\illuminate\container\Util.php(36): Illuminate\Container\BoundMethod::Illuminate\Container\{closure}()
#17 C:\laragon\www\CoreService\core\vendor\illuminate\container\BoundMethod.php(90): Illuminate\Container\Util::unwrapIfClosure(Object(Closure))
#18 C:\laragon\www\CoreService\core\vendor\illuminate\container\BoundMethod.php(34): Illuminate\Container\BoundMethod::callBoundMethod(Object(Core\myvendor\defaults\application\MyApplication), Array, Object(Closure))
#19 C:\laragon\www\CoreService\core\vendor\illuminate\container\Container.php(590): Illuminate\Container\BoundMethod::call(Object(Core\myvendor\defaults\application\MyApplication), Array, Array, NULL)
#20 C:\laragon\www\CoreService\core\vendor\laravel\lumen-framework\src\Concerns\RoutesRequests.php(376): Illuminate\Container\Container->call(Array, Array)
#21 C:\laragon\www\CoreService\core\vendor\laravel\lumen-framework\src\Concerns\RoutesRequests.php(342): Laravel\Lumen\Application->callControllerCallable(Array, Array)
#22 C:\laragon\www\CoreService\core\vendor\laravel\lumen-framework\src\Concerns\RoutesRequests.php(316): Laravel\Lumen\Application->callLumenController(Object(Host\controllers\EventController), 'CreateEvent', Array)
#23 C:\laragon\www\CoreService\core\vendor\laravel\lumen-framework\src\Concerns\RoutesRequests.php(278): Laravel\Lumen\Application->callControllerAction(Array)
#24 C:\laragon\www\CoreService\core\vendor\laravel\lumen-framework\src\Concerns\RoutesRequests.php(258): Laravel\Lumen\Application->callActionOnArrayBasedRoute(Array)
#25 [internal function]: Laravel\Lumen\Application->Laravel\Lumen\Concerns\{closure}(Object(Laravel\Lumen\Http\Request))
#26 C:\laragon\www\CoreService\core\vendor\laravel\lumen-framework\src\Routing\Pipeline.php(52): call_user_func(Object(Closure), Object(Laravel\Lumen\Http\Request))
#27 C:\laragon\www\CoreService\core\container\port\src\middlewares\Authenticate.php(60): Laravel\Lumen\Routing\Pipeline->Laravel\Lumen\Routing\{closure}(Object(Laravel\Lumen\Http\Request))
#28 C:\laragon\www\CoreService\core\vendor\illuminate\pipeline\Pipeline.php(171): Core\container\port\src\middlewares\Authenticate->handle(Object(Laravel\Lumen\Http\Request), Object(Closure))
#29 [internal function]: Illuminate\Pipeline\Pipeline->Illuminate\Pipeline\{closure}(Object(Laravel\Lumen\Http\Request))
#30 C:\laragon\www\CoreService\core\vendor\laravel\lumen-framework\src\Routing\Pipeline.php(32): call_user_func(Object(Closure), Object(Laravel\Lumen\Http\Request))
#31 C:\laragon\www\CoreService\core\vendor\illuminate\pipeline\Pipeline.php(105): Laravel\Lumen\Routing\Pipeline->Laravel\Lumen\Routing\{closure}(Object(Laravel\Lumen\Http\Request))
#32 C:\laragon\www\CoreService\core\vendor\laravel\lumen-framework\src\Concerns\RoutesRequests.php(413): Illuminate\Pipeline\Pipeline->then(Object(Closure))
#33 C:\laragon\www\CoreService\core\vendor\laravel\lumen-framework\src\Concerns\RoutesRequests.php(259): Laravel\Lumen\Application->sendThroughPipeline(Array, Object(Closure))
#34 C:\laragon\www\CoreService\core\vendor\laravel\lumen-framework\src\Concerns\RoutesRequests.php(165): Laravel\Lumen\Application->handleFoundRoute(Array)
#35 C:\laragon\www\CoreService\core\vendor\laravel\lumen-framework\src\Concerns\RoutesRequests.php(416): Laravel\Lumen\Application->Laravel\Lumen\Concerns\{closure}(Object(Laravel\Lumen\Http\Request))
#36 C:\laragon\www\CoreService\core\vendor\laravel\lumen-framework\src\Concerns\RoutesRequests.php(171): Laravel\Lumen\Application->sendThroughPipeline(Array, Object(Closure))
#37 C:\laragon\www\CoreService\core\vendor\laravel\lumen-framework\src\Concerns\RoutesRequests.php(108): Laravel\Lumen\Application->dispatch(NULL)
#38 C:\laragon\www\CoreService\host\public\index.php(28): Laravel\Lumen\Application->run()
#39 {main}

Next Illuminate\Database\QueryException: SQLSTATE[22007]: Invalid datetime format: 1292 Incorrect datetime value: '2020-05-20T00:05:00.000Z' for column 'from' at row 1 (SQL: insert into `events` (`name`, `from`, `to`, `description`, `color`, `id`, `updated_at`, `created_at`) values (alko, 2020-05-20T00:05:00.000Z, 2020-05-21T10:00:00.000Z, , #689F38, 80fee4c3-262b-47bf-88de-228210cc3d42, 2020-05-20 03:11:26, 2020-05-20 03:11:26)) in C:\laragon\www\CoreService\core\vendor\illuminate\database\Connection.php:669
Stack trace:
#0 C:\laragon\www\CoreService\core\vendor\illuminate\database\Connection.php(629): Illuminate\Database\Connection->runQueryCallback('insert into `ev...', Array, Object(Closure))
#1 C:\laragon\www\CoreService\core\vendor\illuminate\database\Connection.php(464): Illuminate\Database\Connection->run('insert into `ev...', Array, Object(Closure))
#2 C:\laragon\www\CoreService\core\vendor\illuminate\database\Connection.php(416): Illuminate\Database\Connection->statement('insert into `ev...', Array)
#3 C:\laragon\www\CoreService\core\vendor\illuminate\database\Query\Builder.php(2628): Illuminate\Database\Connection->insert('insert into `ev...', Array)
#4 C:\laragon\www\CoreService\core\vendor\illuminate\database\Eloquent\Builder.php(1366): Illuminate\Database\Query\Builder->insert(Array)
#5 C:\laragon\www\CoreService\core\vendor\illuminate\database\Eloquent\Model.php(815): Illuminate\Database\Eloquent\Builder->__call('insert', Array)
#6 C:\laragon\www\CoreService\core\vendor\illuminate\database\Eloquent\Model.php(667): Illuminate\Database\Eloquent\Model->performInsert(Object(Illuminate\Database\Eloquent\Builder))
#7 C:\laragon\www\CoreService\core\myvendor\functions\mapper\Mapper.php(41): Illuminate\Database\Eloquent\Model->save()
#8 C:\laragon\www\CoreService\functional\events\commands\createEvent\CreateEventHandler.php(22): Core\myvendor\functions\mapper\Mapper->createMap(Object(Domain\entities\Event), Array)
#9 C:\laragon\www\CoreService\core\myvendor\functions\meteor\MeteorRequestHandler.php(35): Functional\events\commands\createEvent\CreateEventHandler->Handler(Object(Laravel\Lumen\Http\Request))
#10 C:\laragon\www\CoreService\core\myvendor\functions\meteor\Meteor.php(24): Core\myvendor\functions\meteor\MeteorRequestHandler->Handle(Array, Object(Laravel\Lumen\Http\Request))
#11 C:\laragon\www\CoreService\host\controllers\EventController.php(19): Core\myvendor\functions\meteor\Meteor->Send(Object(Functional\events\commands\createEvent\CreateEventHandler), Object(Laravel\Lumen\Http\Request))
#12 [internal function]: Host\controllers\EventController->CreateEvent(Object(Functional\events\commands\createEvent\CreateEventHandler), Object(Laravel\Lumen\Http\Request))
#13 C:\laragon\www\CoreService\core\vendor\illuminate\container\BoundMethod.php(32): call_user_func_array(Array, Array)
#14 C:\laragon\www\CoreService\core\vendor\illuminate\container\Util.php(36): Illuminate\Container\BoundMethod::Illuminate\Container\{closure}()
#15 C:\laragon\www\CoreService\core\vendor\illuminate\container\BoundMethod.php(90): Illuminate\Container\Util::unwrapIfClosure(Object(Closure))
#16 C:\laragon\www\CoreService\core\vendor\illuminate\container\BoundMethod.php(34): Illuminate\Container\BoundMethod::callBoundMethod(Object(Core\myvendor\defaults\application\MyApplication), Array, Object(Closure))
#17 C:\laragon\www\CoreService\core\vendor\illuminate\container\Container.php(590): Illuminate\Container\BoundMethod::call(Object(Core\myvendor\defaults\application\MyApplication), Array, Array, NULL)
#18 C:\laragon\www\CoreService\core\vendor\laravel\lumen-framework\src\Concerns\RoutesRequests.php(376): Illuminate\Container\Container->call(Array, Array)
#19 C:\laragon\www\CoreService\core\vendor\laravel\lumen-framework\src\Concerns\RoutesRequests.php(342): Laravel\Lumen\Application->callControllerCallable(Array, Array)
#20 C:\laragon\www\CoreService\core\vendor\laravel\lumen-framework\src\Concerns\RoutesRequests.php(316): Laravel\Lumen\Application->callLumenController(Object(Host\controllers\EventController), 'CreateEvent', Array)
#21 C:\laragon\www\CoreService\core\vendor\laravel\lumen-framework\src\Concerns\RoutesRequests.php(278): Laravel\Lumen\Application->callControllerAction(Array)
#22 C:\laragon\www\CoreService\core\vendor\laravel\lumen-framework\src\Concerns\RoutesRequests.php(258): Laravel\Lumen\Application->callActionOnArrayBasedRoute(Array)
#23 [internal function]: Laravel\Lumen\Application->Laravel\Lumen\Concerns\{closure}(Object(Laravel\Lumen\Http\Request))
#24 C:\laragon\www\CoreService\core\vendor\laravel\lumen-framework\src\Routing\Pipeline.php(52): call_user_func(Object(Closure), Object(Laravel\Lumen\Http\Request))
#25 C:\laragon\www\CoreService\core\container\port\src\middlewares\Authenticate.php(60): Laravel\Lumen\Routing\Pipeline->Laravel\Lumen\Routing\{closure}(Object(Laravel\Lumen\Http\Request))
#26 C:\laragon\www\CoreService\core\vendor\illuminate\pipeline\Pipeline.php(171): Core\container\port\src\middlewares\Authenticate->handle(Object(Laravel\Lumen\Http\Request), Object(Closure))
#27 [internal function]: Illuminate\Pipeline\Pipeline->Illuminate\Pipeline\{closure}(Object(Laravel\Lumen\Http\Request))
#28 C:\laragon\www\CoreService\core\vendor\laravel\lumen-framework\src\Routing\Pipeline.php(32): call_user_func(Object(Closure), Object(Laravel\Lumen\Http\Request))
#29 C:\laragon\www\CoreService\core\vendor\illuminate\pipeline\Pipeline.php(105): Laravel\Lumen\Routing\Pipeline->Laravel\Lumen\Routing\{closure}(Object(Laravel\Lumen\Http\Request))
#30 C:\laragon\www\CoreService\core\vendor\laravel\lumen-framework\src\Concerns\RoutesRequests.php(413): Illuminate\Pipeline\Pipeline->then(Object(Closure))
#31 C:\laragon\www\CoreService\core\vendor\laravel\lumen-framework\src\Concerns\RoutesRequests.php(259): Laravel\Lumen\Application->sendThroughPipeline(Array, Object(Closure))
#32 C:\laragon\www\CoreService\core\vendor\laravel\lumen-framework\src\Concerns\RoutesRequests.php(165): Laravel\Lumen\Application->handleFoundRoute(Array)
#33 C:\laragon\www\CoreService\core\vendor\laravel\lumen-framework\src\Concerns\RoutesRequests.php(416): Laravel\Lumen\Application->Laravel\Lumen\Concerns\{closure}(Object(Laravel\Lumen\Http\Request))
#34 C:\laragon\www\CoreService\core\vendor\laravel\lumen-framework\src\Concerns\RoutesRequests.php(171): Laravel\Lumen\Application->sendThroughPipeline(Array, Object(Closure))
#35 C:\laragon\www\CoreService\core\vendor\laravel\lumen-framework\src\Concerns\RoutesRequests.php(108): Laravel\Lumen\Application->dispatch(NULL)
#36 C:\laragon\www\CoreService\host\public\index.php(28): Laravel\Lumen\Application->run()
#37 {main} {"exception":"[object] (Illuminate\\Database\\QueryException(code: 22007): SQLSTATE[22007]: Invalid datetime format: 1292 Incorrect datetime value: '2020-05-20T00:05:00.000Z' for column 'from' at row 1 (SQL: insert into `events` (`name`, `from`, `to`, `description`, `color`, `id`, `updated_at`, `created_at`) values (alko, 2020-05-20T00:05:00.000Z, 2020-05-21T10:00:00.000Z, , #689F38, 80fee4c3-262b-47bf-88de-228210cc3d42, 2020-05-20 03:11:26, 2020-05-20 03:11:26)) at C:\\laragon\\www\\CoreService\\core\\vendor\\illuminate\\database\\Connection.php:669)
[stacktrace]
#0 C:\\laragon\\www\\CoreService\\core\\vendor\\illuminate\\database\\Connection.php(629): Illuminate\\Database\\Connection->runQueryCallback('insert into `ev...', Array, Object(Closure))
#1 C:\\laragon\\www\\CoreService\\core\\vendor\\illuminate\\database\\Connection.php(464): Illuminate\\Database\\Connection->run('insert into `ev...', Array, Object(Closure))
#2 C:\\laragon\\www\\CoreService\\core\\vendor\\illuminate\\database\\Connection.php(416): Illuminate\\Database\\Connection->statement('insert into `ev...', Array)
#3 C:\\laragon\\www\\CoreService\\core\\vendor\\illuminate\\database\\Query\\Builder.php(2628): Illuminate\\Database\\Connection->insert('insert into `ev...', Array)
#4 C:\\laragon\\www\\CoreService\\core\\vendor\\illuminate\\database\\Eloquent\\Builder.php(1366): Illuminate\\Database\\Query\\Builder->insert(Array)
#5 C:\\laragon\\www\\CoreService\\core\\vendor\\illuminate\\database\\Eloquent\\Model.php(815): Illuminate\\Database\\Eloquent\\Builder->__call('insert', Array)
#6 C:\\laragon\\www\\CoreService\\core\\vendor\\illuminate\\database\\Eloquent\\Model.php(667): Illuminate\\Database\\Eloquent\\Model->performInsert(Object(Illuminate\\Database\\Eloquent\\Builder))
#7 C:\\laragon\\www\\CoreService\\core\\myvendor\\functions\\mapper\\Mapper.php(41): Illuminate\\Database\\Eloquent\\Model->save()
#8 C:\\laragon\\www\\CoreService\\functional\\events\\commands\\createEvent\\CreateEventHandler.php(22): Core\\myvendor\\functions\\mapper\\Mapper->createMap(Object(Domain\\entities\\Event), Array)
#9 C:\\laragon\\www\\CoreService\\core\\myvendor\\functions\\meteor\\MeteorRequestHandler.php(35): Functional\\events\\commands\\createEvent\\CreateEventHandler->Handler(Object(Laravel\\Lumen\\Http\\Request))
#10 C:\\laragon\\www\\CoreService\\core\\myvendor\\functions\\meteor\\Meteor.php(24): Core\\myvendor\\functions\\meteor\\MeteorRequestHandler->Handle(Array, Object(Laravel\\Lumen\\Http\\Request))
#11 C:\\laragon\\www\\CoreService\\host\\controllers\\EventController.php(19): Core\\myvendor\\functions\\meteor\\Meteor->Send(Object(Functional\\events\\commands\\createEvent\\CreateEventHandler), Object(Laravel\\Lumen\\Http\\Request))
#12 [internal function]: Host\\controllers\\EventController->CreateEvent(Object(Functional\\events\\commands\\createEvent\\CreateEventHandler), Object(Laravel\\Lumen\\Http\\Request))
#13 C:\\laragon\\www\\CoreService\\core\\vendor\\illuminate\\container\\BoundMethod.php(32): call_user_func_array(Array, Array)
#14 C:\\laragon\\www\\CoreService\\core\\vendor\\illuminate\\container\\Util.php(36): Illuminate\\Container\\BoundMethod::Illuminate\\Container\\{closure}()
#15 C:\\laragon\\www\\CoreService\\core\\vendor\\illuminate\\container\\BoundMethod.php(90): Illuminate\\Container\\Util::unwrapIfClosure(Object(Closure))
#16 C:\\laragon\\www\\CoreService\\core\\vendor\\illuminate\\container\\BoundMethod.php(34): Illuminate\\Container\\BoundMethod::callBoundMethod(Object(Core\\myvendor\\defaults\\application\\MyApplication), Array, Object(Closure))
#17 C:\\laragon\\www\\CoreService\\core\\vendor\\illuminate\\container\\Container.php(590): Illuminate\\Container\\BoundMethod::call(Object(Core\\myvendor\\defaults\\application\\MyApplication), Array, Array, NULL)
#18 C:\\laragon\\www\\CoreService\\core\\vendor\\laravel\\lumen-framework\\src\\Concerns\\RoutesRequests.php(376): Illuminate\\Container\\Container->call(Array, Array)
#19 C:\\laragon\\www\\CoreService\\core\\vendor\\laravel\\lumen-framework\\src\\Concerns\\RoutesRequests.php(342): Laravel\\Lumen\\Application->callControllerCallable(Array, Array)
#20 C:\\laragon\\www\\CoreService\\core\\vendor\\laravel\\lumen-framework\\src\\Concerns\\RoutesRequests.php(316): Laravel\\Lumen\\Application->callLumenController(Object(Host\\controllers\\EventController), 'CreateEvent', Array)
#21 C:\\laragon\\www\\CoreService\\core\\vendor\\laravel\\lumen-framework\\src\\Concerns\\RoutesRequests.php(278): Laravel\\Lumen\\Application->callControllerAction(Array)
#22 C:\\laragon\\www\\CoreService\\core\\vendor\\laravel\\lumen-framework\\src\\Concerns\\RoutesRequests.php(258): Laravel\\Lumen\\Application->callActionOnArrayBasedRoute(Array)
#23 [internal function]: Laravel\\Lumen\\Application->Laravel\\Lumen\\Concerns\\{closure}(Object(Laravel\\Lumen\\Http\\Request))
#24 C:\\laragon\\www\\CoreService\\core\\vendor\\laravel\\lumen-framework\\src\\Routing\\Pipeline.php(52): call_user_func(Object(Closure), Object(Laravel\\Lumen\\Http\\Request))
#25 C:\\laragon\\www\\CoreService\\core\\container\\port\\src\\middlewares\\Authenticate.php(60): Laravel\\Lumen\\Routing\\Pipeline->Laravel\\Lumen\\Routing\\{closure}(Object(Laravel\\Lumen\\Http\\Request))
#26 C:\\laragon\\www\\CoreService\\core\\vendor\\illuminate\\pipeline\\Pipeline.php(171): Core\\container\\port\\src\\middlewares\\Authenticate->handle(Object(Laravel\\Lumen\\Http\\Request), Object(Closure))
#27 [internal function]: Illuminate\\Pipeline\\Pipeline->Illuminate\\Pipeline\\{closure}(Object(Laravel\\Lumen\\Http\\Request))
#28 C:\\laragon\\www\\CoreService\\core\\vendor\\laravel\\lumen-framework\\src\\Routing\\Pipeline.php(32): call_user_func(Object(Closure), Object(Laravel\\Lumen\\Http\\Request))
#29 C:\\laragon\\www\\CoreService\\core\\vendor\\illuminate\\pipeline\\Pipeline.php(105): Laravel\\Lumen\\Routing\\Pipeline->Laravel\\Lumen\\Routing\\{closure}(Object(Laravel\\Lumen\\Http\\Request))
#30 C:\\laragon\\www\\CoreService\\core\\vendor\\laravel\\lumen-framework\\src\\Concerns\\RoutesRequests.php(413): Illuminate\\Pipeline\\Pipeline->then(Object(Closure))
#31 C:\\laragon\\www\\CoreService\\core\\vendor\\laravel\\lumen-framework\\src\\Concerns\\RoutesRequests.php(259): Laravel\\Lumen\\Application->sendThroughPipeline(Array, Object(Closure))
#32 C:\\laragon\\www\\CoreService\\core\\vendor\\laravel\\lumen-framework\\src\\Concerns\\RoutesRequests.php(165): Laravel\\Lumen\\Application->handleFoundRoute(Array)
#33 C:\\laragon\\www\\CoreService\\core\\vendor\\laravel\\lumen-framework\\src\\Concerns\\RoutesRequests.php(416): Laravel\\Lumen\\Application->Laravel\\Lumen\\Concerns\\{closure}(Object(Laravel\\Lumen\\Http\\Request))
#34 C:\\laragon\\www\\CoreService\\core\\vendor\\laravel\\lumen-framework\\src\\Concerns\\RoutesRequests.php(171): Laravel\\Lumen\\Application->sendThroughPipeline(Array, Object(Closure))
#35 C:\\laragon\\www\\CoreService\\core\\vendor\\laravel\\lumen-framework\\src\\Concerns\\RoutesRequests.php(108): Laravel\\Lumen\\Application->dispatch(NULL)
#36 C:\\laragon\\www\\CoreService\\host\\public\\index.php(28): Laravel\\Lumen\\Application->run()
#37 {main}

[previous exception] [object] (PDOException(code: 22007): SQLSTATE[22007]: Invalid datetime format: 1292 Incorrect datetime value: '2020-05-20T00:05:00.000Z' for column 'from' at row 1 at C:\\laragon\\www\\CoreService\\core\\vendor\\illuminate\\database\\Connection.php:463)
[stacktrace]
#0 C:\\laragon\\www\\CoreService\\core\\vendor\\illuminate\\database\\Connection.php(463): PDOStatement->execute()
#1 C:\\laragon\\www\\CoreService\\core\\vendor\\illuminate\\database\\Connection.php(662): Illuminate\\Database\\Connection->Illuminate\\Database\\{closure}('insert into `ev...', Array)
#2 C:\\laragon\\www\\CoreService\\core\\vendor\\illuminate\\database\\Connection.php(629): Illuminate\\Database\\Connection->runQueryCallback('insert into `ev...', Array, Object(Closure))
#3 C:\\laragon\\www\\CoreService\\core\\vendor\\illuminate\\database\\Connection.php(464): Illuminate\\Database\\Connection->run('insert into `ev...', Array, Object(Closure))
#4 C:\\laragon\\www\\CoreService\\core\\vendor\\illuminate\\database\\Connection.php(416): Illuminate\\Database\\Connection->statement('insert into `ev...', Array)
#5 C:\\laragon\\www\\CoreService\\core\\vendor\\illuminate\\database\\Query\\Builder.php(2628): Illuminate\\Database\\Connection->insert('insert into `ev...', Array)
#6 C:\\laragon\\www\\CoreService\\core\\vendor\\illuminate\\database\\Eloquent\\Builder.php(1366): Illuminate\\Database\\Query\\Builder->insert(Array)
#7 C:\\laragon\\www\\CoreService\\core\\vendor\\illuminate\\database\\Eloquent\\Model.php(815): Illuminate\\Database\\Eloquent\\Builder->__call('insert', Array)
#8 C:\\laragon\\www\\CoreService\\core\\vendor\\illuminate\\database\\Eloquent\\Model.php(667): Illuminate\\Database\\Eloquent\\Model->performInsert(Object(Illuminate\\Database\\Eloquent\\Builder))
#9 C:\\laragon\\www\\CoreService\\core\\myvendor\\functions\\mapper\\Mapper.php(41): Illuminate\\Database\\Eloquent\\Model->save()
#10 C:\\laragon\\www\\CoreService\\functional\\events\\commands\\createEvent\\CreateEventHandler.php(22): Core\\myvendor\\functions\\mapper\\Mapper->createMap(Object(Domain\\entities\\Event), Array)
#11 C:\\laragon\\www\\CoreService\\core\\myvendor\\functions\\meteor\\MeteorRequestHandler.php(35): Functional\\events\\commands\\createEvent\\CreateEventHandler->Handler(Object(Laravel\\Lumen\\Http\\Request))
#12 C:\\laragon\\www\\CoreService\\core\\myvendor\\functions\\meteor\\Meteor.php(24): Core\\myvendor\\functions\\meteor\\MeteorRequestHandler->Handle(Array, Object(Laravel\\Lumen\\Http\\Request))
#13 C:\\laragon\\www\\CoreService\\host\\controllers\\EventController.php(19): Core\\myvendor\\functions\\meteor\\Meteor->Send(Object(Functional\\events\\commands\\createEvent\\CreateEventHandler), Object(Laravel\\Lumen\\Http\\Request))
#14 [internal function]: Host\\controllers\\EventController->CreateEvent(Object(Functional\\events\\commands\\createEvent\\CreateEventHandler), Object(Laravel\\Lumen\\Http\\Request))
#15 C:\\laragon\\www\\CoreService\\core\\vendor\\illuminate\\container\\BoundMethod.php(32): call_user_func_array(Array, Array)
#16 C:\\laragon\\www\\CoreService\\core\\vendor\\illuminate\\container\\Util.php(36): Illuminate\\Container\\BoundMethod::Illuminate\\Container\\{closure}()
#17 C:\\laragon\\www\\CoreService\\core\\vendor\\illuminate\\container\\BoundMethod.php(90): Illuminate\\Container\\Util::unwrapIfClosure(Object(Closure))
#18 C:\\laragon\\www\\CoreService\\core\\vendor\\illuminate\\container\\BoundMethod.php(34): Illuminate\\Container\\BoundMethod::callBoundMethod(Object(Core\\myvendor\\defaults\\application\\MyApplication), Array, Object(Closure))
#19 C:\\laragon\\www\\CoreService\\core\\vendor\\illuminate\\container\\Container.php(590): Illuminate\\Container\\BoundMethod::call(Object(Core\\myvendor\\defaults\\application\\MyApplication), Array, Array, NULL)
#20 C:\\laragon\\www\\CoreService\\core\\vendor\\laravel\\lumen-framework\\src\\Concerns\\RoutesRequests.php(376): Illuminate\\Container\\Container->call(Array, Array)
#21 C:\\laragon\\www\\CoreService\\core\\vendor\\laravel\\lumen-framework\\src\\Concerns\\RoutesRequests.php(342): Laravel\\Lumen\\Application->callControllerCallable(Array, Array)
#22 C:\\laragon\\www\\CoreService\\core\\vendor\\laravel\\lumen-framework\\src\\Concerns\\RoutesRequests.php(316): Laravel\\Lumen\\Application->callLumenController(Object(Host\\controllers\\EventController), 'CreateEvent', Array)
#23 C:\\laragon\\www\\CoreService\\core\\vendor\\laravel\\lumen-framework\\src\\Concerns\\RoutesRequests.php(278): Laravel\\Lumen\\Application->callControllerAction(Array)
#24 C:\\laragon\\www\\CoreService\\core\\vendor\\laravel\\lumen-framework\\src\\Concerns\\RoutesRequests.php(258): Laravel\\Lumen\\Application->callActionOnArrayBasedRoute(Array)
#25 [internal function]: Laravel\\Lumen\\Application->Laravel\\Lumen\\Concerns\\{closure}(Object(Laravel\\Lumen\\Http\\Request))
#26 C:\\laragon\\www\\CoreService\\core\\vendor\\laravel\\lumen-framework\\src\\Routing\\Pipeline.php(52): call_user_func(Object(Closure), Object(Laravel\\Lumen\\Http\\Request))
#27 C:\\laragon\\www\\CoreService\\core\\container\\port\\src\\middlewares\\Authenticate.php(60): Laravel\\Lumen\\Routing\\Pipeline->Laravel\\Lumen\\Routing\\{closure}(Object(Laravel\\Lumen\\Http\\Request))
#28 C:\\laragon\\www\\CoreService\\core\\vendor\\illuminate\\pipeline\\Pipeline.php(171): Core\\container\\port\\src\\middlewares\\Authenticate->handle(Object(Laravel\\Lumen\\Http\\Request), Object(Closure))
#29 [internal function]: Illuminate\\Pipeline\\Pipeline->Illuminate\\Pipeline\\{closure}(Object(Laravel\\Lumen\\Http\\Request))
#30 C:\\laragon\\www\\CoreService\\core\\vendor\\laravel\\lumen-framework\\src\\Routing\\Pipeline.php(32): call_user_func(Object(Closure), Object(Laravel\\Lumen\\Http\\Request))
#31 C:\\laragon\\www\\CoreService\\core\\vendor\\illuminate\\pipeline\\Pipeline.php(105): Laravel\\Lumen\\Routing\\Pipeline->Laravel\\Lumen\\Routing\\{closure}(Object(Laravel\\Lumen\\Http\\Request))
#32 C:\\laragon\\www\\CoreService\\core\\vendor\\laravel\\lumen-framework\\src\\Concerns\\RoutesRequests.php(413): Illuminate\\Pipeline\\Pipeline->then(Object(Closure))
#33 C:\\laragon\\www\\CoreService\\core\\vendor\\laravel\\lumen-framework\\src\\Concerns\\RoutesRequests.php(259): Laravel\\Lumen\\Application->sendThroughPipeline(Array, Object(Closure))
#34 C:\\laragon\\www\\CoreService\\core\\vendor\\laravel\\lumen-framework\\src\\Concerns\\RoutesRequests.php(165): Laravel\\Lumen\\Application->handleFoundRoute(Array)
#35 C:\\laragon\\www\\CoreService\\core\\vendor\\laravel\\lumen-framework\\src\\Concerns\\RoutesRequests.php(416): Laravel\\Lumen\\Application->Laravel\\Lumen\\Concerns\\{closure}(Object(Laravel\\Lumen\\Http\\Request))
#36 C:\\laragon\\www\\CoreService\\core\\vendor\\laravel\\lumen-framework\\src\\Concerns\\RoutesRequests.php(171): Laravel\\Lumen\\Application->sendThroughPipeline(Array, Object(Closure))
#37 C:\\laragon\\www\\CoreService\\core\\vendor\\laravel\\lumen-framework\\src\\Concerns\\RoutesRequests.php(108): Laravel\\Lumen\\Application->dispatch(NULL)
#38 C:\\laragon\\www\\CoreService\\host\\public\\index.php(28): Laravel\\Lumen\\Application->run()
#39 {main}
"} 
[2020-05-20 03:17:50] local.ERROR: PDOException: SQLSTATE[22007]: Invalid datetime format: 1292 Incorrect datetime value: '2020-05-20T00:05:00.000Z' for column 'from' at row 1 in C:\laragon\www\CoreService\core\vendor\illuminate\database\Connection.php:463
Stack trace:
#0 C:\laragon\www\CoreService\core\vendor\illuminate\database\Connection.php(463): PDOStatement->execute()
#1 C:\laragon\www\CoreService\core\vendor\illuminate\database\Connection.php(662): Illuminate\Database\Connection->Illuminate\Database\{closure}('insert into `ev...', Array)
#2 C:\laragon\www\CoreService\core\vendor\illuminate\database\Connection.php(629): Illuminate\Database\Connection->runQueryCallback('insert into `ev...', Array, Object(Closure))
#3 C:\laragon\www\CoreService\core\vendor\illuminate\database\Connection.php(464): Illuminate\Database\Connection->run('insert into `ev...', Array, Object(Closure))
#4 C:\laragon\www\CoreService\core\vendor\illuminate\database\Connection.php(416): Illuminate\Database\Connection->statement('insert into `ev...', Array)
#5 C:\laragon\www\CoreService\core\vendor\illuminate\database\Query\Builder.php(2628): Illuminate\Database\Connection->insert('insert into `ev...', Array)
#6 C:\laragon\www\CoreService\core\vendor\illuminate\database\Eloquent\Builder.php(1366): Illuminate\Database\Query\Builder->insert(Array)
#7 C:\laragon\www\CoreService\core\vendor\illuminate\database\Eloquent\Model.php(815): Illuminate\Database\Eloquent\Builder->__call('insert', Array)
#8 C:\laragon\www\CoreService\core\vendor\illuminate\database\Eloquent\Model.php(667): Illuminate\Database\Eloquent\Model->performInsert(Object(Illuminate\Database\Eloquent\Builder))
#9 C:\laragon\www\CoreService\core\myvendor\functions\mapper\Mapper.php(41): Illuminate\Database\Eloquent\Model->save()
#10 C:\laragon\www\CoreService\functional\events\commands\createEvent\CreateEventHandler.php(31): Core\myvendor\functions\mapper\Mapper->createMap(Object(Domain\entities\Event), Array)
#11 C:\laragon\www\CoreService\core\myvendor\functions\meteor\MeteorRequestHandler.php(35): Functional\events\commands\createEvent\CreateEventHandler->Handler(Object(Laravel\Lumen\Http\Request))
#12 C:\laragon\www\CoreService\core\myvendor\functions\meteor\Meteor.php(24): Core\myvendor\functions\meteor\MeteorRequestHandler->Handle(Array, Object(Laravel\Lumen\Http\Request))
#13 C:\laragon\www\CoreService\host\controllers\EventController.php(19): Core\myvendor\functions\meteor\Meteor->Send(Object(Functional\events\commands\createEvent\CreateEventHandler), Object(Laravel\Lumen\Http\Request))
#14 [internal function]: Host\controllers\EventController->CreateEvent(Object(Functional\events\commands\createEvent\CreateEventHandler), Object(Laravel\Lumen\Http\Request))
#15 C:\laragon\www\CoreService\core\vendor\illuminate\container\BoundMethod.php(32): call_user_func_array(Array, Array)
#16 C:\laragon\www\CoreService\core\vendor\illuminate\container\Util.php(36): Illuminate\Container\BoundMethod::Illuminate\Container\{closure}()
#17 C:\laragon\www\CoreService\core\vendor\illuminate\container\BoundMethod.php(90): Illuminate\Container\Util::unwrapIfClosure(Object(Closure))
#18 C:\laragon\www\CoreService\core\vendor\illuminate\container\BoundMethod.php(34): Illuminate\Container\BoundMethod::callBoundMethod(Object(Core\myvendor\defaults\application\MyApplication), Array, Object(Closure))
#19 C:\laragon\www\CoreService\core\vendor\illuminate\container\Container.php(590): Illuminate\Container\BoundMethod::call(Object(Core\myvendor\defaults\application\MyApplication), Array, Array, NULL)
#20 C:\laragon\www\CoreService\core\vendor\laravel\lumen-framework\src\Concerns\RoutesRequests.php(376): Illuminate\Container\Container->call(Array, Array)
#21 C:\laragon\www\CoreService\core\vendor\laravel\lumen-framework\src\Concerns\RoutesRequests.php(342): Laravel\Lumen\Application->callControllerCallable(Array, Array)
#22 C:\laragon\www\CoreService\core\vendor\laravel\lumen-framework\src\Concerns\RoutesRequests.php(316): Laravel\Lumen\Application->callLumenController(Object(Host\controllers\EventController), 'CreateEvent', Array)
#23 C:\laragon\www\CoreService\core\vendor\laravel\lumen-framework\src\Concerns\RoutesRequests.php(278): Laravel\Lumen\Application->callControllerAction(Array)
#24 C:\laragon\www\CoreService\core\vendor\laravel\lumen-framework\src\Concerns\RoutesRequests.php(258): Laravel\Lumen\Application->callActionOnArrayBasedRoute(Array)
#25 [internal function]: Laravel\Lumen\Application->Laravel\Lumen\Concerns\{closure}(Object(Laravel\Lumen\Http\Request))
#26 C:\laragon\www\CoreService\core\vendor\laravel\lumen-framework\src\Routing\Pipeline.php(52): call_user_func(Object(Closure), Object(Laravel\Lumen\Http\Request))
#27 C:\laragon\www\CoreService\core\container\port\src\middlewares\Authenticate.php(60): Laravel\Lumen\Routing\Pipeline->Laravel\Lumen\Routing\{closure}(Object(Laravel\Lumen\Http\Request))
#28 C:\laragon\www\CoreService\core\vendor\illuminate\pipeline\Pipeline.php(171): Core\container\port\src\middlewares\Authenticate->handle(Object(Laravel\Lumen\Http\Request), Object(Closure))
#29 [internal function]: Illuminate\Pipeline\Pipeline->Illuminate\Pipeline\{closure}(Object(Laravel\Lumen\Http\Request))
#30 C:\laragon\www\CoreService\core\vendor\laravel\lumen-framework\src\Routing\Pipeline.php(32): call_user_func(Object(Closure), Object(Laravel\Lumen\Http\Request))
#31 C:\laragon\www\CoreService\core\vendor\illuminate\pipeline\Pipeline.php(105): Laravel\Lumen\Routing\Pipeline->Laravel\Lumen\Routing\{closure}(Object(Laravel\Lumen\Http\Request))
#32 C:\laragon\www\CoreService\core\vendor\laravel\lumen-framework\src\Concerns\RoutesRequests.php(413): Illuminate\Pipeline\Pipeline->then(Object(Closure))
#33 C:\laragon\www\CoreService\core\vendor\laravel\lumen-framework\src\Concerns\RoutesRequests.php(259): Laravel\Lumen\Application->sendThroughPipeline(Array, Object(Closure))
#34 C:\laragon\www\CoreService\core\vendor\laravel\lumen-framework\src\Concerns\RoutesRequests.php(165): Laravel\Lumen\Application->handleFoundRoute(Array)
#35 C:\laragon\www\CoreService\core\vendor\laravel\lumen-framework\src\Concerns\RoutesRequests.php(416): Laravel\Lumen\Application->Laravel\Lumen\Concerns\{closure}(Object(Laravel\Lumen\Http\Request))
#36 C:\laragon\www\CoreService\core\vendor\laravel\lumen-framework\src\Concerns\RoutesRequests.php(171): Laravel\Lumen\Application->sendThroughPipeline(Array, Object(Closure))
#37 C:\laragon\www\CoreService\core\vendor\laravel\lumen-framework\src\Concerns\RoutesRequests.php(108): Laravel\Lumen\Application->dispatch(NULL)
#38 C:\laragon\www\CoreService\host\public\index.php(28): Laravel\Lumen\Application->run()
#39 {main}

Next Illuminate\Database\QueryException: SQLSTATE[22007]: Invalid datetime format: 1292 Incorrect datetime value: '2020-05-20T00:05:00.000Z' for column 'from' at row 1 (SQL: insert into `events` (`name`, `description`, `color`, `from`, `to`, `id`, `updated_at`, `created_at`) values (alko, , #689F38, 2020-05-20T00:05:00.000Z, 2020-05-21T10:00:00.000Z, 1ce9e92d-21fd-4193-a2e1-81ceec14be3d, 2020-05-20 03:17:50, 2020-05-20 03:17:50)) in C:\laragon\www\CoreService\core\vendor\illuminate\database\Connection.php:669
Stack trace:
#0 C:\laragon\www\CoreService\core\vendor\illuminate\database\Connection.php(629): Illuminate\Database\Connection->runQueryCallback('insert into `ev...', Array, Object(Closure))
#1 C:\laragon\www\CoreService\core\vendor\illuminate\database\Connection.php(464): Illuminate\Database\Connection->run('insert into `ev...', Array, Object(Closure))
#2 C:\laragon\www\CoreService\core\vendor\illuminate\database\Connection.php(416): Illuminate\Database\Connection->statement('insert into `ev...', Array)
#3 C:\laragon\www\CoreService\core\vendor\illuminate\database\Query\Builder.php(2628): Illuminate\Database\Connection->insert('insert into `ev...', Array)
#4 C:\laragon\www\CoreService\core\vendor\illuminate\database\Eloquent\Builder.php(1366): Illuminate\Database\Query\Builder->insert(Array)
#5 C:\laragon\www\CoreService\core\vendor\illuminate\database\Eloquent\Model.php(815): Illuminate\Database\Eloquent\Builder->__call('insert', Array)
#6 C:\laragon\www\CoreService\core\vendor\illuminate\database\Eloquent\Model.php(667): Illuminate\Database\Eloquent\Model->performInsert(Object(Illuminate\Database\Eloquent\Builder))
#7 C:\laragon\www\CoreService\core\myvendor\functions\mapper\Mapper.php(41): Illuminate\Database\Eloquent\Model->save()
#8 C:\laragon\www\CoreService\functional\events\commands\createEvent\CreateEventHandler.php(31): Core\myvendor\functions\mapper\Mapper->createMap(Object(Domain\entities\Event), Array)
#9 C:\laragon\www\CoreService\core\myvendor\functions\meteor\MeteorRequestHandler.php(35): Functional\events\commands\createEvent\CreateEventHandler->Handler(Object(Laravel\Lumen\Http\Request))
#10 C:\laragon\www\CoreService\core\myvendor\functions\meteor\Meteor.php(24): Core\myvendor\functions\meteor\MeteorRequestHandler->Handle(Array, Object(Laravel\Lumen\Http\Request))
#11 C:\laragon\www\CoreService\host\controllers\EventController.php(19): Core\myvendor\functions\meteor\Meteor->Send(Object(Functional\events\commands\createEvent\CreateEventHandler), Object(Laravel\Lumen\Http\Request))
#12 [internal function]: Host\controllers\EventController->CreateEvent(Object(Functional\events\commands\createEvent\CreateEventHandler), Object(Laravel\Lumen\Http\Request))
#13 C:\laragon\www\CoreService\core\vendor\illuminate\container\BoundMethod.php(32): call_user_func_array(Array, Array)
#14 C:\laragon\www\CoreService\core\vendor\illuminate\container\Util.php(36): Illuminate\Container\BoundMethod::Illuminate\Container\{closure}()
#15 C:\laragon\www\CoreService\core\vendor\illuminate\container\BoundMethod.php(90): Illuminate\Container\Util::unwrapIfClosure(Object(Closure))
#16 C:\laragon\www\CoreService\core\vendor\illuminate\container\BoundMethod.php(34): Illuminate\Container\BoundMethod::callBoundMethod(Object(Core\myvendor\defaults\application\MyApplication), Array, Object(Closure))
#17 C:\laragon\www\CoreService\core\vendor\illuminate\container\Container.php(590): Illuminate\Container\BoundMethod::call(Object(Core\myvendor\defaults\application\MyApplication), Array, Array, NULL)
#18 C:\laragon\www\CoreService\core\vendor\laravel\lumen-framework\src\Concerns\RoutesRequests.php(376): Illuminate\Container\Container->call(Array, Array)
#19 C:\laragon\www\CoreService\core\vendor\laravel\lumen-framework\src\Concerns\RoutesRequests.php(342): Laravel\Lumen\Application->callControllerCallable(Array, Array)
#20 C:\laragon\www\CoreService\core\vendor\laravel\lumen-framework\src\Concerns\RoutesRequests.php(316): Laravel\Lumen\Application->callLumenController(Object(Host\controllers\EventController), 'CreateEvent', Array)
#21 C:\laragon\www\CoreService\core\vendor\laravel\lumen-framework\src\Concerns\RoutesRequests.php(278): Laravel\Lumen\Application->callControllerAction(Array)
#22 C:\laragon\www\CoreService\core\vendor\laravel\lumen-framework\src\Concerns\RoutesRequests.php(258): Laravel\Lumen\Application->callActionOnArrayBasedRoute(Array)
#23 [internal function]: Laravel\Lumen\Application->Laravel\Lumen\Concerns\{closure}(Object(Laravel\Lumen\Http\Request))
#24 C:\laragon\www\CoreService\core\vendor\laravel\lumen-framework\src\Routing\Pipeline.php(52): call_user_func(Object(Closure), Object(Laravel\Lumen\Http\Request))
#25 C:\laragon\www\CoreService\core\container\port\src\middlewares\Authenticate.php(60): Laravel\Lumen\Routing\Pipeline->Laravel\Lumen\Routing\{closure}(Object(Laravel\Lumen\Http\Request))
#26 C:\laragon\www\CoreService\core\vendor\illuminate\pipeline\Pipeline.php(171): Core\container\port\src\middlewares\Authenticate->handle(Object(Laravel\Lumen\Http\Request), Object(Closure))
#27 [internal function]: Illuminate\Pipeline\Pipeline->Illuminate\Pipeline\{closure}(Object(Laravel\Lumen\Http\Request))
#28 C:\laragon\www\CoreService\core\vendor\laravel\lumen-framework\src\Routing\Pipeline.php(32): call_user_func(Object(Closure), Object(Laravel\Lumen\Http\Request))
#29 C:\laragon\www\CoreService\core\vendor\illuminate\pipeline\Pipeline.php(105): Laravel\Lumen\Routing\Pipeline->Laravel\Lumen\Routing\{closure}(Object(Laravel\Lumen\Http\Request))
#30 C:\laragon\www\CoreService\core\vendor\laravel\lumen-framework\src\Concerns\RoutesRequests.php(413): Illuminate\Pipeline\Pipeline->then(Object(Closure))
#31 C:\laragon\www\CoreService\core\vendor\laravel\lumen-framework\src\Concerns\RoutesRequests.php(259): Laravel\Lumen\Application->sendThroughPipeline(Array, Object(Closure))
#32 C:\laragon\www\CoreService\core\vendor\laravel\lumen-framework\src\Concerns\RoutesRequests.php(165): Laravel\Lumen\Application->handleFoundRoute(Array)
#33 C:\laragon\www\CoreService\core\vendor\laravel\lumen-framework\src\Concerns\RoutesRequests.php(416): Laravel\Lumen\Application->Laravel\Lumen\Concerns\{closure}(Object(Laravel\Lumen\Http\Request))
#34 C:\laragon\www\CoreService\core\vendor\laravel\lumen-framework\src\Concerns\RoutesRequests.php(171): Laravel\Lumen\Application->sendThroughPipeline(Array, Object(Closure))
#35 C:\laragon\www\CoreService\core\vendor\laravel\lumen-framework\src\Concerns\RoutesRequests.php(108): Laravel\Lumen\Application->dispatch(NULL)
#36 C:\laragon\www\CoreService\host\public\index.php(28): Laravel\Lumen\Application->run()
#37 {main} {"exception":"[object] (Illuminate\\Database\\QueryException(code: 22007): SQLSTATE[22007]: Invalid datetime format: 1292 Incorrect datetime value: '2020-05-20T00:05:00.000Z' for column 'from' at row 1 (SQL: insert into `events` (`name`, `description`, `color`, `from`, `to`, `id`, `updated_at`, `created_at`) values (alko, , #689F38, 2020-05-20T00:05:00.000Z, 2020-05-21T10:00:00.000Z, 1ce9e92d-21fd-4193-a2e1-81ceec14be3d, 2020-05-20 03:17:50, 2020-05-20 03:17:50)) at C:\\laragon\\www\\CoreService\\core\\vendor\\illuminate\\database\\Connection.php:669)
[stacktrace]
#0 C:\\laragon\\www\\CoreService\\core\\vendor\\illuminate\\database\\Connection.php(629): Illuminate\\Database\\Connection->runQueryCallback('insert into `ev...', Array, Object(Closure))
#1 C:\\laragon\\www\\CoreService\\core\\vendor\\illuminate\\database\\Connection.php(464): Illuminate\\Database\\Connection->run('insert into `ev...', Array, Object(Closure))
#2 C:\\laragon\\www\\CoreService\\core\\vendor\\illuminate\\database\\Connection.php(416): Illuminate\\Database\\Connection->statement('insert into `ev...', Array)
#3 C:\\laragon\\www\\CoreService\\core\\vendor\\illuminate\\database\\Query\\Builder.php(2628): Illuminate\\Database\\Connection->insert('insert into `ev...', Array)
#4 C:\\laragon\\www\\CoreService\\core\\vendor\\illuminate\\database\\Eloquent\\Builder.php(1366): Illuminate\\Database\\Query\\Builder->insert(Array)
#5 C:\\laragon\\www\\CoreService\\core\\vendor\\illuminate\\database\\Eloquent\\Model.php(815): Illuminate\\Database\\Eloquent\\Builder->__call('insert', Array)
#6 C:\\laragon\\www\\CoreService\\core\\vendor\\illuminate\\database\\Eloquent\\Model.php(667): Illuminate\\Database\\Eloquent\\Model->performInsert(Object(Illuminate\\Database\\Eloquent\\Builder))
#7 C:\\laragon\\www\\CoreService\\core\\myvendor\\functions\\mapper\\Mapper.php(41): Illuminate\\Database\\Eloquent\\Model->save()
#8 C:\\laragon\\www\\CoreService\\functional\\events\\commands\\createEvent\\CreateEventHandler.php(31): Core\\myvendor\\functions\\mapper\\Mapper->createMap(Object(Domain\\entities\\Event), Array)
#9 C:\\laragon\\www\\CoreService\\core\\myvendor\\functions\\meteor\\MeteorRequestHandler.php(35): Functional\\events\\commands\\createEvent\\CreateEventHandler->Handler(Object(Laravel\\Lumen\\Http\\Request))
#10 C:\\laragon\\www\\CoreService\\core\\myvendor\\functions\\meteor\\Meteor.php(24): Core\\myvendor\\functions\\meteor\\MeteorRequestHandler->Handle(Array, Object(Laravel\\Lumen\\Http\\Request))
#11 C:\\laragon\\www\\CoreService\\host\\controllers\\EventController.php(19): Core\\myvendor\\functions\\meteor\\Meteor->Send(Object(Functional\\events\\commands\\createEvent\\CreateEventHandler), Object(Laravel\\Lumen\\Http\\Request))
#12 [internal function]: Host\\controllers\\EventController->CreateEvent(Object(Functional\\events\\commands\\createEvent\\CreateEventHandler), Object(Laravel\\Lumen\\Http\\Request))
#13 C:\\laragon\\www\\CoreService\\core\\vendor\\illuminate\\container\\BoundMethod.php(32): call_user_func_array(Array, Array)
#14 C:\\laragon\\www\\CoreService\\core\\vendor\\illuminate\\container\\Util.php(36): Illuminate\\Container\\BoundMethod::Illuminate\\Container\\{closure}()
#15 C:\\laragon\\www\\CoreService\\core\\vendor\\illuminate\\container\\BoundMethod.php(90): Illuminate\\Container\\Util::unwrapIfClosure(Object(Closure))
#16 C:\\laragon\\www\\CoreService\\core\\vendor\\illuminate\\container\\BoundMethod.php(34): Illuminate\\Container\\BoundMethod::callBoundMethod(Object(Core\\myvendor\\defaults\\application\\MyApplication), Array, Object(Closure))
#17 C:\\laragon\\www\\CoreService\\core\\vendor\\illuminate\\container\\Container.php(590): Illuminate\\Container\\BoundMethod::call(Object(Core\\myvendor\\defaults\\application\\MyApplication), Array, Array, NULL)
#18 C:\\laragon\\www\\CoreService\\core\\vendor\\laravel\\lumen-framework\\src\\Concerns\\RoutesRequests.php(376): Illuminate\\Container\\Container->call(Array, Array)
#19 C:\\laragon\\www\\CoreService\\core\\vendor\\laravel\\lumen-framework\\src\\Concerns\\RoutesRequests.php(342): Laravel\\Lumen\\Application->callControllerCallable(Array, Array)
#20 C:\\laragon\\www\\CoreService\\core\\vendor\\laravel\\lumen-framework\\src\\Concerns\\RoutesRequests.php(316): Laravel\\Lumen\\Application->callLumenController(Object(Host\\controllers\\EventController), 'CreateEvent', Array)
#21 C:\\laragon\\www\\CoreService\\core\\vendor\\laravel\\lumen-framework\\src\\Concerns\\RoutesRequests.php(278): Laravel\\Lumen\\Application->callControllerAction(Array)
#22 C:\\laragon\\www\\CoreService\\core\\vendor\\laravel\\lumen-framework\\src\\Concerns\\RoutesRequests.php(258): Laravel\\Lumen\\Application->callActionOnArrayBasedRoute(Array)
#23 [internal function]: Laravel\\Lumen\\Application->Laravel\\Lumen\\Concerns\\{closure}(Object(Laravel\\Lumen\\Http\\Request))
#24 C:\\laragon\\www\\CoreService\\core\\vendor\\laravel\\lumen-framework\\src\\Routing\\Pipeline.php(52): call_user_func(Object(Closure), Object(Laravel\\Lumen\\Http\\Request))
#25 C:\\laragon\\www\\CoreService\\core\\container\\port\\src\\middlewares\\Authenticate.php(60): Laravel\\Lumen\\Routing\\Pipeline->Laravel\\Lumen\\Routing\\{closure}(Object(Laravel\\Lumen\\Http\\Request))
#26 C:\\laragon\\www\\CoreService\\core\\vendor\\illuminate\\pipeline\\Pipeline.php(171): Core\\container\\port\\src\\middlewares\\Authenticate->handle(Object(Laravel\\Lumen\\Http\\Request), Object(Closure))
#27 [internal function]: Illuminate\\Pipeline\\Pipeline->Illuminate\\Pipeline\\{closure}(Object(Laravel\\Lumen\\Http\\Request))
#28 C:\\laragon\\www\\CoreService\\core\\vendor\\laravel\\lumen-framework\\src\\Routing\\Pipeline.php(32): call_user_func(Object(Closure), Object(Laravel\\Lumen\\Http\\Request))
#29 C:\\laragon\\www\\CoreService\\core\\vendor\\illuminate\\pipeline\\Pipeline.php(105): Laravel\\Lumen\\Routing\\Pipeline->Laravel\\Lumen\\Routing\\{closure}(Object(Laravel\\Lumen\\Http\\Request))
#30 C:\\laragon\\www\\CoreService\\core\\vendor\\laravel\\lumen-framework\\src\\Concerns\\RoutesRequests.php(413): Illuminate\\Pipeline\\Pipeline->then(Object(Closure))
#31 C:\\laragon\\www\\CoreService\\core\\vendor\\laravel\\lumen-framework\\src\\Concerns\\RoutesRequests.php(259): Laravel\\Lumen\\Application->sendThroughPipeline(Array, Object(Closure))
#32 C:\\laragon\\www\\CoreService\\core\\vendor\\laravel\\lumen-framework\\src\\Concerns\\RoutesRequests.php(165): Laravel\\Lumen\\Application->handleFoundRoute(Array)
#33 C:\\laragon\\www\\CoreService\\core\\vendor\\laravel\\lumen-framework\\src\\Concerns\\RoutesRequests.php(416): Laravel\\Lumen\\Application->Laravel\\Lumen\\Concerns\\{closure}(Object(Laravel\\Lumen\\Http\\Request))
#34 C:\\laragon\\www\\CoreService\\core\\vendor\\laravel\\lumen-framework\\src\\Concerns\\RoutesRequests.php(171): Laravel\\Lumen\\Application->sendThroughPipeline(Array, Object(Closure))
#35 C:\\laragon\\www\\CoreService\\core\\vendor\\laravel\\lumen-framework\\src\\Concerns\\RoutesRequests.php(108): Laravel\\Lumen\\Application->dispatch(NULL)
#36 C:\\laragon\\www\\CoreService\\host\\public\\index.php(28): Laravel\\Lumen\\Application->run()
#37 {main}

[previous exception] [object] (PDOException(code: 22007): SQLSTATE[22007]: Invalid datetime format: 1292 Incorrect datetime value: '2020-05-20T00:05:00.000Z' for column 'from' at row 1 at C:\\laragon\\www\\CoreService\\core\\vendor\\illuminate\\database\\Connection.php:463)
[stacktrace]
#0 C:\\laragon\\www\\CoreService\\core\\vendor\\illuminate\\database\\Connection.php(463): PDOStatement->execute()
#1 C:\\laragon\\www\\CoreService\\core\\vendor\\illuminate\\database\\Connection.php(662): Illuminate\\Database\\Connection->Illuminate\\Database\\{closure}('insert into `ev...', Array)
#2 C:\\laragon\\www\\CoreService\\core\\vendor\\illuminate\\database\\Connection.php(629): Illuminate\\Database\\Connection->runQueryCallback('insert into `ev...', Array, Object(Closure))
#3 C:\\laragon\\www\\CoreService\\core\\vendor\\illuminate\\database\\Connection.php(464): Illuminate\\Database\\Connection->run('insert into `ev...', Array, Object(Closure))
#4 C:\\laragon\\www\\CoreService\\core\\vendor\\illuminate\\database\\Connection.php(416): Illuminate\\Database\\Connection->statement('insert into `ev...', Array)
#5 C:\\laragon\\www\\CoreService\\core\\vendor\\illuminate\\database\\Query\\Builder.php(2628): Illuminate\\Database\\Connection->insert('insert into `ev...', Array)
#6 C:\\laragon\\www\\CoreService\\core\\vendor\\illuminate\\database\\Eloquent\\Builder.php(1366): Illuminate\\Database\\Query\\Builder->insert(Array)
#7 C:\\laragon\\www\\CoreService\\core\\vendor\\illuminate\\database\\Eloquent\\Model.php(815): Illuminate\\Database\\Eloquent\\Builder->__call('insert', Array)
#8 C:\\laragon\\www\\CoreService\\core\\vendor\\illuminate\\database\\Eloquent\\Model.php(667): Illuminate\\Database\\Eloquent\\Model->performInsert(Object(Illuminate\\Database\\Eloquent\\Builder))
#9 C:\\laragon\\www\\CoreService\\core\\myvendor\\functions\\mapper\\Mapper.php(41): Illuminate\\Database\\Eloquent\\Model->save()
#10 C:\\laragon\\www\\CoreService\\functional\\events\\commands\\createEvent\\CreateEventHandler.php(31): Core\\myvendor\\functions\\mapper\\Mapper->createMap(Object(Domain\\entities\\Event), Array)
#11 C:\\laragon\\www\\CoreService\\core\\myvendor\\functions\\meteor\\MeteorRequestHandler.php(35): Functional\\events\\commands\\createEvent\\CreateEventHandler->Handler(Object(Laravel\\Lumen\\Http\\Request))
#12 C:\\laragon\\www\\CoreService\\core\\myvendor\\functions\\meteor\\Meteor.php(24): Core\\myvendor\\functions\\meteor\\MeteorRequestHandler->Handle(Array, Object(Laravel\\Lumen\\Http\\Request))
#13 C:\\laragon\\www\\CoreService\\host\\controllers\\EventController.php(19): Core\\myvendor\\functions\\meteor\\Meteor->Send(Object(Functional\\events\\commands\\createEvent\\CreateEventHandler), Object(Laravel\\Lumen\\Http\\Request))
#14 [internal function]: Host\\controllers\\EventController->CreateEvent(Object(Functional\\events\\commands\\createEvent\\CreateEventHandler), Object(Laravel\\Lumen\\Http\\Request))
#15 C:\\laragon\\www\\CoreService\\core\\vendor\\illuminate\\container\\BoundMethod.php(32): call_user_func_array(Array, Array)
#16 C:\\laragon\\www\\CoreService\\core\\vendor\\illuminate\\container\\Util.php(36): Illuminate\\Container\\BoundMethod::Illuminate\\Container\\{closure}()
#17 C:\\laragon\\www\\CoreService\\core\\vendor\\illuminate\\container\\BoundMethod.php(90): Illuminate\\Container\\Util::unwrapIfClosure(Object(Closure))
#18 C:\\laragon\\www\\CoreService\\core\\vendor\\illuminate\\container\\BoundMethod.php(34): Illuminate\\Container\\BoundMethod::callBoundMethod(Object(Core\\myvendor\\defaults\\application\\MyApplication), Array, Object(Closure))
#19 C:\\laragon\\www\\CoreService\\core\\vendor\\illuminate\\container\\Container.php(590): Illuminate\\Container\\BoundMethod::call(Object(Core\\myvendor\\defaults\\application\\MyApplication), Array, Array, NULL)
#20 C:\\laragon\\www\\CoreService\\core\\vendor\\laravel\\lumen-framework\\src\\Concerns\\RoutesRequests.php(376): Illuminate\\Container\\Container->call(Array, Array)
#21 C:\\laragon\\www\\CoreService\\core\\vendor\\laravel\\lumen-framework\\src\\Concerns\\RoutesRequests.php(342): Laravel\\Lumen\\Application->callControllerCallable(Array, Array)
#22 C:\\laragon\\www\\CoreService\\core\\vendor\\laravel\\lumen-framework\\src\\Concerns\\RoutesRequests.php(316): Laravel\\Lumen\\Application->callLumenController(Object(Host\\controllers\\EventController), 'CreateEvent', Array)
#23 C:\\laragon\\www\\CoreService\\core\\vendor\\laravel\\lumen-framework\\src\\Concerns\\RoutesRequests.php(278): Laravel\\Lumen\\Application->callControllerAction(Array)
#24 C:\\laragon\\www\\CoreService\\core\\vendor\\laravel\\lumen-framework\\src\\Concerns\\RoutesRequests.php(258): Laravel\\Lumen\\Application->callActionOnArrayBasedRoute(Array)
#25 [internal function]: Laravel\\Lumen\\Application->Laravel\\Lumen\\Concerns\\{closure}(Object(Laravel\\Lumen\\Http\\Request))
#26 C:\\laragon\\www\\CoreService\\core\\vendor\\laravel\\lumen-framework\\src\\Routing\\Pipeline.php(52): call_user_func(Object(Closure), Object(Laravel\\Lumen\\Http\\Request))
#27 C:\\laragon\\www\\CoreService\\core\\container\\port\\src\\middlewares\\Authenticate.php(60): Laravel\\Lumen\\Routing\\Pipeline->Laravel\\Lumen\\Routing\\{closure}(Object(Laravel\\Lumen\\Http\\Request))
#28 C:\\laragon\\www\\CoreService\\core\\vendor\\illuminate\\pipeline\\Pipeline.php(171): Core\\container\\port\\src\\middlewares\\Authenticate->handle(Object(Laravel\\Lumen\\Http\\Request), Object(Closure))
#29 [internal function]: Illuminate\\Pipeline\\Pipeline->Illuminate\\Pipeline\\{closure}(Object(Laravel\\Lumen\\Http\\Request))
#30 C:\\laragon\\www\\CoreService\\core\\vendor\\laravel\\lumen-framework\\src\\Routing\\Pipeline.php(32): call_user_func(Object(Closure), Object(Laravel\\Lumen\\Http\\Request))
#31 C:\\laragon\\www\\CoreService\\core\\vendor\\illuminate\\pipeline\\Pipeline.php(105): Laravel\\Lumen\\Routing\\Pipeline->Laravel\\Lumen\\Routing\\{closure}(Object(Laravel\\Lumen\\Http\\Request))
#32 C:\\laragon\\www\\CoreService\\core\\vendor\\laravel\\lumen-framework\\src\\Concerns\\RoutesRequests.php(413): Illuminate\\Pipeline\\Pipeline->then(Object(Closure))
#33 C:\\laragon\\www\\CoreService\\core\\vendor\\laravel\\lumen-framework\\src\\Concerns\\RoutesRequests.php(259): Laravel\\Lumen\\Application->sendThroughPipeline(Array, Object(Closure))
#34 C:\\laragon\\www\\CoreService\\core\\vendor\\laravel\\lumen-framework\\src\\Concerns\\RoutesRequests.php(165): Laravel\\Lumen\\Application->handleFoundRoute(Array)
#35 C:\\laragon\\www\\CoreService\\core\\vendor\\laravel\\lumen-framework\\src\\Concerns\\RoutesRequests.php(416): Laravel\\Lumen\\Application->Laravel\\Lumen\\Concerns\\{closure}(Object(Laravel\\Lumen\\Http\\Request))
#36 C:\\laragon\\www\\CoreService\\core\\vendor\\laravel\\lumen-framework\\src\\Concerns\\RoutesRequests.php(171): Laravel\\Lumen\\Application->sendThroughPipeline(Array, Object(Closure))
#37 C:\\laragon\\www\\CoreService\\core\\vendor\\laravel\\lumen-framework\\src\\Concerns\\RoutesRequests.php(108): Laravel\\Lumen\\Application->dispatch(NULL)
#38 C:\\laragon\\www\\CoreService\\host\\public\\index.php(28): Laravel\\Lumen\\Application->run()
#39 {main}
"} 
