[2020-05-22 00:23:28] local.ERROR: Symfony\Component\Debug\Exception\FatalThrowableError: Return value of Functional\events\commands\editEvent\EditEventHandler::Handler() must be an instance of Illuminate\Http\Response, string returned in C:\laragon\www\CoreService\functional\events\commands\editEvent\EditEventHandler.php:36
Stack trace:
#0 C:\laragon\www\CoreService\core\myvendor\functions\meteor\MeteorRequestHandler.php(35): Functional\events\commands\editEvent\EditEventHandler->Handler(Object(Laravel\Lumen\Http\Request))
#1 C:\laragon\www\CoreService\core\myvendor\functions\meteor\Meteor.php(24): Core\myvendor\functions\meteor\MeteorRequestHandler->Handle(Array, Object(Laravel\Lumen\Http\Request))
#2 C:\laragon\www\CoreService\host\controllers\EventController.php(26): Core\myvendor\functions\meteor\Meteor->Send(Object(Functional\events\commands\editEvent\EditEventHandler), Object(Laravel\Lumen\Http\Request))
#3 [internal function]: Host\controllers\EventController->EditEvent(Object(Functional\events\commands\editEvent\EditEventHandler), Object(Laravel\Lumen\Http\Request))
#4 C:\laragon\www\CoreService\core\vendor\illuminate\container\BoundMethod.php(32): call_user_func_array(Array, Array)
#5 C:\laragon\www\CoreService\core\vendor\illuminate\container\Util.php(36): Illuminate\Container\BoundMethod::Illuminate\Container\{closure}()
#6 C:\laragon\www\CoreService\core\vendor\illuminate\container\BoundMethod.php(90): Illuminate\Container\Util::unwrapIfClosure(Object(Closure))
#7 C:\laragon\www\CoreService\core\vendor\illuminate\container\BoundMethod.php(34): Illuminate\Container\BoundMethod::callBoundMethod(Object(Core\myvendor\defaults\application\MyApplication), Array, Object(Closure))
#8 C:\laragon\www\CoreService\core\vendor\illuminate\container\Container.php(590): Illuminate\Container\BoundMethod::call(Object(Core\myvendor\defaults\application\MyApplication), Array, Array, NULL)
#9 C:\laragon\www\CoreService\core\vendor\laravel\lumen-framework\src\Concerns\RoutesRequests.php(376): Illuminate\Container\Container->call(Array, Array)
#10 C:\laragon\www\CoreService\core\vendor\laravel\lumen-framework\src\Concerns\RoutesRequests.php(342): Laravel\Lumen\Application->callControllerCallable(Array, Array)
#11 C:\laragon\www\CoreService\core\vendor\laravel\lumen-framework\src\Concerns\RoutesRequests.php(316): Laravel\Lumen\Application->callLumenController(Object(Host\controllers\EventController), 'EditEvent', Array)
#12 C:\laragon\www\CoreService\core\vendor\laravel\lumen-framework\src\Concerns\RoutesRequests.php(278): Laravel\Lumen\Application->callControllerAction(Array)
#13 C:\laragon\www\CoreService\core\vendor\laravel\lumen-framework\src\Concerns\RoutesRequests.php(258): Laravel\Lumen\Application->callActionOnArrayBasedRoute(Array)
#14 [internal function]: Laravel\Lumen\Application->Laravel\Lumen\Concerns\{closure}(Object(Laravel\Lumen\Http\Request))
#15 C:\laragon\www\CoreService\core\vendor\laravel\lumen-framework\src\Routing\Pipeline.php(52): call_user_func(Object(Closure), Object(Laravel\Lumen\Http\Request))
#16 C:\laragon\www\CoreService\core\container\port\src\middlewares\Authenticate.php(60): Laravel\Lumen\Routing\Pipeline->Laravel\Lumen\Routing\{closure}(Object(Laravel\Lumen\Http\Request))
#17 C:\laragon\www\CoreService\core\vendor\illuminate\pipeline\Pipeline.php(171): Core\container\port\src\middlewares\Authenticate->handle(Object(Laravel\Lumen\Http\Request), Object(Closure))
#18 [internal function]: Illuminate\Pipeline\Pipeline->Illuminate\Pipeline\{closure}(Object(Laravel\Lumen\Http\Request))
#19 C:\laragon\www\CoreService\core\vendor\laravel\lumen-framework\src\Routing\Pipeline.php(32): call_user_func(Object(Closure), Object(Laravel\Lumen\Http\Request))
#20 C:\laragon\www\CoreService\core\vendor\illuminate\pipeline\Pipeline.php(105): Laravel\Lumen\Routing\Pipeline->Laravel\Lumen\Routing\{closure}(Object(Laravel\Lumen\Http\Request))
#21 C:\laragon\www\CoreService\core\vendor\laravel\lumen-framework\src\Concerns\RoutesRequests.php(413): Illuminate\Pipeline\Pipeline->then(Object(Closure))
#22 C:\laragon\www\CoreService\core\vendor\laravel\lumen-framework\src\Concerns\RoutesRequests.php(259): Laravel\Lumen\Application->sendThroughPipeline(Array, Object(Closure))
#23 C:\laragon\www\CoreService\core\vendor\laravel\lumen-framework\src\Concerns\RoutesRequests.php(165): Laravel\Lumen\Application->handleFoundRoute(Array)
#24 C:\laragon\www\CoreService\core\vendor\laravel\lumen-framework\src\Concerns\RoutesRequests.php(416): Laravel\Lumen\Application->Laravel\Lumen\Concerns\{closure}(Object(Laravel\Lumen\Http\Request))
#25 C:\laragon\www\CoreService\core\vendor\laravel\lumen-framework\src\Concerns\RoutesRequests.php(171): Laravel\Lumen\Application->sendThroughPipeline(Array, Object(Closure))
#26 C:\laragon\www\CoreService\core\vendor\laravel\lumen-framework\src\Concerns\RoutesRequests.php(108): Laravel\Lumen\Application->dispatch(NULL)
#27 C:\laragon\www\CoreService\host\public\index.php(28): Laravel\Lumen\Application->run()
#28 {main} {"exception":"[object] (Symfony\\Component\\Debug\\Exception\\FatalThrowableError(code: 0): Return value of Functional\\events\\commands\\editEvent\\EditEventHandler::Handler() must be an instance of Illuminate\\Http\\Response, string returned at C:\\laragon\\www\\CoreService\\functional\\events\\commands\\editEvent\\EditEventHandler.php:36)
[stacktrace]
#0 C:\\laragon\\www\\CoreService\\core\\myvendor\\functions\\meteor\\MeteorRequestHandler.php(35): Functional\\events\\commands\\editEvent\\EditEventHandler->Handler(Object(Laravel\\Lumen\\Http\\Request))
#1 C:\\laragon\\www\\CoreService\\core\\myvendor\\functions\\meteor\\Meteor.php(24): Core\\myvendor\\functions\\meteor\\MeteorRequestHandler->Handle(Array, Object(Laravel\\Lumen\\Http\\Request))
#2 C:\\laragon\\www\\CoreService\\host\\controllers\\EventController.php(26): Core\\myvendor\\functions\\meteor\\Meteor->Send(Object(Functional\\events\\commands\\editEvent\\EditEventHandler), Object(Laravel\\Lumen\\Http\\Request))
#3 [internal function]: Host\\controllers\\EventController->EditEvent(Object(Functional\\events\\commands\\editEvent\\EditEventHandler), Object(Laravel\\Lumen\\Http\\Request))
#4 C:\\laragon\\www\\CoreService\\core\\vendor\\illuminate\\container\\BoundMethod.php(32): call_user_func_array(Array, Array)
#5 C:\\laragon\\www\\CoreService\\core\\vendor\\illuminate\\container\\Util.php(36): Illuminate\\Container\\BoundMethod::Illuminate\\Container\\{closure}()
#6 C:\\laragon\\www\\CoreService\\core\\vendor\\illuminate\\container\\BoundMethod.php(90): Illuminate\\Container\\Util::unwrapIfClosure(Object(Closure))
#7 C:\\laragon\\www\\CoreService\\core\\vendor\\illuminate\\container\\BoundMethod.php(34): Illuminate\\Container\\BoundMethod::callBoundMethod(Object(Core\\myvendor\\defaults\\application\\MyApplication), Array, Object(Closure))
#8 C:\\laragon\\www\\CoreService\\core\\vendor\\illuminate\\container\\Container.php(590): Illuminate\\Container\\BoundMethod::call(Object(Core\\myvendor\\defaults\\application\\MyApplication), Array, Array, NULL)
#9 C:\\laragon\\www\\CoreService\\core\\vendor\\laravel\\lumen-framework\\src\\Concerns\\RoutesRequests.php(376): Illuminate\\Container\\Container->call(Array, Array)
#10 C:\\laragon\\www\\CoreService\\core\\vendor\\laravel\\lumen-framework\\src\\Concerns\\RoutesRequests.php(342): Laravel\\Lumen\\Application->callControllerCallable(Array, Array)
#11 C:\\laragon\\www\\CoreService\\core\\vendor\\laravel\\lumen-framework\\src\\Concerns\\RoutesRequests.php(316): Laravel\\Lumen\\Application->callLumenController(Object(Host\\controllers\\EventController), 'EditEvent', Array)
#12 C:\\laragon\\www\\CoreService\\core\\vendor\\laravel\\lumen-framework\\src\\Concerns\\RoutesRequests.php(278): Laravel\\Lumen\\Application->callControllerAction(Array)
#13 C:\\laragon\\www\\CoreService\\core\\vendor\\laravel\\lumen-framework\\src\\Concerns\\RoutesRequests.php(258): Laravel\\Lumen\\Application->callActionOnArrayBasedRoute(Array)
#14 [internal function]: Laravel\\Lumen\\Application->Laravel\\Lumen\\Concerns\\{closure}(Object(Laravel\\Lumen\\Http\\Request))
#15 C:\\laragon\\www\\CoreService\\core\\vendor\\laravel\\lumen-framework\\src\\Routing\\Pipeline.php(52): call_user_func(Object(Closure), Object(Laravel\\Lumen\\Http\\Request))
#16 C:\\laragon\\www\\CoreService\\core\\container\\port\\src\\middlewares\\Authenticate.php(60): Laravel\\Lumen\\Routing\\Pipeline->Laravel\\Lumen\\Routing\\{closure}(Object(Laravel\\Lumen\\Http\\Request))
#17 C:\\laragon\\www\\CoreService\\core\\vendor\\illuminate\\pipeline\\Pipeline.php(171): Core\\container\\port\\src\\middlewares\\Authenticate->handle(Object(Laravel\\Lumen\\Http\\Request), Object(Closure))
#18 [internal function]: Illuminate\\Pipeline\\Pipeline->Illuminate\\Pipeline\\{closure}(Object(Laravel\\Lumen\\Http\\Request))
#19 C:\\laragon\\www\\CoreService\\core\\vendor\\laravel\\lumen-framework\\src\\Routing\\Pipeline.php(32): call_user_func(Object(Closure), Object(Laravel\\Lumen\\Http\\Request))
#20 C:\\laragon\\www\\CoreService\\core\\vendor\\illuminate\\pipeline\\Pipeline.php(105): Laravel\\Lumen\\Routing\\Pipeline->Laravel\\Lumen\\Routing\\{closure}(Object(Laravel\\Lumen\\Http\\Request))
#21 C:\\laragon\\www\\CoreService\\core\\vendor\\laravel\\lumen-framework\\src\\Concerns\\RoutesRequests.php(413): Illuminate\\Pipeline\\Pipeline->then(Object(Closure))
#22 C:\\laragon\\www\\CoreService\\core\\vendor\\laravel\\lumen-framework\\src\\Concerns\\RoutesRequests.php(259): Laravel\\Lumen\\Application->sendThroughPipeline(Array, Object(Closure))
#23 C:\\laragon\\www\\CoreService\\core\\vendor\\laravel\\lumen-framework\\src\\Concerns\\RoutesRequests.php(165): Laravel\\Lumen\\Application->handleFoundRoute(Array)
#24 C:\\laragon\\www\\CoreService\\core\\vendor\\laravel\\lumen-framework\\src\\Concerns\\RoutesRequests.php(416): Laravel\\Lumen\\Application->Laravel\\Lumen\\Concerns\\{closure}(Object(Laravel\\Lumen\\Http\\Request))
#25 C:\\laragon\\www\\CoreService\\core\\vendor\\laravel\\lumen-framework\\src\\Concerns\\RoutesRequests.php(171): Laravel\\Lumen\\Application->sendThroughPipeline(Array, Object(Closure))
#26 C:\\laragon\\www\\CoreService\\core\\vendor\\laravel\\lumen-framework\\src\\Concerns\\RoutesRequests.php(108): Laravel\\Lumen\\Application->dispatch(NULL)
#27 C:\\laragon\\www\\CoreService\\host\\public\\index.php(28): Laravel\\Lumen\\Application->run()
#28 {main}
"} 
