[2020-03-16 12:50:14] local.ERROR: ReflectionException: Class Functional\genders\queries\getGenders\GetGendersHalder does not exist in C:\Projects\ALBERTI\CoreService\core\vendor\illuminate\container\BoundMethod.php:164
Stack trace:
#0 C:\Projects\ALBERTI\CoreService\core\vendor\illuminate\container\BoundMethod.php(164): ReflectionParameter->getClass()
#1 C:\Projects\ALBERTI\CoreService\core\vendor\illuminate\container\BoundMethod.php(121): Illuminate\Container\BoundMethod::addDependencyForCallParameter(Object(Core\myvendor\defaults\application\MyApplication), Object(ReflectionParameter), Array, Array)
#2 C:\Projects\ALBERTI\CoreService\core\vendor\illuminate\container\BoundMethod.php(32): Illuminate\Container\BoundMethod::getMethodDependencies(Object(Core\myvendor\defaults\application\MyApplication), Array, Array)
#3 C:\Projects\ALBERTI\CoreService\core\vendor\illuminate\container\Util.php(36): Illuminate\Container\BoundMethod::Illuminate\Container\{closure}()
#4 C:\Projects\ALBERTI\CoreService\core\vendor\illuminate\container\BoundMethod.php(90): Illuminate\Container\Util::unwrapIfClosure(Object(Closure))
#5 C:\Projects\ALBERTI\CoreService\core\vendor\illuminate\container\BoundMethod.php(34): Illuminate\Container\BoundMethod::callBoundMethod(Object(Core\myvendor\defaults\application\MyApplication), Array, Object(Closure))
#6 C:\Projects\ALBERTI\CoreService\core\vendor\illuminate\container\Container.php(590): Illuminate\Container\BoundMethod::call(Object(Core\myvendor\defaults\application\MyApplication), Array, Array, NULL)
#7 C:\Projects\ALBERTI\CoreService\core\vendor\laravel\lumen-framework\src\Concerns\RoutesRequests.php(376): Illuminate\Container\Container->call(Array, Array)
#8 C:\Projects\ALBERTI\CoreService\core\vendor\laravel\lumen-framework\src\Concerns\RoutesRequests.php(342): Laravel\Lumen\Application->callControllerCallable(Array, Array)
#9 C:\Projects\ALBERTI\CoreService\core\vendor\laravel\lumen-framework\src\Concerns\RoutesRequests.php(316): Laravel\Lumen\Application->callLumenController(Object(Host\controllers\GenderController), 'Get', Array)
#10 C:\Projects\ALBERTI\CoreService\core\vendor\laravel\lumen-framework\src\Concerns\RoutesRequests.php(278): Laravel\Lumen\Application->callControllerAction(Array)
#11 C:\Projects\ALBERTI\CoreService\core\vendor\laravel\lumen-framework\src\Concerns\RoutesRequests.php(258): Laravel\Lumen\Application->callActionOnArrayBasedRoute(Array)
#12 [internal function]: Laravel\Lumen\Application->Laravel\Lumen\Concerns\{closure}(Object(Laravel\Lumen\Http\Request))
#13 C:\Projects\ALBERTI\CoreService\core\vendor\laravel\lumen-framework\src\Routing\Pipeline.php(52): call_user_func(Object(Closure), Object(Laravel\Lumen\Http\Request))
#14 C:\Projects\ALBERTI\CoreService\core\container\port\src\middlewares\Authenticate.php(60): Laravel\Lumen\Routing\Pipeline->Laravel\Lumen\Routing\{closure}(Object(Laravel\Lumen\Http\Request))
#15 C:\Projects\ALBERTI\CoreService\core\vendor\illuminate\pipeline\Pipeline.php(171): Core\container\port\src\middlewares\Authenticate->handle(Object(Laravel\Lumen\Http\Request), Object(Closure))
#16 [internal function]: Illuminate\Pipeline\Pipeline->Illuminate\Pipeline\{closure}(Object(Laravel\Lumen\Http\Request))
#17 C:\Projects\ALBERTI\CoreService\core\vendor\laravel\lumen-framework\src\Routing\Pipeline.php(32): call_user_func(Object(Closure), Object(Laravel\Lumen\Http\Request))
#18 C:\Projects\ALBERTI\CoreService\core\vendor\illuminate\pipeline\Pipeline.php(105): Laravel\Lumen\Routing\Pipeline->Laravel\Lumen\Routing\{closure}(Object(Laravel\Lumen\Http\Request))
#19 C:\Projects\ALBERTI\CoreService\core\vendor\laravel\lumen-framework\src\Concerns\RoutesRequests.php(413): Illuminate\Pipeline\Pipeline->then(Object(Closure))
#20 C:\Projects\ALBERTI\CoreService\core\vendor\laravel\lumen-framework\src\Concerns\RoutesRequests.php(259): Laravel\Lumen\Application->sendThroughPipeline(Array, Object(Closure))
#21 C:\Projects\ALBERTI\CoreService\core\vendor\laravel\lumen-framework\src\Concerns\RoutesRequests.php(165): Laravel\Lumen\Application->handleFoundRoute(Array)
#22 C:\Projects\ALBERTI\CoreService\core\vendor\laravel\lumen-framework\src\Concerns\RoutesRequests.php(416): Laravel\Lumen\Application->Laravel\Lumen\Concerns\{closure}(Object(Laravel\Lumen\Http\Request))
#23 C:\Projects\ALBERTI\CoreService\core\vendor\laravel\lumen-framework\src\Concerns\RoutesRequests.php(171): Laravel\Lumen\Application->sendThroughPipeline(Array, Object(Closure))
#24 C:\Projects\ALBERTI\CoreService\core\vendor\laravel\lumen-framework\src\Concerns\RoutesRequests.php(108): Laravel\Lumen\Application->dispatch(NULL)
#25 C:\Projects\ALBERTI\CoreService\host\public\index.php(28): Laravel\Lumen\Application->run()
#26 {main} {"exception":"[object] (ReflectionException(code: 0): Class Functional\\genders\\queries\\getGenders\\GetGendersHalder does not exist at C:\\Projects\\ALBERTI\\CoreService\\core\\vendor\\illuminate\\container\\BoundMethod.php:164)
[stacktrace]
#0 C:\\Projects\\ALBERTI\\CoreService\\core\\vendor\\illuminate\\container\\BoundMethod.php(164): ReflectionParameter->getClass()
#1 C:\\Projects\\ALBERTI\\CoreService\\core\\vendor\\illuminate\\container\\BoundMethod.php(121): Illuminate\\Container\\BoundMethod::addDependencyForCallParameter(Object(Core\\myvendor\\defaults\\application\\MyApplication), Object(ReflectionParameter), Array, Array)
#2 C:\\Projects\\ALBERTI\\CoreService\\core\\vendor\\illuminate\\container\\BoundMethod.php(32): Illuminate\\Container\\BoundMethod::getMethodDependencies(Object(Core\\myvendor\\defaults\\application\\MyApplication), Array, Array)
#3 C:\\Projects\\ALBERTI\\CoreService\\core\\vendor\\illuminate\\container\\Util.php(36): Illuminate\\Container\\BoundMethod::Illuminate\\Container\\{closure}()
#4 C:\\Projects\\ALBERTI\\CoreService\\core\\vendor\\illuminate\\container\\BoundMethod.php(90): Illuminate\\Container\\Util::unwrapIfClosure(Object(Closure))
#5 C:\\Projects\\ALBERTI\\CoreService\\core\\vendor\\illuminate\\container\\BoundMethod.php(34): Illuminate\\Container\\BoundMethod::callBoundMethod(Object(Core\\myvendor\\defaults\\application\\MyApplication), Array, Object(Closure))
#6 C:\\Projects\\ALBERTI\\CoreService\\core\\vendor\\illuminate\\container\\Container.php(590): Illuminate\\Container\\BoundMethod::call(Object(Core\\myvendor\\defaults\\application\\MyApplication), Array, Array, NULL)
#7 C:\\Projects\\ALBERTI\\CoreService\\core\\vendor\\laravel\\lumen-framework\\src\\Concerns\\RoutesRequests.php(376): Illuminate\\Container\\Container->call(Array, Array)
#8 C:\\Projects\\ALBERTI\\CoreService\\core\\vendor\\laravel\\lumen-framework\\src\\Concerns\\RoutesRequests.php(342): Laravel\\Lumen\\Application->callControllerCallable(Array, Array)
#9 C:\\Projects\\ALBERTI\\CoreService\\core\\vendor\\laravel\\lumen-framework\\src\\Concerns\\RoutesRequests.php(316): Laravel\\Lumen\\Application->callLumenController(Object(Host\\controllers\\GenderController), 'Get', Array)
#10 C:\\Projects\\ALBERTI\\CoreService\\core\\vendor\\laravel\\lumen-framework\\src\\Concerns\\RoutesRequests.php(278): Laravel\\Lumen\\Application->callControllerAction(Array)
#11 C:\\Projects\\ALBERTI\\CoreService\\core\\vendor\\laravel\\lumen-framework\\src\\Concerns\\RoutesRequests.php(258): Laravel\\Lumen\\Application->callActionOnArrayBasedRoute(Array)
#12 [internal function]: Laravel\\Lumen\\Application->Laravel\\Lumen\\Concerns\\{closure}(Object(Laravel\\Lumen\\Http\\Request))
#13 C:\\Projects\\ALBERTI\\CoreService\\core\\vendor\\laravel\\lumen-framework\\src\\Routing\\Pipeline.php(52): call_user_func(Object(Closure), Object(Laravel\\Lumen\\Http\\Request))
#14 C:\\Projects\\ALBERTI\\CoreService\\core\\container\\port\\src\\middlewares\\Authenticate.php(60): Laravel\\Lumen\\Routing\\Pipeline->Laravel\\Lumen\\Routing\\{closure}(Object(Laravel\\Lumen\\Http\\Request))
#15 C:\\Projects\\ALBERTI\\CoreService\\core\\vendor\\illuminate\\pipeline\\Pipeline.php(171): Core\\container\\port\\src\\middlewares\\Authenticate->handle(Object(Laravel\\Lumen\\Http\\Request), Object(Closure))
#16 [internal function]: Illuminate\\Pipeline\\Pipeline->Illuminate\\Pipeline\\{closure}(Object(Laravel\\Lumen\\Http\\Request))
#17 C:\\Projects\\ALBERTI\\CoreService\\core\\vendor\\laravel\\lumen-framework\\src\\Routing\\Pipeline.php(32): call_user_func(Object(Closure), Object(Laravel\\Lumen\\Http\\Request))
#18 C:\\Projects\\ALBERTI\\CoreService\\core\\vendor\\illuminate\\pipeline\\Pipeline.php(105): Laravel\\Lumen\\Routing\\Pipeline->Laravel\\Lumen\\Routing\\{closure}(Object(Laravel\\Lumen\\Http\\Request))
#19 C:\\Projects\\ALBERTI\\CoreService\\core\\vendor\\laravel\\lumen-framework\\src\\Concerns\\RoutesRequests.php(413): Illuminate\\Pipeline\\Pipeline->then(Object(Closure))
#20 C:\\Projects\\ALBERTI\\CoreService\\core\\vendor\\laravel\\lumen-framework\\src\\Concerns\\RoutesRequests.php(259): Laravel\\Lumen\\Application->sendThroughPipeline(Array, Object(Closure))
#21 C:\\Projects\\ALBERTI\\CoreService\\core\\vendor\\laravel\\lumen-framework\\src\\Concerns\\RoutesRequests.php(165): Laravel\\Lumen\\Application->handleFoundRoute(Array)
#22 C:\\Projects\\ALBERTI\\CoreService\\core\\vendor\\laravel\\lumen-framework\\src\\Concerns\\RoutesRequests.php(416): Laravel\\Lumen\\Application->Laravel\\Lumen\\Concerns\\{closure}(Object(Laravel\\Lumen\\Http\\Request))
#23 C:\\Projects\\ALBERTI\\CoreService\\core\\vendor\\laravel\\lumen-framework\\src\\Concerns\\RoutesRequests.php(171): Laravel\\Lumen\\Application->sendThroughPipeline(Array, Object(Closure))
#24 C:\\Projects\\ALBERTI\\CoreService\\core\\vendor\\laravel\\lumen-framework\\src\\Concerns\\RoutesRequests.php(108): Laravel\\Lumen\\Application->dispatch(NULL)
#25 C:\\Projects\\ALBERTI\\CoreService\\host\\public\\index.php(28): Laravel\\Lumen\\Application->run()
#26 {main}
"} 
