[2020-05-10 23:47:04] local.ERROR: ReflectionException: Class Host\controllers\GenderController does not exist in C:\laragon\www\Payment\core\vendor\illuminate\container\Container.php:803
Stack trace:
#0 C:\laragon\www\Payment\core\vendor\illuminate\container\Container.php(803): ReflectionClass->__construct('Host\\controller...')
#1 C:\laragon\www\Payment\core\vendor\illuminate\container\Container.php(681): Illuminate\Container\Container->build('Host\\controller...')
#2 C:\laragon\www\Payment\core\vendor\illuminate\container\Container.php(629): Illuminate\Container\Container->resolve('Host\\controller...', Array)
#3 C:\laragon\www\Payment\core\vendor\laravel\lumen-framework\src\Application.php(267): Illuminate\Container\Container->make('Host\\controller...', Array)
#4 C:\laragon\www\Payment\core\vendor\laravel\lumen-framework\src\Concerns\RoutesRequests.php(311): Laravel\Lumen\Application->make('Host\\controller...')
#5 C:\laragon\www\Payment\core\vendor\laravel\lumen-framework\src\Concerns\RoutesRequests.php(278): Laravel\Lumen\Application->callControllerAction(Array)
#6 C:\laragon\www\Payment\core\vendor\laravel\lumen-framework\src\Concerns\RoutesRequests.php(258): Laravel\Lumen\Application->callActionOnArrayBasedRoute(Array)
#7 C:\laragon\www\Payment\core\vendor\laravel\lumen-framework\src\Concerns\RoutesRequests.php(416): Laravel\Lumen\Application->Laravel\Lumen\Concerns\{closure}(Object(Laravel\Lumen\Http\Request))
#8 C:\laragon\www\Payment\core\vendor\laravel\lumen-framework\src\Concerns\RoutesRequests.php(259): Laravel\Lumen\Application->sendThroughPipeline(Array, Object(Closure))
#9 C:\laragon\www\Payment\core\vendor\laravel\lumen-framework\src\Concerns\RoutesRequests.php(165): Laravel\Lumen\Application->handleFoundRoute(Array)
#10 C:\laragon\www\Payment\core\vendor\laravel\lumen-framework\src\Concerns\RoutesRequests.php(416): Laravel\Lumen\Application->Laravel\Lumen\Concerns\{closure}(Object(Laravel\Lumen\Http\Request))
#11 C:\laragon\www\Payment\core\vendor\laravel\lumen-framework\src\Concerns\RoutesRequests.php(171): Laravel\Lumen\Application->sendThroughPipeline(Array, Object(Closure))
#12 C:\laragon\www\Payment\core\myvendor\commands\AutoSwagger.php(103): Laravel\Lumen\Application->dispatch(Object(Symfony\Component\HttpFoundation\Request))
#13 C:\laragon\www\Payment\core\myvendor\commands\AutoSwagger.php(67): Core\myvendor\commands\AutoSwagger->PrepareData(Array, Object(Core\myvendor\defaults\application\MyApplication))
#14 C:\laragon\www\Payment\core\myvendor\commands\AutoSwagger.php(38): Core\myvendor\commands\AutoSwagger->getRoutes(Object(Core\myvendor\defaults\application\MyApplication))
#15 [internal function]: Core\myvendor\commands\AutoSwagger->handle()
#16 C:\laragon\www\Payment\core\vendor\illuminate\container\BoundMethod.php(32): call_user_func_array(Array, Array)
#17 C:\laragon\www\Payment\core\vendor\illuminate\container\Util.php(36): Illuminate\Container\BoundMethod::Illuminate\Container\{closure}()
#18 C:\laragon\www\Payment\core\vendor\illuminate\container\BoundMethod.php(90): Illuminate\Container\Util::unwrapIfClosure(Object(Closure))
#19 C:\laragon\www\Payment\core\vendor\illuminate\container\BoundMethod.php(34): Illuminate\Container\BoundMethod::callBoundMethod(Object(Core\myvendor\defaults\application\MyApplication), Array, Object(Closure))
#20 C:\laragon\www\Payment\core\vendor\illuminate\container\Container.php(590): Illuminate\Container\BoundMethod::call(Object(Core\myvendor\defaults\application\MyApplication), Array, Array, NULL)
#21 C:\laragon\www\Payment\core\vendor\illuminate\console\Command.php(201): Illuminate\Container\Container->call(Array)
#22 C:\laragon\www\Payment\core\vendor\symfony\console\Command\Command.php(255): Illuminate\Console\Command->execute(Object(Symfony\Component\Console\Input\ArgvInput), Object(Illuminate\Console\OutputStyle))
#23 C:\laragon\www\Payment\core\vendor\illuminate\console\Command.php(188): Symfony\Component\Console\Command\Command->run(Object(Symfony\Component\Console\Input\ArgvInput), Object(Illuminate\Console\OutputStyle))
#24 C:\laragon\www\Payment\core\vendor\symfony\console\Application.php(1012): Illuminate\Console\Command->run(Object(Symfony\Component\Console\Input\ArgvInput), Object(Symfony\Component\Console\Output\ConsoleOutput))
#25 C:\laragon\www\Payment\core\vendor\symfony\console\Application.php(272): Symfony\Component\Console\Application->doRunCommand(Object(Core\myvendor\commands\AutoSwagger), Object(Symfony\Component\Console\Input\ArgvInput), Object(Symfony\Component\Console\Output\ConsoleOutput))
#26 C:\laragon\www\Payment\core\vendor\symfony\console\Application.php(148): Symfony\Component\Console\Application->doRun(Object(Symfony\Component\Console\Input\ArgvInput), Object(Symfony\Component\Console\Output\ConsoleOutput))
#27 C:\laragon\www\Payment\core\vendor\illuminate\console\Application.php(93): Symfony\Component\Console\Application->run(Object(Symfony\Component\Console\Input\ArgvInput), Object(Symfony\Component\Console\Output\ConsoleOutput))
#28 C:\laragon\www\Payment\core\vendor\laravel\lumen-framework\src\Console\Kernel.php(115): Illuminate\Console\Application->run(Object(Symfony\Component\Console\Input\ArgvInput), Object(Symfony\Component\Console\Output\ConsoleOutput))
#29 C:\laragon\www\Payment\core\artisan(35): Laravel\Lumen\Console\Kernel->handle(Object(Symfony\Component\Console\Input\ArgvInput), Object(Symfony\Component\Console\Output\ConsoleOutput))
#30 {main}

Next Illuminate\Contracts\Container\BindingResolutionException: Target class [Host\controllers\GenderController] does not exist. in C:\laragon\www\Payment\core\vendor\illuminate\container\Container.php:805
Stack trace:
#0 C:\laragon\www\Payment\core\vendor\illuminate\container\Container.php(681): Illuminate\Container\Container->build('Host\\controller...')
#1 C:\laragon\www\Payment\core\vendor\illuminate\container\Container.php(629): Illuminate\Container\Container->resolve('Host\\controller...', Array)
#2 C:\laragon\www\Payment\core\vendor\laravel\lumen-framework\src\Application.php(267): Illuminate\Container\Container->make('Host\\controller...', Array)
#3 C:\laragon\www\Payment\core\vendor\laravel\lumen-framework\src\Concerns\RoutesRequests.php(311): Laravel\Lumen\Application->make('Host\\controller...')
#4 C:\laragon\www\Payment\core\vendor\laravel\lumen-framework\src\Concerns\RoutesRequests.php(278): Laravel\Lumen\Application->callControllerAction(Array)
#5 C:\laragon\www\Payment\core\vendor\laravel\lumen-framework\src\Concerns\RoutesRequests.php(258): Laravel\Lumen\Application->callActionOnArrayBasedRoute(Array)
#6 C:\laragon\www\Payment\core\vendor\laravel\lumen-framework\src\Concerns\RoutesRequests.php(416): Laravel\Lumen\Application->Laravel\Lumen\Concerns\{closure}(Object(Laravel\Lumen\Http\Request))
#7 C:\laragon\www\Payment\core\vendor\laravel\lumen-framework\src\Concerns\RoutesRequests.php(259): Laravel\Lumen\Application->sendThroughPipeline(Array, Object(Closure))
#8 C:\laragon\www\Payment\core\vendor\laravel\lumen-framework\src\Concerns\RoutesRequests.php(165): Laravel\Lumen\Application->handleFoundRoute(Array)
#9 C:\laragon\www\Payment\core\vendor\laravel\lumen-framework\src\Concerns\RoutesRequests.php(416): Laravel\Lumen\Application->Laravel\Lumen\Concerns\{closure}(Object(Laravel\Lumen\Http\Request))
#10 C:\laragon\www\Payment\core\vendor\laravel\lumen-framework\src\Concerns\RoutesRequests.php(171): Laravel\Lumen\Application->sendThroughPipeline(Array, Object(Closure))
#11 C:\laragon\www\Payment\core\myvendor\commands\AutoSwagger.php(103): Laravel\Lumen\Application->dispatch(Object(Symfony\Component\HttpFoundation\Request))
#12 C:\laragon\www\Payment\core\myvendor\commands\AutoSwagger.php(67): Core\myvendor\commands\AutoSwagger->PrepareData(Array, Object(Core\myvendor\defaults\application\MyApplication))
#13 C:\laragon\www\Payment\core\myvendor\commands\AutoSwagger.php(38): Core\myvendor\commands\AutoSwagger->getRoutes(Object(Core\myvendor\defaults\application\MyApplication))
#14 [internal function]: Core\myvendor\commands\AutoSwagger->handle()
#15 C:\laragon\www\Payment\core\vendor\illuminate\container\BoundMethod.php(32): call_user_func_array(Array, Array)
#16 C:\laragon\www\Payment\core\vendor\illuminate\container\Util.php(36): Illuminate\Container\BoundMethod::Illuminate\Container\{closure}()
#17 C:\laragon\www\Payment\core\vendor\illuminate\container\BoundMethod.php(90): Illuminate\Container\Util::unwrapIfClosure(Object(Closure))
#18 C:\laragon\www\Payment\core\vendor\illuminate\container\BoundMethod.php(34): Illuminate\Container\BoundMethod::callBoundMethod(Object(Core\myvendor\defaults\application\MyApplication), Array, Object(Closure))
#19 C:\laragon\www\Payment\core\vendor\illuminate\container\Container.php(590): Illuminate\Container\BoundMethod::call(Object(Core\myvendor\defaults\application\MyApplication), Array, Array, NULL)
#20 C:\laragon\www\Payment\core\vendor\illuminate\console\Command.php(201): Illuminate\Container\Container->call(Array)
#21 C:\laragon\www\Payment\core\vendor\symfony\console\Command\Command.php(255): Illuminate\Console\Command->execute(Object(Symfony\Component\Console\Input\ArgvInput), Object(Illuminate\Console\OutputStyle))
#22 C:\laragon\www\Payment\core\vendor\illuminate\console\Command.php(188): Symfony\Component\Console\Command\Command->run(Object(Symfony\Component\Console\Input\ArgvInput), Object(Illuminate\Console\OutputStyle))
#23 C:\laragon\www\Payment\core\vendor\symfony\console\Application.php(1012): Illuminate\Console\Command->run(Object(Symfony\Component\Console\Input\ArgvInput), Object(Symfony\Component\Console\Output\ConsoleOutput))
#24 C:\laragon\www\Payment\core\vendor\symfony\console\Application.php(272): Symfony\Component\Console\Application->doRunCommand(Object(Core\myvendor\commands\AutoSwagger), Object(Symfony\Component\Console\Input\ArgvInput), Object(Symfony\Component\Console\Output\ConsoleOutput))
#25 C:\laragon\www\Payment\core\vendor\symfony\console\Application.php(148): Symfony\Component\Console\Application->doRun(Object(Symfony\Component\Console\Input\ArgvInput), Object(Symfony\Component\Console\Output\ConsoleOutput))
#26 C:\laragon\www\Payment\core\vendor\illuminate\console\Application.php(93): Symfony\Component\Console\Application->run(Object(Symfony\Component\Console\Input\ArgvInput), Object(Symfony\Component\Console\Output\ConsoleOutput))
#27 C:\laragon\www\Payment\core\vendor\laravel\lumen-framework\src\Console\Kernel.php(115): Illuminate\Console\Application->run(Object(Symfony\Component\Console\Input\ArgvInput), Object(Symfony\Component\Console\Output\ConsoleOutput))
#28 C:\laragon\www\Payment\core\artisan(35): Laravel\Lumen\Console\Kernel->handle(Object(Symfony\Component\Console\Input\ArgvInput), Object(Symfony\Component\Console\Output\ConsoleOutput))
#29 {main} {"exception":"[object] (Illuminate\\Contracts\\Container\\BindingResolutionException(code: 0): Target class [Host\\controllers\\GenderController] does not exist. at C:\\laragon\\www\\Payment\\core\\vendor\\illuminate\\container\\Container.php:805)
[stacktrace]
#0 C:\\laragon\\www\\Payment\\core\\vendor\\illuminate\\container\\Container.php(681): Illuminate\\Container\\Container->build('Host\\\\controller...')
#1 C:\\laragon\\www\\Payment\\core\\vendor\\illuminate\\container\\Container.php(629): Illuminate\\Container\\Container->resolve('Host\\\\controller...', Array)
#2 C:\\laragon\\www\\Payment\\core\\vendor\\laravel\\lumen-framework\\src\\Application.php(267): Illuminate\\Container\\Container->make('Host\\\\controller...', Array)
#3 C:\\laragon\\www\\Payment\\core\\vendor\\laravel\\lumen-framework\\src\\Concerns\\RoutesRequests.php(311): Laravel\\Lumen\\Application->make('Host\\\\controller...')
#4 C:\\laragon\\www\\Payment\\core\\vendor\\laravel\\lumen-framework\\src\\Concerns\\RoutesRequests.php(278): Laravel\\Lumen\\Application->callControllerAction(Array)
#5 C:\\laragon\\www\\Payment\\core\\vendor\\laravel\\lumen-framework\\src\\Concerns\\RoutesRequests.php(258): Laravel\\Lumen\\Application->callActionOnArrayBasedRoute(Array)
#6 C:\\laragon\\www\\Payment\\core\\vendor\\laravel\\lumen-framework\\src\\Concerns\\RoutesRequests.php(416): Laravel\\Lumen\\Application->Laravel\\Lumen\\Concerns\\{closure}(Object(Laravel\\Lumen\\Http\\Request))
#7 C:\\laragon\\www\\Payment\\core\\vendor\\laravel\\lumen-framework\\src\\Concerns\\RoutesRequests.php(259): Laravel\\Lumen\\Application->sendThroughPipeline(Array, Object(Closure))
#8 C:\\laragon\\www\\Payment\\core\\vendor\\laravel\\lumen-framework\\src\\Concerns\\RoutesRequests.php(165): Laravel\\Lumen\\Application->handleFoundRoute(Array)
#9 C:\\laragon\\www\\Payment\\core\\vendor\\laravel\\lumen-framework\\src\\Concerns\\RoutesRequests.php(416): Laravel\\Lumen\\Application->Laravel\\Lumen\\Concerns\\{closure}(Object(Laravel\\Lumen\\Http\\Request))
#10 C:\\laragon\\www\\Payment\\core\\vendor\\laravel\\lumen-framework\\src\\Concerns\\RoutesRequests.php(171): Laravel\\Lumen\\Application->sendThroughPipeline(Array, Object(Closure))
#11 C:\\laragon\\www\\Payment\\core\\myvendor\\commands\\AutoSwagger.php(103): Laravel\\Lumen\\Application->dispatch(Object(Symfony\\Component\\HttpFoundation\\Request))
#12 C:\\laragon\\www\\Payment\\core\\myvendor\\commands\\AutoSwagger.php(67): Core\\myvendor\\commands\\AutoSwagger->PrepareData(Array, Object(Core\\myvendor\\defaults\\application\\MyApplication))
#13 C:\\laragon\\www\\Payment\\core\\myvendor\\commands\\AutoSwagger.php(38): Core\\myvendor\\commands\\AutoSwagger->getRoutes(Object(Core\\myvendor\\defaults\\application\\MyApplication))
#14 [internal function]: Core\\myvendor\\commands\\AutoSwagger->handle()
#15 C:\\laragon\\www\\Payment\\core\\vendor\\illuminate\\container\\BoundMethod.php(32): call_user_func_array(Array, Array)
#16 C:\\laragon\\www\\Payment\\core\\vendor\\illuminate\\container\\Util.php(36): Illuminate\\Container\\BoundMethod::Illuminate\\Container\\{closure}()
#17 C:\\laragon\\www\\Payment\\core\\vendor\\illuminate\\container\\BoundMethod.php(90): Illuminate\\Container\\Util::unwrapIfClosure(Object(Closure))
#18 C:\\laragon\\www\\Payment\\core\\vendor\\illuminate\\container\\BoundMethod.php(34): Illuminate\\Container\\BoundMethod::callBoundMethod(Object(Core\\myvendor\\defaults\\application\\MyApplication), Array, Object(Closure))
#19 C:\\laragon\\www\\Payment\\core\\vendor\\illuminate\\container\\Container.php(590): Illuminate\\Container\\BoundMethod::call(Object(Core\\myvendor\\defaults\\application\\MyApplication), Array, Array, NULL)
#20 C:\\laragon\\www\\Payment\\core\\vendor\\illuminate\\console\\Command.php(201): Illuminate\\Container\\Container->call(Array)
#21 C:\\laragon\\www\\Payment\\core\\vendor\\symfony\\console\\Command\\Command.php(255): Illuminate\\Console\\Command->execute(Object(Symfony\\Component\\Console\\Input\\ArgvInput), Object(Illuminate\\Console\\OutputStyle))
#22 C:\\laragon\\www\\Payment\\core\\vendor\\illuminate\\console\\Command.php(188): Symfony\\Component\\Console\\Command\\Command->run(Object(Symfony\\Component\\Console\\Input\\ArgvInput), Object(Illuminate\\Console\\OutputStyle))
#23 C:\\laragon\\www\\Payment\\core\\vendor\\symfony\\console\\Application.php(1012): Illuminate\\Console\\Command->run(Object(Symfony\\Component\\Console\\Input\\ArgvInput), Object(Symfony\\Component\\Console\\Output\\ConsoleOutput))
#24 C:\\laragon\\www\\Payment\\core\\vendor\\symfony\\console\\Application.php(272): Symfony\\Component\\Console\\Application->doRunCommand(Object(Core\\myvendor\\commands\\AutoSwagger), Object(Symfony\\Component\\Console\\Input\\ArgvInput), Object(Symfony\\Component\\Console\\Output\\ConsoleOutput))
#25 C:\\laragon\\www\\Payment\\core\\vendor\\symfony\\console\\Application.php(148): Symfony\\Component\\Console\\Application->doRun(Object(Symfony\\Component\\Console\\Input\\ArgvInput), Object(Symfony\\Component\\Console\\Output\\ConsoleOutput))
#26 C:\\laragon\\www\\Payment\\core\\vendor\\illuminate\\console\\Application.php(93): Symfony\\Component\\Console\\Application->run(Object(Symfony\\Component\\Console\\Input\\ArgvInput), Object(Symfony\\Component\\Console\\Output\\ConsoleOutput))
#27 C:\\laragon\\www\\Payment\\core\\vendor\\laravel\\lumen-framework\\src\\Console\\Kernel.php(115): Illuminate\\Console\\Application->run(Object(Symfony\\Component\\Console\\Input\\ArgvInput), Object(Symfony\\Component\\Console\\Output\\ConsoleOutput))
#28 C:\\laragon\\www\\Payment\\core\\artisan(35): Laravel\\Lumen\\Console\\Kernel->handle(Object(Symfony\\Component\\Console\\Input\\ArgvInput), Object(Symfony\\Component\\Console\\Output\\ConsoleOutput))
#29 {main}

[previous exception] [object] (ReflectionException(code: -1): Class Host\\controllers\\GenderController does not exist at C:\\laragon\\www\\Payment\\core\\vendor\\illuminate\\container\\Container.php:803)
[stacktrace]
#0 C:\\laragon\\www\\Payment\\core\\vendor\\illuminate\\container\\Container.php(803): ReflectionClass->__construct('Host\\\\controller...')
#1 C:\\laragon\\www\\Payment\\core\\vendor\\illuminate\\container\\Container.php(681): Illuminate\\Container\\Container->build('Host\\\\controller...')
#2 C:\\laragon\\www\\Payment\\core\\vendor\\illuminate\\container\\Container.php(629): Illuminate\\Container\\Container->resolve('Host\\\\controller...', Array)
#3 C:\\laragon\\www\\Payment\\core\\vendor\\laravel\\lumen-framework\\src\\Application.php(267): Illuminate\\Container\\Container->make('Host\\\\controller...', Array)
#4 C:\\laragon\\www\\Payment\\core\\vendor\\laravel\\lumen-framework\\src\\Concerns\\RoutesRequests.php(311): Laravel\\Lumen\\Application->make('Host\\\\controller...')
#5 C:\\laragon\\www\\Payment\\core\\vendor\\laravel\\lumen-framework\\src\\Concerns\\RoutesRequests.php(278): Laravel\\Lumen\\Application->callControllerAction(Array)
#6 C:\\laragon\\www\\Payment\\core\\vendor\\laravel\\lumen-framework\\src\\Concerns\\RoutesRequests.php(258): Laravel\\Lumen\\Application->callActionOnArrayBasedRoute(Array)
#7 C:\\laragon\\www\\Payment\\core\\vendor\\laravel\\lumen-framework\\src\\Concerns\\RoutesRequests.php(416): Laravel\\Lumen\\Application->Laravel\\Lumen\\Concerns\\{closure}(Object(Laravel\\Lumen\\Http\\Request))
#8 C:\\laragon\\www\\Payment\\core\\vendor\\laravel\\lumen-framework\\src\\Concerns\\RoutesRequests.php(259): Laravel\\Lumen\\Application->sendThroughPipeline(Array, Object(Closure))
#9 C:\\laragon\\www\\Payment\\core\\vendor\\laravel\\lumen-framework\\src\\Concerns\\RoutesRequests.php(165): Laravel\\Lumen\\Application->handleFoundRoute(Array)
#10 C:\\laragon\\www\\Payment\\core\\vendor\\laravel\\lumen-framework\\src\\Concerns\\RoutesRequests.php(416): Laravel\\Lumen\\Application->Laravel\\Lumen\\Concerns\\{closure}(Object(Laravel\\Lumen\\Http\\Request))
#11 C:\\laragon\\www\\Payment\\core\\vendor\\laravel\\lumen-framework\\src\\Concerns\\RoutesRequests.php(171): Laravel\\Lumen\\Application->sendThroughPipeline(Array, Object(Closure))
#12 C:\\laragon\\www\\Payment\\core\\myvendor\\commands\\AutoSwagger.php(103): Laravel\\Lumen\\Application->dispatch(Object(Symfony\\Component\\HttpFoundation\\Request))
#13 C:\\laragon\\www\\Payment\\core\\myvendor\\commands\\AutoSwagger.php(67): Core\\myvendor\\commands\\AutoSwagger->PrepareData(Array, Object(Core\\myvendor\\defaults\\application\\MyApplication))
#14 C:\\laragon\\www\\Payment\\core\\myvendor\\commands\\AutoSwagger.php(38): Core\\myvendor\\commands\\AutoSwagger->getRoutes(Object(Core\\myvendor\\defaults\\application\\MyApplication))
#15 [internal function]: Core\\myvendor\\commands\\AutoSwagger->handle()
#16 C:\\laragon\\www\\Payment\\core\\vendor\\illuminate\\container\\BoundMethod.php(32): call_user_func_array(Array, Array)
#17 C:\\laragon\\www\\Payment\\core\\vendor\\illuminate\\container\\Util.php(36): Illuminate\\Container\\BoundMethod::Illuminate\\Container\\{closure}()
#18 C:\\laragon\\www\\Payment\\core\\vendor\\illuminate\\container\\BoundMethod.php(90): Illuminate\\Container\\Util::unwrapIfClosure(Object(Closure))
#19 C:\\laragon\\www\\Payment\\core\\vendor\\illuminate\\container\\BoundMethod.php(34): Illuminate\\Container\\BoundMethod::callBoundMethod(Object(Core\\myvendor\\defaults\\application\\MyApplication), Array, Object(Closure))
#20 C:\\laragon\\www\\Payment\\core\\vendor\\illuminate\\container\\Container.php(590): Illuminate\\Container\\BoundMethod::call(Object(Core\\myvendor\\defaults\\application\\MyApplication), Array, Array, NULL)
#21 C:\\laragon\\www\\Payment\\core\\vendor\\illuminate\\console\\Command.php(201): Illuminate\\Container\\Container->call(Array)
#22 C:\\laragon\\www\\Payment\\core\\vendor\\symfony\\console\\Command\\Command.php(255): Illuminate\\Console\\Command->execute(Object(Symfony\\Component\\Console\\Input\\ArgvInput), Object(Illuminate\\Console\\OutputStyle))
#23 C:\\laragon\\www\\Payment\\core\\vendor\\illuminate\\console\\Command.php(188): Symfony\\Component\\Console\\Command\\Command->run(Object(Symfony\\Component\\Console\\Input\\ArgvInput), Object(Illuminate\\Console\\OutputStyle))
#24 C:\\laragon\\www\\Payment\\core\\vendor\\symfony\\console\\Application.php(1012): Illuminate\\Console\\Command->run(Object(Symfony\\Component\\Console\\Input\\ArgvInput), Object(Symfony\\Component\\Console\\Output\\ConsoleOutput))
#25 C:\\laragon\\www\\Payment\\core\\vendor\\symfony\\console\\Application.php(272): Symfony\\Component\\Console\\Application->doRunCommand(Object(Core\\myvendor\\commands\\AutoSwagger), Object(Symfony\\Component\\Console\\Input\\ArgvInput), Object(Symfony\\Component\\Console\\Output\\ConsoleOutput))
#26 C:\\laragon\\www\\Payment\\core\\vendor\\symfony\\console\\Application.php(148): Symfony\\Component\\Console\\Application->doRun(Object(Symfony\\Component\\Console\\Input\\ArgvInput), Object(Symfony\\Component\\Console\\Output\\ConsoleOutput))
#27 C:\\laragon\\www\\Payment\\core\\vendor\\illuminate\\console\\Application.php(93): Symfony\\Component\\Console\\Application->run(Object(Symfony\\Component\\Console\\Input\\ArgvInput), Object(Symfony\\Component\\Console\\Output\\ConsoleOutput))
#28 C:\\laragon\\www\\Payment\\core\\vendor\\laravel\\lumen-framework\\src\\Console\\Kernel.php(115): Illuminate\\Console\\Application->run(Object(Symfony\\Component\\Console\\Input\\ArgvInput), Object(Symfony\\Component\\Console\\Output\\ConsoleOutput))
#29 C:\\laragon\\www\\Payment\\core\\artisan(35): Laravel\\Lumen\\Console\\Kernel->handle(Object(Symfony\\Component\\Console\\Input\\ArgvInput), Object(Symfony\\Component\\Console\\Output\\ConsoleOutput))
#30 {main}
"} 
[2020-05-10 23:48:23] local.ERROR: ErrorException: Required @OA\PathItem() not found in C:\laragon\www\Payment\core\vendor\zircote\swagger-php\src\Logger.php:39
Stack trace:
#0 [internal function]: Laravel\Lumen\Application->Laravel\Lumen\Concerns\{closure}(1024, 'Required @OA\\Pa...', 'C:\\laragon\\www\\...', 39, Array)
#1 C:\laragon\www\Payment\core\vendor\zircote\swagger-php\src\Logger.php(39): trigger_error('Required @OA\\Pa...', 1024)
#2 [internal function]: OpenApi\Logger->OpenApi\{closure}('Required @OA\\Pa...', 1024)
#3 C:\laragon\www\Payment\core\vendor\zircote\swagger-php\src\Logger.php(71): call_user_func(Object(Closure), 'Required @OA\\Pa...', 1024)
#4 C:\laragon\www\Payment\core\vendor\zircote\swagger-php\src\Annotations\AbstractAnnotation.php(427): OpenApi\Logger::notice('Required @OA\\Pa...')
#5 C:\laragon\www\Payment\core\vendor\zircote\swagger-php\src\Annotations\OpenApi.php(135): OpenApi\Annotations\AbstractAnnotation->validate(Array, Array, '#')
#6 C:\laragon\www\Payment\core\vendor\zircote\swagger-php\src\Analysis.php(422): OpenApi\Annotations\OpenApi->validate()
#7 C:\laragon\www\Payment\core\vendor\zircote\swagger-php\src\functions.php(48): OpenApi\Analysis->validate()
#8 C:\laragon\www\Payment\core\vendor\darkaonline\swagger-lume\src\Generator.php(25): OpenApi\scan('C:\\laragon\\www\\...', Array)
#9 C:\laragon\www\Payment\core\vendor\darkaonline\swagger-lume\src\Console\GenerateDocsCommand.php(32): SwaggerLume\Generator::generateDocs()
#10 [internal function]: SwaggerLume\Console\GenerateDocsCommand->handle()
#11 C:\laragon\www\Payment\core\vendor\illuminate\container\BoundMethod.php(32): call_user_func_array(Array, Array)
#12 C:\laragon\www\Payment\core\vendor\illuminate\container\Util.php(36): Illuminate\Container\BoundMethod::Illuminate\Container\{closure}()
#13 C:\laragon\www\Payment\core\vendor\illuminate\container\BoundMethod.php(90): Illuminate\Container\Util::unwrapIfClosure(Object(Closure))
#14 C:\laragon\www\Payment\core\vendor\illuminate\container\BoundMethod.php(34): Illuminate\Container\BoundMethod::callBoundMethod(Object(Core\myvendor\defaults\application\MyApplication), Array, Object(Closure))
#15 C:\laragon\www\Payment\core\vendor\illuminate\container\Container.php(590): Illuminate\Container\BoundMethod::call(Object(Core\myvendor\defaults\application\MyApplication), Array, Array, NULL)
#16 C:\laragon\www\Payment\core\vendor\illuminate\console\Command.php(201): Illuminate\Container\Container->call(Array)
#17 C:\laragon\www\Payment\core\vendor\symfony\console\Command\Command.php(255): Illuminate\Console\Command->execute(Object(Symfony\Component\Console\Input\StringInput), Object(Illuminate\Console\OutputStyle))
#18 C:\laragon\www\Payment\core\vendor\illuminate\console\Command.php(188): Symfony\Component\Console\Command\Command->run(Object(Symfony\Component\Console\Input\StringInput), Object(Illuminate\Console\OutputStyle))
#19 C:\laragon\www\Payment\core\vendor\symfony\console\Application.php(1012): Illuminate\Console\Command->run(Object(Symfony\Component\Console\Input\StringInput), Object(Symfony\Component\Console\Output\BufferedOutput))
#20 C:\laragon\www\Payment\core\vendor\symfony\console\Application.php(272): Symfony\Component\Console\Application->doRunCommand(Object(SwaggerLume\Console\GenerateDocsCommand), Object(Symfony\Component\Console\Input\StringInput), Object(Symfony\Component\Console\Output\BufferedOutput))
#21 C:\laragon\www\Payment\core\vendor\symfony\console\Application.php(148): Symfony\Component\Console\Application->doRun(Object(Symfony\Component\Console\Input\StringInput), Object(Symfony\Component\Console\Output\BufferedOutput))
#22 C:\laragon\www\Payment\core\vendor\illuminate\console\Application.php(93): Symfony\Component\Console\Application->run(Object(Symfony\Component\Console\Input\StringInput), Object(Symfony\Component\Console\Output\BufferedOutput))
#23 C:\laragon\www\Payment\core\vendor\illuminate\console\Application.php(185): Illuminate\Console\Application->run(Object(Symfony\Component\Console\Input\StringInput), Object(Symfony\Component\Console\Output\BufferedOutput))
#24 C:\laragon\www\Payment\core\vendor\laravel\lumen-framework\src\Console\Kernel.php(165): Illuminate\Console\Application->call('swagger-lume:ge...', Array, NULL)
#25 C:\laragon\www\Payment\core\vendor\illuminate\support\Facades\Facade.php(261): Laravel\Lumen\Console\Kernel->call('swagger-lume:ge...')
#26 C:\laragon\www\Payment\core\myvendor\commands\AutoSwagger.php(40): Illuminate\Support\Facades\Facade::__callStatic('call', Array)
#27 [internal function]: Core\myvendor\commands\AutoSwagger->handle()
#28 C:\laragon\www\Payment\core\vendor\illuminate\container\BoundMethod.php(32): call_user_func_array(Array, Array)
#29 C:\laragon\www\Payment\core\vendor\illuminate\container\Util.php(36): Illuminate\Container\BoundMethod::Illuminate\Container\{closure}()
#30 C:\laragon\www\Payment\core\vendor\illuminate\container\BoundMethod.php(90): Illuminate\Container\Util::unwrapIfClosure(Object(Closure))
#31 C:\laragon\www\Payment\core\vendor\illuminate\container\BoundMethod.php(34): Illuminate\Container\BoundMethod::callBoundMethod(Object(Core\myvendor\defaults\application\MyApplication), Array, Object(Closure))
#32 C:\laragon\www\Payment\core\vendor\illuminate\container\Container.php(590): Illuminate\Container\BoundMethod::call(Object(Core\myvendor\defaults\application\MyApplication), Array, Array, NULL)
#33 C:\laragon\www\Payment\core\vendor\illuminate\console\Command.php(201): Illuminate\Container\Container->call(Array)
#34 C:\laragon\www\Payment\core\vendor\symfony\console\Command\Command.php(255): Illuminate\Console\Command->execute(Object(Symfony\Component\Console\Input\ArgvInput), Object(Illuminate\Console\OutputStyle))
#35 C:\laragon\www\Payment\core\vendor\illuminate\console\Command.php(188): Symfony\Component\Console\Command\Command->run(Object(Symfony\Component\Console\Input\ArgvInput), Object(Illuminate\Console\OutputStyle))
#36 C:\laragon\www\Payment\core\vendor\symfony\console\Application.php(1012): Illuminate\Console\Command->run(Object(Symfony\Component\Console\Input\ArgvInput), Object(Symfony\Component\Console\Output\ConsoleOutput))
#37 C:\laragon\www\Payment\core\vendor\symfony\console\Application.php(272): Symfony\Component\Console\Application->doRunCommand(Object(Core\myvendor\commands\AutoSwagger), Object(Symfony\Component\Console\Input\ArgvInput), Object(Symfony\Component\Console\Output\ConsoleOutput))
#38 C:\laragon\www\Payment\core\vendor\symfony\console\Application.php(148): Symfony\Component\Console\Application->doRun(Object(Symfony\Component\Console\Input\ArgvInput), Object(Symfony\Component\Console\Output\ConsoleOutput))
#39 C:\laragon\www\Payment\core\vendor\illuminate\console\Application.php(93): Symfony\Component\Console\Application->run(Object(Symfony\Component\Console\Input\ArgvInput), Object(Symfony\Component\Console\Output\ConsoleOutput))
#40 C:\laragon\www\Payment\core\vendor\laravel\lumen-framework\src\Console\Kernel.php(115): Illuminate\Console\Application->run(Object(Symfony\Component\Console\Input\ArgvInput), Object(Symfony\Component\Console\Output\ConsoleOutput))
#41 C:\laragon\www\Payment\core\artisan(35): Laravel\Lumen\Console\Kernel->handle(Object(Symfony\Component\Console\Input\ArgvInput), Object(Symfony\Component\Console\Output\ConsoleOutput))
#42 {main} {"exception":"[object] (ErrorException(code: 0): Required @OA\\PathItem() not found at C:\\laragon\\www\\Payment\\core\\vendor\\zircote\\swagger-php\\src\\Logger.php:39)
[stacktrace]
#0 [internal function]: Laravel\\Lumen\\Application->Laravel\\Lumen\\Concerns\\{closure}(1024, 'Required @OA\\\\Pa...', 'C:\\\\laragon\\\\www\\\\...', 39, Array)
#1 C:\\laragon\\www\\Payment\\core\\vendor\\zircote\\swagger-php\\src\\Logger.php(39): trigger_error('Required @OA\\\\Pa...', 1024)
#2 [internal function]: OpenApi\\Logger->OpenApi\\{closure}('Required @OA\\\\Pa...', 1024)
#3 C:\\laragon\\www\\Payment\\core\\vendor\\zircote\\swagger-php\\src\\Logger.php(71): call_user_func(Object(Closure), 'Required @OA\\\\Pa...', 1024)
#4 C:\\laragon\\www\\Payment\\core\\vendor\\zircote\\swagger-php\\src\\Annotations\\AbstractAnnotation.php(427): OpenApi\\Logger::notice('Required @OA\\\\Pa...')
#5 C:\\laragon\\www\\Payment\\core\\vendor\\zircote\\swagger-php\\src\\Annotations\\OpenApi.php(135): OpenApi\\Annotations\\AbstractAnnotation->validate(Array, Array, '#')
#6 C:\\laragon\\www\\Payment\\core\\vendor\\zircote\\swagger-php\\src\\Analysis.php(422): OpenApi\\Annotations\\OpenApi->validate()
#7 C:\\laragon\\www\\Payment\\core\\vendor\\zircote\\swagger-php\\src\\functions.php(48): OpenApi\\Analysis->validate()
#8 C:\\laragon\\www\\Payment\\core\\vendor\\darkaonline\\swagger-lume\\src\\Generator.php(25): OpenApi\\scan('C:\\\\laragon\\\\www\\\\...', Array)
#9 C:\\laragon\\www\\Payment\\core\\vendor\\darkaonline\\swagger-lume\\src\\Console\\GenerateDocsCommand.php(32): SwaggerLume\\Generator::generateDocs()
#10 [internal function]: SwaggerLume\\Console\\GenerateDocsCommand->handle()
#11 C:\\laragon\\www\\Payment\\core\\vendor\\illuminate\\container\\BoundMethod.php(32): call_user_func_array(Array, Array)
#12 C:\\laragon\\www\\Payment\\core\\vendor\\illuminate\\container\\Util.php(36): Illuminate\\Container\\BoundMethod::Illuminate\\Container\\{closure}()
#13 C:\\laragon\\www\\Payment\\core\\vendor\\illuminate\\container\\BoundMethod.php(90): Illuminate\\Container\\Util::unwrapIfClosure(Object(Closure))
#14 C:\\laragon\\www\\Payment\\core\\vendor\\illuminate\\container\\BoundMethod.php(34): Illuminate\\Container\\BoundMethod::callBoundMethod(Object(Core\\myvendor\\defaults\\application\\MyApplication), Array, Object(Closure))
#15 C:\\laragon\\www\\Payment\\core\\vendor\\illuminate\\container\\Container.php(590): Illuminate\\Container\\BoundMethod::call(Object(Core\\myvendor\\defaults\\application\\MyApplication), Array, Array, NULL)
#16 C:\\laragon\\www\\Payment\\core\\vendor\\illuminate\\console\\Command.php(201): Illuminate\\Container\\Container->call(Array)
#17 C:\\laragon\\www\\Payment\\core\\vendor\\symfony\\console\\Command\\Command.php(255): Illuminate\\Console\\Command->execute(Object(Symfony\\Component\\Console\\Input\\StringInput), Object(Illuminate\\Console\\OutputStyle))
#18 C:\\laragon\\www\\Payment\\core\\vendor\\illuminate\\console\\Command.php(188): Symfony\\Component\\Console\\Command\\Command->run(Object(Symfony\\Component\\Console\\Input\\StringInput), Object(Illuminate\\Console\\OutputStyle))
#19 C:\\laragon\\www\\Payment\\core\\vendor\\symfony\\console\\Application.php(1012): Illuminate\\Console\\Command->run(Object(Symfony\\Component\\Console\\Input\\StringInput), Object(Symfony\\Component\\Console\\Output\\BufferedOutput))
#20 C:\\laragon\\www\\Payment\\core\\vendor\\symfony\\console\\Application.php(272): Symfony\\Component\\Console\\Application->doRunCommand(Object(SwaggerLume\\Console\\GenerateDocsCommand), Object(Symfony\\Component\\Console\\Input\\StringInput), Object(Symfony\\Component\\Console\\Output\\BufferedOutput))
#21 C:\\laragon\\www\\Payment\\core\\vendor\\symfony\\console\\Application.php(148): Symfony\\Component\\Console\\Application->doRun(Object(Symfony\\Component\\Console\\Input\\StringInput), Object(Symfony\\Component\\Console\\Output\\BufferedOutput))
#22 C:\\laragon\\www\\Payment\\core\\vendor\\illuminate\\console\\Application.php(93): Symfony\\Component\\Console\\Application->run(Object(Symfony\\Component\\Console\\Input\\StringInput), Object(Symfony\\Component\\Console\\Output\\BufferedOutput))
#23 C:\\laragon\\www\\Payment\\core\\vendor\\illuminate\\console\\Application.php(185): Illuminate\\Console\\Application->run(Object(Symfony\\Component\\Console\\Input\\StringInput), Object(Symfony\\Component\\Console\\Output\\BufferedOutput))
#24 C:\\laragon\\www\\Payment\\core\\vendor\\laravel\\lumen-framework\\src\\Console\\Kernel.php(165): Illuminate\\Console\\Application->call('swagger-lume:ge...', Array, NULL)
#25 C:\\laragon\\www\\Payment\\core\\vendor\\illuminate\\support\\Facades\\Facade.php(261): Laravel\\Lumen\\Console\\Kernel->call('swagger-lume:ge...')
#26 C:\\laragon\\www\\Payment\\core\\myvendor\\commands\\AutoSwagger.php(40): Illuminate\\Support\\Facades\\Facade::__callStatic('call', Array)
#27 [internal function]: Core\\myvendor\\commands\\AutoSwagger->handle()
#28 C:\\laragon\\www\\Payment\\core\\vendor\\illuminate\\container\\BoundMethod.php(32): call_user_func_array(Array, Array)
#29 C:\\laragon\\www\\Payment\\core\\vendor\\illuminate\\container\\Util.php(36): Illuminate\\Container\\BoundMethod::Illuminate\\Container\\{closure}()
#30 C:\\laragon\\www\\Payment\\core\\vendor\\illuminate\\container\\BoundMethod.php(90): Illuminate\\Container\\Util::unwrapIfClosure(Object(Closure))
#31 C:\\laragon\\www\\Payment\\core\\vendor\\illuminate\\container\\BoundMethod.php(34): Illuminate\\Container\\BoundMethod::callBoundMethod(Object(Core\\myvendor\\defaults\\application\\MyApplication), Array, Object(Closure))
#32 C:\\laragon\\www\\Payment\\core\\vendor\\illuminate\\container\\Container.php(590): Illuminate\\Container\\BoundMethod::call(Object(Core\\myvendor\\defaults\\application\\MyApplication), Array, Array, NULL)
#33 C:\\laragon\\www\\Payment\\core\\vendor\\illuminate\\console\\Command.php(201): Illuminate\\Container\\Container->call(Array)
#34 C:\\laragon\\www\\Payment\\core\\vendor\\symfony\\console\\Command\\Command.php(255): Illuminate\\Console\\Command->execute(Object(Symfony\\Component\\Console\\Input\\ArgvInput), Object(Illuminate\\Console\\OutputStyle))
#35 C:\\laragon\\www\\Payment\\core\\vendor\\illuminate\\console\\Command.php(188): Symfony\\Component\\Console\\Command\\Command->run(Object(Symfony\\Component\\Console\\Input\\ArgvInput), Object(Illuminate\\Console\\OutputStyle))
#36 C:\\laragon\\www\\Payment\\core\\vendor\\symfony\\console\\Application.php(1012): Illuminate\\Console\\Command->run(Object(Symfony\\Component\\Console\\Input\\ArgvInput), Object(Symfony\\Component\\Console\\Output\\ConsoleOutput))
#37 C:\\laragon\\www\\Payment\\core\\vendor\\symfony\\console\\Application.php(272): Symfony\\Component\\Console\\Application->doRunCommand(Object(Core\\myvendor\\commands\\AutoSwagger), Object(Symfony\\Component\\Console\\Input\\ArgvInput), Object(Symfony\\Component\\Console\\Output\\ConsoleOutput))
#38 C:\\laragon\\www\\Payment\\core\\vendor\\symfony\\console\\Application.php(148): Symfony\\Component\\Console\\Application->doRun(Object(Symfony\\Component\\Console\\Input\\ArgvInput), Object(Symfony\\Component\\Console\\Output\\ConsoleOutput))
#39 C:\\laragon\\www\\Payment\\core\\vendor\\illuminate\\console\\Application.php(93): Symfony\\Component\\Console\\Application->run(Object(Symfony\\Component\\Console\\Input\\ArgvInput), Object(Symfony\\Component\\Console\\Output\\ConsoleOutput))
#40 C:\\laragon\\www\\Payment\\core\\vendor\\laravel\\lumen-framework\\src\\Console\\Kernel.php(115): Illuminate\\Console\\Application->run(Object(Symfony\\Component\\Console\\Input\\ArgvInput), Object(Symfony\\Component\\Console\\Output\\ConsoleOutput))
#41 C:\\laragon\\www\\Payment\\core\\artisan(35): Laravel\\Lumen\\Console\\Kernel->handle(Object(Symfony\\Component\\Console\\Input\\ArgvInput), Object(Symfony\\Component\\Console\\Output\\ConsoleOutput))
#42 {main}
"} 
