[2020-05-13 01:55:46] local.ERROR: ParseError: syntax error, unexpected '}' in C:\laragon\www\Payment\functional\payment\queries\getPaymentByGroups\GetPaymentByGroupsHandler.php:31
Stack trace:
#0 C:\laragon\www\Payment\core\vendor\composer\ClassLoader.php(322): Composer\Autoload\includeFile('C:\\laragon\\www\\...')
#1 [internal function]: Composer\Autoload\ClassLoader->loadClass('Functional\\paym...')
#2 [internal function]: spl_autoload_call('Functional\\paym...')
#3 C:\laragon\www\Payment\core\vendor\illuminate\container\BoundMethod.php(164): ReflectionParameter->getClass()
#4 C:\laragon\www\Payment\core\vendor\illuminate\container\BoundMethod.php(121): Illuminate\Container\BoundMethod::addDependencyForCallParameter(Object(Core\myvendor\defaults\application\MyApplication), Object(ReflectionParameter), Array, Array)
#5 C:\laragon\www\Payment\core\vendor\illuminate\container\BoundMethod.php(32): Illuminate\Container\BoundMethod::getMethodDependencies(Object(Core\myvendor\defaults\application\MyApplication), Array, Array)
#6 C:\laragon\www\Payment\core\vendor\illuminate\container\Util.php(36): Illuminate\Container\BoundMethod::Illuminate\Container\{closure}()
#7 C:\laragon\www\Payment\core\vendor\illuminate\container\BoundMethod.php(90): Illuminate\Container\Util::unwrapIfClosure(Object(Closure))
#8 C:\laragon\www\Payment\core\vendor\illuminate\container\BoundMethod.php(34): Illuminate\Container\BoundMethod::callBoundMethod(Object(Core\myvendor\defaults\application\MyApplication), Array, Object(Closure))
#9 C:\laragon\www\Payment\core\vendor\illuminate\container\Container.php(590): Illuminate\Container\BoundMethod::call(Object(Core\myvendor\defaults\application\MyApplication), Array, Array, NULL)
#10 C:\laragon\www\Payment\core\vendor\laravel\lumen-framework\src\Concerns\RoutesRequests.php(376): Illuminate\Container\Container->call(Array, Array)
#11 C:\laragon\www\Payment\core\vendor\laravel\lumen-framework\src\Concerns\RoutesRequests.php(342): Laravel\Lumen\Application->callControllerCallable(Array, Array)
#12 C:\laragon\www\Payment\core\vendor\laravel\lumen-framework\src\Concerns\RoutesRequests.php(316): Laravel\Lumen\Application->callLumenController(Object(Host\controllers\PaymentController), 'GetPaymentByGro...', Array)
#13 C:\laragon\www\Payment\core\vendor\laravel\lumen-framework\src\Concerns\RoutesRequests.php(278): Laravel\Lumen\Application->callControllerAction(Array)
#14 C:\laragon\www\Payment\core\vendor\laravel\lumen-framework\src\Concerns\RoutesRequests.php(258): Laravel\Lumen\Application->callActionOnArrayBasedRoute(Array)
#15 [internal function]: Laravel\Lumen\Application->Laravel\Lumen\Concerns\{closure}(Object(Laravel\Lumen\Http\Request))
#16 C:\laragon\www\Payment\core\vendor\laravel\lumen-framework\src\Routing\Pipeline.php(52): call_user_func(Object(Closure), Object(Laravel\Lumen\Http\Request))
#17 C:\laragon\www\Payment\core\container\port\src\middlewares\Authenticate.php(60): Laravel\Lumen\Routing\Pipeline->Laravel\Lumen\Routing\{closure}(Object(Laravel\Lumen\Http\Request))
#18 C:\laragon\www\Payment\core\vendor\illuminate\pipeline\Pipeline.php(171): Core\container\port\src\middlewares\Authenticate->handle(Object(Laravel\Lumen\Http\Request), Object(Closure))
#19 [internal function]: Illuminate\Pipeline\Pipeline->Illuminate\Pipeline\{closure}(Object(Laravel\Lumen\Http\Request))
#20 C:\laragon\www\Payment\core\vendor\laravel\lumen-framework\src\Routing\Pipeline.php(32): call_user_func(Object(Closure), Object(Laravel\Lumen\Http\Request))
#21 C:\laragon\www\Payment\core\vendor\illuminate\pipeline\Pipeline.php(105): Laravel\Lumen\Routing\Pipeline->Laravel\Lumen\Routing\{closure}(Object(Laravel\Lumen\Http\Request))
#22 C:\laragon\www\Payment\core\vendor\laravel\lumen-framework\src\Concerns\RoutesRequests.php(413): Illuminate\Pipeline\Pipeline->then(Object(Closure))
#23 C:\laragon\www\Payment\core\vendor\laravel\lumen-framework\src\Concerns\RoutesRequests.php(259): Laravel\Lumen\Application->sendThroughPipeline(Array, Object(Closure))
#24 C:\laragon\www\Payment\core\vendor\laravel\lumen-framework\src\Concerns\RoutesRequests.php(165): Laravel\Lumen\Application->handleFoundRoute(Array)
#25 C:\laragon\www\Payment\core\vendor\laravel\lumen-framework\src\Concerns\RoutesRequests.php(416): Laravel\Lumen\Application->Laravel\Lumen\Concerns\{closure}(Object(Laravel\Lumen\Http\Request))
#26 C:\laragon\www\Payment\core\vendor\laravel\lumen-framework\src\Concerns\RoutesRequests.php(171): Laravel\Lumen\Application->sendThroughPipeline(Array, Object(Closure))
#27 C:\laragon\www\Payment\core\vendor\laravel\lumen-framework\src\Concerns\RoutesRequests.php(108): Laravel\Lumen\Application->dispatch(NULL)
#28 C:\laragon\www\Payment\host\public\index.php(28): Laravel\Lumen\Application->run()
#29 {main}

Next ReflectionException: Class Functional\payment\queries\getPaymentByGroups\GetPaymentByGroupsHandler does not exist in C:\laragon\www\Payment\core\vendor\illuminate\container\BoundMethod.php:164
Stack trace:
#0 C:\laragon\www\Payment\core\vendor\illuminate\container\BoundMethod.php(164): ReflectionParameter->getClass()
#1 C:\laragon\www\Payment\core\vendor\illuminate\container\BoundMethod.php(121): Illuminate\Container\BoundMethod::addDependencyForCallParameter(Object(Core\myvendor\defaults\application\MyApplication), Object(ReflectionParameter), Array, Array)
#2 C:\laragon\www\Payment\core\vendor\illuminate\container\BoundMethod.php(32): Illuminate\Container\BoundMethod::getMethodDependencies(Object(Core\myvendor\defaults\application\MyApplication), Array, Array)
#3 C:\laragon\www\Payment\core\vendor\illuminate\container\Util.php(36): Illuminate\Container\BoundMethod::Illuminate\Container\{closure}()
#4 C:\laragon\www\Payment\core\vendor\illuminate\container\BoundMethod.php(90): Illuminate\Container\Util::unwrapIfClosure(Object(Closure))
#5 C:\laragon\www\Payment\core\vendor\illuminate\container\BoundMethod.php(34): Illuminate\Container\BoundMethod::callBoundMethod(Object(Core\myvendor\defaults\application\MyApplication), Array, Object(Closure))
#6 C:\laragon\www\Payment\core\vendor\illuminate\container\Container.php(590): Illuminate\Container\BoundMethod::call(Object(Core\myvendor\defaults\application\MyApplication), Array, Array, NULL)
#7 C:\laragon\www\Payment\core\vendor\laravel\lumen-framework\src\Concerns\RoutesRequests.php(376): Illuminate\Container\Container->call(Array, Array)
#8 C:\laragon\www\Payment\core\vendor\laravel\lumen-framework\src\Concerns\RoutesRequests.php(342): Laravel\Lumen\Application->callControllerCallable(Array, Array)
#9 C:\laragon\www\Payment\core\vendor\laravel\lumen-framework\src\Concerns\RoutesRequests.php(316): Laravel\Lumen\Application->callLumenController(Object(Host\controllers\PaymentController), 'GetPaymentByGro...', Array)
#10 C:\laragon\www\Payment\core\vendor\laravel\lumen-framework\src\Concerns\RoutesRequests.php(278): Laravel\Lumen\Application->callControllerAction(Array)
#11 C:\laragon\www\Payment\core\vendor\laravel\lumen-framework\src\Concerns\RoutesRequests.php(258): Laravel\Lumen\Application->callActionOnArrayBasedRoute(Array)
#12 [internal function]: Laravel\Lumen\Application->Laravel\Lumen\Concerns\{closure}(Object(Laravel\Lumen\Http\Request))
#13 C:\laragon\www\Payment\core\vendor\laravel\lumen-framework\src\Routing\Pipeline.php(52): call_user_func(Object(Closure), Object(Laravel\Lumen\Http\Request))
#14 C:\laragon\www\Payment\core\container\port\src\middlewares\Authenticate.php(60): Laravel\Lumen\Routing\Pipeline->Laravel\Lumen\Routing\{closure}(Object(Laravel\Lumen\Http\Request))
#15 C:\laragon\www\Payment\core\vendor\illuminate\pipeline\Pipeline.php(171): Core\container\port\src\middlewares\Authenticate->handle(Object(Laravel\Lumen\Http\Request), Object(Closure))
#16 [internal function]: Illuminate\Pipeline\Pipeline->Illuminate\Pipeline\{closure}(Object(Laravel\Lumen\Http\Request))
#17 C:\laragon\www\Payment\core\vendor\laravel\lumen-framework\src\Routing\Pipeline.php(32): call_user_func(Object(Closure), Object(Laravel\Lumen\Http\Request))
#18 C:\laragon\www\Payment\core\vendor\illuminate\pipeline\Pipeline.php(105): Laravel\Lumen\Routing\Pipeline->Laravel\Lumen\Routing\{closure}(Object(Laravel\Lumen\Http\Request))
#19 C:\laragon\www\Payment\core\vendor\laravel\lumen-framework\src\Concerns\RoutesRequests.php(413): Illuminate\Pipeline\Pipeline->then(Object(Closure))
#20 C:\laragon\www\Payment\core\vendor\laravel\lumen-framework\src\Concerns\RoutesRequests.php(259): Laravel\Lumen\Application->sendThroughPipeline(Array, Object(Closure))
#21 C:\laragon\www\Payment\core\vendor\laravel\lumen-framework\src\Concerns\RoutesRequests.php(165): Laravel\Lumen\Application->handleFoundRoute(Array)
#22 C:\laragon\www\Payment\core\vendor\laravel\lumen-framework\src\Concerns\RoutesRequests.php(416): Laravel\Lumen\Application->Laravel\Lumen\Concerns\{closure}(Object(Laravel\Lumen\Http\Request))
#23 C:\laragon\www\Payment\core\vendor\laravel\lumen-framework\src\Concerns\RoutesRequests.php(171): Laravel\Lumen\Application->sendThroughPipeline(Array, Object(Closure))
#24 C:\laragon\www\Payment\core\vendor\laravel\lumen-framework\src\Concerns\RoutesRequests.php(108): Laravel\Lumen\Application->dispatch(NULL)
#25 C:\laragon\www\Payment\host\public\index.php(28): Laravel\Lumen\Application->run()
#26 {main} {"exception":"[object] (ReflectionException(code: 0): Class Functional\\payment\\queries\\getPaymentByGroups\\GetPaymentByGroupsHandler does not exist at C:\\laragon\\www\\Payment\\core\\vendor\\illuminate\\container\\BoundMethod.php:164)
[stacktrace]
#0 C:\\laragon\\www\\Payment\\core\\vendor\\illuminate\\container\\BoundMethod.php(164): ReflectionParameter->getClass()
#1 C:\\laragon\\www\\Payment\\core\\vendor\\illuminate\\container\\BoundMethod.php(121): Illuminate\\Container\\BoundMethod::addDependencyForCallParameter(Object(Core\\myvendor\\defaults\\application\\MyApplication), Object(ReflectionParameter), Array, Array)
#2 C:\\laragon\\www\\Payment\\core\\vendor\\illuminate\\container\\BoundMethod.php(32): Illuminate\\Container\\BoundMethod::getMethodDependencies(Object(Core\\myvendor\\defaults\\application\\MyApplication), Array, Array)
#3 C:\\laragon\\www\\Payment\\core\\vendor\\illuminate\\container\\Util.php(36): Illuminate\\Container\\BoundMethod::Illuminate\\Container\\{closure}()
#4 C:\\laragon\\www\\Payment\\core\\vendor\\illuminate\\container\\BoundMethod.php(90): Illuminate\\Container\\Util::unwrapIfClosure(Object(Closure))
#5 C:\\laragon\\www\\Payment\\core\\vendor\\illuminate\\container\\BoundMethod.php(34): Illuminate\\Container\\BoundMethod::callBoundMethod(Object(Core\\myvendor\\defaults\\application\\MyApplication), Array, Object(Closure))
#6 C:\\laragon\\www\\Payment\\core\\vendor\\illuminate\\container\\Container.php(590): Illuminate\\Container\\BoundMethod::call(Object(Core\\myvendor\\defaults\\application\\MyApplication), Array, Array, NULL)
#7 C:\\laragon\\www\\Payment\\core\\vendor\\laravel\\lumen-framework\\src\\Concerns\\RoutesRequests.php(376): Illuminate\\Container\\Container->call(Array, Array)
#8 C:\\laragon\\www\\Payment\\core\\vendor\\laravel\\lumen-framework\\src\\Concerns\\RoutesRequests.php(342): Laravel\\Lumen\\Application->callControllerCallable(Array, Array)
#9 C:\\laragon\\www\\Payment\\core\\vendor\\laravel\\lumen-framework\\src\\Concerns\\RoutesRequests.php(316): Laravel\\Lumen\\Application->callLumenController(Object(Host\\controllers\\PaymentController), 'GetPaymentByGro...', Array)
#10 C:\\laragon\\www\\Payment\\core\\vendor\\laravel\\lumen-framework\\src\\Concerns\\RoutesRequests.php(278): Laravel\\Lumen\\Application->callControllerAction(Array)
#11 C:\\laragon\\www\\Payment\\core\\vendor\\laravel\\lumen-framework\\src\\Concerns\\RoutesRequests.php(258): Laravel\\Lumen\\Application->callActionOnArrayBasedRoute(Array)
#12 [internal function]: Laravel\\Lumen\\Application->Laravel\\Lumen\\Concerns\\{closure}(Object(Laravel\\Lumen\\Http\\Request))
#13 C:\\laragon\\www\\Payment\\core\\vendor\\laravel\\lumen-framework\\src\\Routing\\Pipeline.php(52): call_user_func(Object(Closure), Object(Laravel\\Lumen\\Http\\Request))
#14 C:\\laragon\\www\\Payment\\core\\container\\port\\src\\middlewares\\Authenticate.php(60): Laravel\\Lumen\\Routing\\Pipeline->Laravel\\Lumen\\Routing\\{closure}(Object(Laravel\\Lumen\\Http\\Request))
#15 C:\\laragon\\www\\Payment\\core\\vendor\\illuminate\\pipeline\\Pipeline.php(171): Core\\container\\port\\src\\middlewares\\Authenticate->handle(Object(Laravel\\Lumen\\Http\\Request), Object(Closure))
#16 [internal function]: Illuminate\\Pipeline\\Pipeline->Illuminate\\Pipeline\\{closure}(Object(Laravel\\Lumen\\Http\\Request))
#17 C:\\laragon\\www\\Payment\\core\\vendor\\laravel\\lumen-framework\\src\\Routing\\Pipeline.php(32): call_user_func(Object(Closure), Object(Laravel\\Lumen\\Http\\Request))
#18 C:\\laragon\\www\\Payment\\core\\vendor\\illuminate\\pipeline\\Pipeline.php(105): Laravel\\Lumen\\Routing\\Pipeline->Laravel\\Lumen\\Routing\\{closure}(Object(Laravel\\Lumen\\Http\\Request))
#19 C:\\laragon\\www\\Payment\\core\\vendor\\laravel\\lumen-framework\\src\\Concerns\\RoutesRequests.php(413): Illuminate\\Pipeline\\Pipeline->then(Object(Closure))
#20 C:\\laragon\\www\\Payment\\core\\vendor\\laravel\\lumen-framework\\src\\Concerns\\RoutesRequests.php(259): Laravel\\Lumen\\Application->sendThroughPipeline(Array, Object(Closure))
#21 C:\\laragon\\www\\Payment\\core\\vendor\\laravel\\lumen-framework\\src\\Concerns\\RoutesRequests.php(165): Laravel\\Lumen\\Application->handleFoundRoute(Array)
#22 C:\\laragon\\www\\Payment\\core\\vendor\\laravel\\lumen-framework\\src\\Concerns\\RoutesRequests.php(416): Laravel\\Lumen\\Application->Laravel\\Lumen\\Concerns\\{closure}(Object(Laravel\\Lumen\\Http\\Request))
#23 C:\\laragon\\www\\Payment\\core\\vendor\\laravel\\lumen-framework\\src\\Concerns\\RoutesRequests.php(171): Laravel\\Lumen\\Application->sendThroughPipeline(Array, Object(Closure))
#24 C:\\laragon\\www\\Payment\\core\\vendor\\laravel\\lumen-framework\\src\\Concerns\\RoutesRequests.php(108): Laravel\\Lumen\\Application->dispatch(NULL)
#25 C:\\laragon\\www\\Payment\\host\\public\\index.php(28): Laravel\\Lumen\\Application->run()
#26 {main}

[previous exception] [object] (ParseError(code: 0): syntax error, unexpected '}' at C:\\laragon\\www\\Payment\\functional\\payment\\queries\\getPaymentByGroups\\GetPaymentByGroupsHandler.php:31)
[stacktrace]
#0 C:\\laragon\\www\\Payment\\core\\vendor\\composer\\ClassLoader.php(322): Composer\\Autoload\\includeFile('C:\\\\laragon\\\\www\\\\...')
#1 [internal function]: Composer\\Autoload\\ClassLoader->loadClass('Functional\\\\paym...')
#2 [internal function]: spl_autoload_call('Functional\\\\paym...')
#3 C:\\laragon\\www\\Payment\\core\\vendor\\illuminate\\container\\BoundMethod.php(164): ReflectionParameter->getClass()
#4 C:\\laragon\\www\\Payment\\core\\vendor\\illuminate\\container\\BoundMethod.php(121): Illuminate\\Container\\BoundMethod::addDependencyForCallParameter(Object(Core\\myvendor\\defaults\\application\\MyApplication), Object(ReflectionParameter), Array, Array)
#5 C:\\laragon\\www\\Payment\\core\\vendor\\illuminate\\container\\BoundMethod.php(32): Illuminate\\Container\\BoundMethod::getMethodDependencies(Object(Core\\myvendor\\defaults\\application\\MyApplication), Array, Array)
#6 C:\\laragon\\www\\Payment\\core\\vendor\\illuminate\\container\\Util.php(36): Illuminate\\Container\\BoundMethod::Illuminate\\Container\\{closure}()
#7 C:\\laragon\\www\\Payment\\core\\vendor\\illuminate\\container\\BoundMethod.php(90): Illuminate\\Container\\Util::unwrapIfClosure(Object(Closure))
#8 C:\\laragon\\www\\Payment\\core\\vendor\\illuminate\\container\\BoundMethod.php(34): Illuminate\\Container\\BoundMethod::callBoundMethod(Object(Core\\myvendor\\defaults\\application\\MyApplication), Array, Object(Closure))
#9 C:\\laragon\\www\\Payment\\core\\vendor\\illuminate\\container\\Container.php(590): Illuminate\\Container\\BoundMethod::call(Object(Core\\myvendor\\defaults\\application\\MyApplication), Array, Array, NULL)
#10 C:\\laragon\\www\\Payment\\core\\vendor\\laravel\\lumen-framework\\src\\Concerns\\RoutesRequests.php(376): Illuminate\\Container\\Container->call(Array, Array)
#11 C:\\laragon\\www\\Payment\\core\\vendor\\laravel\\lumen-framework\\src\\Concerns\\RoutesRequests.php(342): Laravel\\Lumen\\Application->callControllerCallable(Array, Array)
#12 C:\\laragon\\www\\Payment\\core\\vendor\\laravel\\lumen-framework\\src\\Concerns\\RoutesRequests.php(316): Laravel\\Lumen\\Application->callLumenController(Object(Host\\controllers\\PaymentController), 'GetPaymentByGro...', Array)
#13 C:\\laragon\\www\\Payment\\core\\vendor\\laravel\\lumen-framework\\src\\Concerns\\RoutesRequests.php(278): Laravel\\Lumen\\Application->callControllerAction(Array)
#14 C:\\laragon\\www\\Payment\\core\\vendor\\laravel\\lumen-framework\\src\\Concerns\\RoutesRequests.php(258): Laravel\\Lumen\\Application->callActionOnArrayBasedRoute(Array)
#15 [internal function]: Laravel\\Lumen\\Application->Laravel\\Lumen\\Concerns\\{closure}(Object(Laravel\\Lumen\\Http\\Request))
#16 C:\\laragon\\www\\Payment\\core\\vendor\\laravel\\lumen-framework\\src\\Routing\\Pipeline.php(52): call_user_func(Object(Closure), Object(Laravel\\Lumen\\Http\\Request))
#17 C:\\laragon\\www\\Payment\\core\\container\\port\\src\\middlewares\\Authenticate.php(60): Laravel\\Lumen\\Routing\\Pipeline->Laravel\\Lumen\\Routing\\{closure}(Object(Laravel\\Lumen\\Http\\Request))
#18 C:\\laragon\\www\\Payment\\core\\vendor\\illuminate\\pipeline\\Pipeline.php(171): Core\\container\\port\\src\\middlewares\\Authenticate->handle(Object(Laravel\\Lumen\\Http\\Request), Object(Closure))
#19 [internal function]: Illuminate\\Pipeline\\Pipeline->Illuminate\\Pipeline\\{closure}(Object(Laravel\\Lumen\\Http\\Request))
#20 C:\\laragon\\www\\Payment\\core\\vendor\\laravel\\lumen-framework\\src\\Routing\\Pipeline.php(32): call_user_func(Object(Closure), Object(Laravel\\Lumen\\Http\\Request))
#21 C:\\laragon\\www\\Payment\\core\\vendor\\illuminate\\pipeline\\Pipeline.php(105): Laravel\\Lumen\\Routing\\Pipeline->Laravel\\Lumen\\Routing\\{closure}(Object(Laravel\\Lumen\\Http\\Request))
#22 C:\\laragon\\www\\Payment\\core\\vendor\\laravel\\lumen-framework\\src\\Concerns\\RoutesRequests.php(413): Illuminate\\Pipeline\\Pipeline->then(Object(Closure))
#23 C:\\laragon\\www\\Payment\\core\\vendor\\laravel\\lumen-framework\\src\\Concerns\\RoutesRequests.php(259): Laravel\\Lumen\\Application->sendThroughPipeline(Array, Object(Closure))
#24 C:\\laragon\\www\\Payment\\core\\vendor\\laravel\\lumen-framework\\src\\Concerns\\RoutesRequests.php(165): Laravel\\Lumen\\Application->handleFoundRoute(Array)
#25 C:\\laragon\\www\\Payment\\core\\vendor\\laravel\\lumen-framework\\src\\Concerns\\RoutesRequests.php(416): Laravel\\Lumen\\Application->Laravel\\Lumen\\Concerns\\{closure}(Object(Laravel\\Lumen\\Http\\Request))
#26 C:\\laragon\\www\\Payment\\core\\vendor\\laravel\\lumen-framework\\src\\Concerns\\RoutesRequests.php(171): Laravel\\Lumen\\Application->sendThroughPipeline(Array, Object(Closure))
#27 C:\\laragon\\www\\Payment\\core\\vendor\\laravel\\lumen-framework\\src\\Concerns\\RoutesRequests.php(108): Laravel\\Lumen\\Application->dispatch(NULL)
#28 C:\\laragon\\www\\Payment\\host\\public\\index.php(28): Laravel\\Lumen\\Application->run()
#29 {main}
"} 
[2020-05-13 01:56:00] local.ERROR: ParseError: syntax error, unexpected '}' in C:\laragon\www\Payment\functional\payment\queries\getPaymentByGroups\GetPaymentByGroupsHandler.php:31
Stack trace:
#0 C:\laragon\www\Payment\core\vendor\composer\ClassLoader.php(322): Composer\Autoload\includeFile('C:\\laragon\\www\\...')
#1 [internal function]: Composer\Autoload\ClassLoader->loadClass('Functional\\paym...')
#2 [internal function]: spl_autoload_call('Functional\\paym...')
#3 C:\laragon\www\Payment\core\vendor\illuminate\container\BoundMethod.php(164): ReflectionParameter->getClass()
#4 C:\laragon\www\Payment\core\vendor\illuminate\container\BoundMethod.php(121): Illuminate\Container\BoundMethod::addDependencyForCallParameter(Object(Core\myvendor\defaults\application\MyApplication), Object(ReflectionParameter), Array, Array)
#5 C:\laragon\www\Payment\core\vendor\illuminate\container\BoundMethod.php(32): Illuminate\Container\BoundMethod::getMethodDependencies(Object(Core\myvendor\defaults\application\MyApplication), Array, Array)
#6 C:\laragon\www\Payment\core\vendor\illuminate\container\Util.php(36): Illuminate\Container\BoundMethod::Illuminate\Container\{closure}()
#7 C:\laragon\www\Payment\core\vendor\illuminate\container\BoundMethod.php(90): Illuminate\Container\Util::unwrapIfClosure(Object(Closure))
#8 C:\laragon\www\Payment\core\vendor\illuminate\container\BoundMethod.php(34): Illuminate\Container\BoundMethod::callBoundMethod(Object(Core\myvendor\defaults\application\MyApplication), Array, Object(Closure))
#9 C:\laragon\www\Payment\core\vendor\illuminate\container\Container.php(590): Illuminate\Container\BoundMethod::call(Object(Core\myvendor\defaults\application\MyApplication), Array, Array, NULL)
#10 C:\laragon\www\Payment\core\vendor\laravel\lumen-framework\src\Concerns\RoutesRequests.php(376): Illuminate\Container\Container->call(Array, Array)
#11 C:\laragon\www\Payment\core\vendor\laravel\lumen-framework\src\Concerns\RoutesRequests.php(342): Laravel\Lumen\Application->callControllerCallable(Array, Array)
#12 C:\laragon\www\Payment\core\vendor\laravel\lumen-framework\src\Concerns\RoutesRequests.php(316): Laravel\Lumen\Application->callLumenController(Object(Host\controllers\PaymentController), 'GetPaymentByGro...', Array)
#13 C:\laragon\www\Payment\core\vendor\laravel\lumen-framework\src\Concerns\RoutesRequests.php(278): Laravel\Lumen\Application->callControllerAction(Array)
#14 C:\laragon\www\Payment\core\vendor\laravel\lumen-framework\src\Concerns\RoutesRequests.php(258): Laravel\Lumen\Application->callActionOnArrayBasedRoute(Array)
#15 [internal function]: Laravel\Lumen\Application->Laravel\Lumen\Concerns\{closure}(Object(Laravel\Lumen\Http\Request))
#16 C:\laragon\www\Payment\core\vendor\laravel\lumen-framework\src\Routing\Pipeline.php(52): call_user_func(Object(Closure), Object(Laravel\Lumen\Http\Request))
#17 C:\laragon\www\Payment\core\container\port\src\middlewares\Authenticate.php(60): Laravel\Lumen\Routing\Pipeline->Laravel\Lumen\Routing\{closure}(Object(Laravel\Lumen\Http\Request))
#18 C:\laragon\www\Payment\core\vendor\illuminate\pipeline\Pipeline.php(171): Core\container\port\src\middlewares\Authenticate->handle(Object(Laravel\Lumen\Http\Request), Object(Closure))
#19 [internal function]: Illuminate\Pipeline\Pipeline->Illuminate\Pipeline\{closure}(Object(Laravel\Lumen\Http\Request))
#20 C:\laragon\www\Payment\core\vendor\laravel\lumen-framework\src\Routing\Pipeline.php(32): call_user_func(Object(Closure), Object(Laravel\Lumen\Http\Request))
#21 C:\laragon\www\Payment\core\vendor\illuminate\pipeline\Pipeline.php(105): Laravel\Lumen\Routing\Pipeline->Laravel\Lumen\Routing\{closure}(Object(Laravel\Lumen\Http\Request))
#22 C:\laragon\www\Payment\core\vendor\laravel\lumen-framework\src\Concerns\RoutesRequests.php(413): Illuminate\Pipeline\Pipeline->then(Object(Closure))
#23 C:\laragon\www\Payment\core\vendor\laravel\lumen-framework\src\Concerns\RoutesRequests.php(259): Laravel\Lumen\Application->sendThroughPipeline(Array, Object(Closure))
#24 C:\laragon\www\Payment\core\vendor\laravel\lumen-framework\src\Concerns\RoutesRequests.php(165): Laravel\Lumen\Application->handleFoundRoute(Array)
#25 C:\laragon\www\Payment\core\vendor\laravel\lumen-framework\src\Concerns\RoutesRequests.php(416): Laravel\Lumen\Application->Laravel\Lumen\Concerns\{closure}(Object(Laravel\Lumen\Http\Request))
#26 C:\laragon\www\Payment\core\vendor\laravel\lumen-framework\src\Concerns\RoutesRequests.php(171): Laravel\Lumen\Application->sendThroughPipeline(Array, Object(Closure))
#27 C:\laragon\www\Payment\core\vendor\laravel\lumen-framework\src\Concerns\RoutesRequests.php(108): Laravel\Lumen\Application->dispatch(NULL)
#28 C:\laragon\www\Payment\host\public\index.php(28): Laravel\Lumen\Application->run()
#29 {main}

Next ReflectionException: Class Functional\payment\queries\getPaymentByGroups\GetPaymentByGroupsHandler does not exist in C:\laragon\www\Payment\core\vendor\illuminate\container\BoundMethod.php:164
Stack trace:
#0 C:\laragon\www\Payment\core\vendor\illuminate\container\BoundMethod.php(164): ReflectionParameter->getClass()
#1 C:\laragon\www\Payment\core\vendor\illuminate\container\BoundMethod.php(121): Illuminate\Container\BoundMethod::addDependencyForCallParameter(Object(Core\myvendor\defaults\application\MyApplication), Object(ReflectionParameter), Array, Array)
#2 C:\laragon\www\Payment\core\vendor\illuminate\container\BoundMethod.php(32): Illuminate\Container\BoundMethod::getMethodDependencies(Object(Core\myvendor\defaults\application\MyApplication), Array, Array)
#3 C:\laragon\www\Payment\core\vendor\illuminate\container\Util.php(36): Illuminate\Container\BoundMethod::Illuminate\Container\{closure}()
#4 C:\laragon\www\Payment\core\vendor\illuminate\container\BoundMethod.php(90): Illuminate\Container\Util::unwrapIfClosure(Object(Closure))
#5 C:\laragon\www\Payment\core\vendor\illuminate\container\BoundMethod.php(34): Illuminate\Container\BoundMethod::callBoundMethod(Object(Core\myvendor\defaults\application\MyApplication), Array, Object(Closure))
#6 C:\laragon\www\Payment\core\vendor\illuminate\container\Container.php(590): Illuminate\Container\BoundMethod::call(Object(Core\myvendor\defaults\application\MyApplication), Array, Array, NULL)
#7 C:\laragon\www\Payment\core\vendor\laravel\lumen-framework\src\Concerns\RoutesRequests.php(376): Illuminate\Container\Container->call(Array, Array)
#8 C:\laragon\www\Payment\core\vendor\laravel\lumen-framework\src\Concerns\RoutesRequests.php(342): Laravel\Lumen\Application->callControllerCallable(Array, Array)
#9 C:\laragon\www\Payment\core\vendor\laravel\lumen-framework\src\Concerns\RoutesRequests.php(316): Laravel\Lumen\Application->callLumenController(Object(Host\controllers\PaymentController), 'GetPaymentByGro...', Array)
#10 C:\laragon\www\Payment\core\vendor\laravel\lumen-framework\src\Concerns\RoutesRequests.php(278): Laravel\Lumen\Application->callControllerAction(Array)
#11 C:\laragon\www\Payment\core\vendor\laravel\lumen-framework\src\Concerns\RoutesRequests.php(258): Laravel\Lumen\Application->callActionOnArrayBasedRoute(Array)
#12 [internal function]: Laravel\Lumen\Application->Laravel\Lumen\Concerns\{closure}(Object(Laravel\Lumen\Http\Request))
#13 C:\laragon\www\Payment\core\vendor\laravel\lumen-framework\src\Routing\Pipeline.php(52): call_user_func(Object(Closure), Object(Laravel\Lumen\Http\Request))
#14 C:\laragon\www\Payment\core\container\port\src\middlewares\Authenticate.php(60): Laravel\Lumen\Routing\Pipeline->Laravel\Lumen\Routing\{closure}(Object(Laravel\Lumen\Http\Request))
#15 C:\laragon\www\Payment\core\vendor\illuminate\pipeline\Pipeline.php(171): Core\container\port\src\middlewares\Authenticate->handle(Object(Laravel\Lumen\Http\Request), Object(Closure))
#16 [internal function]: Illuminate\Pipeline\Pipeline->Illuminate\Pipeline\{closure}(Object(Laravel\Lumen\Http\Request))
#17 C:\laragon\www\Payment\core\vendor\laravel\lumen-framework\src\Routing\Pipeline.php(32): call_user_func(Object(Closure), Object(Laravel\Lumen\Http\Request))
#18 C:\laragon\www\Payment\core\vendor\illuminate\pipeline\Pipeline.php(105): Laravel\Lumen\Routing\Pipeline->Laravel\Lumen\Routing\{closure}(Object(Laravel\Lumen\Http\Request))
#19 C:\laragon\www\Payment\core\vendor\laravel\lumen-framework\src\Concerns\RoutesRequests.php(413): Illuminate\Pipeline\Pipeline->then(Object(Closure))
#20 C:\laragon\www\Payment\core\vendor\laravel\lumen-framework\src\Concerns\RoutesRequests.php(259): Laravel\Lumen\Application->sendThroughPipeline(Array, Object(Closure))
#21 C:\laragon\www\Payment\core\vendor\laravel\lumen-framework\src\Concerns\RoutesRequests.php(165): Laravel\Lumen\Application->handleFoundRoute(Array)
#22 C:\laragon\www\Payment\core\vendor\laravel\lumen-framework\src\Concerns\RoutesRequests.php(416): Laravel\Lumen\Application->Laravel\Lumen\Concerns\{closure}(Object(Laravel\Lumen\Http\Request))
#23 C:\laragon\www\Payment\core\vendor\laravel\lumen-framework\src\Concerns\RoutesRequests.php(171): Laravel\Lumen\Application->sendThroughPipeline(Array, Object(Closure))
#24 C:\laragon\www\Payment\core\vendor\laravel\lumen-framework\src\Concerns\RoutesRequests.php(108): Laravel\Lumen\Application->dispatch(NULL)
#25 C:\laragon\www\Payment\host\public\index.php(28): Laravel\Lumen\Application->run()
#26 {main} {"exception":"[object] (ReflectionException(code: 0): Class Functional\\payment\\queries\\getPaymentByGroups\\GetPaymentByGroupsHandler does not exist at C:\\laragon\\www\\Payment\\core\\vendor\\illuminate\\container\\BoundMethod.php:164)
[stacktrace]
#0 C:\\laragon\\www\\Payment\\core\\vendor\\illuminate\\container\\BoundMethod.php(164): ReflectionParameter->getClass()
#1 C:\\laragon\\www\\Payment\\core\\vendor\\illuminate\\container\\BoundMethod.php(121): Illuminate\\Container\\BoundMethod::addDependencyForCallParameter(Object(Core\\myvendor\\defaults\\application\\MyApplication), Object(ReflectionParameter), Array, Array)
#2 C:\\laragon\\www\\Payment\\core\\vendor\\illuminate\\container\\BoundMethod.php(32): Illuminate\\Container\\BoundMethod::getMethodDependencies(Object(Core\\myvendor\\defaults\\application\\MyApplication), Array, Array)
#3 C:\\laragon\\www\\Payment\\core\\vendor\\illuminate\\container\\Util.php(36): Illuminate\\Container\\BoundMethod::Illuminate\\Container\\{closure}()
#4 C:\\laragon\\www\\Payment\\core\\vendor\\illuminate\\container\\BoundMethod.php(90): Illuminate\\Container\\Util::unwrapIfClosure(Object(Closure))
#5 C:\\laragon\\www\\Payment\\core\\vendor\\illuminate\\container\\BoundMethod.php(34): Illuminate\\Container\\BoundMethod::callBoundMethod(Object(Core\\myvendor\\defaults\\application\\MyApplication), Array, Object(Closure))
#6 C:\\laragon\\www\\Payment\\core\\vendor\\illuminate\\container\\Container.php(590): Illuminate\\Container\\BoundMethod::call(Object(Core\\myvendor\\defaults\\application\\MyApplication), Array, Array, NULL)
#7 C:\\laragon\\www\\Payment\\core\\vendor\\laravel\\lumen-framework\\src\\Concerns\\RoutesRequests.php(376): Illuminate\\Container\\Container->call(Array, Array)
#8 C:\\laragon\\www\\Payment\\core\\vendor\\laravel\\lumen-framework\\src\\Concerns\\RoutesRequests.php(342): Laravel\\Lumen\\Application->callControllerCallable(Array, Array)
#9 C:\\laragon\\www\\Payment\\core\\vendor\\laravel\\lumen-framework\\src\\Concerns\\RoutesRequests.php(316): Laravel\\Lumen\\Application->callLumenController(Object(Host\\controllers\\PaymentController), 'GetPaymentByGro...', Array)
#10 C:\\laragon\\www\\Payment\\core\\vendor\\laravel\\lumen-framework\\src\\Concerns\\RoutesRequests.php(278): Laravel\\Lumen\\Application->callControllerAction(Array)
#11 C:\\laragon\\www\\Payment\\core\\vendor\\laravel\\lumen-framework\\src\\Concerns\\RoutesRequests.php(258): Laravel\\Lumen\\Application->callActionOnArrayBasedRoute(Array)
#12 [internal function]: Laravel\\Lumen\\Application->Laravel\\Lumen\\Concerns\\{closure}(Object(Laravel\\Lumen\\Http\\Request))
#13 C:\\laragon\\www\\Payment\\core\\vendor\\laravel\\lumen-framework\\src\\Routing\\Pipeline.php(52): call_user_func(Object(Closure), Object(Laravel\\Lumen\\Http\\Request))
#14 C:\\laragon\\www\\Payment\\core\\container\\port\\src\\middlewares\\Authenticate.php(60): Laravel\\Lumen\\Routing\\Pipeline->Laravel\\Lumen\\Routing\\{closure}(Object(Laravel\\Lumen\\Http\\Request))
#15 C:\\laragon\\www\\Payment\\core\\vendor\\illuminate\\pipeline\\Pipeline.php(171): Core\\container\\port\\src\\middlewares\\Authenticate->handle(Object(Laravel\\Lumen\\Http\\Request), Object(Closure))
#16 [internal function]: Illuminate\\Pipeline\\Pipeline->Illuminate\\Pipeline\\{closure}(Object(Laravel\\Lumen\\Http\\Request))
#17 C:\\laragon\\www\\Payment\\core\\vendor\\laravel\\lumen-framework\\src\\Routing\\Pipeline.php(32): call_user_func(Object(Closure), Object(Laravel\\Lumen\\Http\\Request))
#18 C:\\laragon\\www\\Payment\\core\\vendor\\illuminate\\pipeline\\Pipeline.php(105): Laravel\\Lumen\\Routing\\Pipeline->Laravel\\Lumen\\Routing\\{closure}(Object(Laravel\\Lumen\\Http\\Request))
#19 C:\\laragon\\www\\Payment\\core\\vendor\\laravel\\lumen-framework\\src\\Concerns\\RoutesRequests.php(413): Illuminate\\Pipeline\\Pipeline->then(Object(Closure))
#20 C:\\laragon\\www\\Payment\\core\\vendor\\laravel\\lumen-framework\\src\\Concerns\\RoutesRequests.php(259): Laravel\\Lumen\\Application->sendThroughPipeline(Array, Object(Closure))
#21 C:\\laragon\\www\\Payment\\core\\vendor\\laravel\\lumen-framework\\src\\Concerns\\RoutesRequests.php(165): Laravel\\Lumen\\Application->handleFoundRoute(Array)
#22 C:\\laragon\\www\\Payment\\core\\vendor\\laravel\\lumen-framework\\src\\Concerns\\RoutesRequests.php(416): Laravel\\Lumen\\Application->Laravel\\Lumen\\Concerns\\{closure}(Object(Laravel\\Lumen\\Http\\Request))
#23 C:\\laragon\\www\\Payment\\core\\vendor\\laravel\\lumen-framework\\src\\Concerns\\RoutesRequests.php(171): Laravel\\Lumen\\Application->sendThroughPipeline(Array, Object(Closure))
#24 C:\\laragon\\www\\Payment\\core\\vendor\\laravel\\lumen-framework\\src\\Concerns\\RoutesRequests.php(108): Laravel\\Lumen\\Application->dispatch(NULL)
#25 C:\\laragon\\www\\Payment\\host\\public\\index.php(28): Laravel\\Lumen\\Application->run()
#26 {main}

[previous exception] [object] (ParseError(code: 0): syntax error, unexpected '}' at C:\\laragon\\www\\Payment\\functional\\payment\\queries\\getPaymentByGroups\\GetPaymentByGroupsHandler.php:31)
[stacktrace]
#0 C:\\laragon\\www\\Payment\\core\\vendor\\composer\\ClassLoader.php(322): Composer\\Autoload\\includeFile('C:\\\\laragon\\\\www\\\\...')
#1 [internal function]: Composer\\Autoload\\ClassLoader->loadClass('Functional\\\\paym...')
#2 [internal function]: spl_autoload_call('Functional\\\\paym...')
#3 C:\\laragon\\www\\Payment\\core\\vendor\\illuminate\\container\\BoundMethod.php(164): ReflectionParameter->getClass()
#4 C:\\laragon\\www\\Payment\\core\\vendor\\illuminate\\container\\BoundMethod.php(121): Illuminate\\Container\\BoundMethod::addDependencyForCallParameter(Object(Core\\myvendor\\defaults\\application\\MyApplication), Object(ReflectionParameter), Array, Array)
#5 C:\\laragon\\www\\Payment\\core\\vendor\\illuminate\\container\\BoundMethod.php(32): Illuminate\\Container\\BoundMethod::getMethodDependencies(Object(Core\\myvendor\\defaults\\application\\MyApplication), Array, Array)
#6 C:\\laragon\\www\\Payment\\core\\vendor\\illuminate\\container\\Util.php(36): Illuminate\\Container\\BoundMethod::Illuminate\\Container\\{closure}()
#7 C:\\laragon\\www\\Payment\\core\\vendor\\illuminate\\container\\BoundMethod.php(90): Illuminate\\Container\\Util::unwrapIfClosure(Object(Closure))
#8 C:\\laragon\\www\\Payment\\core\\vendor\\illuminate\\container\\BoundMethod.php(34): Illuminate\\Container\\BoundMethod::callBoundMethod(Object(Core\\myvendor\\defaults\\application\\MyApplication), Array, Object(Closure))
#9 C:\\laragon\\www\\Payment\\core\\vendor\\illuminate\\container\\Container.php(590): Illuminate\\Container\\BoundMethod::call(Object(Core\\myvendor\\defaults\\application\\MyApplication), Array, Array, NULL)
#10 C:\\laragon\\www\\Payment\\core\\vendor\\laravel\\lumen-framework\\src\\Concerns\\RoutesRequests.php(376): Illuminate\\Container\\Container->call(Array, Array)
#11 C:\\laragon\\www\\Payment\\core\\vendor\\laravel\\lumen-framework\\src\\Concerns\\RoutesRequests.php(342): Laravel\\Lumen\\Application->callControllerCallable(Array, Array)
#12 C:\\laragon\\www\\Payment\\core\\vendor\\laravel\\lumen-framework\\src\\Concerns\\RoutesRequests.php(316): Laravel\\Lumen\\Application->callLumenController(Object(Host\\controllers\\PaymentController), 'GetPaymentByGro...', Array)
#13 C:\\laragon\\www\\Payment\\core\\vendor\\laravel\\lumen-framework\\src\\Concerns\\RoutesRequests.php(278): Laravel\\Lumen\\Application->callControllerAction(Array)
#14 C:\\laragon\\www\\Payment\\core\\vendor\\laravel\\lumen-framework\\src\\Concerns\\RoutesRequests.php(258): Laravel\\Lumen\\Application->callActionOnArrayBasedRoute(Array)
#15 [internal function]: Laravel\\Lumen\\Application->Laravel\\Lumen\\Concerns\\{closure}(Object(Laravel\\Lumen\\Http\\Request))
#16 C:\\laragon\\www\\Payment\\core\\vendor\\laravel\\lumen-framework\\src\\Routing\\Pipeline.php(52): call_user_func(Object(Closure), Object(Laravel\\Lumen\\Http\\Request))
#17 C:\\laragon\\www\\Payment\\core\\container\\port\\src\\middlewares\\Authenticate.php(60): Laravel\\Lumen\\Routing\\Pipeline->Laravel\\Lumen\\Routing\\{closure}(Object(Laravel\\Lumen\\Http\\Request))
#18 C:\\laragon\\www\\Payment\\core\\vendor\\illuminate\\pipeline\\Pipeline.php(171): Core\\container\\port\\src\\middlewares\\Authenticate->handle(Object(Laravel\\Lumen\\Http\\Request), Object(Closure))
#19 [internal function]: Illuminate\\Pipeline\\Pipeline->Illuminate\\Pipeline\\{closure}(Object(Laravel\\Lumen\\Http\\Request))
#20 C:\\laragon\\www\\Payment\\core\\vendor\\laravel\\lumen-framework\\src\\Routing\\Pipeline.php(32): call_user_func(Object(Closure), Object(Laravel\\Lumen\\Http\\Request))
#21 C:\\laragon\\www\\Payment\\core\\vendor\\illuminate\\pipeline\\Pipeline.php(105): Laravel\\Lumen\\Routing\\Pipeline->Laravel\\Lumen\\Routing\\{closure}(Object(Laravel\\Lumen\\Http\\Request))
#22 C:\\laragon\\www\\Payment\\core\\vendor\\laravel\\lumen-framework\\src\\Concerns\\RoutesRequests.php(413): Illuminate\\Pipeline\\Pipeline->then(Object(Closure))
#23 C:\\laragon\\www\\Payment\\core\\vendor\\laravel\\lumen-framework\\src\\Concerns\\RoutesRequests.php(259): Laravel\\Lumen\\Application->sendThroughPipeline(Array, Object(Closure))
#24 C:\\laragon\\www\\Payment\\core\\vendor\\laravel\\lumen-framework\\src\\Concerns\\RoutesRequests.php(165): Laravel\\Lumen\\Application->handleFoundRoute(Array)
#25 C:\\laragon\\www\\Payment\\core\\vendor\\laravel\\lumen-framework\\src\\Concerns\\RoutesRequests.php(416): Laravel\\Lumen\\Application->Laravel\\Lumen\\Concerns\\{closure}(Object(Laravel\\Lumen\\Http\\Request))
#26 C:\\laragon\\www\\Payment\\core\\vendor\\laravel\\lumen-framework\\src\\Concerns\\RoutesRequests.php(171): Laravel\\Lumen\\Application->sendThroughPipeline(Array, Object(Closure))
#27 C:\\laragon\\www\\Payment\\core\\vendor\\laravel\\lumen-framework\\src\\Concerns\\RoutesRequests.php(108): Laravel\\Lumen\\Application->dispatch(NULL)
#28 C:\\laragon\\www\\Payment\\host\\public\\index.php(28): Laravel\\Lumen\\Application->run()
#29 {main}
"} 
[2020-05-13 23:43:03] local.ERROR: InvalidArgumentException: Validation rule unique requires at least 1 parameters. in C:\laragon\www\Payment\core\vendor\illuminate\validation\Concerns\ValidatesAttributes.php:1857
Stack trace:
#0 C:\laragon\www\Payment\core\vendor\illuminate\validation\Concerns\ValidatesAttributes.php(725): Illuminate\Validation\Validator->requireParameterCount(1, Array, 'unique')
#1 C:\laragon\www\Payment\core\vendor\illuminate\validation\Validator.php(457): Illuminate\Validation\Validator->validateUnique('name', 'alko', Array, Object(Illuminate\Validation\Validator))
#2 C:\laragon\www\Payment\core\vendor\illuminate\validation\Validator.php(300): Illuminate\Validation\Validator->validateAttribute('name', 'Unique')
#3 C:\laragon\www\Payment\core\vendor\illuminate\validation\Validator.php(331): Illuminate\Validation\Validator->passes()
#4 C:\laragon\www\Payment\core\vendor\laravel\lumen-framework\src\Routing\ProvidesConvenienceMethods.php(66): Illuminate\Validation\Validator->fails()
#5 C:\laragon\www\Payment\functional\payment\commands\createPayment\CreatePaymentValidator.php(15): Functional\payment\commands\createPayment\CreatePaymentValidator->validate(Object(Laravel\Lumen\Http\Request), Array)
#6 C:\laragon\www\Payment\core\myvendor\functions\meteor\src\ValidatorGenerator.php(20): Functional\payment\commands\createPayment\CreatePaymentValidator->Validations(Object(Laravel\Lumen\Http\Request))
#7 C:\laragon\www\Payment\core\myvendor\functions\meteor\Meteor.php(16): Core\myvendor\functions\meteor\Meteor->Validator(Object(Functional\payment\commands\createPayment\CreatePaymentHandler), Object(Laravel\Lumen\Http\Request))
#8 C:\laragon\www\Payment\host\controllers\PaymentController.php(25): Core\myvendor\functions\meteor\Meteor->Send(Object(Functional\payment\commands\createPayment\CreatePaymentHandler), Object(Laravel\Lumen\Http\Request))
#9 [internal function]: Host\controllers\PaymentController->CreatePayment(Object(Functional\payment\commands\createPayment\CreatePaymentHandler), Object(Laravel\Lumen\Http\Request))
#10 C:\laragon\www\Payment\core\vendor\illuminate\container\BoundMethod.php(32): call_user_func_array(Array, Array)
#11 C:\laragon\www\Payment\core\vendor\illuminate\container\Util.php(36): Illuminate\Container\BoundMethod::Illuminate\Container\{closure}()
#12 C:\laragon\www\Payment\core\vendor\illuminate\container\BoundMethod.php(90): Illuminate\Container\Util::unwrapIfClosure(Object(Closure))
#13 C:\laragon\www\Payment\core\vendor\illuminate\container\BoundMethod.php(34): Illuminate\Container\BoundMethod::callBoundMethod(Object(Core\myvendor\defaults\application\MyApplication), Array, Object(Closure))
#14 C:\laragon\www\Payment\core\vendor\illuminate\container\Container.php(590): Illuminate\Container\BoundMethod::call(Object(Core\myvendor\defaults\application\MyApplication), Array, Array, NULL)
#15 C:\laragon\www\Payment\core\vendor\laravel\lumen-framework\src\Concerns\RoutesRequests.php(376): Illuminate\Container\Container->call(Array, Array)
#16 C:\laragon\www\Payment\core\vendor\laravel\lumen-framework\src\Concerns\RoutesRequests.php(342): Laravel\Lumen\Application->callControllerCallable(Array, Array)
#17 C:\laragon\www\Payment\core\vendor\laravel\lumen-framework\src\Concerns\RoutesRequests.php(316): Laravel\Lumen\Application->callLumenController(Object(Host\controllers\PaymentController), 'CreatePayment', Array)
#18 C:\laragon\www\Payment\core\vendor\laravel\lumen-framework\src\Concerns\RoutesRequests.php(278): Laravel\Lumen\Application->callControllerAction(Array)
#19 C:\laragon\www\Payment\core\vendor\laravel\lumen-framework\src\Concerns\RoutesRequests.php(258): Laravel\Lumen\Application->callActionOnArrayBasedRoute(Array)
#20 [internal function]: Laravel\Lumen\Application->Laravel\Lumen\Concerns\{closure}(Object(Laravel\Lumen\Http\Request))
#21 C:\laragon\www\Payment\core\vendor\laravel\lumen-framework\src\Routing\Pipeline.php(52): call_user_func(Object(Closure), Object(Laravel\Lumen\Http\Request))
#22 C:\laragon\www\Payment\core\container\port\src\middlewares\Authenticate.php(60): Laravel\Lumen\Routing\Pipeline->Laravel\Lumen\Routing\{closure}(Object(Laravel\Lumen\Http\Request))
#23 C:\laragon\www\Payment\core\vendor\illuminate\pipeline\Pipeline.php(171): Core\container\port\src\middlewares\Authenticate->handle(Object(Laravel\Lumen\Http\Request), Object(Closure))
#24 [internal function]: Illuminate\Pipeline\Pipeline->Illuminate\Pipeline\{closure}(Object(Laravel\Lumen\Http\Request))
#25 C:\laragon\www\Payment\core\vendor\laravel\lumen-framework\src\Routing\Pipeline.php(32): call_user_func(Object(Closure), Object(Laravel\Lumen\Http\Request))
#26 C:\laragon\www\Payment\core\vendor\illuminate\pipeline\Pipeline.php(105): Laravel\Lumen\Routing\Pipeline->Laravel\Lumen\Routing\{closure}(Object(Laravel\Lumen\Http\Request))
#27 C:\laragon\www\Payment\core\vendor\laravel\lumen-framework\src\Concerns\RoutesRequests.php(413): Illuminate\Pipeline\Pipeline->then(Object(Closure))
#28 C:\laragon\www\Payment\core\vendor\laravel\lumen-framework\src\Concerns\RoutesRequests.php(259): Laravel\Lumen\Application->sendThroughPipeline(Array, Object(Closure))
#29 C:\laragon\www\Payment\core\vendor\laravel\lumen-framework\src\Concerns\RoutesRequests.php(165): Laravel\Lumen\Application->handleFoundRoute(Array)
#30 C:\laragon\www\Payment\core\vendor\laravel\lumen-framework\src\Concerns\RoutesRequests.php(416): Laravel\Lumen\Application->Laravel\Lumen\Concerns\{closure}(Object(Laravel\Lumen\Http\Request))
#31 C:\laragon\www\Payment\core\vendor\laravel\lumen-framework\src\Concerns\RoutesRequests.php(171): Laravel\Lumen\Application->sendThroughPipeline(Array, Object(Closure))
#32 C:\laragon\www\Payment\core\vendor\laravel\lumen-framework\src\Concerns\RoutesRequests.php(108): Laravel\Lumen\Application->dispatch(NULL)
#33 C:\laragon\www\Payment\host\public\index.php(28): Laravel\Lumen\Application->run()
#34 {main} {"exception":"[object] (InvalidArgumentException(code: 0): Validation rule unique requires at least 1 parameters. at C:\\laragon\\www\\Payment\\core\\vendor\\illuminate\\validation\\Concerns\\ValidatesAttributes.php:1857)
[stacktrace]
#0 C:\\laragon\\www\\Payment\\core\\vendor\\illuminate\\validation\\Concerns\\ValidatesAttributes.php(725): Illuminate\\Validation\\Validator->requireParameterCount(1, Array, 'unique')
#1 C:\\laragon\\www\\Payment\\core\\vendor\\illuminate\\validation\\Validator.php(457): Illuminate\\Validation\\Validator->validateUnique('name', 'alko', Array, Object(Illuminate\\Validation\\Validator))
#2 C:\\laragon\\www\\Payment\\core\\vendor\\illuminate\\validation\\Validator.php(300): Illuminate\\Validation\\Validator->validateAttribute('name', 'Unique')
#3 C:\\laragon\\www\\Payment\\core\\vendor\\illuminate\\validation\\Validator.php(331): Illuminate\\Validation\\Validator->passes()
#4 C:\\laragon\\www\\Payment\\core\\vendor\\laravel\\lumen-framework\\src\\Routing\\ProvidesConvenienceMethods.php(66): Illuminate\\Validation\\Validator->fails()
#5 C:\\laragon\\www\\Payment\\functional\\payment\\commands\\createPayment\\CreatePaymentValidator.php(15): Functional\\payment\\commands\\createPayment\\CreatePaymentValidator->validate(Object(Laravel\\Lumen\\Http\\Request), Array)
#6 C:\\laragon\\www\\Payment\\core\\myvendor\\functions\\meteor\\src\\ValidatorGenerator.php(20): Functional\\payment\\commands\\createPayment\\CreatePaymentValidator->Validations(Object(Laravel\\Lumen\\Http\\Request))
#7 C:\\laragon\\www\\Payment\\core\\myvendor\\functions\\meteor\\Meteor.php(16): Core\\myvendor\\functions\\meteor\\Meteor->Validator(Object(Functional\\payment\\commands\\createPayment\\CreatePaymentHandler), Object(Laravel\\Lumen\\Http\\Request))
#8 C:\\laragon\\www\\Payment\\host\\controllers\\PaymentController.php(25): Core\\myvendor\\functions\\meteor\\Meteor->Send(Object(Functional\\payment\\commands\\createPayment\\CreatePaymentHandler), Object(Laravel\\Lumen\\Http\\Request))
#9 [internal function]: Host\\controllers\\PaymentController->CreatePayment(Object(Functional\\payment\\commands\\createPayment\\CreatePaymentHandler), Object(Laravel\\Lumen\\Http\\Request))
#10 C:\\laragon\\www\\Payment\\core\\vendor\\illuminate\\container\\BoundMethod.php(32): call_user_func_array(Array, Array)
#11 C:\\laragon\\www\\Payment\\core\\vendor\\illuminate\\container\\Util.php(36): Illuminate\\Container\\BoundMethod::Illuminate\\Container\\{closure}()
#12 C:\\laragon\\www\\Payment\\core\\vendor\\illuminate\\container\\BoundMethod.php(90): Illuminate\\Container\\Util::unwrapIfClosure(Object(Closure))
#13 C:\\laragon\\www\\Payment\\core\\vendor\\illuminate\\container\\BoundMethod.php(34): Illuminate\\Container\\BoundMethod::callBoundMethod(Object(Core\\myvendor\\defaults\\application\\MyApplication), Array, Object(Closure))
#14 C:\\laragon\\www\\Payment\\core\\vendor\\illuminate\\container\\Container.php(590): Illuminate\\Container\\BoundMethod::call(Object(Core\\myvendor\\defaults\\application\\MyApplication), Array, Array, NULL)
#15 C:\\laragon\\www\\Payment\\core\\vendor\\laravel\\lumen-framework\\src\\Concerns\\RoutesRequests.php(376): Illuminate\\Container\\Container->call(Array, Array)
#16 C:\\laragon\\www\\Payment\\core\\vendor\\laravel\\lumen-framework\\src\\Concerns\\RoutesRequests.php(342): Laravel\\Lumen\\Application->callControllerCallable(Array, Array)
#17 C:\\laragon\\www\\Payment\\core\\vendor\\laravel\\lumen-framework\\src\\Concerns\\RoutesRequests.php(316): Laravel\\Lumen\\Application->callLumenController(Object(Host\\controllers\\PaymentController), 'CreatePayment', Array)
#18 C:\\laragon\\www\\Payment\\core\\vendor\\laravel\\lumen-framework\\src\\Concerns\\RoutesRequests.php(278): Laravel\\Lumen\\Application->callControllerAction(Array)
#19 C:\\laragon\\www\\Payment\\core\\vendor\\laravel\\lumen-framework\\src\\Concerns\\RoutesRequests.php(258): Laravel\\Lumen\\Application->callActionOnArrayBasedRoute(Array)
#20 [internal function]: Laravel\\Lumen\\Application->Laravel\\Lumen\\Concerns\\{closure}(Object(Laravel\\Lumen\\Http\\Request))
#21 C:\\laragon\\www\\Payment\\core\\vendor\\laravel\\lumen-framework\\src\\Routing\\Pipeline.php(52): call_user_func(Object(Closure), Object(Laravel\\Lumen\\Http\\Request))
#22 C:\\laragon\\www\\Payment\\core\\container\\port\\src\\middlewares\\Authenticate.php(60): Laravel\\Lumen\\Routing\\Pipeline->Laravel\\Lumen\\Routing\\{closure}(Object(Laravel\\Lumen\\Http\\Request))
#23 C:\\laragon\\www\\Payment\\core\\vendor\\illuminate\\pipeline\\Pipeline.php(171): Core\\container\\port\\src\\middlewares\\Authenticate->handle(Object(Laravel\\Lumen\\Http\\Request), Object(Closure))
#24 [internal function]: Illuminate\\Pipeline\\Pipeline->Illuminate\\Pipeline\\{closure}(Object(Laravel\\Lumen\\Http\\Request))
#25 C:\\laragon\\www\\Payment\\core\\vendor\\laravel\\lumen-framework\\src\\Routing\\Pipeline.php(32): call_user_func(Object(Closure), Object(Laravel\\Lumen\\Http\\Request))
#26 C:\\laragon\\www\\Payment\\core\\vendor\\illuminate\\pipeline\\Pipeline.php(105): Laravel\\Lumen\\Routing\\Pipeline->Laravel\\Lumen\\Routing\\{closure}(Object(Laravel\\Lumen\\Http\\Request))
#27 C:\\laragon\\www\\Payment\\core\\vendor\\laravel\\lumen-framework\\src\\Concerns\\RoutesRequests.php(413): Illuminate\\Pipeline\\Pipeline->then(Object(Closure))
#28 C:\\laragon\\www\\Payment\\core\\vendor\\laravel\\lumen-framework\\src\\Concerns\\RoutesRequests.php(259): Laravel\\Lumen\\Application->sendThroughPipeline(Array, Object(Closure))
#29 C:\\laragon\\www\\Payment\\core\\vendor\\laravel\\lumen-framework\\src\\Concerns\\RoutesRequests.php(165): Laravel\\Lumen\\Application->handleFoundRoute(Array)
#30 C:\\laragon\\www\\Payment\\core\\vendor\\laravel\\lumen-framework\\src\\Concerns\\RoutesRequests.php(416): Laravel\\Lumen\\Application->Laravel\\Lumen\\Concerns\\{closure}(Object(Laravel\\Lumen\\Http\\Request))
#31 C:\\laragon\\www\\Payment\\core\\vendor\\laravel\\lumen-framework\\src\\Concerns\\RoutesRequests.php(171): Laravel\\Lumen\\Application->sendThroughPipeline(Array, Object(Closure))
#32 C:\\laragon\\www\\Payment\\core\\vendor\\laravel\\lumen-framework\\src\\Concerns\\RoutesRequests.php(108): Laravel\\Lumen\\Application->dispatch(NULL)
#33 C:\\laragon\\www\\Payment\\host\\public\\index.php(28): Laravel\\Lumen\\Application->run()
#34 {main}
"} 
[2020-05-13 23:43:18] local.ERROR: InvalidArgumentException: Database connection [payments] not configured. in C:\laragon\www\Payment\core\vendor\illuminate\database\DatabaseManager.php:152
Stack trace:
#0 C:\laragon\www\Payment\core\vendor\illuminate\database\DatabaseManager.php(115): Illuminate\Database\DatabaseManager->configuration('payments')
#1 C:\laragon\www\Payment\core\vendor\illuminate\database\DatabaseManager.php(86): Illuminate\Database\DatabaseManager->makeConnection('payments')
#2 C:\laragon\www\Payment\core\vendor\illuminate\validation\DatabasePresenceVerifier.php(125): Illuminate\Database\DatabaseManager->connection('payments')
#3 C:\laragon\www\Payment\core\vendor\illuminate\validation\DatabasePresenceVerifier.php(49): Illuminate\Validation\DatabasePresenceVerifier->table('name')
#4 C:\laragon\www\Payment\core\vendor\illuminate\validation\Concerns\ValidatesAttributes.php(756): Illuminate\Validation\DatabasePresenceVerifier->getCount('name', 'name', 'alko', NULL, NULL, Array)
#5 C:\laragon\www\Payment\core\vendor\illuminate\validation\Validator.php(457): Illuminate\Validation\Validator->validateUnique('name', 'alko', Array, Object(Illuminate\Validation\Validator))
#6 C:\laragon\www\Payment\core\vendor\illuminate\validation\Validator.php(300): Illuminate\Validation\Validator->validateAttribute('name', 'Unique')
#7 C:\laragon\www\Payment\core\vendor\illuminate\validation\Validator.php(331): Illuminate\Validation\Validator->passes()
#8 C:\laragon\www\Payment\core\vendor\laravel\lumen-framework\src\Routing\ProvidesConvenienceMethods.php(66): Illuminate\Validation\Validator->fails()
#9 C:\laragon\www\Payment\functional\payment\commands\createPayment\CreatePaymentValidator.php(15): Functional\payment\commands\createPayment\CreatePaymentValidator->validate(Object(Laravel\Lumen\Http\Request), Array)
#10 C:\laragon\www\Payment\core\myvendor\functions\meteor\src\ValidatorGenerator.php(20): Functional\payment\commands\createPayment\CreatePaymentValidator->Validations(Object(Laravel\Lumen\Http\Request))
#11 C:\laragon\www\Payment\core\myvendor\functions\meteor\Meteor.php(16): Core\myvendor\functions\meteor\Meteor->Validator(Object(Functional\payment\commands\createPayment\CreatePaymentHandler), Object(Laravel\Lumen\Http\Request))
#12 C:\laragon\www\Payment\host\controllers\PaymentController.php(25): Core\myvendor\functions\meteor\Meteor->Send(Object(Functional\payment\commands\createPayment\CreatePaymentHandler), Object(Laravel\Lumen\Http\Request))
#13 [internal function]: Host\controllers\PaymentController->CreatePayment(Object(Functional\payment\commands\createPayment\CreatePaymentHandler), Object(Laravel\Lumen\Http\Request))
#14 C:\laragon\www\Payment\core\vendor\illuminate\container\BoundMethod.php(32): call_user_func_array(Array, Array)
#15 C:\laragon\www\Payment\core\vendor\illuminate\container\Util.php(36): Illuminate\Container\BoundMethod::Illuminate\Container\{closure}()
#16 C:\laragon\www\Payment\core\vendor\illuminate\container\BoundMethod.php(90): Illuminate\Container\Util::unwrapIfClosure(Object(Closure))
#17 C:\laragon\www\Payment\core\vendor\illuminate\container\BoundMethod.php(34): Illuminate\Container\BoundMethod::callBoundMethod(Object(Core\myvendor\defaults\application\MyApplication), Array, Object(Closure))
#18 C:\laragon\www\Payment\core\vendor\illuminate\container\Container.php(590): Illuminate\Container\BoundMethod::call(Object(Core\myvendor\defaults\application\MyApplication), Array, Array, NULL)
#19 C:\laragon\www\Payment\core\vendor\laravel\lumen-framework\src\Concerns\RoutesRequests.php(376): Illuminate\Container\Container->call(Array, Array)
#20 C:\laragon\www\Payment\core\vendor\laravel\lumen-framework\src\Concerns\RoutesRequests.php(342): Laravel\Lumen\Application->callControllerCallable(Array, Array)
#21 C:\laragon\www\Payment\core\vendor\laravel\lumen-framework\src\Concerns\RoutesRequests.php(316): Laravel\Lumen\Application->callLumenController(Object(Host\controllers\PaymentController), 'CreatePayment', Array)
#22 C:\laragon\www\Payment\core\vendor\laravel\lumen-framework\src\Concerns\RoutesRequests.php(278): Laravel\Lumen\Application->callControllerAction(Array)
#23 C:\laragon\www\Payment\core\vendor\laravel\lumen-framework\src\Concerns\RoutesRequests.php(258): Laravel\Lumen\Application->callActionOnArrayBasedRoute(Array)
#24 [internal function]: Laravel\Lumen\Application->Laravel\Lumen\Concerns\{closure}(Object(Laravel\Lumen\Http\Request))
#25 C:\laragon\www\Payment\core\vendor\laravel\lumen-framework\src\Routing\Pipeline.php(52): call_user_func(Object(Closure), Object(Laravel\Lumen\Http\Request))
#26 C:\laragon\www\Payment\core\container\port\src\middlewares\Authenticate.php(60): Laravel\Lumen\Routing\Pipeline->Laravel\Lumen\Routing\{closure}(Object(Laravel\Lumen\Http\Request))
#27 C:\laragon\www\Payment\core\vendor\illuminate\pipeline\Pipeline.php(171): Core\container\port\src\middlewares\Authenticate->handle(Object(Laravel\Lumen\Http\Request), Object(Closure))
#28 [internal function]: Illuminate\Pipeline\Pipeline->Illuminate\Pipeline\{closure}(Object(Laravel\Lumen\Http\Request))
#29 C:\laragon\www\Payment\core\vendor\laravel\lumen-framework\src\Routing\Pipeline.php(32): call_user_func(Object(Closure), Object(Laravel\Lumen\Http\Request))
#30 C:\laragon\www\Payment\core\vendor\illuminate\pipeline\Pipeline.php(105): Laravel\Lumen\Routing\Pipeline->Laravel\Lumen\Routing\{closure}(Object(Laravel\Lumen\Http\Request))
#31 C:\laragon\www\Payment\core\vendor\laravel\lumen-framework\src\Concerns\RoutesRequests.php(413): Illuminate\Pipeline\Pipeline->then(Object(Closure))
#32 C:\laragon\www\Payment\core\vendor\laravel\lumen-framework\src\Concerns\RoutesRequests.php(259): Laravel\Lumen\Application->sendThroughPipeline(Array, Object(Closure))
#33 C:\laragon\www\Payment\core\vendor\laravel\lumen-framework\src\Concerns\RoutesRequests.php(165): Laravel\Lumen\Application->handleFoundRoute(Array)
#34 C:\laragon\www\Payment\core\vendor\laravel\lumen-framework\src\Concerns\RoutesRequests.php(416): Laravel\Lumen\Application->Laravel\Lumen\Concerns\{closure}(Object(Laravel\Lumen\Http\Request))
#35 C:\laragon\www\Payment\core\vendor\laravel\lumen-framework\src\Concerns\RoutesRequests.php(171): Laravel\Lumen\Application->sendThroughPipeline(Array, Object(Closure))
#36 C:\laragon\www\Payment\core\vendor\laravel\lumen-framework\src\Concerns\RoutesRequests.php(108): Laravel\Lumen\Application->dispatch(NULL)
#37 C:\laragon\www\Payment\host\public\index.php(28): Laravel\Lumen\Application->run()
#38 {main} {"exception":"[object] (InvalidArgumentException(code: 0): Database connection [payments] not configured. at C:\\laragon\\www\\Payment\\core\\vendor\\illuminate\\database\\DatabaseManager.php:152)
[stacktrace]
#0 C:\\laragon\\www\\Payment\\core\\vendor\\illuminate\\database\\DatabaseManager.php(115): Illuminate\\Database\\DatabaseManager->configuration('payments')
#1 C:\\laragon\\www\\Payment\\core\\vendor\\illuminate\\database\\DatabaseManager.php(86): Illuminate\\Database\\DatabaseManager->makeConnection('payments')
#2 C:\\laragon\\www\\Payment\\core\\vendor\\illuminate\\validation\\DatabasePresenceVerifier.php(125): Illuminate\\Database\\DatabaseManager->connection('payments')
#3 C:\\laragon\\www\\Payment\\core\\vendor\\illuminate\\validation\\DatabasePresenceVerifier.php(49): Illuminate\\Validation\\DatabasePresenceVerifier->table('name')
#4 C:\\laragon\\www\\Payment\\core\\vendor\\illuminate\\validation\\Concerns\\ValidatesAttributes.php(756): Illuminate\\Validation\\DatabasePresenceVerifier->getCount('name', 'name', 'alko', NULL, NULL, Array)
#5 C:\\laragon\\www\\Payment\\core\\vendor\\illuminate\\validation\\Validator.php(457): Illuminate\\Validation\\Validator->validateUnique('name', 'alko', Array, Object(Illuminate\\Validation\\Validator))
#6 C:\\laragon\\www\\Payment\\core\\vendor\\illuminate\\validation\\Validator.php(300): Illuminate\\Validation\\Validator->validateAttribute('name', 'Unique')
#7 C:\\laragon\\www\\Payment\\core\\vendor\\illuminate\\validation\\Validator.php(331): Illuminate\\Validation\\Validator->passes()
#8 C:\\laragon\\www\\Payment\\core\\vendor\\laravel\\lumen-framework\\src\\Routing\\ProvidesConvenienceMethods.php(66): Illuminate\\Validation\\Validator->fails()
#9 C:\\laragon\\www\\Payment\\functional\\payment\\commands\\createPayment\\CreatePaymentValidator.php(15): Functional\\payment\\commands\\createPayment\\CreatePaymentValidator->validate(Object(Laravel\\Lumen\\Http\\Request), Array)
#10 C:\\laragon\\www\\Payment\\core\\myvendor\\functions\\meteor\\src\\ValidatorGenerator.php(20): Functional\\payment\\commands\\createPayment\\CreatePaymentValidator->Validations(Object(Laravel\\Lumen\\Http\\Request))
#11 C:\\laragon\\www\\Payment\\core\\myvendor\\functions\\meteor\\Meteor.php(16): Core\\myvendor\\functions\\meteor\\Meteor->Validator(Object(Functional\\payment\\commands\\createPayment\\CreatePaymentHandler), Object(Laravel\\Lumen\\Http\\Request))
#12 C:\\laragon\\www\\Payment\\host\\controllers\\PaymentController.php(25): Core\\myvendor\\functions\\meteor\\Meteor->Send(Object(Functional\\payment\\commands\\createPayment\\CreatePaymentHandler), Object(Laravel\\Lumen\\Http\\Request))
#13 [internal function]: Host\\controllers\\PaymentController->CreatePayment(Object(Functional\\payment\\commands\\createPayment\\CreatePaymentHandler), Object(Laravel\\Lumen\\Http\\Request))
#14 C:\\laragon\\www\\Payment\\core\\vendor\\illuminate\\container\\BoundMethod.php(32): call_user_func_array(Array, Array)
#15 C:\\laragon\\www\\Payment\\core\\vendor\\illuminate\\container\\Util.php(36): Illuminate\\Container\\BoundMethod::Illuminate\\Container\\{closure}()
#16 C:\\laragon\\www\\Payment\\core\\vendor\\illuminate\\container\\BoundMethod.php(90): Illuminate\\Container\\Util::unwrapIfClosure(Object(Closure))
#17 C:\\laragon\\www\\Payment\\core\\vendor\\illuminate\\container\\BoundMethod.php(34): Illuminate\\Container\\BoundMethod::callBoundMethod(Object(Core\\myvendor\\defaults\\application\\MyApplication), Array, Object(Closure))
#18 C:\\laragon\\www\\Payment\\core\\vendor\\illuminate\\container\\Container.php(590): Illuminate\\Container\\BoundMethod::call(Object(Core\\myvendor\\defaults\\application\\MyApplication), Array, Array, NULL)
#19 C:\\laragon\\www\\Payment\\core\\vendor\\laravel\\lumen-framework\\src\\Concerns\\RoutesRequests.php(376): Illuminate\\Container\\Container->call(Array, Array)
#20 C:\\laragon\\www\\Payment\\core\\vendor\\laravel\\lumen-framework\\src\\Concerns\\RoutesRequests.php(342): Laravel\\Lumen\\Application->callControllerCallable(Array, Array)
#21 C:\\laragon\\www\\Payment\\core\\vendor\\laravel\\lumen-framework\\src\\Concerns\\RoutesRequests.php(316): Laravel\\Lumen\\Application->callLumenController(Object(Host\\controllers\\PaymentController), 'CreatePayment', Array)
#22 C:\\laragon\\www\\Payment\\core\\vendor\\laravel\\lumen-framework\\src\\Concerns\\RoutesRequests.php(278): Laravel\\Lumen\\Application->callControllerAction(Array)
#23 C:\\laragon\\www\\Payment\\core\\vendor\\laravel\\lumen-framework\\src\\Concerns\\RoutesRequests.php(258): Laravel\\Lumen\\Application->callActionOnArrayBasedRoute(Array)
#24 [internal function]: Laravel\\Lumen\\Application->Laravel\\Lumen\\Concerns\\{closure}(Object(Laravel\\Lumen\\Http\\Request))
#25 C:\\laragon\\www\\Payment\\core\\vendor\\laravel\\lumen-framework\\src\\Routing\\Pipeline.php(52): call_user_func(Object(Closure), Object(Laravel\\Lumen\\Http\\Request))
#26 C:\\laragon\\www\\Payment\\core\\container\\port\\src\\middlewares\\Authenticate.php(60): Laravel\\Lumen\\Routing\\Pipeline->Laravel\\Lumen\\Routing\\{closure}(Object(Laravel\\Lumen\\Http\\Request))
#27 C:\\laragon\\www\\Payment\\core\\vendor\\illuminate\\pipeline\\Pipeline.php(171): Core\\container\\port\\src\\middlewares\\Authenticate->handle(Object(Laravel\\Lumen\\Http\\Request), Object(Closure))
#28 [internal function]: Illuminate\\Pipeline\\Pipeline->Illuminate\\Pipeline\\{closure}(Object(Laravel\\Lumen\\Http\\Request))
#29 C:\\laragon\\www\\Payment\\core\\vendor\\laravel\\lumen-framework\\src\\Routing\\Pipeline.php(32): call_user_func(Object(Closure), Object(Laravel\\Lumen\\Http\\Request))
#30 C:\\laragon\\www\\Payment\\core\\vendor\\illuminate\\pipeline\\Pipeline.php(105): Laravel\\Lumen\\Routing\\Pipeline->Laravel\\Lumen\\Routing\\{closure}(Object(Laravel\\Lumen\\Http\\Request))
#31 C:\\laragon\\www\\Payment\\core\\vendor\\laravel\\lumen-framework\\src\\Concerns\\RoutesRequests.php(413): Illuminate\\Pipeline\\Pipeline->then(Object(Closure))
#32 C:\\laragon\\www\\Payment\\core\\vendor\\laravel\\lumen-framework\\src\\Concerns\\RoutesRequests.php(259): Laravel\\Lumen\\Application->sendThroughPipeline(Array, Object(Closure))
#33 C:\\laragon\\www\\Payment\\core\\vendor\\laravel\\lumen-framework\\src\\Concerns\\RoutesRequests.php(165): Laravel\\Lumen\\Application->handleFoundRoute(Array)
#34 C:\\laragon\\www\\Payment\\core\\vendor\\laravel\\lumen-framework\\src\\Concerns\\RoutesRequests.php(416): Laravel\\Lumen\\Application->Laravel\\Lumen\\Concerns\\{closure}(Object(Laravel\\Lumen\\Http\\Request))
#35 C:\\laragon\\www\\Payment\\core\\vendor\\laravel\\lumen-framework\\src\\Concerns\\RoutesRequests.php(171): Laravel\\Lumen\\Application->sendThroughPipeline(Array, Object(Closure))
#36 C:\\laragon\\www\\Payment\\core\\vendor\\laravel\\lumen-framework\\src\\Concerns\\RoutesRequests.php(108): Laravel\\Lumen\\Application->dispatch(NULL)
#37 C:\\laragon\\www\\Payment\\host\\public\\index.php(28): Laravel\\Lumen\\Application->run()
#38 {main}
"} 
[2020-05-13 23:43:27] local.ERROR: InvalidArgumentException: Database connection [payments] not configured. in C:\laragon\www\Payment\core\vendor\illuminate\database\DatabaseManager.php:152
Stack trace:
#0 C:\laragon\www\Payment\core\vendor\illuminate\database\DatabaseManager.php(115): Illuminate\Database\DatabaseManager->configuration('payments')
#1 C:\laragon\www\Payment\core\vendor\illuminate\database\DatabaseManager.php(86): Illuminate\Database\DatabaseManager->makeConnection('payments')
#2 C:\laragon\www\Payment\core\vendor\illuminate\validation\DatabasePresenceVerifier.php(125): Illuminate\Database\DatabaseManager->connection('payments')
#3 C:\laragon\www\Payment\core\vendor\illuminate\validation\DatabasePresenceVerifier.php(49): Illuminate\Validation\DatabasePresenceVerifier->table('name')
#4 C:\laragon\www\Payment\core\vendor\illuminate\validation\Concerns\ValidatesAttributes.php(756): Illuminate\Validation\DatabasePresenceVerifier->getCount('name', 'name', 'alko', NULL, NULL, Array)
#5 C:\laragon\www\Payment\core\vendor\illuminate\validation\Validator.php(457): Illuminate\Validation\Validator->validateUnique('name', 'alko', Array, Object(Illuminate\Validation\Validator))
#6 C:\laragon\www\Payment\core\vendor\illuminate\validation\Validator.php(300): Illuminate\Validation\Validator->validateAttribute('name', 'Unique')
#7 C:\laragon\www\Payment\core\vendor\illuminate\validation\Validator.php(331): Illuminate\Validation\Validator->passes()
#8 C:\laragon\www\Payment\core\vendor\laravel\lumen-framework\src\Routing\ProvidesConvenienceMethods.php(66): Illuminate\Validation\Validator->fails()
#9 C:\laragon\www\Payment\functional\payment\commands\createPayment\CreatePaymentValidator.php(15): Functional\payment\commands\createPayment\CreatePaymentValidator->validate(Object(Laravel\Lumen\Http\Request), Array)
#10 C:\laragon\www\Payment\core\myvendor\functions\meteor\src\ValidatorGenerator.php(20): Functional\payment\commands\createPayment\CreatePaymentValidator->Validations(Object(Laravel\Lumen\Http\Request))
#11 C:\laragon\www\Payment\core\myvendor\functions\meteor\Meteor.php(16): Core\myvendor\functions\meteor\Meteor->Validator(Object(Functional\payment\commands\createPayment\CreatePaymentHandler), Object(Laravel\Lumen\Http\Request))
#12 C:\laragon\www\Payment\host\controllers\PaymentController.php(25): Core\myvendor\functions\meteor\Meteor->Send(Object(Functional\payment\commands\createPayment\CreatePaymentHandler), Object(Laravel\Lumen\Http\Request))
#13 [internal function]: Host\controllers\PaymentController->CreatePayment(Object(Functional\payment\commands\createPayment\CreatePaymentHandler), Object(Laravel\Lumen\Http\Request))
#14 C:\laragon\www\Payment\core\vendor\illuminate\container\BoundMethod.php(32): call_user_func_array(Array, Array)
#15 C:\laragon\www\Payment\core\vendor\illuminate\container\Util.php(36): Illuminate\Container\BoundMethod::Illuminate\Container\{closure}()
#16 C:\laragon\www\Payment\core\vendor\illuminate\container\BoundMethod.php(90): Illuminate\Container\Util::unwrapIfClosure(Object(Closure))
#17 C:\laragon\www\Payment\core\vendor\illuminate\container\BoundMethod.php(34): Illuminate\Container\BoundMethod::callBoundMethod(Object(Core\myvendor\defaults\application\MyApplication), Array, Object(Closure))
#18 C:\laragon\www\Payment\core\vendor\illuminate\container\Container.php(590): Illuminate\Container\BoundMethod::call(Object(Core\myvendor\defaults\application\MyApplication), Array, Array, NULL)
#19 C:\laragon\www\Payment\core\vendor\laravel\lumen-framework\src\Concerns\RoutesRequests.php(376): Illuminate\Container\Container->call(Array, Array)
#20 C:\laragon\www\Payment\core\vendor\laravel\lumen-framework\src\Concerns\RoutesRequests.php(342): Laravel\Lumen\Application->callControllerCallable(Array, Array)
#21 C:\laragon\www\Payment\core\vendor\laravel\lumen-framework\src\Concerns\RoutesRequests.php(316): Laravel\Lumen\Application->callLumenController(Object(Host\controllers\PaymentController), 'CreatePayment', Array)
#22 C:\laragon\www\Payment\core\vendor\laravel\lumen-framework\src\Concerns\RoutesRequests.php(278): Laravel\Lumen\Application->callControllerAction(Array)
#23 C:\laragon\www\Payment\core\vendor\laravel\lumen-framework\src\Concerns\RoutesRequests.php(258): Laravel\Lumen\Application->callActionOnArrayBasedRoute(Array)
#24 [internal function]: Laravel\Lumen\Application->Laravel\Lumen\Concerns\{closure}(Object(Laravel\Lumen\Http\Request))
#25 C:\laragon\www\Payment\core\vendor\laravel\lumen-framework\src\Routing\Pipeline.php(52): call_user_func(Object(Closure), Object(Laravel\Lumen\Http\Request))
#26 C:\laragon\www\Payment\core\container\port\src\middlewares\Authenticate.php(60): Laravel\Lumen\Routing\Pipeline->Laravel\Lumen\Routing\{closure}(Object(Laravel\Lumen\Http\Request))
#27 C:\laragon\www\Payment\core\vendor\illuminate\pipeline\Pipeline.php(171): Core\container\port\src\middlewares\Authenticate->handle(Object(Laravel\Lumen\Http\Request), Object(Closure))
#28 [internal function]: Illuminate\Pipeline\Pipeline->Illuminate\Pipeline\{closure}(Object(Laravel\Lumen\Http\Request))
#29 C:\laragon\www\Payment\core\vendor\laravel\lumen-framework\src\Routing\Pipeline.php(32): call_user_func(Object(Closure), Object(Laravel\Lumen\Http\Request))
#30 C:\laragon\www\Payment\core\vendor\illuminate\pipeline\Pipeline.php(105): Laravel\Lumen\Routing\Pipeline->Laravel\Lumen\Routing\{closure}(Object(Laravel\Lumen\Http\Request))
#31 C:\laragon\www\Payment\core\vendor\laravel\lumen-framework\src\Concerns\RoutesRequests.php(413): Illuminate\Pipeline\Pipeline->then(Object(Closure))
#32 C:\laragon\www\Payment\core\vendor\laravel\lumen-framework\src\Concerns\RoutesRequests.php(259): Laravel\Lumen\Application->sendThroughPipeline(Array, Object(Closure))
#33 C:\laragon\www\Payment\core\vendor\laravel\lumen-framework\src\Concerns\RoutesRequests.php(165): Laravel\Lumen\Application->handleFoundRoute(Array)
#34 C:\laragon\www\Payment\core\vendor\laravel\lumen-framework\src\Concerns\RoutesRequests.php(416): Laravel\Lumen\Application->Laravel\Lumen\Concerns\{closure}(Object(Laravel\Lumen\Http\Request))
#35 C:\laragon\www\Payment\core\vendor\laravel\lumen-framework\src\Concerns\RoutesRequests.php(171): Laravel\Lumen\Application->sendThroughPipeline(Array, Object(Closure))
#36 C:\laragon\www\Payment\core\vendor\laravel\lumen-framework\src\Concerns\RoutesRequests.php(108): Laravel\Lumen\Application->dispatch(NULL)
#37 C:\laragon\www\Payment\host\public\index.php(28): Laravel\Lumen\Application->run()
#38 {main} {"exception":"[object] (InvalidArgumentException(code: 0): Database connection [payments] not configured. at C:\\laragon\\www\\Payment\\core\\vendor\\illuminate\\database\\DatabaseManager.php:152)
[stacktrace]
#0 C:\\laragon\\www\\Payment\\core\\vendor\\illuminate\\database\\DatabaseManager.php(115): Illuminate\\Database\\DatabaseManager->configuration('payments')
#1 C:\\laragon\\www\\Payment\\core\\vendor\\illuminate\\database\\DatabaseManager.php(86): Illuminate\\Database\\DatabaseManager->makeConnection('payments')
#2 C:\\laragon\\www\\Payment\\core\\vendor\\illuminate\\validation\\DatabasePresenceVerifier.php(125): Illuminate\\Database\\DatabaseManager->connection('payments')
#3 C:\\laragon\\www\\Payment\\core\\vendor\\illuminate\\validation\\DatabasePresenceVerifier.php(49): Illuminate\\Validation\\DatabasePresenceVerifier->table('name')
#4 C:\\laragon\\www\\Payment\\core\\vendor\\illuminate\\validation\\Concerns\\ValidatesAttributes.php(756): Illuminate\\Validation\\DatabasePresenceVerifier->getCount('name', 'name', 'alko', NULL, NULL, Array)
#5 C:\\laragon\\www\\Payment\\core\\vendor\\illuminate\\validation\\Validator.php(457): Illuminate\\Validation\\Validator->validateUnique('name', 'alko', Array, Object(Illuminate\\Validation\\Validator))
#6 C:\\laragon\\www\\Payment\\core\\vendor\\illuminate\\validation\\Validator.php(300): Illuminate\\Validation\\Validator->validateAttribute('name', 'Unique')
#7 C:\\laragon\\www\\Payment\\core\\vendor\\illuminate\\validation\\Validator.php(331): Illuminate\\Validation\\Validator->passes()
#8 C:\\laragon\\www\\Payment\\core\\vendor\\laravel\\lumen-framework\\src\\Routing\\ProvidesConvenienceMethods.php(66): Illuminate\\Validation\\Validator->fails()
#9 C:\\laragon\\www\\Payment\\functional\\payment\\commands\\createPayment\\CreatePaymentValidator.php(15): Functional\\payment\\commands\\createPayment\\CreatePaymentValidator->validate(Object(Laravel\\Lumen\\Http\\Request), Array)
#10 C:\\laragon\\www\\Payment\\core\\myvendor\\functions\\meteor\\src\\ValidatorGenerator.php(20): Functional\\payment\\commands\\createPayment\\CreatePaymentValidator->Validations(Object(Laravel\\Lumen\\Http\\Request))
#11 C:\\laragon\\www\\Payment\\core\\myvendor\\functions\\meteor\\Meteor.php(16): Core\\myvendor\\functions\\meteor\\Meteor->Validator(Object(Functional\\payment\\commands\\createPayment\\CreatePaymentHandler), Object(Laravel\\Lumen\\Http\\Request))
#12 C:\\laragon\\www\\Payment\\host\\controllers\\PaymentController.php(25): Core\\myvendor\\functions\\meteor\\Meteor->Send(Object(Functional\\payment\\commands\\createPayment\\CreatePaymentHandler), Object(Laravel\\Lumen\\Http\\Request))
#13 [internal function]: Host\\controllers\\PaymentController->CreatePayment(Object(Functional\\payment\\commands\\createPayment\\CreatePaymentHandler), Object(Laravel\\Lumen\\Http\\Request))
#14 C:\\laragon\\www\\Payment\\core\\vendor\\illuminate\\container\\BoundMethod.php(32): call_user_func_array(Array, Array)
#15 C:\\laragon\\www\\Payment\\core\\vendor\\illuminate\\container\\Util.php(36): Illuminate\\Container\\BoundMethod::Illuminate\\Container\\{closure}()
#16 C:\\laragon\\www\\Payment\\core\\vendor\\illuminate\\container\\BoundMethod.php(90): Illuminate\\Container\\Util::unwrapIfClosure(Object(Closure))
#17 C:\\laragon\\www\\Payment\\core\\vendor\\illuminate\\container\\BoundMethod.php(34): Illuminate\\Container\\BoundMethod::callBoundMethod(Object(Core\\myvendor\\defaults\\application\\MyApplication), Array, Object(Closure))
#18 C:\\laragon\\www\\Payment\\core\\vendor\\illuminate\\container\\Container.php(590): Illuminate\\Container\\BoundMethod::call(Object(Core\\myvendor\\defaults\\application\\MyApplication), Array, Array, NULL)
#19 C:\\laragon\\www\\Payment\\core\\vendor\\laravel\\lumen-framework\\src\\Concerns\\RoutesRequests.php(376): Illuminate\\Container\\Container->call(Array, Array)
#20 C:\\laragon\\www\\Payment\\core\\vendor\\laravel\\lumen-framework\\src\\Concerns\\RoutesRequests.php(342): Laravel\\Lumen\\Application->callControllerCallable(Array, Array)
#21 C:\\laragon\\www\\Payment\\core\\vendor\\laravel\\lumen-framework\\src\\Concerns\\RoutesRequests.php(316): Laravel\\Lumen\\Application->callLumenController(Object(Host\\controllers\\PaymentController), 'CreatePayment', Array)
#22 C:\\laragon\\www\\Payment\\core\\vendor\\laravel\\lumen-framework\\src\\Concerns\\RoutesRequests.php(278): Laravel\\Lumen\\Application->callControllerAction(Array)
#23 C:\\laragon\\www\\Payment\\core\\vendor\\laravel\\lumen-framework\\src\\Concerns\\RoutesRequests.php(258): Laravel\\Lumen\\Application->callActionOnArrayBasedRoute(Array)
#24 [internal function]: Laravel\\Lumen\\Application->Laravel\\Lumen\\Concerns\\{closure}(Object(Laravel\\Lumen\\Http\\Request))
#25 C:\\laragon\\www\\Payment\\core\\vendor\\laravel\\lumen-framework\\src\\Routing\\Pipeline.php(52): call_user_func(Object(Closure), Object(Laravel\\Lumen\\Http\\Request))
#26 C:\\laragon\\www\\Payment\\core\\container\\port\\src\\middlewares\\Authenticate.php(60): Laravel\\Lumen\\Routing\\Pipeline->Laravel\\Lumen\\Routing\\{closure}(Object(Laravel\\Lumen\\Http\\Request))
#27 C:\\laragon\\www\\Payment\\core\\vendor\\illuminate\\pipeline\\Pipeline.php(171): Core\\container\\port\\src\\middlewares\\Authenticate->handle(Object(Laravel\\Lumen\\Http\\Request), Object(Closure))
#28 [internal function]: Illuminate\\Pipeline\\Pipeline->Illuminate\\Pipeline\\{closure}(Object(Laravel\\Lumen\\Http\\Request))
#29 C:\\laragon\\www\\Payment\\core\\vendor\\laravel\\lumen-framework\\src\\Routing\\Pipeline.php(32): call_user_func(Object(Closure), Object(Laravel\\Lumen\\Http\\Request))
#30 C:\\laragon\\www\\Payment\\core\\vendor\\illuminate\\pipeline\\Pipeline.php(105): Laravel\\Lumen\\Routing\\Pipeline->Laravel\\Lumen\\Routing\\{closure}(Object(Laravel\\Lumen\\Http\\Request))
#31 C:\\laragon\\www\\Payment\\core\\vendor\\laravel\\lumen-framework\\src\\Concerns\\RoutesRequests.php(413): Illuminate\\Pipeline\\Pipeline->then(Object(Closure))
#32 C:\\laragon\\www\\Payment\\core\\vendor\\laravel\\lumen-framework\\src\\Concerns\\RoutesRequests.php(259): Laravel\\Lumen\\Application->sendThroughPipeline(Array, Object(Closure))
#33 C:\\laragon\\www\\Payment\\core\\vendor\\laravel\\lumen-framework\\src\\Concerns\\RoutesRequests.php(165): Laravel\\Lumen\\Application->handleFoundRoute(Array)
#34 C:\\laragon\\www\\Payment\\core\\vendor\\laravel\\lumen-framework\\src\\Concerns\\RoutesRequests.php(416): Laravel\\Lumen\\Application->Laravel\\Lumen\\Concerns\\{closure}(Object(Laravel\\Lumen\\Http\\Request))
#35 C:\\laragon\\www\\Payment\\core\\vendor\\laravel\\lumen-framework\\src\\Concerns\\RoutesRequests.php(171): Laravel\\Lumen\\Application->sendThroughPipeline(Array, Object(Closure))
#36 C:\\laragon\\www\\Payment\\core\\vendor\\laravel\\lumen-framework\\src\\Concerns\\RoutesRequests.php(108): Laravel\\Lumen\\Application->dispatch(NULL)
#37 C:\\laragon\\www\\Payment\\host\\public\\index.php(28): Laravel\\Lumen\\Application->run()
#38 {main}
"} 
[2020-05-13 23:59:25] local.ERROR: Symfony\Component\Debug\Exception\FatalThrowableError: Call to a member function first() on null in C:\laragon\www\Payment\functional\payment\commands\createPayment\CreatePaymentHandler.php:26
Stack trace:
#0 C:\laragon\www\Payment\core\myvendor\functions\meteor\MeteorRequestHandler.php(35): Functional\payment\commands\createPayment\CreatePaymentHandler->Handler(Object(Laravel\Lumen\Http\Request))
#1 C:\laragon\www\Payment\core\myvendor\functions\meteor\Meteor.php(24): Core\myvendor\functions\meteor\MeteorRequestHandler->Handle(Array, Object(Laravel\Lumen\Http\Request))
#2 C:\laragon\www\Payment\host\controllers\PaymentController.php(25): Core\myvendor\functions\meteor\Meteor->Send(Object(Functional\payment\commands\createPayment\CreatePaymentHandler), Object(Laravel\Lumen\Http\Request))
#3 [internal function]: Host\controllers\PaymentController->CreatePayment(Object(Functional\payment\commands\createPayment\CreatePaymentHandler), Object(Laravel\Lumen\Http\Request))
#4 C:\laragon\www\Payment\core\vendor\illuminate\container\BoundMethod.php(32): call_user_func_array(Array, Array)
#5 C:\laragon\www\Payment\core\vendor\illuminate\container\Util.php(36): Illuminate\Container\BoundMethod::Illuminate\Container\{closure}()
#6 C:\laragon\www\Payment\core\vendor\illuminate\container\BoundMethod.php(90): Illuminate\Container\Util::unwrapIfClosure(Object(Closure))
#7 C:\laragon\www\Payment\core\vendor\illuminate\container\BoundMethod.php(34): Illuminate\Container\BoundMethod::callBoundMethod(Object(Core\myvendor\defaults\application\MyApplication), Array, Object(Closure))
#8 C:\laragon\www\Payment\core\vendor\illuminate\container\Container.php(590): Illuminate\Container\BoundMethod::call(Object(Core\myvendor\defaults\application\MyApplication), Array, Array, NULL)
#9 C:\laragon\www\Payment\core\vendor\laravel\lumen-framework\src\Concerns\RoutesRequests.php(376): Illuminate\Container\Container->call(Array, Array)
#10 C:\laragon\www\Payment\core\vendor\laravel\lumen-framework\src\Concerns\RoutesRequests.php(342): Laravel\Lumen\Application->callControllerCallable(Array, Array)
#11 C:\laragon\www\Payment\core\vendor\laravel\lumen-framework\src\Concerns\RoutesRequests.php(316): Laravel\Lumen\Application->callLumenController(Object(Host\controllers\PaymentController), 'CreatePayment', Array)
#12 C:\laragon\www\Payment\core\vendor\laravel\lumen-framework\src\Concerns\RoutesRequests.php(278): Laravel\Lumen\Application->callControllerAction(Array)
#13 C:\laragon\www\Payment\core\vendor\laravel\lumen-framework\src\Concerns\RoutesRequests.php(258): Laravel\Lumen\Application->callActionOnArrayBasedRoute(Array)
#14 [internal function]: Laravel\Lumen\Application->Laravel\Lumen\Concerns\{closure}(Object(Laravel\Lumen\Http\Request))
#15 C:\laragon\www\Payment\core\vendor\laravel\lumen-framework\src\Routing\Pipeline.php(52): call_user_func(Object(Closure), Object(Laravel\Lumen\Http\Request))
#16 C:\laragon\www\Payment\core\container\port\src\middlewares\Authenticate.php(60): Laravel\Lumen\Routing\Pipeline->Laravel\Lumen\Routing\{closure}(Object(Laravel\Lumen\Http\Request))
#17 C:\laragon\www\Payment\core\vendor\illuminate\pipeline\Pipeline.php(171): Core\container\port\src\middlewares\Authenticate->handle(Object(Laravel\Lumen\Http\Request), Object(Closure))
#18 [internal function]: Illuminate\Pipeline\Pipeline->Illuminate\Pipeline\{closure}(Object(Laravel\Lumen\Http\Request))
#19 C:\laragon\www\Payment\core\vendor\laravel\lumen-framework\src\Routing\Pipeline.php(32): call_user_func(Object(Closure), Object(Laravel\Lumen\Http\Request))
#20 C:\laragon\www\Payment\core\vendor\illuminate\pipeline\Pipeline.php(105): Laravel\Lumen\Routing\Pipeline->Laravel\Lumen\Routing\{closure}(Object(Laravel\Lumen\Http\Request))
#21 C:\laragon\www\Payment\core\vendor\laravel\lumen-framework\src\Concerns\RoutesRequests.php(413): Illuminate\Pipeline\Pipeline->then(Object(Closure))
#22 C:\laragon\www\Payment\core\vendor\laravel\lumen-framework\src\Concerns\RoutesRequests.php(259): Laravel\Lumen\Application->sendThroughPipeline(Array, Object(Closure))
#23 C:\laragon\www\Payment\core\vendor\laravel\lumen-framework\src\Concerns\RoutesRequests.php(165): Laravel\Lumen\Application->handleFoundRoute(Array)
#24 C:\laragon\www\Payment\core\vendor\laravel\lumen-framework\src\Concerns\RoutesRequests.php(416): Laravel\Lumen\Application->Laravel\Lumen\Concerns\{closure}(Object(Laravel\Lumen\Http\Request))
#25 C:\laragon\www\Payment\core\vendor\laravel\lumen-framework\src\Concerns\RoutesRequests.php(171): Laravel\Lumen\Application->sendThroughPipeline(Array, Object(Closure))
#26 C:\laragon\www\Payment\core\vendor\laravel\lumen-framework\src\Concerns\RoutesRequests.php(108): Laravel\Lumen\Application->dispatch(NULL)
#27 C:\laragon\www\Payment\host\public\index.php(28): Laravel\Lumen\Application->run()
#28 {main} {"exception":"[object] (Symfony\\Component\\Debug\\Exception\\FatalThrowableError(code: 0): Call to a member function first() on null at C:\\laragon\\www\\Payment\\functional\\payment\\commands\\createPayment\\CreatePaymentHandler.php:26)
[stacktrace]
#0 C:\\laragon\\www\\Payment\\core\\myvendor\\functions\\meteor\\MeteorRequestHandler.php(35): Functional\\payment\\commands\\createPayment\\CreatePaymentHandler->Handler(Object(Laravel\\Lumen\\Http\\Request))
#1 C:\\laragon\\www\\Payment\\core\\myvendor\\functions\\meteor\\Meteor.php(24): Core\\myvendor\\functions\\meteor\\MeteorRequestHandler->Handle(Array, Object(Laravel\\Lumen\\Http\\Request))
#2 C:\\laragon\\www\\Payment\\host\\controllers\\PaymentController.php(25): Core\\myvendor\\functions\\meteor\\Meteor->Send(Object(Functional\\payment\\commands\\createPayment\\CreatePaymentHandler), Object(Laravel\\Lumen\\Http\\Request))
#3 [internal function]: Host\\controllers\\PaymentController->CreatePayment(Object(Functional\\payment\\commands\\createPayment\\CreatePaymentHandler), Object(Laravel\\Lumen\\Http\\Request))
#4 C:\\laragon\\www\\Payment\\core\\vendor\\illuminate\\container\\BoundMethod.php(32): call_user_func_array(Array, Array)
#5 C:\\laragon\\www\\Payment\\core\\vendor\\illuminate\\container\\Util.php(36): Illuminate\\Container\\BoundMethod::Illuminate\\Container\\{closure}()
#6 C:\\laragon\\www\\Payment\\core\\vendor\\illuminate\\container\\BoundMethod.php(90): Illuminate\\Container\\Util::unwrapIfClosure(Object(Closure))
#7 C:\\laragon\\www\\Payment\\core\\vendor\\illuminate\\container\\BoundMethod.php(34): Illuminate\\Container\\BoundMethod::callBoundMethod(Object(Core\\myvendor\\defaults\\application\\MyApplication), Array, Object(Closure))
#8 C:\\laragon\\www\\Payment\\core\\vendor\\illuminate\\container\\Container.php(590): Illuminate\\Container\\BoundMethod::call(Object(Core\\myvendor\\defaults\\application\\MyApplication), Array, Array, NULL)
#9 C:\\laragon\\www\\Payment\\core\\vendor\\laravel\\lumen-framework\\src\\Concerns\\RoutesRequests.php(376): Illuminate\\Container\\Container->call(Array, Array)
#10 C:\\laragon\\www\\Payment\\core\\vendor\\laravel\\lumen-framework\\src\\Concerns\\RoutesRequests.php(342): Laravel\\Lumen\\Application->callControllerCallable(Array, Array)
#11 C:\\laragon\\www\\Payment\\core\\vendor\\laravel\\lumen-framework\\src\\Concerns\\RoutesRequests.php(316): Laravel\\Lumen\\Application->callLumenController(Object(Host\\controllers\\PaymentController), 'CreatePayment', Array)
#12 C:\\laragon\\www\\Payment\\core\\vendor\\laravel\\lumen-framework\\src\\Concerns\\RoutesRequests.php(278): Laravel\\Lumen\\Application->callControllerAction(Array)
#13 C:\\laragon\\www\\Payment\\core\\vendor\\laravel\\lumen-framework\\src\\Concerns\\RoutesRequests.php(258): Laravel\\Lumen\\Application->callActionOnArrayBasedRoute(Array)
#14 [internal function]: Laravel\\Lumen\\Application->Laravel\\Lumen\\Concerns\\{closure}(Object(Laravel\\Lumen\\Http\\Request))
#15 C:\\laragon\\www\\Payment\\core\\vendor\\laravel\\lumen-framework\\src\\Routing\\Pipeline.php(52): call_user_func(Object(Closure), Object(Laravel\\Lumen\\Http\\Request))
#16 C:\\laragon\\www\\Payment\\core\\container\\port\\src\\middlewares\\Authenticate.php(60): Laravel\\Lumen\\Routing\\Pipeline->Laravel\\Lumen\\Routing\\{closure}(Object(Laravel\\Lumen\\Http\\Request))
#17 C:\\laragon\\www\\Payment\\core\\vendor\\illuminate\\pipeline\\Pipeline.php(171): Core\\container\\port\\src\\middlewares\\Authenticate->handle(Object(Laravel\\Lumen\\Http\\Request), Object(Closure))
#18 [internal function]: Illuminate\\Pipeline\\Pipeline->Illuminate\\Pipeline\\{closure}(Object(Laravel\\Lumen\\Http\\Request))
#19 C:\\laragon\\www\\Payment\\core\\vendor\\laravel\\lumen-framework\\src\\Routing\\Pipeline.php(32): call_user_func(Object(Closure), Object(Laravel\\Lumen\\Http\\Request))
#20 C:\\laragon\\www\\Payment\\core\\vendor\\illuminate\\pipeline\\Pipeline.php(105): Laravel\\Lumen\\Routing\\Pipeline->Laravel\\Lumen\\Routing\\{closure}(Object(Laravel\\Lumen\\Http\\Request))
#21 C:\\laragon\\www\\Payment\\core\\vendor\\laravel\\lumen-framework\\src\\Concerns\\RoutesRequests.php(413): Illuminate\\Pipeline\\Pipeline->then(Object(Closure))
#22 C:\\laragon\\www\\Payment\\core\\vendor\\laravel\\lumen-framework\\src\\Concerns\\RoutesRequests.php(259): Laravel\\Lumen\\Application->sendThroughPipeline(Array, Object(Closure))
#23 C:\\laragon\\www\\Payment\\core\\vendor\\laravel\\lumen-framework\\src\\Concerns\\RoutesRequests.php(165): Laravel\\Lumen\\Application->handleFoundRoute(Array)
#24 C:\\laragon\\www\\Payment\\core\\vendor\\laravel\\lumen-framework\\src\\Concerns\\RoutesRequests.php(416): Laravel\\Lumen\\Application->Laravel\\Lumen\\Concerns\\{closure}(Object(Laravel\\Lumen\\Http\\Request))
#25 C:\\laragon\\www\\Payment\\core\\vendor\\laravel\\lumen-framework\\src\\Concerns\\RoutesRequests.php(171): Laravel\\Lumen\\Application->sendThroughPipeline(Array, Object(Closure))
#26 C:\\laragon\\www\\Payment\\core\\vendor\\laravel\\lumen-framework\\src\\Concerns\\RoutesRequests.php(108): Laravel\\Lumen\\Application->dispatch(NULL)
#27 C:\\laragon\\www\\Payment\\host\\public\\index.php(28): Laravel\\Lumen\\Application->run()
#28 {main}
"} 
[2020-05-13 23:59:36] local.ERROR: Symfony\Component\Debug\Exception\FatalThrowableError: Call to a member function first() on null in C:\laragon\www\Payment\functional\payment\commands\createPayment\CreatePaymentHandler.php:26
Stack trace:
#0 C:\laragon\www\Payment\core\myvendor\functions\meteor\MeteorRequestHandler.php(35): Functional\payment\commands\createPayment\CreatePaymentHandler->Handler(Object(Laravel\Lumen\Http\Request))
#1 C:\laragon\www\Payment\core\myvendor\functions\meteor\Meteor.php(24): Core\myvendor\functions\meteor\MeteorRequestHandler->Handle(Array, Object(Laravel\Lumen\Http\Request))
#2 C:\laragon\www\Payment\host\controllers\PaymentController.php(25): Core\myvendor\functions\meteor\Meteor->Send(Object(Functional\payment\commands\createPayment\CreatePaymentHandler), Object(Laravel\Lumen\Http\Request))
#3 [internal function]: Host\controllers\PaymentController->CreatePayment(Object(Functional\payment\commands\createPayment\CreatePaymentHandler), Object(Laravel\Lumen\Http\Request))
#4 C:\laragon\www\Payment\core\vendor\illuminate\container\BoundMethod.php(32): call_user_func_array(Array, Array)
#5 C:\laragon\www\Payment\core\vendor\illuminate\container\Util.php(36): Illuminate\Container\BoundMethod::Illuminate\Container\{closure}()
#6 C:\laragon\www\Payment\core\vendor\illuminate\container\BoundMethod.php(90): Illuminate\Container\Util::unwrapIfClosure(Object(Closure))
#7 C:\laragon\www\Payment\core\vendor\illuminate\container\BoundMethod.php(34): Illuminate\Container\BoundMethod::callBoundMethod(Object(Core\myvendor\defaults\application\MyApplication), Array, Object(Closure))
#8 C:\laragon\www\Payment\core\vendor\illuminate\container\Container.php(590): Illuminate\Container\BoundMethod::call(Object(Core\myvendor\defaults\application\MyApplication), Array, Array, NULL)
#9 C:\laragon\www\Payment\core\vendor\laravel\lumen-framework\src\Concerns\RoutesRequests.php(376): Illuminate\Container\Container->call(Array, Array)
#10 C:\laragon\www\Payment\core\vendor\laravel\lumen-framework\src\Concerns\RoutesRequests.php(342): Laravel\Lumen\Application->callControllerCallable(Array, Array)
#11 C:\laragon\www\Payment\core\vendor\laravel\lumen-framework\src\Concerns\RoutesRequests.php(316): Laravel\Lumen\Application->callLumenController(Object(Host\controllers\PaymentController), 'CreatePayment', Array)
#12 C:\laragon\www\Payment\core\vendor\laravel\lumen-framework\src\Concerns\RoutesRequests.php(278): Laravel\Lumen\Application->callControllerAction(Array)
#13 C:\laragon\www\Payment\core\vendor\laravel\lumen-framework\src\Concerns\RoutesRequests.php(258): Laravel\Lumen\Application->callActionOnArrayBasedRoute(Array)
#14 [internal function]: Laravel\Lumen\Application->Laravel\Lumen\Concerns\{closure}(Object(Laravel\Lumen\Http\Request))
#15 C:\laragon\www\Payment\core\vendor\laravel\lumen-framework\src\Routing\Pipeline.php(52): call_user_func(Object(Closure), Object(Laravel\Lumen\Http\Request))
#16 C:\laragon\www\Payment\core\container\port\src\middlewares\Authenticate.php(60): Laravel\Lumen\Routing\Pipeline->Laravel\Lumen\Routing\{closure}(Object(Laravel\Lumen\Http\Request))
#17 C:\laragon\www\Payment\core\vendor\illuminate\pipeline\Pipeline.php(171): Core\container\port\src\middlewares\Authenticate->handle(Object(Laravel\Lumen\Http\Request), Object(Closure))
#18 [internal function]: Illuminate\Pipeline\Pipeline->Illuminate\Pipeline\{closure}(Object(Laravel\Lumen\Http\Request))
#19 C:\laragon\www\Payment\core\vendor\laravel\lumen-framework\src\Routing\Pipeline.php(32): call_user_func(Object(Closure), Object(Laravel\Lumen\Http\Request))
#20 C:\laragon\www\Payment\core\vendor\illuminate\pipeline\Pipeline.php(105): Laravel\Lumen\Routing\Pipeline->Laravel\Lumen\Routing\{closure}(Object(Laravel\Lumen\Http\Request))
#21 C:\laragon\www\Payment\core\vendor\laravel\lumen-framework\src\Concerns\RoutesRequests.php(413): Illuminate\Pipeline\Pipeline->then(Object(Closure))
#22 C:\laragon\www\Payment\core\vendor\laravel\lumen-framework\src\Concerns\RoutesRequests.php(259): Laravel\Lumen\Application->sendThroughPipeline(Array, Object(Closure))
#23 C:\laragon\www\Payment\core\vendor\laravel\lumen-framework\src\Concerns\RoutesRequests.php(165): Laravel\Lumen\Application->handleFoundRoute(Array)
#24 C:\laragon\www\Payment\core\vendor\laravel\lumen-framework\src\Concerns\RoutesRequests.php(416): Laravel\Lumen\Application->Laravel\Lumen\Concerns\{closure}(Object(Laravel\Lumen\Http\Request))
#25 C:\laragon\www\Payment\core\vendor\laravel\lumen-framework\src\Concerns\RoutesRequests.php(171): Laravel\Lumen\Application->sendThroughPipeline(Array, Object(Closure))
#26 C:\laragon\www\Payment\core\vendor\laravel\lumen-framework\src\Concerns\RoutesRequests.php(108): Laravel\Lumen\Application->dispatch(NULL)
#27 C:\laragon\www\Payment\host\public\index.php(28): Laravel\Lumen\Application->run()
#28 {main} {"exception":"[object] (Symfony\\Component\\Debug\\Exception\\FatalThrowableError(code: 0): Call to a member function first() on null at C:\\laragon\\www\\Payment\\functional\\payment\\commands\\createPayment\\CreatePaymentHandler.php:26)
[stacktrace]
#0 C:\\laragon\\www\\Payment\\core\\myvendor\\functions\\meteor\\MeteorRequestHandler.php(35): Functional\\payment\\commands\\createPayment\\CreatePaymentHandler->Handler(Object(Laravel\\Lumen\\Http\\Request))
#1 C:\\laragon\\www\\Payment\\core\\myvendor\\functions\\meteor\\Meteor.php(24): Core\\myvendor\\functions\\meteor\\MeteorRequestHandler->Handle(Array, Object(Laravel\\Lumen\\Http\\Request))
#2 C:\\laragon\\www\\Payment\\host\\controllers\\PaymentController.php(25): Core\\myvendor\\functions\\meteor\\Meteor->Send(Object(Functional\\payment\\commands\\createPayment\\CreatePaymentHandler), Object(Laravel\\Lumen\\Http\\Request))
#3 [internal function]: Host\\controllers\\PaymentController->CreatePayment(Object(Functional\\payment\\commands\\createPayment\\CreatePaymentHandler), Object(Laravel\\Lumen\\Http\\Request))
#4 C:\\laragon\\www\\Payment\\core\\vendor\\illuminate\\container\\BoundMethod.php(32): call_user_func_array(Array, Array)
#5 C:\\laragon\\www\\Payment\\core\\vendor\\illuminate\\container\\Util.php(36): Illuminate\\Container\\BoundMethod::Illuminate\\Container\\{closure}()
#6 C:\\laragon\\www\\Payment\\core\\vendor\\illuminate\\container\\BoundMethod.php(90): Illuminate\\Container\\Util::unwrapIfClosure(Object(Closure))
#7 C:\\laragon\\www\\Payment\\core\\vendor\\illuminate\\container\\BoundMethod.php(34): Illuminate\\Container\\BoundMethod::callBoundMethod(Object(Core\\myvendor\\defaults\\application\\MyApplication), Array, Object(Closure))
#8 C:\\laragon\\www\\Payment\\core\\vendor\\illuminate\\container\\Container.php(590): Illuminate\\Container\\BoundMethod::call(Object(Core\\myvendor\\defaults\\application\\MyApplication), Array, Array, NULL)
#9 C:\\laragon\\www\\Payment\\core\\vendor\\laravel\\lumen-framework\\src\\Concerns\\RoutesRequests.php(376): Illuminate\\Container\\Container->call(Array, Array)
#10 C:\\laragon\\www\\Payment\\core\\vendor\\laravel\\lumen-framework\\src\\Concerns\\RoutesRequests.php(342): Laravel\\Lumen\\Application->callControllerCallable(Array, Array)
#11 C:\\laragon\\www\\Payment\\core\\vendor\\laravel\\lumen-framework\\src\\Concerns\\RoutesRequests.php(316): Laravel\\Lumen\\Application->callLumenController(Object(Host\\controllers\\PaymentController), 'CreatePayment', Array)
#12 C:\\laragon\\www\\Payment\\core\\vendor\\laravel\\lumen-framework\\src\\Concerns\\RoutesRequests.php(278): Laravel\\Lumen\\Application->callControllerAction(Array)
#13 C:\\laragon\\www\\Payment\\core\\vendor\\laravel\\lumen-framework\\src\\Concerns\\RoutesRequests.php(258): Laravel\\Lumen\\Application->callActionOnArrayBasedRoute(Array)
#14 [internal function]: Laravel\\Lumen\\Application->Laravel\\Lumen\\Concerns\\{closure}(Object(Laravel\\Lumen\\Http\\Request))
#15 C:\\laragon\\www\\Payment\\core\\vendor\\laravel\\lumen-framework\\src\\Routing\\Pipeline.php(52): call_user_func(Object(Closure), Object(Laravel\\Lumen\\Http\\Request))
#16 C:\\laragon\\www\\Payment\\core\\container\\port\\src\\middlewares\\Authenticate.php(60): Laravel\\Lumen\\Routing\\Pipeline->Laravel\\Lumen\\Routing\\{closure}(Object(Laravel\\Lumen\\Http\\Request))
#17 C:\\laragon\\www\\Payment\\core\\vendor\\illuminate\\pipeline\\Pipeline.php(171): Core\\container\\port\\src\\middlewares\\Authenticate->handle(Object(Laravel\\Lumen\\Http\\Request), Object(Closure))
#18 [internal function]: Illuminate\\Pipeline\\Pipeline->Illuminate\\Pipeline\\{closure}(Object(Laravel\\Lumen\\Http\\Request))
#19 C:\\laragon\\www\\Payment\\core\\vendor\\laravel\\lumen-framework\\src\\Routing\\Pipeline.php(32): call_user_func(Object(Closure), Object(Laravel\\Lumen\\Http\\Request))
#20 C:\\laragon\\www\\Payment\\core\\vendor\\illuminate\\pipeline\\Pipeline.php(105): Laravel\\Lumen\\Routing\\Pipeline->Laravel\\Lumen\\Routing\\{closure}(Object(Laravel\\Lumen\\Http\\Request))
#21 C:\\laragon\\www\\Payment\\core\\vendor\\laravel\\lumen-framework\\src\\Concerns\\RoutesRequests.php(413): Illuminate\\Pipeline\\Pipeline->then(Object(Closure))
#22 C:\\laragon\\www\\Payment\\core\\vendor\\laravel\\lumen-framework\\src\\Concerns\\RoutesRequests.php(259): Laravel\\Lumen\\Application->sendThroughPipeline(Array, Object(Closure))
#23 C:\\laragon\\www\\Payment\\core\\vendor\\laravel\\lumen-framework\\src\\Concerns\\RoutesRequests.php(165): Laravel\\Lumen\\Application->handleFoundRoute(Array)
#24 C:\\laragon\\www\\Payment\\core\\vendor\\laravel\\lumen-framework\\src\\Concerns\\RoutesRequests.php(416): Laravel\\Lumen\\Application->Laravel\\Lumen\\Concerns\\{closure}(Object(Laravel\\Lumen\\Http\\Request))
#25 C:\\laragon\\www\\Payment\\core\\vendor\\laravel\\lumen-framework\\src\\Concerns\\RoutesRequests.php(171): Laravel\\Lumen\\Application->sendThroughPipeline(Array, Object(Closure))
#26 C:\\laragon\\www\\Payment\\core\\vendor\\laravel\\lumen-framework\\src\\Concerns\\RoutesRequests.php(108): Laravel\\Lumen\\Application->dispatch(NULL)
#27 C:\\laragon\\www\\Payment\\host\\public\\index.php(28): Laravel\\Lumen\\Application->run()
#28 {main}
"} 
