[2020-05-15 00:54:32] local.ERROR: PDOException: SQLSTATE[42S02]: Base table or view not found: 1146 Table 'payment_service.user_payment_lists' doesn't exist in C:\laragon\www\Payment\core\vendor\illuminate\database\Connection.php:331
Stack trace:
#0 C:\laragon\www\Payment\core\vendor\illuminate\database\Connection.php(331): PDO->prepare('select `to` fro...')
#1 C:\laragon\www\Payment\core\vendor\illuminate\database\Connection.php(662): Illuminate\Database\Connection->Illuminate\Database\{closure}('select `to` fro...', Array)
#2 C:\laragon\www\Payment\core\vendor\illuminate\database\Connection.php(629): Illuminate\Database\Connection->runQueryCallback('select `to` fro...', Array, Object(Closure))
#3 C:\laragon\www\Payment\core\vendor\illuminate\database\Connection.php(338): Illuminate\Database\Connection->run('select `to` fro...', Array, Object(Closure))
#4 C:\laragon\www\Payment\core\vendor\illuminate\database\Query\Builder.php(2149): Illuminate\Database\Connection->select('select `to` fro...', Array, true)
#5 C:\laragon\www\Payment\core\vendor\illuminate\database\Query\Builder.php(2301): Illuminate\Database\Query\Builder->runSelect()
#6 C:\laragon\www\Payment\core\vendor\illuminate\database\Query\Builder.php(2609): Illuminate\Database\Query\Builder->Illuminate\Database\Query\{closure}()
#7 C:\laragon\www\Payment\core\vendor\illuminate\database\Query\Builder.php(2303): Illuminate\Database\Query\Builder->onceWithColumns(Array, Object(Closure))
#8 C:\laragon\www\Payment\core\vendor\illuminate\database\Eloquent\Builder.php(687): Illuminate\Database\Query\Builder->pluck('to', NULL)
#9 C:\laragon\www\Payment\functional\payment\scheduler\AssignPaymentScheduler.php(42): Illuminate\Database\Eloquent\Builder->pluck('to')
#10 [internal function]: Functional\payment\scheduler\AssignPaymentScheduler->handle()
#11 C:\laragon\www\Payment\core\vendor\illuminate\container\BoundMethod.php(32): call_user_func_array(Array, Array)
#12 C:\laragon\www\Payment\core\vendor\illuminate\container\Util.php(36): Illuminate\Container\BoundMethod::Illuminate\Container\{closure}()
#13 C:\laragon\www\Payment\core\vendor\illuminate\container\BoundMethod.php(90): Illuminate\Container\Util::unwrapIfClosure(Object(Closure))
#14 C:\laragon\www\Payment\core\vendor\illuminate\container\BoundMethod.php(34): Illuminate\Container\BoundMethod::callBoundMethod(Object(Core\myvendor\defaults\application\MyApplication), Array, Object(Closure))
#15 C:\laragon\www\Payment\core\vendor\illuminate\container\Container.php(590): Illuminate\Container\BoundMethod::call(Object(Core\myvendor\defaults\application\MyApplication), Array, Array, NULL)
#16 C:\laragon\www\Payment\core\vendor\illuminate\console\Command.php(134): Illuminate\Container\Container->call(Array)
#17 C:\laragon\www\Payment\core\vendor\symfony\console\Command\Command.php(255): Illuminate\Console\Command->execute(Object(Symfony\Component\Console\Input\ArgvInput), Object(Illuminate\Console\OutputStyle))
#18 C:\laragon\www\Payment\core\vendor\illuminate\console\Command.php(121): Symfony\Component\Console\Command\Command->run(Object(Symfony\Component\Console\Input\ArgvInput), Object(Illuminate\Console\OutputStyle))
#19 C:\laragon\www\Payment\core\vendor\symfony\console\Application.php(1001): Illuminate\Console\Command->run(Object(Symfony\Component\Console\Input\ArgvInput), Object(Symfony\Component\Console\Output\ConsoleOutput))
#20 C:\laragon\www\Payment\core\vendor\symfony\console\Application.php(271): Symfony\Component\Console\Application->doRunCommand(Object(Functional\payment\scheduler\AssignPaymentScheduler), Object(Symfony\Component\Console\Input\ArgvInput), Object(Symfony\Component\Console\Output\ConsoleOutput))
#21 C:\laragon\www\Payment\core\vendor\symfony\console\Application.php(147): Symfony\Component\Console\Application->doRun(Object(Symfony\Component\Console\Input\ArgvInput), Object(Symfony\Component\Console\Output\ConsoleOutput))
#22 C:\laragon\www\Payment\core\vendor\illuminate\console\Application.php(93): Symfony\Component\Console\Application->run(Object(Symfony\Component\Console\Input\ArgvInput), Object(Symfony\Component\Console\Output\ConsoleOutput))
#23 C:\laragon\www\Payment\core\vendor\laravel\lumen-framework\src\Console\Kernel.php(115): Illuminate\Console\Application->run(Object(Symfony\Component\Console\Input\ArgvInput), Object(Symfony\Component\Console\Output\ConsoleOutput))
#24 C:\laragon\www\Payment\core\artisan(35): Laravel\Lumen\Console\Kernel->handle(Object(Symfony\Component\Console\Input\ArgvInput), Object(Symfony\Component\Console\Output\ConsoleOutput))
#25 {main}

Next Illuminate\Database\QueryException: SQLSTATE[42S02]: Base table or view not found: 1146 Table 'payment_service.user_payment_lists' doesn't exist (SQL: select `to` from `user_payment_lists` where `userPayment_id` = 54007d6e-6b83-4841-bc29-482476e8340b) in C:\laragon\www\Payment\core\vendor\illuminate\database\Connection.php:669
Stack trace:
#0 C:\laragon\www\Payment\core\vendor\illuminate\database\Connection.php(629): Illuminate\Database\Connection->runQueryCallback('select `to` fro...', Array, Object(Closure))
#1 C:\laragon\www\Payment\core\vendor\illuminate\database\Connection.php(338): Illuminate\Database\Connection->run('select `to` fro...', Array, Object(Closure))
#2 C:\laragon\www\Payment\core\vendor\illuminate\database\Query\Builder.php(2149): Illuminate\Database\Connection->select('select `to` fro...', Array, true)
#3 C:\laragon\www\Payment\core\vendor\illuminate\database\Query\Builder.php(2301): Illuminate\Database\Query\Builder->runSelect()
#4 C:\laragon\www\Payment\core\vendor\illuminate\database\Query\Builder.php(2609): Illuminate\Database\Query\Builder->Illuminate\Database\Query\{closure}()
#5 C:\laragon\www\Payment\core\vendor\illuminate\database\Query\Builder.php(2303): Illuminate\Database\Query\Builder->onceWithColumns(Array, Object(Closure))
#6 C:\laragon\www\Payment\core\vendor\illuminate\database\Eloquent\Builder.php(687): Illuminate\Database\Query\Builder->pluck('to', NULL)
#7 C:\laragon\www\Payment\functional\payment\scheduler\AssignPaymentScheduler.php(42): Illuminate\Database\Eloquent\Builder->pluck('to')
#8 [internal function]: Functional\payment\scheduler\AssignPaymentScheduler->handle()
#9 C:\laragon\www\Payment\core\vendor\illuminate\container\BoundMethod.php(32): call_user_func_array(Array, Array)
#10 C:\laragon\www\Payment\core\vendor\illuminate\container\Util.php(36): Illuminate\Container\BoundMethod::Illuminate\Container\{closure}()
#11 C:\laragon\www\Payment\core\vendor\illuminate\container\BoundMethod.php(90): Illuminate\Container\Util::unwrapIfClosure(Object(Closure))
#12 C:\laragon\www\Payment\core\vendor\illuminate\container\BoundMethod.php(34): Illuminate\Container\BoundMethod::callBoundMethod(Object(Core\myvendor\defaults\application\MyApplication), Array, Object(Closure))
#13 C:\laragon\www\Payment\core\vendor\illuminate\container\Container.php(590): Illuminate\Container\BoundMethod::call(Object(Core\myvendor\defaults\application\MyApplication), Array, Array, NULL)
#14 C:\laragon\www\Payment\core\vendor\illuminate\console\Command.php(134): Illuminate\Container\Container->call(Array)
#15 C:\laragon\www\Payment\core\vendor\symfony\console\Command\Command.php(255): Illuminate\Console\Command->execute(Object(Symfony\Component\Console\Input\ArgvInput), Object(Illuminate\Console\OutputStyle))
#16 C:\laragon\www\Payment\core\vendor\illuminate\console\Command.php(121): Symfony\Component\Console\Command\Command->run(Object(Symfony\Component\Console\Input\ArgvInput), Object(Illuminate\Console\OutputStyle))
#17 C:\laragon\www\Payment\core\vendor\symfony\console\Application.php(1001): Illuminate\Console\Command->run(Object(Symfony\Component\Console\Input\ArgvInput), Object(Symfony\Component\Console\Output\ConsoleOutput))
#18 C:\laragon\www\Payment\core\vendor\symfony\console\Application.php(271): Symfony\Component\Console\Application->doRunCommand(Object(Functional\payment\scheduler\AssignPaymentScheduler), Object(Symfony\Component\Console\Input\ArgvInput), Object(Symfony\Component\Console\Output\ConsoleOutput))
#19 C:\laragon\www\Payment\core\vendor\symfony\console\Application.php(147): Symfony\Component\Console\Application->doRun(Object(Symfony\Component\Console\Input\ArgvInput), Object(Symfony\Component\Console\Output\ConsoleOutput))
#20 C:\laragon\www\Payment\core\vendor\illuminate\console\Application.php(93): Symfony\Component\Console\Application->run(Object(Symfony\Component\Console\Input\ArgvInput), Object(Symfony\Component\Console\Output\ConsoleOutput))
#21 C:\laragon\www\Payment\core\vendor\laravel\lumen-framework\src\Console\Kernel.php(115): Illuminate\Console\Application->run(Object(Symfony\Component\Console\Input\ArgvInput), Object(Symfony\Component\Console\Output\ConsoleOutput))
#22 C:\laragon\www\Payment\core\artisan(35): Laravel\Lumen\Console\Kernel->handle(Object(Symfony\Component\Console\Input\ArgvInput), Object(Symfony\Component\Console\Output\ConsoleOutput))
#23 {main} {"exception":"[object] (Illuminate\\Database\\QueryException(code: 42S02): SQLSTATE[42S02]: Base table or view not found: 1146 Table 'payment_service.user_payment_lists' doesn't exist (SQL: select `to` from `user_payment_lists` where `userPayment_id` = 54007d6e-6b83-4841-bc29-482476e8340b) at C:\\laragon\\www\\Payment\\core\\vendor\\illuminate\\database\\Connection.php:669)
[stacktrace]
#0 C:\\laragon\\www\\Payment\\core\\vendor\\illuminate\\database\\Connection.php(629): Illuminate\\Database\\Connection->runQueryCallback('select `to` fro...', Array, Object(Closure))
#1 C:\\laragon\\www\\Payment\\core\\vendor\\illuminate\\database\\Connection.php(338): Illuminate\\Database\\Connection->run('select `to` fro...', Array, Object(Closure))
#2 C:\\laragon\\www\\Payment\\core\\vendor\\illuminate\\database\\Query\\Builder.php(2149): Illuminate\\Database\\Connection->select('select `to` fro...', Array, true)
#3 C:\\laragon\\www\\Payment\\core\\vendor\\illuminate\\database\\Query\\Builder.php(2301): Illuminate\\Database\\Query\\Builder->runSelect()
#4 C:\\laragon\\www\\Payment\\core\\vendor\\illuminate\\database\\Query\\Builder.php(2609): Illuminate\\Database\\Query\\Builder->Illuminate\\Database\\Query\\{closure}()
#5 C:\\laragon\\www\\Payment\\core\\vendor\\illuminate\\database\\Query\\Builder.php(2303): Illuminate\\Database\\Query\\Builder->onceWithColumns(Array, Object(Closure))
#6 C:\\laragon\\www\\Payment\\core\\vendor\\illuminate\\database\\Eloquent\\Builder.php(687): Illuminate\\Database\\Query\\Builder->pluck('to', NULL)
#7 C:\\laragon\\www\\Payment\\functional\\payment\\scheduler\\AssignPaymentScheduler.php(42): Illuminate\\Database\\Eloquent\\Builder->pluck('to')
#8 [internal function]: Functional\\payment\\scheduler\\AssignPaymentScheduler->handle()
#9 C:\\laragon\\www\\Payment\\core\\vendor\\illuminate\\container\\BoundMethod.php(32): call_user_func_array(Array, Array)
#10 C:\\laragon\\www\\Payment\\core\\vendor\\illuminate\\container\\Util.php(36): Illuminate\\Container\\BoundMethod::Illuminate\\Container\\{closure}()
#11 C:\\laragon\\www\\Payment\\core\\vendor\\illuminate\\container\\BoundMethod.php(90): Illuminate\\Container\\Util::unwrapIfClosure(Object(Closure))
#12 C:\\laragon\\www\\Payment\\core\\vendor\\illuminate\\container\\BoundMethod.php(34): Illuminate\\Container\\BoundMethod::callBoundMethod(Object(Core\\myvendor\\defaults\\application\\MyApplication), Array, Object(Closure))
#13 C:\\laragon\\www\\Payment\\core\\vendor\\illuminate\\container\\Container.php(590): Illuminate\\Container\\BoundMethod::call(Object(Core\\myvendor\\defaults\\application\\MyApplication), Array, Array, NULL)
#14 C:\\laragon\\www\\Payment\\core\\vendor\\illuminate\\console\\Command.php(134): Illuminate\\Container\\Container->call(Array)
#15 C:\\laragon\\www\\Payment\\core\\vendor\\symfony\\console\\Command\\Command.php(255): Illuminate\\Console\\Command->execute(Object(Symfony\\Component\\Console\\Input\\ArgvInput), Object(Illuminate\\Console\\OutputStyle))
#16 C:\\laragon\\www\\Payment\\core\\vendor\\illuminate\\console\\Command.php(121): Symfony\\Component\\Console\\Command\\Command->run(Object(Symfony\\Component\\Console\\Input\\ArgvInput), Object(Illuminate\\Console\\OutputStyle))
#17 C:\\laragon\\www\\Payment\\core\\vendor\\symfony\\console\\Application.php(1001): Illuminate\\Console\\Command->run(Object(Symfony\\Component\\Console\\Input\\ArgvInput), Object(Symfony\\Component\\Console\\Output\\ConsoleOutput))
#18 C:\\laragon\\www\\Payment\\core\\vendor\\symfony\\console\\Application.php(271): Symfony\\Component\\Console\\Application->doRunCommand(Object(Functional\\payment\\scheduler\\AssignPaymentScheduler), Object(Symfony\\Component\\Console\\Input\\ArgvInput), Object(Symfony\\Component\\Console\\Output\\ConsoleOutput))
#19 C:\\laragon\\www\\Payment\\core\\vendor\\symfony\\console\\Application.php(147): Symfony\\Component\\Console\\Application->doRun(Object(Symfony\\Component\\Console\\Input\\ArgvInput), Object(Symfony\\Component\\Console\\Output\\ConsoleOutput))
#20 C:\\laragon\\www\\Payment\\core\\vendor\\illuminate\\console\\Application.php(93): Symfony\\Component\\Console\\Application->run(Object(Symfony\\Component\\Console\\Input\\ArgvInput), Object(Symfony\\Component\\Console\\Output\\ConsoleOutput))
#21 C:\\laragon\\www\\Payment\\core\\vendor\\laravel\\lumen-framework\\src\\Console\\Kernel.php(115): Illuminate\\Console\\Application->run(Object(Symfony\\Component\\Console\\Input\\ArgvInput), Object(Symfony\\Component\\Console\\Output\\ConsoleOutput))
#22 C:\\laragon\\www\\Payment\\core\\artisan(35): Laravel\\Lumen\\Console\\Kernel->handle(Object(Symfony\\Component\\Console\\Input\\ArgvInput), Object(Symfony\\Component\\Console\\Output\\ConsoleOutput))
#23 {main}

[previous exception] [object] (PDOException(code: 42S02): SQLSTATE[42S02]: Base table or view not found: 1146 Table 'payment_service.user_payment_lists' doesn't exist at C:\\laragon\\www\\Payment\\core\\vendor\\illuminate\\database\\Connection.php:331)
[stacktrace]
#0 C:\\laragon\\www\\Payment\\core\\vendor\\illuminate\\database\\Connection.php(331): PDO->prepare('select `to` fro...')
#1 C:\\laragon\\www\\Payment\\core\\vendor\\illuminate\\database\\Connection.php(662): Illuminate\\Database\\Connection->Illuminate\\Database\\{closure}('select `to` fro...', Array)
#2 C:\\laragon\\www\\Payment\\core\\vendor\\illuminate\\database\\Connection.php(629): Illuminate\\Database\\Connection->runQueryCallback('select `to` fro...', Array, Object(Closure))
#3 C:\\laragon\\www\\Payment\\core\\vendor\\illuminate\\database\\Connection.php(338): Illuminate\\Database\\Connection->run('select `to` fro...', Array, Object(Closure))
#4 C:\\laragon\\www\\Payment\\core\\vendor\\illuminate\\database\\Query\\Builder.php(2149): Illuminate\\Database\\Connection->select('select `to` fro...', Array, true)
#5 C:\\laragon\\www\\Payment\\core\\vendor\\illuminate\\database\\Query\\Builder.php(2301): Illuminate\\Database\\Query\\Builder->runSelect()
#6 C:\\laragon\\www\\Payment\\core\\vendor\\illuminate\\database\\Query\\Builder.php(2609): Illuminate\\Database\\Query\\Builder->Illuminate\\Database\\Query\\{closure}()
#7 C:\\laragon\\www\\Payment\\core\\vendor\\illuminate\\database\\Query\\Builder.php(2303): Illuminate\\Database\\Query\\Builder->onceWithColumns(Array, Object(Closure))
#8 C:\\laragon\\www\\Payment\\core\\vendor\\illuminate\\database\\Eloquent\\Builder.php(687): Illuminate\\Database\\Query\\Builder->pluck('to', NULL)
#9 C:\\laragon\\www\\Payment\\functional\\payment\\scheduler\\AssignPaymentScheduler.php(42): Illuminate\\Database\\Eloquent\\Builder->pluck('to')
#10 [internal function]: Functional\\payment\\scheduler\\AssignPaymentScheduler->handle()
#11 C:\\laragon\\www\\Payment\\core\\vendor\\illuminate\\container\\BoundMethod.php(32): call_user_func_array(Array, Array)
#12 C:\\laragon\\www\\Payment\\core\\vendor\\illuminate\\container\\Util.php(36): Illuminate\\Container\\BoundMethod::Illuminate\\Container\\{closure}()
#13 C:\\laragon\\www\\Payment\\core\\vendor\\illuminate\\container\\BoundMethod.php(90): Illuminate\\Container\\Util::unwrapIfClosure(Object(Closure))
#14 C:\\laragon\\www\\Payment\\core\\vendor\\illuminate\\container\\BoundMethod.php(34): Illuminate\\Container\\BoundMethod::callBoundMethod(Object(Core\\myvendor\\defaults\\application\\MyApplication), Array, Object(Closure))
#15 C:\\laragon\\www\\Payment\\core\\vendor\\illuminate\\container\\Container.php(590): Illuminate\\Container\\BoundMethod::call(Object(Core\\myvendor\\defaults\\application\\MyApplication), Array, Array, NULL)
#16 C:\\laragon\\www\\Payment\\core\\vendor\\illuminate\\console\\Command.php(134): Illuminate\\Container\\Container->call(Array)
#17 C:\\laragon\\www\\Payment\\core\\vendor\\symfony\\console\\Command\\Command.php(255): Illuminate\\Console\\Command->execute(Object(Symfony\\Component\\Console\\Input\\ArgvInput), Object(Illuminate\\Console\\OutputStyle))
#18 C:\\laragon\\www\\Payment\\core\\vendor\\illuminate\\console\\Command.php(121): Symfony\\Component\\Console\\Command\\Command->run(Object(Symfony\\Component\\Console\\Input\\ArgvInput), Object(Illuminate\\Console\\OutputStyle))
#19 C:\\laragon\\www\\Payment\\core\\vendor\\symfony\\console\\Application.php(1001): Illuminate\\Console\\Command->run(Object(Symfony\\Component\\Console\\Input\\ArgvInput), Object(Symfony\\Component\\Console\\Output\\ConsoleOutput))
#20 C:\\laragon\\www\\Payment\\core\\vendor\\symfony\\console\\Application.php(271): Symfony\\Component\\Console\\Application->doRunCommand(Object(Functional\\payment\\scheduler\\AssignPaymentScheduler), Object(Symfony\\Component\\Console\\Input\\ArgvInput), Object(Symfony\\Component\\Console\\Output\\ConsoleOutput))
#21 C:\\laragon\\www\\Payment\\core\\vendor\\symfony\\console\\Application.php(147): Symfony\\Component\\Console\\Application->doRun(Object(Symfony\\Component\\Console\\Input\\ArgvInput), Object(Symfony\\Component\\Console\\Output\\ConsoleOutput))
#22 C:\\laragon\\www\\Payment\\core\\vendor\\illuminate\\console\\Application.php(93): Symfony\\Component\\Console\\Application->run(Object(Symfony\\Component\\Console\\Input\\ArgvInput), Object(Symfony\\Component\\Console\\Output\\ConsoleOutput))
#23 C:\\laragon\\www\\Payment\\core\\vendor\\laravel\\lumen-framework\\src\\Console\\Kernel.php(115): Illuminate\\Console\\Application->run(Object(Symfony\\Component\\Console\\Input\\ArgvInput), Object(Symfony\\Component\\Console\\Output\\ConsoleOutput))
#24 C:\\laragon\\www\\Payment\\core\\artisan(35): Laravel\\Lumen\\Console\\Kernel->handle(Object(Symfony\\Component\\Console\\Input\\ArgvInput), Object(Symfony\\Component\\Console\\Output\\ConsoleOutput))
#25 {main}
"} 
[2020-05-15 00:55:58] local.ERROR: Exception: Property [to] does not exist on this collection instance. in C:\laragon\www\Payment\core\vendor\illuminate\support\Traits\EnumeratesValues.php:815
Stack trace:
#0 C:\laragon\www\Payment\functional\payment\scheduler\AssignPaymentScheduler.php(56): Illuminate\Support\Collection->__get('to')
#1 C:\laragon\www\Payment\functional\payment\scheduler\AssignPaymentScheduler.php(45): Functional\payment\scheduler\AssignPaymentScheduler->shouldCreatePaymentList(Object(Illuminate\Support\Collection), Object(Domain\entities\UserPayment))
#2 [internal function]: Functional\payment\scheduler\AssignPaymentScheduler->handle()
#3 C:\laragon\www\Payment\core\vendor\illuminate\container\BoundMethod.php(32): call_user_func_array(Array, Array)
#4 C:\laragon\www\Payment\core\vendor\illuminate\container\Util.php(36): Illuminate\Container\BoundMethod::Illuminate\Container\{closure}()
#5 C:\laragon\www\Payment\core\vendor\illuminate\container\BoundMethod.php(90): Illuminate\Container\Util::unwrapIfClosure(Object(Closure))
#6 C:\laragon\www\Payment\core\vendor\illuminate\container\BoundMethod.php(34): Illuminate\Container\BoundMethod::callBoundMethod(Object(Core\myvendor\defaults\application\MyApplication), Array, Object(Closure))
#7 C:\laragon\www\Payment\core\vendor\illuminate\container\Container.php(590): Illuminate\Container\BoundMethod::call(Object(Core\myvendor\defaults\application\MyApplication), Array, Array, NULL)
#8 C:\laragon\www\Payment\core\vendor\illuminate\console\Command.php(134): Illuminate\Container\Container->call(Array)
#9 C:\laragon\www\Payment\core\vendor\symfony\console\Command\Command.php(255): Illuminate\Console\Command->execute(Object(Symfony\Component\Console\Input\ArgvInput), Object(Illuminate\Console\OutputStyle))
#10 C:\laragon\www\Payment\core\vendor\illuminate\console\Command.php(121): Symfony\Component\Console\Command\Command->run(Object(Symfony\Component\Console\Input\ArgvInput), Object(Illuminate\Console\OutputStyle))
#11 C:\laragon\www\Payment\core\vendor\symfony\console\Application.php(1001): Illuminate\Console\Command->run(Object(Symfony\Component\Console\Input\ArgvInput), Object(Symfony\Component\Console\Output\ConsoleOutput))
#12 C:\laragon\www\Payment\core\vendor\symfony\console\Application.php(271): Symfony\Component\Console\Application->doRunCommand(Object(Functional\payment\scheduler\AssignPaymentScheduler), Object(Symfony\Component\Console\Input\ArgvInput), Object(Symfony\Component\Console\Output\ConsoleOutput))
#13 C:\laragon\www\Payment\core\vendor\symfony\console\Application.php(147): Symfony\Component\Console\Application->doRun(Object(Symfony\Component\Console\Input\ArgvInput), Object(Symfony\Component\Console\Output\ConsoleOutput))
#14 C:\laragon\www\Payment\core\vendor\illuminate\console\Application.php(93): Symfony\Component\Console\Application->run(Object(Symfony\Component\Console\Input\ArgvInput), Object(Symfony\Component\Console\Output\ConsoleOutput))
#15 C:\laragon\www\Payment\core\vendor\laravel\lumen-framework\src\Console\Kernel.php(115): Illuminate\Console\Application->run(Object(Symfony\Component\Console\Input\ArgvInput), Object(Symfony\Component\Console\Output\ConsoleOutput))
#16 C:\laragon\www\Payment\core\artisan(35): Laravel\Lumen\Console\Kernel->handle(Object(Symfony\Component\Console\Input\ArgvInput), Object(Symfony\Component\Console\Output\ConsoleOutput))
#17 {main} {"exception":"[object] (Exception(code: 0): Property [to] does not exist on this collection instance. at C:\\laragon\\www\\Payment\\core\\vendor\\illuminate\\support\\Traits\\EnumeratesValues.php:815)
[stacktrace]
#0 C:\\laragon\\www\\Payment\\functional\\payment\\scheduler\\AssignPaymentScheduler.php(56): Illuminate\\Support\\Collection->__get('to')
#1 C:\\laragon\\www\\Payment\\functional\\payment\\scheduler\\AssignPaymentScheduler.php(45): Functional\\payment\\scheduler\\AssignPaymentScheduler->shouldCreatePaymentList(Object(Illuminate\\Support\\Collection), Object(Domain\\entities\\UserPayment))
#2 [internal function]: Functional\\payment\\scheduler\\AssignPaymentScheduler->handle()
#3 C:\\laragon\\www\\Payment\\core\\vendor\\illuminate\\container\\BoundMethod.php(32): call_user_func_array(Array, Array)
#4 C:\\laragon\\www\\Payment\\core\\vendor\\illuminate\\container\\Util.php(36): Illuminate\\Container\\BoundMethod::Illuminate\\Container\\{closure}()
#5 C:\\laragon\\www\\Payment\\core\\vendor\\illuminate\\container\\BoundMethod.php(90): Illuminate\\Container\\Util::unwrapIfClosure(Object(Closure))
#6 C:\\laragon\\www\\Payment\\core\\vendor\\illuminate\\container\\BoundMethod.php(34): Illuminate\\Container\\BoundMethod::callBoundMethod(Object(Core\\myvendor\\defaults\\application\\MyApplication), Array, Object(Closure))
#7 C:\\laragon\\www\\Payment\\core\\vendor\\illuminate\\container\\Container.php(590): Illuminate\\Container\\BoundMethod::call(Object(Core\\myvendor\\defaults\\application\\MyApplication), Array, Array, NULL)
#8 C:\\laragon\\www\\Payment\\core\\vendor\\illuminate\\console\\Command.php(134): Illuminate\\Container\\Container->call(Array)
#9 C:\\laragon\\www\\Payment\\core\\vendor\\symfony\\console\\Command\\Command.php(255): Illuminate\\Console\\Command->execute(Object(Symfony\\Component\\Console\\Input\\ArgvInput), Object(Illuminate\\Console\\OutputStyle))
#10 C:\\laragon\\www\\Payment\\core\\vendor\\illuminate\\console\\Command.php(121): Symfony\\Component\\Console\\Command\\Command->run(Object(Symfony\\Component\\Console\\Input\\ArgvInput), Object(Illuminate\\Console\\OutputStyle))
#11 C:\\laragon\\www\\Payment\\core\\vendor\\symfony\\console\\Application.php(1001): Illuminate\\Console\\Command->run(Object(Symfony\\Component\\Console\\Input\\ArgvInput), Object(Symfony\\Component\\Console\\Output\\ConsoleOutput))
#12 C:\\laragon\\www\\Payment\\core\\vendor\\symfony\\console\\Application.php(271): Symfony\\Component\\Console\\Application->doRunCommand(Object(Functional\\payment\\scheduler\\AssignPaymentScheduler), Object(Symfony\\Component\\Console\\Input\\ArgvInput), Object(Symfony\\Component\\Console\\Output\\ConsoleOutput))
#13 C:\\laragon\\www\\Payment\\core\\vendor\\symfony\\console\\Application.php(147): Symfony\\Component\\Console\\Application->doRun(Object(Symfony\\Component\\Console\\Input\\ArgvInput), Object(Symfony\\Component\\Console\\Output\\ConsoleOutput))
#14 C:\\laragon\\www\\Payment\\core\\vendor\\illuminate\\console\\Application.php(93): Symfony\\Component\\Console\\Application->run(Object(Symfony\\Component\\Console\\Input\\ArgvInput), Object(Symfony\\Component\\Console\\Output\\ConsoleOutput))
#15 C:\\laragon\\www\\Payment\\core\\vendor\\laravel\\lumen-framework\\src\\Console\\Kernel.php(115): Illuminate\\Console\\Application->run(Object(Symfony\\Component\\Console\\Input\\ArgvInput), Object(Symfony\\Component\\Console\\Output\\ConsoleOutput))
#16 C:\\laragon\\www\\Payment\\core\\artisan(35): Laravel\\Lumen\\Console\\Kernel->handle(Object(Symfony\\Component\\Console\\Input\\ArgvInput), Object(Symfony\\Component\\Console\\Output\\ConsoleOutput))
#17 {main}
"} 
[2020-05-15 01:00:14] local.ERROR: Exception: Property [to] does not exist on this collection instance. in C:\laragon\www\Payment\core\vendor\illuminate\support\Traits\EnumeratesValues.php:815
Stack trace:
#0 C:\laragon\www\Payment\functional\payment\scheduler\AssignPaymentScheduler.php(56): Illuminate\Support\Collection->__get('to')
#1 C:\laragon\www\Payment\functional\payment\scheduler\AssignPaymentScheduler.php(45): Functional\payment\scheduler\AssignPaymentScheduler->shouldCreatePaymentList(Object(Illuminate\Support\Collection), Object(Domain\entities\UserPayment))
#2 [internal function]: Functional\payment\scheduler\AssignPaymentScheduler->handle()
#3 C:\laragon\www\Payment\core\vendor\illuminate\container\BoundMethod.php(32): call_user_func_array(Array, Array)
#4 C:\laragon\www\Payment\core\vendor\illuminate\container\Util.php(36): Illuminate\Container\BoundMethod::Illuminate\Container\{closure}()
#5 C:\laragon\www\Payment\core\vendor\illuminate\container\BoundMethod.php(90): Illuminate\Container\Util::unwrapIfClosure(Object(Closure))
#6 C:\laragon\www\Payment\core\vendor\illuminate\container\BoundMethod.php(34): Illuminate\Container\BoundMethod::callBoundMethod(Object(Core\myvendor\defaults\application\MyApplication), Array, Object(Closure))
#7 C:\laragon\www\Payment\core\vendor\illuminate\container\Container.php(590): Illuminate\Container\BoundMethod::call(Object(Core\myvendor\defaults\application\MyApplication), Array, Array, NULL)
#8 C:\laragon\www\Payment\core\vendor\illuminate\console\Command.php(134): Illuminate\Container\Container->call(Array)
#9 C:\laragon\www\Payment\core\vendor\symfony\console\Command\Command.php(255): Illuminate\Console\Command->execute(Object(Symfony\Component\Console\Input\ArgvInput), Object(Illuminate\Console\OutputStyle))
#10 C:\laragon\www\Payment\core\vendor\illuminate\console\Command.php(121): Symfony\Component\Console\Command\Command->run(Object(Symfony\Component\Console\Input\ArgvInput), Object(Illuminate\Console\OutputStyle))
#11 C:\laragon\www\Payment\core\vendor\symfony\console\Application.php(1001): Illuminate\Console\Command->run(Object(Symfony\Component\Console\Input\ArgvInput), Object(Symfony\Component\Console\Output\ConsoleOutput))
#12 C:\laragon\www\Payment\core\vendor\symfony\console\Application.php(271): Symfony\Component\Console\Application->doRunCommand(Object(Functional\payment\scheduler\AssignPaymentScheduler), Object(Symfony\Component\Console\Input\ArgvInput), Object(Symfony\Component\Console\Output\ConsoleOutput))
#13 C:\laragon\www\Payment\core\vendor\symfony\console\Application.php(147): Symfony\Component\Console\Application->doRun(Object(Symfony\Component\Console\Input\ArgvInput), Object(Symfony\Component\Console\Output\ConsoleOutput))
#14 C:\laragon\www\Payment\core\vendor\illuminate\console\Application.php(93): Symfony\Component\Console\Application->run(Object(Symfony\Component\Console\Input\ArgvInput), Object(Symfony\Component\Console\Output\ConsoleOutput))
#15 C:\laragon\www\Payment\core\vendor\laravel\lumen-framework\src\Console\Kernel.php(115): Illuminate\Console\Application->run(Object(Symfony\Component\Console\Input\ArgvInput), Object(Symfony\Component\Console\Output\ConsoleOutput))
#16 C:\laragon\www\Payment\core\artisan(35): Laravel\Lumen\Console\Kernel->handle(Object(Symfony\Component\Console\Input\ArgvInput), Object(Symfony\Component\Console\Output\ConsoleOutput))
#17 {main} {"exception":"[object] (Exception(code: 0): Property [to] does not exist on this collection instance. at C:\\laragon\\www\\Payment\\core\\vendor\\illuminate\\support\\Traits\\EnumeratesValues.php:815)
[stacktrace]
#0 C:\\laragon\\www\\Payment\\functional\\payment\\scheduler\\AssignPaymentScheduler.php(56): Illuminate\\Support\\Collection->__get('to')
#1 C:\\laragon\\www\\Payment\\functional\\payment\\scheduler\\AssignPaymentScheduler.php(45): Functional\\payment\\scheduler\\AssignPaymentScheduler->shouldCreatePaymentList(Object(Illuminate\\Support\\Collection), Object(Domain\\entities\\UserPayment))
#2 [internal function]: Functional\\payment\\scheduler\\AssignPaymentScheduler->handle()
#3 C:\\laragon\\www\\Payment\\core\\vendor\\illuminate\\container\\BoundMethod.php(32): call_user_func_array(Array, Array)
#4 C:\\laragon\\www\\Payment\\core\\vendor\\illuminate\\container\\Util.php(36): Illuminate\\Container\\BoundMethod::Illuminate\\Container\\{closure}()
#5 C:\\laragon\\www\\Payment\\core\\vendor\\illuminate\\container\\BoundMethod.php(90): Illuminate\\Container\\Util::unwrapIfClosure(Object(Closure))
#6 C:\\laragon\\www\\Payment\\core\\vendor\\illuminate\\container\\BoundMethod.php(34): Illuminate\\Container\\BoundMethod::callBoundMethod(Object(Core\\myvendor\\defaults\\application\\MyApplication), Array, Object(Closure))
#7 C:\\laragon\\www\\Payment\\core\\vendor\\illuminate\\container\\Container.php(590): Illuminate\\Container\\BoundMethod::call(Object(Core\\myvendor\\defaults\\application\\MyApplication), Array, Array, NULL)
#8 C:\\laragon\\www\\Payment\\core\\vendor\\illuminate\\console\\Command.php(134): Illuminate\\Container\\Container->call(Array)
#9 C:\\laragon\\www\\Payment\\core\\vendor\\symfony\\console\\Command\\Command.php(255): Illuminate\\Console\\Command->execute(Object(Symfony\\Component\\Console\\Input\\ArgvInput), Object(Illuminate\\Console\\OutputStyle))
#10 C:\\laragon\\www\\Payment\\core\\vendor\\illuminate\\console\\Command.php(121): Symfony\\Component\\Console\\Command\\Command->run(Object(Symfony\\Component\\Console\\Input\\ArgvInput), Object(Illuminate\\Console\\OutputStyle))
#11 C:\\laragon\\www\\Payment\\core\\vendor\\symfony\\console\\Application.php(1001): Illuminate\\Console\\Command->run(Object(Symfony\\Component\\Console\\Input\\ArgvInput), Object(Symfony\\Component\\Console\\Output\\ConsoleOutput))
#12 C:\\laragon\\www\\Payment\\core\\vendor\\symfony\\console\\Application.php(271): Symfony\\Component\\Console\\Application->doRunCommand(Object(Functional\\payment\\scheduler\\AssignPaymentScheduler), Object(Symfony\\Component\\Console\\Input\\ArgvInput), Object(Symfony\\Component\\Console\\Output\\ConsoleOutput))
#13 C:\\laragon\\www\\Payment\\core\\vendor\\symfony\\console\\Application.php(147): Symfony\\Component\\Console\\Application->doRun(Object(Symfony\\Component\\Console\\Input\\ArgvInput), Object(Symfony\\Component\\Console\\Output\\ConsoleOutput))
#14 C:\\laragon\\www\\Payment\\core\\vendor\\illuminate\\console\\Application.php(93): Symfony\\Component\\Console\\Application->run(Object(Symfony\\Component\\Console\\Input\\ArgvInput), Object(Symfony\\Component\\Console\\Output\\ConsoleOutput))
#15 C:\\laragon\\www\\Payment\\core\\vendor\\laravel\\lumen-framework\\src\\Console\\Kernel.php(115): Illuminate\\Console\\Application->run(Object(Symfony\\Component\\Console\\Input\\ArgvInput), Object(Symfony\\Component\\Console\\Output\\ConsoleOutput))
#16 C:\\laragon\\www\\Payment\\core\\artisan(35): Laravel\\Lumen\\Console\\Kernel->handle(Object(Symfony\\Component\\Console\\Input\\ArgvInput), Object(Symfony\\Component\\Console\\Output\\ConsoleOutput))
#17 {main}
"} 
[2020-05-15 01:01:13] local.ERROR: ErrorException: Trying to get property 'to' of non-object in C:\laragon\www\Payment\functional\payment\scheduler\AssignPaymentScheduler.php:63
Stack trace:
#0 C:\laragon\www\Payment\functional\payment\scheduler\AssignPaymentScheduler.php(63): Laravel\Lumen\Application->Laravel\Lumen\Concerns\{closure}(8, 'Trying to get p...', 'C:\\laragon\\www\\...', 63, Array)
#1 C:\laragon\www\Payment\functional\payment\scheduler\AssignPaymentScheduler.php(45): Functional\payment\scheduler\AssignPaymentScheduler->shouldCreatePaymentList(NULL, Object(Domain\entities\UserPayment))
#2 [internal function]: Functional\payment\scheduler\AssignPaymentScheduler->handle()
#3 C:\laragon\www\Payment\core\vendor\illuminate\container\BoundMethod.php(32): call_user_func_array(Array, Array)
#4 C:\laragon\www\Payment\core\vendor\illuminate\container\Util.php(36): Illuminate\Container\BoundMethod::Illuminate\Container\{closure}()
#5 C:\laragon\www\Payment\core\vendor\illuminate\container\BoundMethod.php(90): Illuminate\Container\Util::unwrapIfClosure(Object(Closure))
#6 C:\laragon\www\Payment\core\vendor\illuminate\container\BoundMethod.php(34): Illuminate\Container\BoundMethod::callBoundMethod(Object(Core\myvendor\defaults\application\MyApplication), Array, Object(Closure))
#7 C:\laragon\www\Payment\core\vendor\illuminate\container\Container.php(590): Illuminate\Container\BoundMethod::call(Object(Core\myvendor\defaults\application\MyApplication), Array, Array, NULL)
#8 C:\laragon\www\Payment\core\vendor\illuminate\console\Command.php(134): Illuminate\Container\Container->call(Array)
#9 C:\laragon\www\Payment\core\vendor\symfony\console\Command\Command.php(255): Illuminate\Console\Command->execute(Object(Symfony\Component\Console\Input\ArgvInput), Object(Illuminate\Console\OutputStyle))
#10 C:\laragon\www\Payment\core\vendor\illuminate\console\Command.php(121): Symfony\Component\Console\Command\Command->run(Object(Symfony\Component\Console\Input\ArgvInput), Object(Illuminate\Console\OutputStyle))
#11 C:\laragon\www\Payment\core\vendor\symfony\console\Application.php(1001): Illuminate\Console\Command->run(Object(Symfony\Component\Console\Input\ArgvInput), Object(Symfony\Component\Console\Output\ConsoleOutput))
#12 C:\laragon\www\Payment\core\vendor\symfony\console\Application.php(271): Symfony\Component\Console\Application->doRunCommand(Object(Functional\payment\scheduler\AssignPaymentScheduler), Object(Symfony\Component\Console\Input\ArgvInput), Object(Symfony\Component\Console\Output\ConsoleOutput))
#13 C:\laragon\www\Payment\core\vendor\symfony\console\Application.php(147): Symfony\Component\Console\Application->doRun(Object(Symfony\Component\Console\Input\ArgvInput), Object(Symfony\Component\Console\Output\ConsoleOutput))
#14 C:\laragon\www\Payment\core\vendor\illuminate\console\Application.php(93): Symfony\Component\Console\Application->run(Object(Symfony\Component\Console\Input\ArgvInput), Object(Symfony\Component\Console\Output\ConsoleOutput))
#15 C:\laragon\www\Payment\core\vendor\laravel\lumen-framework\src\Console\Kernel.php(115): Illuminate\Console\Application->run(Object(Symfony\Component\Console\Input\ArgvInput), Object(Symfony\Component\Console\Output\ConsoleOutput))
#16 C:\laragon\www\Payment\core\artisan(35): Laravel\Lumen\Console\Kernel->handle(Object(Symfony\Component\Console\Input\ArgvInput), Object(Symfony\Component\Console\Output\ConsoleOutput))
#17 {main} {"exception":"[object] (ErrorException(code: 0): Trying to get property 'to' of non-object at C:\\laragon\\www\\Payment\\functional\\payment\\scheduler\\AssignPaymentScheduler.php:63)
[stacktrace]
#0 C:\\laragon\\www\\Payment\\functional\\payment\\scheduler\\AssignPaymentScheduler.php(63): Laravel\\Lumen\\Application->Laravel\\Lumen\\Concerns\\{closure}(8, 'Trying to get p...', 'C:\\\\laragon\\\\www\\\\...', 63, Array)
#1 C:\\laragon\\www\\Payment\\functional\\payment\\scheduler\\AssignPaymentScheduler.php(45): Functional\\payment\\scheduler\\AssignPaymentScheduler->shouldCreatePaymentList(NULL, Object(Domain\\entities\\UserPayment))
#2 [internal function]: Functional\\payment\\scheduler\\AssignPaymentScheduler->handle()
#3 C:\\laragon\\www\\Payment\\core\\vendor\\illuminate\\container\\BoundMethod.php(32): call_user_func_array(Array, Array)
#4 C:\\laragon\\www\\Payment\\core\\vendor\\illuminate\\container\\Util.php(36): Illuminate\\Container\\BoundMethod::Illuminate\\Container\\{closure}()
#5 C:\\laragon\\www\\Payment\\core\\vendor\\illuminate\\container\\BoundMethod.php(90): Illuminate\\Container\\Util::unwrapIfClosure(Object(Closure))
#6 C:\\laragon\\www\\Payment\\core\\vendor\\illuminate\\container\\BoundMethod.php(34): Illuminate\\Container\\BoundMethod::callBoundMethod(Object(Core\\myvendor\\defaults\\application\\MyApplication), Array, Object(Closure))
#7 C:\\laragon\\www\\Payment\\core\\vendor\\illuminate\\container\\Container.php(590): Illuminate\\Container\\BoundMethod::call(Object(Core\\myvendor\\defaults\\application\\MyApplication), Array, Array, NULL)
#8 C:\\laragon\\www\\Payment\\core\\vendor\\illuminate\\console\\Command.php(134): Illuminate\\Container\\Container->call(Array)
#9 C:\\laragon\\www\\Payment\\core\\vendor\\symfony\\console\\Command\\Command.php(255): Illuminate\\Console\\Command->execute(Object(Symfony\\Component\\Console\\Input\\ArgvInput), Object(Illuminate\\Console\\OutputStyle))
#10 C:\\laragon\\www\\Payment\\core\\vendor\\illuminate\\console\\Command.php(121): Symfony\\Component\\Console\\Command\\Command->run(Object(Symfony\\Component\\Console\\Input\\ArgvInput), Object(Illuminate\\Console\\OutputStyle))
#11 C:\\laragon\\www\\Payment\\core\\vendor\\symfony\\console\\Application.php(1001): Illuminate\\Console\\Command->run(Object(Symfony\\Component\\Console\\Input\\ArgvInput), Object(Symfony\\Component\\Console\\Output\\ConsoleOutput))
#12 C:\\laragon\\www\\Payment\\core\\vendor\\symfony\\console\\Application.php(271): Symfony\\Component\\Console\\Application->doRunCommand(Object(Functional\\payment\\scheduler\\AssignPaymentScheduler), Object(Symfony\\Component\\Console\\Input\\ArgvInput), Object(Symfony\\Component\\Console\\Output\\ConsoleOutput))
#13 C:\\laragon\\www\\Payment\\core\\vendor\\symfony\\console\\Application.php(147): Symfony\\Component\\Console\\Application->doRun(Object(Symfony\\Component\\Console\\Input\\ArgvInput), Object(Symfony\\Component\\Console\\Output\\ConsoleOutput))
#14 C:\\laragon\\www\\Payment\\core\\vendor\\illuminate\\console\\Application.php(93): Symfony\\Component\\Console\\Application->run(Object(Symfony\\Component\\Console\\Input\\ArgvInput), Object(Symfony\\Component\\Console\\Output\\ConsoleOutput))
#15 C:\\laragon\\www\\Payment\\core\\vendor\\laravel\\lumen-framework\\src\\Console\\Kernel.php(115): Illuminate\\Console\\Application->run(Object(Symfony\\Component\\Console\\Input\\ArgvInput), Object(Symfony\\Component\\Console\\Output\\ConsoleOutput))
#16 C:\\laragon\\www\\Payment\\core\\artisan(35): Laravel\\Lumen\\Console\\Kernel->handle(Object(Symfony\\Component\\Console\\Input\\ArgvInput), Object(Symfony\\Component\\Console\\Output\\ConsoleOutput))
#17 {main}
"} 
[2020-05-15 01:01:43] local.ERROR: ErrorException: Trying to get property 'to' of non-object in C:\laragon\www\Payment\functional\payment\scheduler\AssignPaymentScheduler.php:62
Stack trace:
#0 C:\laragon\www\Payment\functional\payment\scheduler\AssignPaymentScheduler.php(62): Laravel\Lumen\Application->Laravel\Lumen\Concerns\{closure}(8, 'Trying to get p...', 'C:\\laragon\\www\\...', 62, Array)
#1 C:\laragon\www\Payment\functional\payment\scheduler\AssignPaymentScheduler.php(45): Functional\payment\scheduler\AssignPaymentScheduler->shouldCreatePaymentList(NULL, Object(Domain\entities\UserPayment))
#2 [internal function]: Functional\payment\scheduler\AssignPaymentScheduler->handle()
#3 C:\laragon\www\Payment\core\vendor\illuminate\container\BoundMethod.php(32): call_user_func_array(Array, Array)
#4 C:\laragon\www\Payment\core\vendor\illuminate\container\Util.php(36): Illuminate\Container\BoundMethod::Illuminate\Container\{closure}()
#5 C:\laragon\www\Payment\core\vendor\illuminate\container\BoundMethod.php(90): Illuminate\Container\Util::unwrapIfClosure(Object(Closure))
#6 C:\laragon\www\Payment\core\vendor\illuminate\container\BoundMethod.php(34): Illuminate\Container\BoundMethod::callBoundMethod(Object(Core\myvendor\defaults\application\MyApplication), Array, Object(Closure))
#7 C:\laragon\www\Payment\core\vendor\illuminate\container\Container.php(590): Illuminate\Container\BoundMethod::call(Object(Core\myvendor\defaults\application\MyApplication), Array, Array, NULL)
#8 C:\laragon\www\Payment\core\vendor\illuminate\console\Command.php(134): Illuminate\Container\Container->call(Array)
#9 C:\laragon\www\Payment\core\vendor\symfony\console\Command\Command.php(255): Illuminate\Console\Command->execute(Object(Symfony\Component\Console\Input\ArgvInput), Object(Illuminate\Console\OutputStyle))
#10 C:\laragon\www\Payment\core\vendor\illuminate\console\Command.php(121): Symfony\Component\Console\Command\Command->run(Object(Symfony\Component\Console\Input\ArgvInput), Object(Illuminate\Console\OutputStyle))
#11 C:\laragon\www\Payment\core\vendor\symfony\console\Application.php(1001): Illuminate\Console\Command->run(Object(Symfony\Component\Console\Input\ArgvInput), Object(Symfony\Component\Console\Output\ConsoleOutput))
#12 C:\laragon\www\Payment\core\vendor\symfony\console\Application.php(271): Symfony\Component\Console\Application->doRunCommand(Object(Functional\payment\scheduler\AssignPaymentScheduler), Object(Symfony\Component\Console\Input\ArgvInput), Object(Symfony\Component\Console\Output\ConsoleOutput))
#13 C:\laragon\www\Payment\core\vendor\symfony\console\Application.php(147): Symfony\Component\Console\Application->doRun(Object(Symfony\Component\Console\Input\ArgvInput), Object(Symfony\Component\Console\Output\ConsoleOutput))
#14 C:\laragon\www\Payment\core\vendor\illuminate\console\Application.php(93): Symfony\Component\Console\Application->run(Object(Symfony\Component\Console\Input\ArgvInput), Object(Symfony\Component\Console\Output\ConsoleOutput))
#15 C:\laragon\www\Payment\core\vendor\laravel\lumen-framework\src\Console\Kernel.php(115): Illuminate\Console\Application->run(Object(Symfony\Component\Console\Input\ArgvInput), Object(Symfony\Component\Console\Output\ConsoleOutput))
#16 C:\laragon\www\Payment\core\artisan(35): Laravel\Lumen\Console\Kernel->handle(Object(Symfony\Component\Console\Input\ArgvInput), Object(Symfony\Component\Console\Output\ConsoleOutput))
#17 {main} {"exception":"[object] (ErrorException(code: 0): Trying to get property 'to' of non-object at C:\\laragon\\www\\Payment\\functional\\payment\\scheduler\\AssignPaymentScheduler.php:62)
[stacktrace]
#0 C:\\laragon\\www\\Payment\\functional\\payment\\scheduler\\AssignPaymentScheduler.php(62): Laravel\\Lumen\\Application->Laravel\\Lumen\\Concerns\\{closure}(8, 'Trying to get p...', 'C:\\\\laragon\\\\www\\\\...', 62, Array)
#1 C:\\laragon\\www\\Payment\\functional\\payment\\scheduler\\AssignPaymentScheduler.php(45): Functional\\payment\\scheduler\\AssignPaymentScheduler->shouldCreatePaymentList(NULL, Object(Domain\\entities\\UserPayment))
#2 [internal function]: Functional\\payment\\scheduler\\AssignPaymentScheduler->handle()
#3 C:\\laragon\\www\\Payment\\core\\vendor\\illuminate\\container\\BoundMethod.php(32): call_user_func_array(Array, Array)
#4 C:\\laragon\\www\\Payment\\core\\vendor\\illuminate\\container\\Util.php(36): Illuminate\\Container\\BoundMethod::Illuminate\\Container\\{closure}()
#5 C:\\laragon\\www\\Payment\\core\\vendor\\illuminate\\container\\BoundMethod.php(90): Illuminate\\Container\\Util::unwrapIfClosure(Object(Closure))
#6 C:\\laragon\\www\\Payment\\core\\vendor\\illuminate\\container\\BoundMethod.php(34): Illuminate\\Container\\BoundMethod::callBoundMethod(Object(Core\\myvendor\\defaults\\application\\MyApplication), Array, Object(Closure))
#7 C:\\laragon\\www\\Payment\\core\\vendor\\illuminate\\container\\Container.php(590): Illuminate\\Container\\BoundMethod::call(Object(Core\\myvendor\\defaults\\application\\MyApplication), Array, Array, NULL)
#8 C:\\laragon\\www\\Payment\\core\\vendor\\illuminate\\console\\Command.php(134): Illuminate\\Container\\Container->call(Array)
#9 C:\\laragon\\www\\Payment\\core\\vendor\\symfony\\console\\Command\\Command.php(255): Illuminate\\Console\\Command->execute(Object(Symfony\\Component\\Console\\Input\\ArgvInput), Object(Illuminate\\Console\\OutputStyle))
#10 C:\\laragon\\www\\Payment\\core\\vendor\\illuminate\\console\\Command.php(121): Symfony\\Component\\Console\\Command\\Command->run(Object(Symfony\\Component\\Console\\Input\\ArgvInput), Object(Illuminate\\Console\\OutputStyle))
#11 C:\\laragon\\www\\Payment\\core\\vendor\\symfony\\console\\Application.php(1001): Illuminate\\Console\\Command->run(Object(Symfony\\Component\\Console\\Input\\ArgvInput), Object(Symfony\\Component\\Console\\Output\\ConsoleOutput))
#12 C:\\laragon\\www\\Payment\\core\\vendor\\symfony\\console\\Application.php(271): Symfony\\Component\\Console\\Application->doRunCommand(Object(Functional\\payment\\scheduler\\AssignPaymentScheduler), Object(Symfony\\Component\\Console\\Input\\ArgvInput), Object(Symfony\\Component\\Console\\Output\\ConsoleOutput))
#13 C:\\laragon\\www\\Payment\\core\\vendor\\symfony\\console\\Application.php(147): Symfony\\Component\\Console\\Application->doRun(Object(Symfony\\Component\\Console\\Input\\ArgvInput), Object(Symfony\\Component\\Console\\Output\\ConsoleOutput))
#14 C:\\laragon\\www\\Payment\\core\\vendor\\illuminate\\console\\Application.php(93): Symfony\\Component\\Console\\Application->run(Object(Symfony\\Component\\Console\\Input\\ArgvInput), Object(Symfony\\Component\\Console\\Output\\ConsoleOutput))
#15 C:\\laragon\\www\\Payment\\core\\vendor\\laravel\\lumen-framework\\src\\Console\\Kernel.php(115): Illuminate\\Console\\Application->run(Object(Symfony\\Component\\Console\\Input\\ArgvInput), Object(Symfony\\Component\\Console\\Output\\ConsoleOutput))
#16 C:\\laragon\\www\\Payment\\core\\artisan(35): Laravel\\Lumen\\Console\\Kernel->handle(Object(Symfony\\Component\\Console\\Input\\ArgvInput), Object(Symfony\\Component\\Console\\Output\\ConsoleOutput))
#17 {main}
"} 
[2020-05-15 01:40:18] local.ERROR: BadMethodCallException: Call to undefined method Illuminate\Database\Eloquent\Builder::order_by() in C:\laragon\www\Payment\core\vendor\illuminate\support\Traits\ForwardsCalls.php:50
Stack trace:
#0 C:\laragon\www\Payment\core\vendor\illuminate\support\Traits\ForwardsCalls.php(36): Illuminate\Database\Eloquent\Builder::throwBadMethodCallException('order_by')
#1 C:\laragon\www\Payment\core\vendor\illuminate\database\Eloquent\Builder.php(1369): Illuminate\Database\Eloquent\Builder->forwardCallTo(Object(Illuminate\Database\Query\Builder), 'order_by', Array)
#2 C:\laragon\www\Payment\functional\payment\scheduler\AssignPaymentScheduler.php(57): Illuminate\Database\Eloquent\Builder->__call('order_by', Array)
#3 C:\laragon\www\Payment\functional\payment\scheduler\AssignPaymentScheduler.php(43): Functional\payment\scheduler\AssignPaymentScheduler->shouldCreatePaymentList(6, Object(Domain\entities\UserPayment))
#4 [internal function]: Functional\payment\scheduler\AssignPaymentScheduler->handle()
#5 C:\laragon\www\Payment\core\vendor\illuminate\container\BoundMethod.php(32): call_user_func_array(Array, Array)
#6 C:\laragon\www\Payment\core\vendor\illuminate\container\Util.php(36): Illuminate\Container\BoundMethod::Illuminate\Container\{closure}()
#7 C:\laragon\www\Payment\core\vendor\illuminate\container\BoundMethod.php(90): Illuminate\Container\Util::unwrapIfClosure(Object(Closure))
#8 C:\laragon\www\Payment\core\vendor\illuminate\container\BoundMethod.php(34): Illuminate\Container\BoundMethod::callBoundMethod(Object(Core\myvendor\defaults\application\MyApplication), Array, Object(Closure))
#9 C:\laragon\www\Payment\core\vendor\illuminate\container\Container.php(590): Illuminate\Container\BoundMethod::call(Object(Core\myvendor\defaults\application\MyApplication), Array, Array, NULL)
#10 C:\laragon\www\Payment\core\vendor\illuminate\console\Command.php(134): Illuminate\Container\Container->call(Array)
#11 C:\laragon\www\Payment\core\vendor\symfony\console\Command\Command.php(255): Illuminate\Console\Command->execute(Object(Symfony\Component\Console\Input\ArgvInput), Object(Illuminate\Console\OutputStyle))
#12 C:\laragon\www\Payment\core\vendor\illuminate\console\Command.php(121): Symfony\Component\Console\Command\Command->run(Object(Symfony\Component\Console\Input\ArgvInput), Object(Illuminate\Console\OutputStyle))
#13 C:\laragon\www\Payment\core\vendor\symfony\console\Application.php(1001): Illuminate\Console\Command->run(Object(Symfony\Component\Console\Input\ArgvInput), Object(Symfony\Component\Console\Output\ConsoleOutput))
#14 C:\laragon\www\Payment\core\vendor\symfony\console\Application.php(271): Symfony\Component\Console\Application->doRunCommand(Object(Functional\payment\scheduler\AssignPaymentScheduler), Object(Symfony\Component\Console\Input\ArgvInput), Object(Symfony\Component\Console\Output\ConsoleOutput))
#15 C:\laragon\www\Payment\core\vendor\symfony\console\Application.php(147): Symfony\Component\Console\Application->doRun(Object(Symfony\Component\Console\Input\ArgvInput), Object(Symfony\Component\Console\Output\ConsoleOutput))
#16 C:\laragon\www\Payment\core\vendor\illuminate\console\Application.php(93): Symfony\Component\Console\Application->run(Object(Symfony\Component\Console\Input\ArgvInput), Object(Symfony\Component\Console\Output\ConsoleOutput))
#17 C:\laragon\www\Payment\core\vendor\laravel\lumen-framework\src\Console\Kernel.php(115): Illuminate\Console\Application->run(Object(Symfony\Component\Console\Input\ArgvInput), Object(Symfony\Component\Console\Output\ConsoleOutput))
#18 C:\laragon\www\Payment\core\artisan(35): Laravel\Lumen\Console\Kernel->handle(Object(Symfony\Component\Console\Input\ArgvInput), Object(Symfony\Component\Console\Output\ConsoleOutput))
#19 {main} {"exception":"[object] (BadMethodCallException(code: 0): Call to undefined method Illuminate\\Database\\Eloquent\\Builder::order_by() at C:\\laragon\\www\\Payment\\core\\vendor\\illuminate\\support\\Traits\\ForwardsCalls.php:50)
[stacktrace]
#0 C:\\laragon\\www\\Payment\\core\\vendor\\illuminate\\support\\Traits\\ForwardsCalls.php(36): Illuminate\\Database\\Eloquent\\Builder::throwBadMethodCallException('order_by')
#1 C:\\laragon\\www\\Payment\\core\\vendor\\illuminate\\database\\Eloquent\\Builder.php(1369): Illuminate\\Database\\Eloquent\\Builder->forwardCallTo(Object(Illuminate\\Database\\Query\\Builder), 'order_by', Array)
#2 C:\\laragon\\www\\Payment\\functional\\payment\\scheduler\\AssignPaymentScheduler.php(57): Illuminate\\Database\\Eloquent\\Builder->__call('order_by', Array)
#3 C:\\laragon\\www\\Payment\\functional\\payment\\scheduler\\AssignPaymentScheduler.php(43): Functional\\payment\\scheduler\\AssignPaymentScheduler->shouldCreatePaymentList(6, Object(Domain\\entities\\UserPayment))
#4 [internal function]: Functional\\payment\\scheduler\\AssignPaymentScheduler->handle()
#5 C:\\laragon\\www\\Payment\\core\\vendor\\illuminate\\container\\BoundMethod.php(32): call_user_func_array(Array, Array)
#6 C:\\laragon\\www\\Payment\\core\\vendor\\illuminate\\container\\Util.php(36): Illuminate\\Container\\BoundMethod::Illuminate\\Container\\{closure}()
#7 C:\\laragon\\www\\Payment\\core\\vendor\\illuminate\\container\\BoundMethod.php(90): Illuminate\\Container\\Util::unwrapIfClosure(Object(Closure))
#8 C:\\laragon\\www\\Payment\\core\\vendor\\illuminate\\container\\BoundMethod.php(34): Illuminate\\Container\\BoundMethod::callBoundMethod(Object(Core\\myvendor\\defaults\\application\\MyApplication), Array, Object(Closure))
#9 C:\\laragon\\www\\Payment\\core\\vendor\\illuminate\\container\\Container.php(590): Illuminate\\Container\\BoundMethod::call(Object(Core\\myvendor\\defaults\\application\\MyApplication), Array, Array, NULL)
#10 C:\\laragon\\www\\Payment\\core\\vendor\\illuminate\\console\\Command.php(134): Illuminate\\Container\\Container->call(Array)
#11 C:\\laragon\\www\\Payment\\core\\vendor\\symfony\\console\\Command\\Command.php(255): Illuminate\\Console\\Command->execute(Object(Symfony\\Component\\Console\\Input\\ArgvInput), Object(Illuminate\\Console\\OutputStyle))
#12 C:\\laragon\\www\\Payment\\core\\vendor\\illuminate\\console\\Command.php(121): Symfony\\Component\\Console\\Command\\Command->run(Object(Symfony\\Component\\Console\\Input\\ArgvInput), Object(Illuminate\\Console\\OutputStyle))
#13 C:\\laragon\\www\\Payment\\core\\vendor\\symfony\\console\\Application.php(1001): Illuminate\\Console\\Command->run(Object(Symfony\\Component\\Console\\Input\\ArgvInput), Object(Symfony\\Component\\Console\\Output\\ConsoleOutput))
#14 C:\\laragon\\www\\Payment\\core\\vendor\\symfony\\console\\Application.php(271): Symfony\\Component\\Console\\Application->doRunCommand(Object(Functional\\payment\\scheduler\\AssignPaymentScheduler), Object(Symfony\\Component\\Console\\Input\\ArgvInput), Object(Symfony\\Component\\Console\\Output\\ConsoleOutput))
#15 C:\\laragon\\www\\Payment\\core\\vendor\\symfony\\console\\Application.php(147): Symfony\\Component\\Console\\Application->doRun(Object(Symfony\\Component\\Console\\Input\\ArgvInput), Object(Symfony\\Component\\Console\\Output\\ConsoleOutput))
#16 C:\\laragon\\www\\Payment\\core\\vendor\\illuminate\\console\\Application.php(93): Symfony\\Component\\Console\\Application->run(Object(Symfony\\Component\\Console\\Input\\ArgvInput), Object(Symfony\\Component\\Console\\Output\\ConsoleOutput))
#17 C:\\laragon\\www\\Payment\\core\\vendor\\laravel\\lumen-framework\\src\\Console\\Kernel.php(115): Illuminate\\Console\\Application->run(Object(Symfony\\Component\\Console\\Input\\ArgvInput), Object(Symfony\\Component\\Console\\Output\\ConsoleOutput))
#18 C:\\laragon\\www\\Payment\\core\\artisan(35): Laravel\\Lumen\\Console\\Kernel->handle(Object(Symfony\\Component\\Console\\Input\\ArgvInput), Object(Symfony\\Component\\Console\\Output\\ConsoleOutput))
#19 {main}
"} 
