[2020-05-19 06:55:13] local.ERROR: Symfony\Component\Debug\Exception\FatalThrowableError: Too few arguments to function Host\controllers\PaymentController::MakePaymentPaid(), 1 passed and exactly 2 expected in C:\laragon\www\Payment\host\controllers\PaymentController.php:88
Stack trace:
#0 [internal function]: Host\controllers\PaymentController->MakePaymentPaid(Object(Laravel\Lumen\Http\Request))
#1 C:\laragon\www\Payment\core\vendor\illuminate\container\BoundMethod.php(32): call_user_func_array(Array, Array)
#2 C:\laragon\www\Payment\core\vendor\illuminate\container\Util.php(36): Illuminate\Container\BoundMethod::Illuminate\Container\{closure}()
#3 C:\laragon\www\Payment\core\vendor\illuminate\container\BoundMethod.php(90): Illuminate\Container\Util::unwrapIfClosure(Object(Closure))
#4 C:\laragon\www\Payment\core\vendor\illuminate\container\BoundMethod.php(34): Illuminate\Container\BoundMethod::callBoundMethod(Object(Core\myvendor\defaults\application\MyApplication), Array, Object(Closure))
#5 C:\laragon\www\Payment\core\vendor\illuminate\container\Container.php(590): Illuminate\Container\BoundMethod::call(Object(Core\myvendor\defaults\application\MyApplication), Array, Array, NULL)
#6 C:\laragon\www\Payment\core\vendor\laravel\lumen-framework\src\Concerns\RoutesRequests.php(376): Illuminate\Container\Container->call(Array, Array)
#7 C:\laragon\www\Payment\core\vendor\laravel\lumen-framework\src\Concerns\RoutesRequests.php(342): Laravel\Lumen\Application->callControllerCallable(Array, Array)
#8 C:\laragon\www\Payment\core\vendor\laravel\lumen-framework\src\Concerns\RoutesRequests.php(316): Laravel\Lumen\Application->callLumenController(Object(Host\controllers\PaymentController), 'MakePaymentPaid', Array)
#9 C:\laragon\www\Payment\core\vendor\laravel\lumen-framework\src\Concerns\RoutesRequests.php(278): Laravel\Lumen\Application->callControllerAction(Array)
#10 C:\laragon\www\Payment\core\vendor\laravel\lumen-framework\src\Concerns\RoutesRequests.php(258): Laravel\Lumen\Application->callActionOnArrayBasedRoute(Array)
#11 C:\laragon\www\Payment\core\vendor\laravel\lumen-framework\src\Concerns\RoutesRequests.php(416): Laravel\Lumen\Application->Laravel\Lumen\Concerns\{closure}(Object(Laravel\Lumen\Http\Request))
#12 C:\laragon\www\Payment\core\vendor\laravel\lumen-framework\src\Concerns\RoutesRequests.php(259): Laravel\Lumen\Application->sendThroughPipeline(Array, Object(Closure))
#13 C:\laragon\www\Payment\core\vendor\laravel\lumen-framework\src\Concerns\RoutesRequests.php(165): Laravel\Lumen\Application->handleFoundRoute(Array)
#14 C:\laragon\www\Payment\core\vendor\laravel\lumen-framework\src\Concerns\RoutesRequests.php(416): Laravel\Lumen\Application->Laravel\Lumen\Concerns\{closure}(Object(Laravel\Lumen\Http\Request))
#15 C:\laragon\www\Payment\core\vendor\laravel\lumen-framework\src\Concerns\RoutesRequests.php(171): Laravel\Lumen\Application->sendThroughPipeline(Array, Object(Closure))
#16 C:\laragon\www\Payment\core\myvendor\commands\AutoSwagger.php(103): Laravel\Lumen\Application->dispatch(Object(Symfony\Component\HttpFoundation\Request))
#17 C:\laragon\www\Payment\core\myvendor\commands\AutoSwagger.php(67): Core\myvendor\commands\AutoSwagger->PrepareData(Array, Object(Core\myvendor\defaults\application\MyApplication))
#18 C:\laragon\www\Payment\core\myvendor\commands\AutoSwagger.php(38): Core\myvendor\commands\AutoSwagger->getRoutes(Object(Core\myvendor\defaults\application\MyApplication))
#19 [internal function]: Core\myvendor\commands\AutoSwagger->handle()
#20 C:\laragon\www\Payment\core\vendor\illuminate\container\BoundMethod.php(32): call_user_func_array(Array, Array)
#21 C:\laragon\www\Payment\core\vendor\illuminate\container\Util.php(36): Illuminate\Container\BoundMethod::Illuminate\Container\{closure}()
#22 C:\laragon\www\Payment\core\vendor\illuminate\container\BoundMethod.php(90): Illuminate\Container\Util::unwrapIfClosure(Object(Closure))
#23 C:\laragon\www\Payment\core\vendor\illuminate\container\BoundMethod.php(34): Illuminate\Container\BoundMethod::callBoundMethod(Object(Core\myvendor\defaults\application\MyApplication), Array, Object(Closure))
#24 C:\laragon\www\Payment\core\vendor\illuminate\container\Container.php(590): Illuminate\Container\BoundMethod::call(Object(Core\myvendor\defaults\application\MyApplication), Array, Array, NULL)
#25 C:\laragon\www\Payment\core\vendor\illuminate\console\Command.php(134): Illuminate\Container\Container->call(Array)
#26 C:\laragon\www\Payment\core\vendor\symfony\console\Command\Command.php(255): Illuminate\Console\Command->execute(Object(Symfony\Component\Console\Input\ArgvInput), Object(Illuminate\Console\OutputStyle))
#27 C:\laragon\www\Payment\core\vendor\illuminate\console\Command.php(121): Symfony\Component\Console\Command\Command->run(Object(Symfony\Component\Console\Input\ArgvInput), Object(Illuminate\Console\OutputStyle))
#28 C:\laragon\www\Payment\core\vendor\symfony\console\Application.php(1001): Illuminate\Console\Command->run(Object(Symfony\Component\Console\Input\ArgvInput), Object(Symfony\Component\Console\Output\ConsoleOutput))
#29 C:\laragon\www\Payment\core\vendor\symfony\console\Application.php(271): Symfony\Component\Console\Application->doRunCommand(Object(Core\myvendor\commands\AutoSwagger), Object(Symfony\Component\Console\Input\ArgvInput), Object(Symfony\Component\Console\Output\ConsoleOutput))
#30 C:\laragon\www\Payment\core\vendor\symfony\console\Application.php(147): Symfony\Component\Console\Application->doRun(Object(Symfony\Component\Console\Input\ArgvInput), Object(Symfony\Component\Console\Output\ConsoleOutput))
#31 C:\laragon\www\Payment\core\vendor\illuminate\console\Application.php(93): Symfony\Component\Console\Application->run(Object(Symfony\Component\Console\Input\ArgvInput), Object(Symfony\Component\Console\Output\ConsoleOutput))
#32 C:\laragon\www\Payment\core\vendor\laravel\lumen-framework\src\Console\Kernel.php(115): Illuminate\Console\Application->run(Object(Symfony\Component\Console\Input\ArgvInput), Object(Symfony\Component\Console\Output\ConsoleOutput))
#33 C:\laragon\www\Payment\core\artisan(35): Laravel\Lumen\Console\Kernel->handle(Object(Symfony\Component\Console\Input\ArgvInput), Object(Symfony\Component\Console\Output\ConsoleOutput))
#34 {main} {"exception":"[object] (Symfony\\Component\\Debug\\Exception\\FatalThrowableError(code: 0): Too few arguments to function Host\\controllers\\PaymentController::MakePaymentPaid(), 1 passed and exactly 2 expected at C:\\laragon\\www\\Payment\\host\\controllers\\PaymentController.php:88)
[stacktrace]
#0 [internal function]: Host\\controllers\\PaymentController->MakePaymentPaid(Object(Laravel\\Lumen\\Http\\Request))
#1 C:\\laragon\\www\\Payment\\core\\vendor\\illuminate\\container\\BoundMethod.php(32): call_user_func_array(Array, Array)
#2 C:\\laragon\\www\\Payment\\core\\vendor\\illuminate\\container\\Util.php(36): Illuminate\\Container\\BoundMethod::Illuminate\\Container\\{closure}()
#3 C:\\laragon\\www\\Payment\\core\\vendor\\illuminate\\container\\BoundMethod.php(90): Illuminate\\Container\\Util::unwrapIfClosure(Object(Closure))
#4 C:\\laragon\\www\\Payment\\core\\vendor\\illuminate\\container\\BoundMethod.php(34): Illuminate\\Container\\BoundMethod::callBoundMethod(Object(Core\\myvendor\\defaults\\application\\MyApplication), Array, Object(Closure))
#5 C:\\laragon\\www\\Payment\\core\\vendor\\illuminate\\container\\Container.php(590): Illuminate\\Container\\BoundMethod::call(Object(Core\\myvendor\\defaults\\application\\MyApplication), Array, Array, NULL)
#6 C:\\laragon\\www\\Payment\\core\\vendor\\laravel\\lumen-framework\\src\\Concerns\\RoutesRequests.php(376): Illuminate\\Container\\Container->call(Array, Array)
#7 C:\\laragon\\www\\Payment\\core\\vendor\\laravel\\lumen-framework\\src\\Concerns\\RoutesRequests.php(342): Laravel\\Lumen\\Application->callControllerCallable(Array, Array)
#8 C:\\laragon\\www\\Payment\\core\\vendor\\laravel\\lumen-framework\\src\\Concerns\\RoutesRequests.php(316): Laravel\\Lumen\\Application->callLumenController(Object(Host\\controllers\\PaymentController), 'MakePaymentPaid', Array)
#9 C:\\laragon\\www\\Payment\\core\\vendor\\laravel\\lumen-framework\\src\\Concerns\\RoutesRequests.php(278): Laravel\\Lumen\\Application->callControllerAction(Array)
#10 C:\\laragon\\www\\Payment\\core\\vendor\\laravel\\lumen-framework\\src\\Concerns\\RoutesRequests.php(258): Laravel\\Lumen\\Application->callActionOnArrayBasedRoute(Array)
#11 C:\\laragon\\www\\Payment\\core\\vendor\\laravel\\lumen-framework\\src\\Concerns\\RoutesRequests.php(416): Laravel\\Lumen\\Application->Laravel\\Lumen\\Concerns\\{closure}(Object(Laravel\\Lumen\\Http\\Request))
#12 C:\\laragon\\www\\Payment\\core\\vendor\\laravel\\lumen-framework\\src\\Concerns\\RoutesRequests.php(259): Laravel\\Lumen\\Application->sendThroughPipeline(Array, Object(Closure))
#13 C:\\laragon\\www\\Payment\\core\\vendor\\laravel\\lumen-framework\\src\\Concerns\\RoutesRequests.php(165): Laravel\\Lumen\\Application->handleFoundRoute(Array)
#14 C:\\laragon\\www\\Payment\\core\\vendor\\laravel\\lumen-framework\\src\\Concerns\\RoutesRequests.php(416): Laravel\\Lumen\\Application->Laravel\\Lumen\\Concerns\\{closure}(Object(Laravel\\Lumen\\Http\\Request))
#15 C:\\laragon\\www\\Payment\\core\\vendor\\laravel\\lumen-framework\\src\\Concerns\\RoutesRequests.php(171): Laravel\\Lumen\\Application->sendThroughPipeline(Array, Object(Closure))
#16 C:\\laragon\\www\\Payment\\core\\myvendor\\commands\\AutoSwagger.php(103): Laravel\\Lumen\\Application->dispatch(Object(Symfony\\Component\\HttpFoundation\\Request))
#17 C:\\laragon\\www\\Payment\\core\\myvendor\\commands\\AutoSwagger.php(67): Core\\myvendor\\commands\\AutoSwagger->PrepareData(Array, Object(Core\\myvendor\\defaults\\application\\MyApplication))
#18 C:\\laragon\\www\\Payment\\core\\myvendor\\commands\\AutoSwagger.php(38): Core\\myvendor\\commands\\AutoSwagger->getRoutes(Object(Core\\myvendor\\defaults\\application\\MyApplication))
#19 [internal function]: Core\\myvendor\\commands\\AutoSwagger->handle()
#20 C:\\laragon\\www\\Payment\\core\\vendor\\illuminate\\container\\BoundMethod.php(32): call_user_func_array(Array, Array)
#21 C:\\laragon\\www\\Payment\\core\\vendor\\illuminate\\container\\Util.php(36): Illuminate\\Container\\BoundMethod::Illuminate\\Container\\{closure}()
#22 C:\\laragon\\www\\Payment\\core\\vendor\\illuminate\\container\\BoundMethod.php(90): Illuminate\\Container\\Util::unwrapIfClosure(Object(Closure))
#23 C:\\laragon\\www\\Payment\\core\\vendor\\illuminate\\container\\BoundMethod.php(34): Illuminate\\Container\\BoundMethod::callBoundMethod(Object(Core\\myvendor\\defaults\\application\\MyApplication), Array, Object(Closure))
#24 C:\\laragon\\www\\Payment\\core\\vendor\\illuminate\\container\\Container.php(590): Illuminate\\Container\\BoundMethod::call(Object(Core\\myvendor\\defaults\\application\\MyApplication), Array, Array, NULL)
#25 C:\\laragon\\www\\Payment\\core\\vendor\\illuminate\\console\\Command.php(134): Illuminate\\Container\\Container->call(Array)
#26 C:\\laragon\\www\\Payment\\core\\vendor\\symfony\\console\\Command\\Command.php(255): Illuminate\\Console\\Command->execute(Object(Symfony\\Component\\Console\\Input\\ArgvInput), Object(Illuminate\\Console\\OutputStyle))
#27 C:\\laragon\\www\\Payment\\core\\vendor\\illuminate\\console\\Command.php(121): Symfony\\Component\\Console\\Command\\Command->run(Object(Symfony\\Component\\Console\\Input\\ArgvInput), Object(Illuminate\\Console\\OutputStyle))
#28 C:\\laragon\\www\\Payment\\core\\vendor\\symfony\\console\\Application.php(1001): Illuminate\\Console\\Command->run(Object(Symfony\\Component\\Console\\Input\\ArgvInput), Object(Symfony\\Component\\Console\\Output\\ConsoleOutput))
#29 C:\\laragon\\www\\Payment\\core\\vendor\\symfony\\console\\Application.php(271): Symfony\\Component\\Console\\Application->doRunCommand(Object(Core\\myvendor\\commands\\AutoSwagger), Object(Symfony\\Component\\Console\\Input\\ArgvInput), Object(Symfony\\Component\\Console\\Output\\ConsoleOutput))
#30 C:\\laragon\\www\\Payment\\core\\vendor\\symfony\\console\\Application.php(147): Symfony\\Component\\Console\\Application->doRun(Object(Symfony\\Component\\Console\\Input\\ArgvInput), Object(Symfony\\Component\\Console\\Output\\ConsoleOutput))
#31 C:\\laragon\\www\\Payment\\core\\vendor\\illuminate\\console\\Application.php(93): Symfony\\Component\\Console\\Application->run(Object(Symfony\\Component\\Console\\Input\\ArgvInput), Object(Symfony\\Component\\Console\\Output\\ConsoleOutput))
#32 C:\\laragon\\www\\Payment\\core\\vendor\\laravel\\lumen-framework\\src\\Console\\Kernel.php(115): Illuminate\\Console\\Application->run(Object(Symfony\\Component\\Console\\Input\\ArgvInput), Object(Symfony\\Component\\Console\\Output\\ConsoleOutput))
#33 C:\\laragon\\www\\Payment\\core\\artisan(35): Laravel\\Lumen\\Console\\Kernel->handle(Object(Symfony\\Component\\Console\\Input\\ArgvInput), Object(Symfony\\Component\\Console\\Output\\ConsoleOutput))
#34 {main}
"} 
[2020-05-19 06:55:14] local.ERROR: ErrorException: array_keys() expects parameter 1 to be array, null given in C:\laragon\www\Payment\core\myvendor\functions\swagger\SwaggerFactory.php:26
Stack trace:
#0 [internal function]: Laravel\Lumen\Application->Laravel\Lumen\Concerns\{closure}(2, 'array_keys() ex...', 'C:\\laragon\\www\\...', 26, Array)
#1 C:\laragon\www\Payment\core\myvendor\functions\swagger\SwaggerFactory.php(26): array_keys(NULL)
#2 C:\laragon\www\Payment\core\myvendor\commands\AutoSwagger.php(141): Core\myvendor\functions\swagger\SwaggerFactory->Handler(NULL, Array, 500, Object(Core\myvendor\commands\AutoSwagger))
#3 C:\laragon\www\Payment\core\myvendor\commands\AutoSwagger.php(105): Core\myvendor\commands\AutoSwagger->SendDataToHandler(NULL, Array, 500)
#4 C:\laragon\www\Payment\core\myvendor\commands\AutoSwagger.php(67): Core\myvendor\commands\AutoSwagger->PrepareData(Array, Object(Core\myvendor\defaults\application\MyApplication))
#5 C:\laragon\www\Payment\core\myvendor\commands\AutoSwagger.php(38): Core\myvendor\commands\AutoSwagger->getRoutes(Object(Core\myvendor\defaults\application\MyApplication))
#6 [internal function]: Core\myvendor\commands\AutoSwagger->handle()
#7 C:\laragon\www\Payment\core\vendor\illuminate\container\BoundMethod.php(32): call_user_func_array(Array, Array)
#8 C:\laragon\www\Payment\core\vendor\illuminate\container\Util.php(36): Illuminate\Container\BoundMethod::Illuminate\Container\{closure}()
#9 C:\laragon\www\Payment\core\vendor\illuminate\container\BoundMethod.php(90): Illuminate\Container\Util::unwrapIfClosure(Object(Closure))
#10 C:\laragon\www\Payment\core\vendor\illuminate\container\BoundMethod.php(34): Illuminate\Container\BoundMethod::callBoundMethod(Object(Core\myvendor\defaults\application\MyApplication), Array, Object(Closure))
#11 C:\laragon\www\Payment\core\vendor\illuminate\container\Container.php(590): Illuminate\Container\BoundMethod::call(Object(Core\myvendor\defaults\application\MyApplication), Array, Array, NULL)
#12 C:\laragon\www\Payment\core\vendor\illuminate\console\Command.php(134): Illuminate\Container\Container->call(Array)
#13 C:\laragon\www\Payment\core\vendor\symfony\console\Command\Command.php(255): Illuminate\Console\Command->execute(Object(Symfony\Component\Console\Input\ArgvInput), Object(Illuminate\Console\OutputStyle))
#14 C:\laragon\www\Payment\core\vendor\illuminate\console\Command.php(121): Symfony\Component\Console\Command\Command->run(Object(Symfony\Component\Console\Input\ArgvInput), Object(Illuminate\Console\OutputStyle))
#15 C:\laragon\www\Payment\core\vendor\symfony\console\Application.php(1001): Illuminate\Console\Command->run(Object(Symfony\Component\Console\Input\ArgvInput), Object(Symfony\Component\Console\Output\ConsoleOutput))
#16 C:\laragon\www\Payment\core\vendor\symfony\console\Application.php(271): Symfony\Component\Console\Application->doRunCommand(Object(Core\myvendor\commands\AutoSwagger), Object(Symfony\Component\Console\Input\ArgvInput), Object(Symfony\Component\Console\Output\ConsoleOutput))
#17 C:\laragon\www\Payment\core\vendor\symfony\console\Application.php(147): Symfony\Component\Console\Application->doRun(Object(Symfony\Component\Console\Input\ArgvInput), Object(Symfony\Component\Console\Output\ConsoleOutput))
#18 C:\laragon\www\Payment\core\vendor\illuminate\console\Application.php(93): Symfony\Component\Console\Application->run(Object(Symfony\Component\Console\Input\ArgvInput), Object(Symfony\Component\Console\Output\ConsoleOutput))
#19 C:\laragon\www\Payment\core\vendor\laravel\lumen-framework\src\Console\Kernel.php(115): Illuminate\Console\Application->run(Object(Symfony\Component\Console\Input\ArgvInput), Object(Symfony\Component\Console\Output\ConsoleOutput))
#20 C:\laragon\www\Payment\core\artisan(35): Laravel\Lumen\Console\Kernel->handle(Object(Symfony\Component\Console\Input\ArgvInput), Object(Symfony\Component\Console\Output\ConsoleOutput))
#21 {main} {"exception":"[object] (ErrorException(code: 0): array_keys() expects parameter 1 to be array, null given at C:\\laragon\\www\\Payment\\core\\myvendor\\functions\\swagger\\SwaggerFactory.php:26)
[stacktrace]
#0 [internal function]: Laravel\\Lumen\\Application->Laravel\\Lumen\\Concerns\\{closure}(2, 'array_keys() ex...', 'C:\\\\laragon\\\\www\\\\...', 26, Array)
#1 C:\\laragon\\www\\Payment\\core\\myvendor\\functions\\swagger\\SwaggerFactory.php(26): array_keys(NULL)
#2 C:\\laragon\\www\\Payment\\core\\myvendor\\commands\\AutoSwagger.php(141): Core\\myvendor\\functions\\swagger\\SwaggerFactory->Handler(NULL, Array, 500, Object(Core\\myvendor\\commands\\AutoSwagger))
#3 C:\\laragon\\www\\Payment\\core\\myvendor\\commands\\AutoSwagger.php(105): Core\\myvendor\\commands\\AutoSwagger->SendDataToHandler(NULL, Array, 500)
#4 C:\\laragon\\www\\Payment\\core\\myvendor\\commands\\AutoSwagger.php(67): Core\\myvendor\\commands\\AutoSwagger->PrepareData(Array, Object(Core\\myvendor\\defaults\\application\\MyApplication))
#5 C:\\laragon\\www\\Payment\\core\\myvendor\\commands\\AutoSwagger.php(38): Core\\myvendor\\commands\\AutoSwagger->getRoutes(Object(Core\\myvendor\\defaults\\application\\MyApplication))
#6 [internal function]: Core\\myvendor\\commands\\AutoSwagger->handle()
#7 C:\\laragon\\www\\Payment\\core\\vendor\\illuminate\\container\\BoundMethod.php(32): call_user_func_array(Array, Array)
#8 C:\\laragon\\www\\Payment\\core\\vendor\\illuminate\\container\\Util.php(36): Illuminate\\Container\\BoundMethod::Illuminate\\Container\\{closure}()
#9 C:\\laragon\\www\\Payment\\core\\vendor\\illuminate\\container\\BoundMethod.php(90): Illuminate\\Container\\Util::unwrapIfClosure(Object(Closure))
#10 C:\\laragon\\www\\Payment\\core\\vendor\\illuminate\\container\\BoundMethod.php(34): Illuminate\\Container\\BoundMethod::callBoundMethod(Object(Core\\myvendor\\defaults\\application\\MyApplication), Array, Object(Closure))
#11 C:\\laragon\\www\\Payment\\core\\vendor\\illuminate\\container\\Container.php(590): Illuminate\\Container\\BoundMethod::call(Object(Core\\myvendor\\defaults\\application\\MyApplication), Array, Array, NULL)
#12 C:\\laragon\\www\\Payment\\core\\vendor\\illuminate\\console\\Command.php(134): Illuminate\\Container\\Container->call(Array)
#13 C:\\laragon\\www\\Payment\\core\\vendor\\symfony\\console\\Command\\Command.php(255): Illuminate\\Console\\Command->execute(Object(Symfony\\Component\\Console\\Input\\ArgvInput), Object(Illuminate\\Console\\OutputStyle))
#14 C:\\laragon\\www\\Payment\\core\\vendor\\illuminate\\console\\Command.php(121): Symfony\\Component\\Console\\Command\\Command->run(Object(Symfony\\Component\\Console\\Input\\ArgvInput), Object(Illuminate\\Console\\OutputStyle))
#15 C:\\laragon\\www\\Payment\\core\\vendor\\symfony\\console\\Application.php(1001): Illuminate\\Console\\Command->run(Object(Symfony\\Component\\Console\\Input\\ArgvInput), Object(Symfony\\Component\\Console\\Output\\ConsoleOutput))
#16 C:\\laragon\\www\\Payment\\core\\vendor\\symfony\\console\\Application.php(271): Symfony\\Component\\Console\\Application->doRunCommand(Object(Core\\myvendor\\commands\\AutoSwagger), Object(Symfony\\Component\\Console\\Input\\ArgvInput), Object(Symfony\\Component\\Console\\Output\\ConsoleOutput))
#17 C:\\laragon\\www\\Payment\\core\\vendor\\symfony\\console\\Application.php(147): Symfony\\Component\\Console\\Application->doRun(Object(Symfony\\Component\\Console\\Input\\ArgvInput), Object(Symfony\\Component\\Console\\Output\\ConsoleOutput))
#18 C:\\laragon\\www\\Payment\\core\\vendor\\illuminate\\console\\Application.php(93): Symfony\\Component\\Console\\Application->run(Object(Symfony\\Component\\Console\\Input\\ArgvInput), Object(Symfony\\Component\\Console\\Output\\ConsoleOutput))
#19 C:\\laragon\\www\\Payment\\core\\vendor\\laravel\\lumen-framework\\src\\Console\\Kernel.php(115): Illuminate\\Console\\Application->run(Object(Symfony\\Component\\Console\\Input\\ArgvInput), Object(Symfony\\Component\\Console\\Output\\ConsoleOutput))
#20 C:\\laragon\\www\\Payment\\core\\artisan(35): Laravel\\Lumen\\Console\\Kernel->handle(Object(Symfony\\Component\\Console\\Input\\ArgvInput), Object(Symfony\\Component\\Console\\Output\\ConsoleOutput))
#21 {main}
"} 
