[2020-03-15 19:00:59] local.ERROR: Symfony\Component\Debug\Exception\FatalThrowableError: syntax error, unexpected 'IPort' (T_STRING), expecting function (T_FUNCTION) or const (T_CONST) in C:\Projects\ALBERTI\CoreService\core\container\port\setup\CallPort.php:7
Stack trace:
#0 C:\Projects\ALBERTI\CoreService\core\vendor\composer\ClassLoader.php(322): Composer\Autoload\includeFile('C:\\Projects\\ALB...')
#1 [internal function]: Composer\Autoload\ClassLoader->loadClass('Core\\container\\...')
#2 C:\Projects\ALBERTI\CoreService\core\container\bootstrap\app.php(24): spl_autoload_call('Core\\container\\...')
#3 C:\Projects\ALBERTI\CoreService\core\artisan(18): require('C:\\Projects\\ALB...')
#4 {main} {"exception":"[object] (Symfony\\Component\\Debug\\Exception\\FatalThrowableError(code: 0): syntax error, unexpected 'IPort' (T_STRING), expecting function (T_FUNCTION) or const (T_CONST) at C:\\Projects\\ALBERTI\\CoreService\\core\\container\\port\\setup\\CallPort.php:7)
[stacktrace]
#0 C:\\Projects\\ALBERTI\\CoreService\\core\\vendor\\composer\\ClassLoader.php(322): Composer\\Autoload\\includeFile('C:\\\\Projects\\\\ALB...')
#1 [internal function]: Composer\\Autoload\\ClassLoader->loadClass('Core\\\\container\\\\...')
#2 C:\\Projects\\ALBERTI\\CoreService\\core\\container\\bootstrap\\app.php(24): spl_autoload_call('Core\\\\container\\\\...')
#3 C:\\Projects\\ALBERTI\\CoreService\\core\\artisan(18): require('C:\\\\Projects\\\\ALB...')
#4 {main}
"} 
[2020-03-15 19:01:37] local.ERROR: PDOException: SQLSTATE[HY000] [1049] Unknown database 'core_service' in C:\Projects\ALBERTI\CoreService\core\vendor\illuminate\database\Connectors\Connector.php:70
Stack trace:
#0 C:\Projects\ALBERTI\CoreService\core\vendor\illuminate\database\Connectors\Connector.php(70): PDO->__construct('mysql:host=127....', 'root', '', Array)
#1 C:\Projects\ALBERTI\CoreService\core\vendor\illuminate\database\Connectors\Connector.php(46): Illuminate\Database\Connectors\Connector->createPdoConnection('mysql:host=127....', 'root', '', Array)
#2 C:\Projects\ALBERTI\CoreService\core\vendor\illuminate\database\Connectors\MySqlConnector.php(24): Illuminate\Database\Connectors\Connector->createConnection('mysql:host=127....', Array, Array)
#3 C:\Projects\ALBERTI\CoreService\core\vendor\illuminate\database\Connectors\ConnectionFactory.php(182): Illuminate\Database\Connectors\MySqlConnector->connect(Array)
#4 [internal function]: Illuminate\Database\Connectors\ConnectionFactory->Illuminate\Database\Connectors\{closure}()
#5 C:\Projects\ALBERTI\CoreService\core\vendor\illuminate\database\Connection.php(924): call_user_func(Object(Closure))
#6 C:\Projects\ALBERTI\CoreService\core\vendor\illuminate\database\Connection.php(959): Illuminate\Database\Connection->getPdo()
#7 C:\Projects\ALBERTI\CoreService\core\vendor\illuminate\database\Connection.php(404): Illuminate\Database\Connection->getReadPdo()
#8 C:\Projects\ALBERTI\CoreService\core\vendor\illuminate\database\Connection.php(330): Illuminate\Database\Connection->getPdoForSelect(true)
#9 C:\Projects\ALBERTI\CoreService\core\vendor\illuminate\database\Connection.php(662): Illuminate\Database\Connection->Illuminate\Database\{closure}('SHOW FULL TABLE...', Array)
#10 C:\Projects\ALBERTI\CoreService\core\vendor\illuminate\database\Connection.php(629): Illuminate\Database\Connection->runQueryCallback('SHOW FULL TABLE...', Array, Object(Closure))
#11 C:\Projects\ALBERTI\CoreService\core\vendor\illuminate\database\Connection.php(338): Illuminate\Database\Connection->run('SHOW FULL TABLE...', Array, Object(Closure))
#12 C:\Projects\ALBERTI\CoreService\core\vendor\illuminate\database\Schema\MySqlBuilder.php(99): Illuminate\Database\Connection->select('SHOW FULL TABLE...')
#13 C:\Projects\ALBERTI\CoreService\core\vendor\illuminate\database\Schema\MySqlBuilder.php(48): Illuminate\Database\Schema\MySqlBuilder->getAllTables()
#14 C:\Projects\ALBERTI\CoreService\core\vendor\illuminate\database\Console\WipeCommand.php(67): Illuminate\Database\Schema\MySqlBuilder->dropAllTables()
#15 C:\Projects\ALBERTI\CoreService\core\vendor\illuminate\database\Console\WipeCommand.php(46): Illuminate\Database\Console\WipeCommand->dropAllTables(NULL)
#16 [internal function]: Illuminate\Database\Console\WipeCommand->handle()
#17 C:\Projects\ALBERTI\CoreService\core\vendor\illuminate\container\BoundMethod.php(32): call_user_func_array(Array, Array)
#18 C:\Projects\ALBERTI\CoreService\core\vendor\illuminate\container\Util.php(36): Illuminate\Container\BoundMethod::Illuminate\Container\{closure}()
#19 C:\Projects\ALBERTI\CoreService\core\vendor\illuminate\container\BoundMethod.php(90): Illuminate\Container\Util::unwrapIfClosure(Object(Closure))
#20 C:\Projects\ALBERTI\CoreService\core\vendor\illuminate\container\BoundMethod.php(34): Illuminate\Container\BoundMethod::callBoundMethod(Object(Core\myvendor\defaults\application\MyApplication), Array, Object(Closure))
#21 C:\Projects\ALBERTI\CoreService\core\vendor\illuminate\container\Container.php(590): Illuminate\Container\BoundMethod::call(Object(Core\myvendor\defaults\application\MyApplication), Array, Array, NULL)
#22 C:\Projects\ALBERTI\CoreService\core\vendor\illuminate\console\Command.php(201): Illuminate\Container\Container->call(Array)
#23 C:\Projects\ALBERTI\CoreService\core\vendor\symfony\console\Command\Command.php(255): Illuminate\Console\Command->execute(Object(Symfony\Component\Console\Input\ArrayInput), Object(Illuminate\Console\OutputStyle))
#24 C:\Projects\ALBERTI\CoreService\core\vendor\illuminate\console\Command.php(188): Symfony\Component\Console\Command\Command->run(Object(Symfony\Component\Console\Input\ArrayInput), Object(Illuminate\Console\OutputStyle))
#25 C:\Projects\ALBERTI\CoreService\core\vendor\illuminate\console\Concerns\CallsCommands.php(56): Illuminate\Console\Command->run(Object(Symfony\Component\Console\Input\ArrayInput), Object(Illuminate\Console\OutputStyle))
#26 C:\Projects\ALBERTI\CoreService\core\vendor\illuminate\console\Concerns\CallsCommands.php(28): Illuminate\Console\Command->runCommand('db:wipe', Array, Object(Illuminate\Console\OutputStyle))
#27 C:\Projects\ALBERTI\CoreService\core\vendor\illuminate\database\Console\Migrations\FreshCommand.php(41): Illuminate\Console\Command->call('db:wipe', Array)
#28 [internal function]: Illuminate\Database\Console\Migrations\FreshCommand->handle()
#29 C:\Projects\ALBERTI\CoreService\core\vendor\illuminate\container\BoundMethod.php(32): call_user_func_array(Array, Array)
#30 C:\Projects\ALBERTI\CoreService\core\vendor\illuminate\container\Util.php(36): Illuminate\Container\BoundMethod::Illuminate\Container\{closure}()
#31 C:\Projects\ALBERTI\CoreService\core\vendor\illuminate\container\BoundMethod.php(90): Illuminate\Container\Util::unwrapIfClosure(Object(Closure))
#32 C:\Projects\ALBERTI\CoreService\core\vendor\illuminate\container\BoundMethod.php(34): Illuminate\Container\BoundMethod::callBoundMethod(Object(Core\myvendor\defaults\application\MyApplication), Array, Object(Closure))
#33 C:\Projects\ALBERTI\CoreService\core\vendor\illuminate\container\Container.php(590): Illuminate\Container\BoundMethod::call(Object(Core\myvendor\defaults\application\MyApplication), Array, Array, NULL)
#34 C:\Projects\ALBERTI\CoreService\core\vendor\illuminate\console\Command.php(201): Illuminate\Container\Container->call(Array)
#35 C:\Projects\ALBERTI\CoreService\core\vendor\symfony\console\Command\Command.php(255): Illuminate\Console\Command->execute(Object(Symfony\Component\Console\Input\ArgvInput), Object(Illuminate\Console\OutputStyle))
#36 C:\Projects\ALBERTI\CoreService\core\vendor\illuminate\console\Command.php(188): Symfony\Component\Console\Command\Command->run(Object(Symfony\Component\Console\Input\ArgvInput), Object(Illuminate\Console\OutputStyle))
#37 C:\Projects\ALBERTI\CoreService\core\vendor\symfony\console\Application.php(1012): Illuminate\Console\Command->run(Object(Symfony\Component\Console\Input\ArgvInput), Object(Symfony\Component\Console\Output\ConsoleOutput))
#38 C:\Projects\ALBERTI\CoreService\core\vendor\symfony\console\Application.php(272): Symfony\Component\Console\Application->doRunCommand(Object(Illuminate\Database\Console\Migrations\FreshCommand), Object(Symfony\Component\Console\Input\ArgvInput), Object(Symfony\Component\Console\Output\ConsoleOutput))
#39 C:\Projects\ALBERTI\CoreService\core\vendor\symfony\console\Application.php(148): Symfony\Component\Console\Application->doRun(Object(Symfony\Component\Console\Input\ArgvInput), Object(Symfony\Component\Console\Output\ConsoleOutput))
#40 C:\Projects\ALBERTI\CoreService\core\vendor\illuminate\console\Application.php(93): Symfony\Component\Console\Application->run(Object(Symfony\Component\Console\Input\ArgvInput), Object(Symfony\Component\Console\Output\ConsoleOutput))
#41 C:\Projects\ALBERTI\CoreService\core\vendor\laravel\lumen-framework\src\Console\Kernel.php(115): Illuminate\Console\Application->run(Object(Symfony\Component\Console\Input\ArgvInput), Object(Symfony\Component\Console\Output\ConsoleOutput))
#42 C:\Projects\ALBERTI\CoreService\core\artisan(35): Laravel\Lumen\Console\Kernel->handle(Object(Symfony\Component\Console\Input\ArgvInput), Object(Symfony\Component\Console\Output\ConsoleOutput))
#43 {main}

Next Illuminate\Database\QueryException: SQLSTATE[HY000] [1049] Unknown database 'core_service' (SQL: SHOW FULL TABLES WHERE table_type = 'BASE TABLE') in C:\Projects\ALBERTI\CoreService\core\vendor\illuminate\database\Connection.php:669
Stack trace:
#0 C:\Projects\ALBERTI\CoreService\core\vendor\illuminate\database\Connection.php(629): Illuminate\Database\Connection->runQueryCallback('SHOW FULL TABLE...', Array, Object(Closure))
#1 C:\Projects\ALBERTI\CoreService\core\vendor\illuminate\database\Connection.php(338): Illuminate\Database\Connection->run('SHOW FULL TABLE...', Array, Object(Closure))
#2 C:\Projects\ALBERTI\CoreService\core\vendor\illuminate\database\Schema\MySqlBuilder.php(99): Illuminate\Database\Connection->select('SHOW FULL TABLE...')
#3 C:\Projects\ALBERTI\CoreService\core\vendor\illuminate\database\Schema\MySqlBuilder.php(48): Illuminate\Database\Schema\MySqlBuilder->getAllTables()
#4 C:\Projects\ALBERTI\CoreService\core\vendor\illuminate\database\Console\WipeCommand.php(67): Illuminate\Database\Schema\MySqlBuilder->dropAllTables()
#5 C:\Projects\ALBERTI\CoreService\core\vendor\illuminate\database\Console\WipeCommand.php(46): Illuminate\Database\Console\WipeCommand->dropAllTables(NULL)
#6 [internal function]: Illuminate\Database\Console\WipeCommand->handle()
#7 C:\Projects\ALBERTI\CoreService\core\vendor\illuminate\container\BoundMethod.php(32): call_user_func_array(Array, Array)
#8 C:\Projects\ALBERTI\CoreService\core\vendor\illuminate\container\Util.php(36): Illuminate\Container\BoundMethod::Illuminate\Container\{closure}()
#9 C:\Projects\ALBERTI\CoreService\core\vendor\illuminate\container\BoundMethod.php(90): Illuminate\Container\Util::unwrapIfClosure(Object(Closure))
#10 C:\Projects\ALBERTI\CoreService\core\vendor\illuminate\container\BoundMethod.php(34): Illuminate\Container\BoundMethod::callBoundMethod(Object(Core\myvendor\defaults\application\MyApplication), Array, Object(Closure))
#11 C:\Projects\ALBERTI\CoreService\core\vendor\illuminate\container\Container.php(590): Illuminate\Container\BoundMethod::call(Object(Core\myvendor\defaults\application\MyApplication), Array, Array, NULL)
#12 C:\Projects\ALBERTI\CoreService\core\vendor\illuminate\console\Command.php(201): Illuminate\Container\Container->call(Array)
#13 C:\Projects\ALBERTI\CoreService\core\vendor\symfony\console\Command\Command.php(255): Illuminate\Console\Command->execute(Object(Symfony\Component\Console\Input\ArrayInput), Object(Illuminate\Console\OutputStyle))
#14 C:\Projects\ALBERTI\CoreService\core\vendor\illuminate\console\Command.php(188): Symfony\Component\Console\Command\Command->run(Object(Symfony\Component\Console\Input\ArrayInput), Object(Illuminate\Console\OutputStyle))
#15 C:\Projects\ALBERTI\CoreService\core\vendor\illuminate\console\Concerns\CallsCommands.php(56): Illuminate\Console\Command->run(Object(Symfony\Component\Console\Input\ArrayInput), Object(Illuminate\Console\OutputStyle))
#16 C:\Projects\ALBERTI\CoreService\core\vendor\illuminate\console\Concerns\CallsCommands.php(28): Illuminate\Console\Command->runCommand('db:wipe', Array, Object(Illuminate\Console\OutputStyle))
#17 C:\Projects\ALBERTI\CoreService\core\vendor\illuminate\database\Console\Migrations\FreshCommand.php(41): Illuminate\Console\Command->call('db:wipe', Array)
#18 [internal function]: Illuminate\Database\Console\Migrations\FreshCommand->handle()
#19 C:\Projects\ALBERTI\CoreService\core\vendor\illuminate\container\BoundMethod.php(32): call_user_func_array(Array, Array)
#20 C:\Projects\ALBERTI\CoreService\core\vendor\illuminate\container\Util.php(36): Illuminate\Container\BoundMethod::Illuminate\Container\{closure}()
#21 C:\Projects\ALBERTI\CoreService\core\vendor\illuminate\container\BoundMethod.php(90): Illuminate\Container\Util::unwrapIfClosure(Object(Closure))
#22 C:\Projects\ALBERTI\CoreService\core\vendor\illuminate\container\BoundMethod.php(34): Illuminate\Container\BoundMethod::callBoundMethod(Object(Core\myvendor\defaults\application\MyApplication), Array, Object(Closure))
#23 C:\Projects\ALBERTI\CoreService\core\vendor\illuminate\container\Container.php(590): Illuminate\Container\BoundMethod::call(Object(Core\myvendor\defaults\application\MyApplication), Array, Array, NULL)
#24 C:\Projects\ALBERTI\CoreService\core\vendor\illuminate\console\Command.php(201): Illuminate\Container\Container->call(Array)
#25 C:\Projects\ALBERTI\CoreService\core\vendor\symfony\console\Command\Command.php(255): Illuminate\Console\Command->execute(Object(Symfony\Component\Console\Input\ArgvInput), Object(Illuminate\Console\OutputStyle))
#26 C:\Projects\ALBERTI\CoreService\core\vendor\illuminate\console\Command.php(188): Symfony\Component\Console\Command\Command->run(Object(Symfony\Component\Console\Input\ArgvInput), Object(Illuminate\Console\OutputStyle))
#27 C:\Projects\ALBERTI\CoreService\core\vendor\symfony\console\Application.php(1012): Illuminate\Console\Command->run(Object(Symfony\Component\Console\Input\ArgvInput), Object(Symfony\Component\Console\Output\ConsoleOutput))
#28 C:\Projects\ALBERTI\CoreService\core\vendor\symfony\console\Application.php(272): Symfony\Component\Console\Application->doRunCommand(Object(Illuminate\Database\Console\Migrations\FreshCommand), Object(Symfony\Component\Console\Input\ArgvInput), Object(Symfony\Component\Console\Output\ConsoleOutput))
#29 C:\Projects\ALBERTI\CoreService\core\vendor\symfony\console\Application.php(148): Symfony\Component\Console\Application->doRun(Object(Symfony\Component\Console\Input\ArgvInput), Object(Symfony\Component\Console\Output\ConsoleOutput))
#30 C:\Projects\ALBERTI\CoreService\core\vendor\illuminate\console\Application.php(93): Symfony\Component\Console\Application->run(Object(Symfony\Component\Console\Input\ArgvInput), Object(Symfony\Component\Console\Output\ConsoleOutput))
#31 C:\Projects\ALBERTI\CoreService\core\vendor\laravel\lumen-framework\src\Console\Kernel.php(115): Illuminate\Console\Application->run(Object(Symfony\Component\Console\Input\ArgvInput), Object(Symfony\Component\Console\Output\ConsoleOutput))
#32 C:\Projects\ALBERTI\CoreService\core\artisan(35): Laravel\Lumen\Console\Kernel->handle(Object(Symfony\Component\Console\Input\ArgvInput), Object(Symfony\Component\Console\Output\ConsoleOutput))
#33 {main} {"exception":"[object] (Illuminate\\Database\\QueryException(code: 1049): SQLSTATE[HY000] [1049] Unknown database 'core_service' (SQL: SHOW FULL TABLES WHERE table_type = 'BASE TABLE') at C:\\Projects\\ALBERTI\\CoreService\\core\\vendor\\illuminate\\database\\Connection.php:669)
[stacktrace]
#0 C:\\Projects\\ALBERTI\\CoreService\\core\\vendor\\illuminate\\database\\Connection.php(629): Illuminate\\Database\\Connection->runQueryCallback('SHOW FULL TABLE...', Array, Object(Closure))
#1 C:\\Projects\\ALBERTI\\CoreService\\core\\vendor\\illuminate\\database\\Connection.php(338): Illuminate\\Database\\Connection->run('SHOW FULL TABLE...', Array, Object(Closure))
#2 C:\\Projects\\ALBERTI\\CoreService\\core\\vendor\\illuminate\\database\\Schema\\MySqlBuilder.php(99): Illuminate\\Database\\Connection->select('SHOW FULL TABLE...')
#3 C:\\Projects\\ALBERTI\\CoreService\\core\\vendor\\illuminate\\database\\Schema\\MySqlBuilder.php(48): Illuminate\\Database\\Schema\\MySqlBuilder->getAllTables()
#4 C:\\Projects\\ALBERTI\\CoreService\\core\\vendor\\illuminate\\database\\Console\\WipeCommand.php(67): Illuminate\\Database\\Schema\\MySqlBuilder->dropAllTables()
#5 C:\\Projects\\ALBERTI\\CoreService\\core\\vendor\\illuminate\\database\\Console\\WipeCommand.php(46): Illuminate\\Database\\Console\\WipeCommand->dropAllTables(NULL)
#6 [internal function]: Illuminate\\Database\\Console\\WipeCommand->handle()
#7 C:\\Projects\\ALBERTI\\CoreService\\core\\vendor\\illuminate\\container\\BoundMethod.php(32): call_user_func_array(Array, Array)
#8 C:\\Projects\\ALBERTI\\CoreService\\core\\vendor\\illuminate\\container\\Util.php(36): Illuminate\\Container\\BoundMethod::Illuminate\\Container\\{closure}()
#9 C:\\Projects\\ALBERTI\\CoreService\\core\\vendor\\illuminate\\container\\BoundMethod.php(90): Illuminate\\Container\\Util::unwrapIfClosure(Object(Closure))
#10 C:\\Projects\\ALBERTI\\CoreService\\core\\vendor\\illuminate\\container\\BoundMethod.php(34): Illuminate\\Container\\BoundMethod::callBoundMethod(Object(Core\\myvendor\\defaults\\application\\MyApplication), Array, Object(Closure))
#11 C:\\Projects\\ALBERTI\\CoreService\\core\\vendor\\illuminate\\container\\Container.php(590): Illuminate\\Container\\BoundMethod::call(Object(Core\\myvendor\\defaults\\application\\MyApplication), Array, Array, NULL)
#12 C:\\Projects\\ALBERTI\\CoreService\\core\\vendor\\illuminate\\console\\Command.php(201): Illuminate\\Container\\Container->call(Array)
#13 C:\\Projects\\ALBERTI\\CoreService\\core\\vendor\\symfony\\console\\Command\\Command.php(255): Illuminate\\Console\\Command->execute(Object(Symfony\\Component\\Console\\Input\\ArrayInput), Object(Illuminate\\Console\\OutputStyle))
#14 C:\\Projects\\ALBERTI\\CoreService\\core\\vendor\\illuminate\\console\\Command.php(188): Symfony\\Component\\Console\\Command\\Command->run(Object(Symfony\\Component\\Console\\Input\\ArrayInput), Object(Illuminate\\Console\\OutputStyle))
#15 C:\\Projects\\ALBERTI\\CoreService\\core\\vendor\\illuminate\\console\\Concerns\\CallsCommands.php(56): Illuminate\\Console\\Command->run(Object(Symfony\\Component\\Console\\Input\\ArrayInput), Object(Illuminate\\Console\\OutputStyle))
#16 C:\\Projects\\ALBERTI\\CoreService\\core\\vendor\\illuminate\\console\\Concerns\\CallsCommands.php(28): Illuminate\\Console\\Command->runCommand('db:wipe', Array, Object(Illuminate\\Console\\OutputStyle))
#17 C:\\Projects\\ALBERTI\\CoreService\\core\\vendor\\illuminate\\database\\Console\\Migrations\\FreshCommand.php(41): Illuminate\\Console\\Command->call('db:wipe', Array)
#18 [internal function]: Illuminate\\Database\\Console\\Migrations\\FreshCommand->handle()
#19 C:\\Projects\\ALBERTI\\CoreService\\core\\vendor\\illuminate\\container\\BoundMethod.php(32): call_user_func_array(Array, Array)
#20 C:\\Projects\\ALBERTI\\CoreService\\core\\vendor\\illuminate\\container\\Util.php(36): Illuminate\\Container\\BoundMethod::Illuminate\\Container\\{closure}()
#21 C:\\Projects\\ALBERTI\\CoreService\\core\\vendor\\illuminate\\container\\BoundMethod.php(90): Illuminate\\Container\\Util::unwrapIfClosure(Object(Closure))
#22 C:\\Projects\\ALBERTI\\CoreService\\core\\vendor\\illuminate\\container\\BoundMethod.php(34): Illuminate\\Container\\BoundMethod::callBoundMethod(Object(Core\\myvendor\\defaults\\application\\MyApplication), Array, Object(Closure))
#23 C:\\Projects\\ALBERTI\\CoreService\\core\\vendor\\illuminate\\container\\Container.php(590): Illuminate\\Container\\BoundMethod::call(Object(Core\\myvendor\\defaults\\application\\MyApplication), Array, Array, NULL)
#24 C:\\Projects\\ALBERTI\\CoreService\\core\\vendor\\illuminate\\console\\Command.php(201): Illuminate\\Container\\Container->call(Array)
#25 C:\\Projects\\ALBERTI\\CoreService\\core\\vendor\\symfony\\console\\Command\\Command.php(255): Illuminate\\Console\\Command->execute(Object(Symfony\\Component\\Console\\Input\\ArgvInput), Object(Illuminate\\Console\\OutputStyle))
#26 C:\\Projects\\ALBERTI\\CoreService\\core\\vendor\\illuminate\\console\\Command.php(188): Symfony\\Component\\Console\\Command\\Command->run(Object(Symfony\\Component\\Console\\Input\\ArgvInput), Object(Illuminate\\Console\\OutputStyle))
#27 C:\\Projects\\ALBERTI\\CoreService\\core\\vendor\\symfony\\console\\Application.php(1012): Illuminate\\Console\\Command->run(Object(Symfony\\Component\\Console\\Input\\ArgvInput), Object(Symfony\\Component\\Console\\Output\\ConsoleOutput))
#28 C:\\Projects\\ALBERTI\\CoreService\\core\\vendor\\symfony\\console\\Application.php(272): Symfony\\Component\\Console\\Application->doRunCommand(Object(Illuminate\\Database\\Console\\Migrations\\FreshCommand), Object(Symfony\\Component\\Console\\Input\\ArgvInput), Object(Symfony\\Component\\Console\\Output\\ConsoleOutput))
#29 C:\\Projects\\ALBERTI\\CoreService\\core\\vendor\\symfony\\console\\Application.php(148): Symfony\\Component\\Console\\Application->doRun(Object(Symfony\\Component\\Console\\Input\\ArgvInput), Object(Symfony\\Component\\Console\\Output\\ConsoleOutput))
#30 C:\\Projects\\ALBERTI\\CoreService\\core\\vendor\\illuminate\\console\\Application.php(93): Symfony\\Component\\Console\\Application->run(Object(Symfony\\Component\\Console\\Input\\ArgvInput), Object(Symfony\\Component\\Console\\Output\\ConsoleOutput))
#31 C:\\Projects\\ALBERTI\\CoreService\\core\\vendor\\laravel\\lumen-framework\\src\\Console\\Kernel.php(115): Illuminate\\Console\\Application->run(Object(Symfony\\Component\\Console\\Input\\ArgvInput), Object(Symfony\\Component\\Console\\Output\\ConsoleOutput))
#32 C:\\Projects\\ALBERTI\\CoreService\\core\\artisan(35): Laravel\\Lumen\\Console\\Kernel->handle(Object(Symfony\\Component\\Console\\Input\\ArgvInput), Object(Symfony\\Component\\Console\\Output\\ConsoleOutput))
#33 {main}

[previous exception] [object] (PDOException(code: 1049): SQLSTATE[HY000] [1049] Unknown database 'core_service' at C:\\Projects\\ALBERTI\\CoreService\\core\\vendor\\illuminate\\database\\Connectors\\Connector.php:70)
[stacktrace]
#0 C:\\Projects\\ALBERTI\\CoreService\\core\\vendor\\illuminate\\database\\Connectors\\Connector.php(70): PDO->__construct('mysql:host=127....', 'root', '', Array)
#1 C:\\Projects\\ALBERTI\\CoreService\\core\\vendor\\illuminate\\database\\Connectors\\Connector.php(46): Illuminate\\Database\\Connectors\\Connector->createPdoConnection('mysql:host=127....', 'root', '', Array)
#2 C:\\Projects\\ALBERTI\\CoreService\\core\\vendor\\illuminate\\database\\Connectors\\MySqlConnector.php(24): Illuminate\\Database\\Connectors\\Connector->createConnection('mysql:host=127....', Array, Array)
#3 C:\\Projects\\ALBERTI\\CoreService\\core\\vendor\\illuminate\\database\\Connectors\\ConnectionFactory.php(182): Illuminate\\Database\\Connectors\\MySqlConnector->connect(Array)
#4 [internal function]: Illuminate\\Database\\Connectors\\ConnectionFactory->Illuminate\\Database\\Connectors\\{closure}()
#5 C:\\Projects\\ALBERTI\\CoreService\\core\\vendor\\illuminate\\database\\Connection.php(924): call_user_func(Object(Closure))
#6 C:\\Projects\\ALBERTI\\CoreService\\core\\vendor\\illuminate\\database\\Connection.php(959): Illuminate\\Database\\Connection->getPdo()
#7 C:\\Projects\\ALBERTI\\CoreService\\core\\vendor\\illuminate\\database\\Connection.php(404): Illuminate\\Database\\Connection->getReadPdo()
#8 C:\\Projects\\ALBERTI\\CoreService\\core\\vendor\\illuminate\\database\\Connection.php(330): Illuminate\\Database\\Connection->getPdoForSelect(true)
#9 C:\\Projects\\ALBERTI\\CoreService\\core\\vendor\\illuminate\\database\\Connection.php(662): Illuminate\\Database\\Connection->Illuminate\\Database\\{closure}('SHOW FULL TABLE...', Array)
#10 C:\\Projects\\ALBERTI\\CoreService\\core\\vendor\\illuminate\\database\\Connection.php(629): Illuminate\\Database\\Connection->runQueryCallback('SHOW FULL TABLE...', Array, Object(Closure))
#11 C:\\Projects\\ALBERTI\\CoreService\\core\\vendor\\illuminate\\database\\Connection.php(338): Illuminate\\Database\\Connection->run('SHOW FULL TABLE...', Array, Object(Closure))
#12 C:\\Projects\\ALBERTI\\CoreService\\core\\vendor\\illuminate\\database\\Schema\\MySqlBuilder.php(99): Illuminate\\Database\\Connection->select('SHOW FULL TABLE...')
#13 C:\\Projects\\ALBERTI\\CoreService\\core\\vendor\\illuminate\\database\\Schema\\MySqlBuilder.php(48): Illuminate\\Database\\Schema\\MySqlBuilder->getAllTables()
#14 C:\\Projects\\ALBERTI\\CoreService\\core\\vendor\\illuminate\\database\\Console\\WipeCommand.php(67): Illuminate\\Database\\Schema\\MySqlBuilder->dropAllTables()
#15 C:\\Projects\\ALBERTI\\CoreService\\core\\vendor\\illuminate\\database\\Console\\WipeCommand.php(46): Illuminate\\Database\\Console\\WipeCommand->dropAllTables(NULL)
#16 [internal function]: Illuminate\\Database\\Console\\WipeCommand->handle()
#17 C:\\Projects\\ALBERTI\\CoreService\\core\\vendor\\illuminate\\container\\BoundMethod.php(32): call_user_func_array(Array, Array)
#18 C:\\Projects\\ALBERTI\\CoreService\\core\\vendor\\illuminate\\container\\Util.php(36): Illuminate\\Container\\BoundMethod::Illuminate\\Container\\{closure}()
#19 C:\\Projects\\ALBERTI\\CoreService\\core\\vendor\\illuminate\\container\\BoundMethod.php(90): Illuminate\\Container\\Util::unwrapIfClosure(Object(Closure))
#20 C:\\Projects\\ALBERTI\\CoreService\\core\\vendor\\illuminate\\container\\BoundMethod.php(34): Illuminate\\Container\\BoundMethod::callBoundMethod(Object(Core\\myvendor\\defaults\\application\\MyApplication), Array, Object(Closure))
#21 C:\\Projects\\ALBERTI\\CoreService\\core\\vendor\\illuminate\\container\\Container.php(590): Illuminate\\Container\\BoundMethod::call(Object(Core\\myvendor\\defaults\\application\\MyApplication), Array, Array, NULL)
#22 C:\\Projects\\ALBERTI\\CoreService\\core\\vendor\\illuminate\\console\\Command.php(201): Illuminate\\Container\\Container->call(Array)
#23 C:\\Projects\\ALBERTI\\CoreService\\core\\vendor\\symfony\\console\\Command\\Command.php(255): Illuminate\\Console\\Command->execute(Object(Symfony\\Component\\Console\\Input\\ArrayInput), Object(Illuminate\\Console\\OutputStyle))
#24 C:\\Projects\\ALBERTI\\CoreService\\core\\vendor\\illuminate\\console\\Command.php(188): Symfony\\Component\\Console\\Command\\Command->run(Object(Symfony\\Component\\Console\\Input\\ArrayInput), Object(Illuminate\\Console\\OutputStyle))
#25 C:\\Projects\\ALBERTI\\CoreService\\core\\vendor\\illuminate\\console\\Concerns\\CallsCommands.php(56): Illuminate\\Console\\Command->run(Object(Symfony\\Component\\Console\\Input\\ArrayInput), Object(Illuminate\\Console\\OutputStyle))
#26 C:\\Projects\\ALBERTI\\CoreService\\core\\vendor\\illuminate\\console\\Concerns\\CallsCommands.php(28): Illuminate\\Console\\Command->runCommand('db:wipe', Array, Object(Illuminate\\Console\\OutputStyle))
#27 C:\\Projects\\ALBERTI\\CoreService\\core\\vendor\\illuminate\\database\\Console\\Migrations\\FreshCommand.php(41): Illuminate\\Console\\Command->call('db:wipe', Array)
#28 [internal function]: Illuminate\\Database\\Console\\Migrations\\FreshCommand->handle()
#29 C:\\Projects\\ALBERTI\\CoreService\\core\\vendor\\illuminate\\container\\BoundMethod.php(32): call_user_func_array(Array, Array)
#30 C:\\Projects\\ALBERTI\\CoreService\\core\\vendor\\illuminate\\container\\Util.php(36): Illuminate\\Container\\BoundMethod::Illuminate\\Container\\{closure}()
#31 C:\\Projects\\ALBERTI\\CoreService\\core\\vendor\\illuminate\\container\\BoundMethod.php(90): Illuminate\\Container\\Util::unwrapIfClosure(Object(Closure))
#32 C:\\Projects\\ALBERTI\\CoreService\\core\\vendor\\illuminate\\container\\BoundMethod.php(34): Illuminate\\Container\\BoundMethod::callBoundMethod(Object(Core\\myvendor\\defaults\\application\\MyApplication), Array, Object(Closure))
#33 C:\\Projects\\ALBERTI\\CoreService\\core\\vendor\\illuminate\\container\\Container.php(590): Illuminate\\Container\\BoundMethod::call(Object(Core\\myvendor\\defaults\\application\\MyApplication), Array, Array, NULL)
#34 C:\\Projects\\ALBERTI\\CoreService\\core\\vendor\\illuminate\\console\\Command.php(201): Illuminate\\Container\\Container->call(Array)
#35 C:\\Projects\\ALBERTI\\CoreService\\core\\vendor\\symfony\\console\\Command\\Command.php(255): Illuminate\\Console\\Command->execute(Object(Symfony\\Component\\Console\\Input\\ArgvInput), Object(Illuminate\\Console\\OutputStyle))
#36 C:\\Projects\\ALBERTI\\CoreService\\core\\vendor\\illuminate\\console\\Command.php(188): Symfony\\Component\\Console\\Command\\Command->run(Object(Symfony\\Component\\Console\\Input\\ArgvInput), Object(Illuminate\\Console\\OutputStyle))
#37 C:\\Projects\\ALBERTI\\CoreService\\core\\vendor\\symfony\\console\\Application.php(1012): Illuminate\\Console\\Command->run(Object(Symfony\\Component\\Console\\Input\\ArgvInput), Object(Symfony\\Component\\Console\\Output\\ConsoleOutput))
#38 C:\\Projects\\ALBERTI\\CoreService\\core\\vendor\\symfony\\console\\Application.php(272): Symfony\\Component\\Console\\Application->doRunCommand(Object(Illuminate\\Database\\Console\\Migrations\\FreshCommand), Object(Symfony\\Component\\Console\\Input\\ArgvInput), Object(Symfony\\Component\\Console\\Output\\ConsoleOutput))
#39 C:\\Projects\\ALBERTI\\CoreService\\core\\vendor\\symfony\\console\\Application.php(148): Symfony\\Component\\Console\\Application->doRun(Object(Symfony\\Component\\Console\\Input\\ArgvInput), Object(Symfony\\Component\\Console\\Output\\ConsoleOutput))
#40 C:\\Projects\\ALBERTI\\CoreService\\core\\vendor\\illuminate\\console\\Application.php(93): Symfony\\Component\\Console\\Application->run(Object(Symfony\\Component\\Console\\Input\\ArgvInput), Object(Symfony\\Component\\Console\\Output\\ConsoleOutput))
#41 C:\\Projects\\ALBERTI\\CoreService\\core\\vendor\\laravel\\lumen-framework\\src\\Console\\Kernel.php(115): Illuminate\\Console\\Application->run(Object(Symfony\\Component\\Console\\Input\\ArgvInput), Object(Symfony\\Component\\Console\\Output\\ConsoleOutput))
#42 C:\\Projects\\ALBERTI\\CoreService\\core\\artisan(35): Laravel\\Lumen\\Console\\Kernel->handle(Object(Symfony\\Component\\Console\\Input\\ArgvInput), Object(Symfony\\Component\\Console\\Output\\ConsoleOutput))
#43 {main}
"} 
