[2020-04-28 15:30:47] local.ERROR: ParseError: syntax error, unexpected ')' in C:\laragon\www\UserService\functional\user\queries\getAll\CanGetUsers.php:60
Stack trace:
#0 C:\laragon\www\UserService\core\vendor\composer\ClassLoader.php(322): Composer\Autoload\includeFile('C:\\laragon\\www\\...')
#1 [internal function]: Composer\Autoload\ClassLoader->loadClass('Functional\\user...')
#2 C:\laragon\www\UserService\functional\user\queries\getAll\GetAllHandler.php(11): spl_autoload_call('Functional\\user...')
#3 C:\laragon\www\UserService\core\vendor\composer\ClassLoader.php(444): include('C:\\laragon\\www\\...')
#4 C:\laragon\www\UserService\core\vendor\composer\ClassLoader.php(322): Composer\Autoload\includeFile('C:\\laragon\\www\\...')
#5 [internal function]: Composer\Autoload\ClassLoader->loadClass('Functional\\user...')
#6 [internal function]: spl_autoload_call('Functional\\user...')
#7 C:\laragon\www\UserService\core\vendor\illuminate\container\BoundMethod.php(164): ReflectionParameter->getClass()
#8 C:\laragon\www\UserService\core\vendor\illuminate\container\BoundMethod.php(121): Illuminate\Container\BoundMethod::addDependencyForCallParameter(Object(Core\myvendor\defaults\application\MyApplication), Object(ReflectionParameter), Array, Array)
#9 C:\laragon\www\UserService\core\vendor\illuminate\container\BoundMethod.php(32): Illuminate\Container\BoundMethod::getMethodDependencies(Object(Core\myvendor\defaults\application\MyApplication), Array, Array)
#10 C:\laragon\www\UserService\core\vendor\illuminate\container\Util.php(36): Illuminate\Container\BoundMethod::Illuminate\Container\{closure}()
#11 C:\laragon\www\UserService\core\vendor\illuminate\container\BoundMethod.php(90): Illuminate\Container\Util::unwrapIfClosure(Object(Closure))
#12 C:\laragon\www\UserService\core\vendor\illuminate\container\BoundMethod.php(34): Illuminate\Container\BoundMethod::callBoundMethod(Object(Core\myvendor\defaults\application\MyApplication), Array, Object(Closure))
#13 C:\laragon\www\UserService\core\vendor\illuminate\container\Container.php(590): Illuminate\Container\BoundMethod::call(Object(Core\myvendor\defaults\application\MyApplication), Array, Array, NULL)
#14 C:\laragon\www\UserService\core\vendor\laravel\lumen-framework\src\Concerns\RoutesRequests.php(376): Illuminate\Container\Container->call(Array, Array)
#15 C:\laragon\www\UserService\core\vendor\laravel\lumen-framework\src\Concerns\RoutesRequests.php(342): Laravel\Lumen\Application->callControllerCallable(Array, Array)
#16 C:\laragon\www\UserService\core\vendor\laravel\lumen-framework\src\Concerns\RoutesRequests.php(316): Laravel\Lumen\Application->callLumenController(Object(Host\controllers\UserController), 'Get', Array)
#17 C:\laragon\www\UserService\core\vendor\laravel\lumen-framework\src\Concerns\RoutesRequests.php(278): Laravel\Lumen\Application->callControllerAction(Array)
#18 C:\laragon\www\UserService\core\vendor\laravel\lumen-framework\src\Concerns\RoutesRequests.php(258): Laravel\Lumen\Application->callActionOnArrayBasedRoute(Array)
#19 [internal function]: Laravel\Lumen\Application->Laravel\Lumen\Concerns\{closure}(Object(Laravel\Lumen\Http\Request))
#20 C:\laragon\www\UserService\core\vendor\laravel\lumen-framework\src\Routing\Pipeline.php(52): call_user_func(Object(Closure), Object(Laravel\Lumen\Http\Request))
#21 C:\laragon\www\UserService\core\container\port\src\middlewares\Authenticate.php(59): Laravel\Lumen\Routing\Pipeline->Laravel\Lumen\Routing\{closure}(Object(Laravel\Lumen\Http\Request))
#22 C:\laragon\www\UserService\core\vendor\illuminate\pipeline\Pipeline.php(171): Core\container\port\src\middlewares\Authenticate->handle(Object(Laravel\Lumen\Http\Request), Object(Closure))
#23 [internal function]: Illuminate\Pipeline\Pipeline->Illuminate\Pipeline\{closure}(Object(Laravel\Lumen\Http\Request))
#24 C:\laragon\www\UserService\core\vendor\laravel\lumen-framework\src\Routing\Pipeline.php(32): call_user_func(Object(Closure), Object(Laravel\Lumen\Http\Request))
#25 C:\laragon\www\UserService\core\vendor\illuminate\pipeline\Pipeline.php(105): Laravel\Lumen\Routing\Pipeline->Laravel\Lumen\Routing\{closure}(Object(Laravel\Lumen\Http\Request))
#26 C:\laragon\www\UserService\core\vendor\laravel\lumen-framework\src\Concerns\RoutesRequests.php(413): Illuminate\Pipeline\Pipeline->then(Object(Closure))
#27 C:\laragon\www\UserService\core\vendor\laravel\lumen-framework\src\Concerns\RoutesRequests.php(259): Laravel\Lumen\Application->sendThroughPipeline(Array, Object(Closure))
#28 C:\laragon\www\UserService\core\vendor\laravel\lumen-framework\src\Concerns\RoutesRequests.php(165): Laravel\Lumen\Application->handleFoundRoute(Array)
#29 C:\laragon\www\UserService\core\vendor\laravel\lumen-framework\src\Concerns\RoutesRequests.php(416): Laravel\Lumen\Application->Laravel\Lumen\Concerns\{closure}(Object(Laravel\Lumen\Http\Request))
#30 C:\laragon\www\UserService\core\vendor\laravel\lumen-framework\src\Concerns\RoutesRequests.php(171): Laravel\Lumen\Application->sendThroughPipeline(Array, Object(Closure))
#31 C:\laragon\www\UserService\core\vendor\laravel\lumen-framework\src\Concerns\RoutesRequests.php(108): Laravel\Lumen\Application->dispatch(NULL)
#32 C:\laragon\www\UserService\host\public\index.php(28): Laravel\Lumen\Application->run()
#33 {main}

Next ReflectionException: Class Functional\user\queries\getAll\GetAllHandler does not exist in C:\laragon\www\UserService\core\vendor\illuminate\container\BoundMethod.php:164
Stack trace:
#0 C:\laragon\www\UserService\core\vendor\illuminate\container\BoundMethod.php(164): ReflectionParameter->getClass()
#1 C:\laragon\www\UserService\core\vendor\illuminate\container\BoundMethod.php(121): Illuminate\Container\BoundMethod::addDependencyForCallParameter(Object(Core\myvendor\defaults\application\MyApplication), Object(ReflectionParameter), Array, Array)
#2 C:\laragon\www\UserService\core\vendor\illuminate\container\BoundMethod.php(32): Illuminate\Container\BoundMethod::getMethodDependencies(Object(Core\myvendor\defaults\application\MyApplication), Array, Array)
#3 C:\laragon\www\UserService\core\vendor\illuminate\container\Util.php(36): Illuminate\Container\BoundMethod::Illuminate\Container\{closure}()
#4 C:\laragon\www\UserService\core\vendor\illuminate\container\BoundMethod.php(90): Illuminate\Container\Util::unwrapIfClosure(Object(Closure))
#5 C:\laragon\www\UserService\core\vendor\illuminate\container\BoundMethod.php(34): Illuminate\Container\BoundMethod::callBoundMethod(Object(Core\myvendor\defaults\application\MyApplication), Array, Object(Closure))
#6 C:\laragon\www\UserService\core\vendor\illuminate\container\Container.php(590): Illuminate\Container\BoundMethod::call(Object(Core\myvendor\defaults\application\MyApplication), Array, Array, NULL)
#7 C:\laragon\www\UserService\core\vendor\laravel\lumen-framework\src\Concerns\RoutesRequests.php(376): Illuminate\Container\Container->call(Array, Array)
#8 C:\laragon\www\UserService\core\vendor\laravel\lumen-framework\src\Concerns\RoutesRequests.php(342): Laravel\Lumen\Application->callControllerCallable(Array, Array)
#9 C:\laragon\www\UserService\core\vendor\laravel\lumen-framework\src\Concerns\RoutesRequests.php(316): Laravel\Lumen\Application->callLumenController(Object(Host\controllers\UserController), 'Get', Array)
#10 C:\laragon\www\UserService\core\vendor\laravel\lumen-framework\src\Concerns\RoutesRequests.php(278): Laravel\Lumen\Application->callControllerAction(Array)
#11 C:\laragon\www\UserService\core\vendor\laravel\lumen-framework\src\Concerns\RoutesRequests.php(258): Laravel\Lumen\Application->callActionOnArrayBasedRoute(Array)
#12 [internal function]: Laravel\Lumen\Application->Laravel\Lumen\Concerns\{closure}(Object(Laravel\Lumen\Http\Request))
#13 C:\laragon\www\UserService\core\vendor\laravel\lumen-framework\src\Routing\Pipeline.php(52): call_user_func(Object(Closure), Object(Laravel\Lumen\Http\Request))
#14 C:\laragon\www\UserService\core\container\port\src\middlewares\Authenticate.php(59): Laravel\Lumen\Routing\Pipeline->Laravel\Lumen\Routing\{closure}(Object(Laravel\Lumen\Http\Request))
#15 C:\laragon\www\UserService\core\vendor\illuminate\pipeline\Pipeline.php(171): Core\container\port\src\middlewares\Authenticate->handle(Object(Laravel\Lumen\Http\Request), Object(Closure))
#16 [internal function]: Illuminate\Pipeline\Pipeline->Illuminate\Pipeline\{closure}(Object(Laravel\Lumen\Http\Request))
#17 C:\laragon\www\UserService\core\vendor\laravel\lumen-framework\src\Routing\Pipeline.php(32): call_user_func(Object(Closure), Object(Laravel\Lumen\Http\Request))
#18 C:\laragon\www\UserService\core\vendor\illuminate\pipeline\Pipeline.php(105): Laravel\Lumen\Routing\Pipeline->Laravel\Lumen\Routing\{closure}(Object(Laravel\Lumen\Http\Request))
#19 C:\laragon\www\UserService\core\vendor\laravel\lumen-framework\src\Concerns\RoutesRequests.php(413): Illuminate\Pipeline\Pipeline->then(Object(Closure))
#20 C:\laragon\www\UserService\core\vendor\laravel\lumen-framework\src\Concerns\RoutesRequests.php(259): Laravel\Lumen\Application->sendThroughPipeline(Array, Object(Closure))
#21 C:\laragon\www\UserService\core\vendor\laravel\lumen-framework\src\Concerns\RoutesRequests.php(165): Laravel\Lumen\Application->handleFoundRoute(Array)
#22 C:\laragon\www\UserService\core\vendor\laravel\lumen-framework\src\Concerns\RoutesRequests.php(416): Laravel\Lumen\Application->Laravel\Lumen\Concerns\{closure}(Object(Laravel\Lumen\Http\Request))
#23 C:\laragon\www\UserService\core\vendor\laravel\lumen-framework\src\Concerns\RoutesRequests.php(171): Laravel\Lumen\Application->sendThroughPipeline(Array, Object(Closure))
#24 C:\laragon\www\UserService\core\vendor\laravel\lumen-framework\src\Concerns\RoutesRequests.php(108): Laravel\Lumen\Application->dispatch(NULL)
#25 C:\laragon\www\UserService\host\public\index.php(28): Laravel\Lumen\Application->run()
#26 {main} {"exception":"[object] (ReflectionException(code: 0): Class Functional\\user\\queries\\getAll\\GetAllHandler does not exist at C:\\laragon\\www\\UserService\\core\\vendor\\illuminate\\container\\BoundMethod.php:164)
[stacktrace]
#0 C:\\laragon\\www\\UserService\\core\\vendor\\illuminate\\container\\BoundMethod.php(164): ReflectionParameter->getClass()
#1 C:\\laragon\\www\\UserService\\core\\vendor\\illuminate\\container\\BoundMethod.php(121): Illuminate\\Container\\BoundMethod::addDependencyForCallParameter(Object(Core\\myvendor\\defaults\\application\\MyApplication), Object(ReflectionParameter), Array, Array)
#2 C:\\laragon\\www\\UserService\\core\\vendor\\illuminate\\container\\BoundMethod.php(32): Illuminate\\Container\\BoundMethod::getMethodDependencies(Object(Core\\myvendor\\defaults\\application\\MyApplication), Array, Array)
#3 C:\\laragon\\www\\UserService\\core\\vendor\\illuminate\\container\\Util.php(36): Illuminate\\Container\\BoundMethod::Illuminate\\Container\\{closure}()
#4 C:\\laragon\\www\\UserService\\core\\vendor\\illuminate\\container\\BoundMethod.php(90): Illuminate\\Container\\Util::unwrapIfClosure(Object(Closure))
#5 C:\\laragon\\www\\UserService\\core\\vendor\\illuminate\\container\\BoundMethod.php(34): Illuminate\\Container\\BoundMethod::callBoundMethod(Object(Core\\myvendor\\defaults\\application\\MyApplication), Array, Object(Closure))
#6 C:\\laragon\\www\\UserService\\core\\vendor\\illuminate\\container\\Container.php(590): Illuminate\\Container\\BoundMethod::call(Object(Core\\myvendor\\defaults\\application\\MyApplication), Array, Array, NULL)
#7 C:\\laragon\\www\\UserService\\core\\vendor\\laravel\\lumen-framework\\src\\Concerns\\RoutesRequests.php(376): Illuminate\\Container\\Container->call(Array, Array)
#8 C:\\laragon\\www\\UserService\\core\\vendor\\laravel\\lumen-framework\\src\\Concerns\\RoutesRequests.php(342): Laravel\\Lumen\\Application->callControllerCallable(Array, Array)
#9 C:\\laragon\\www\\UserService\\core\\vendor\\laravel\\lumen-framework\\src\\Concerns\\RoutesRequests.php(316): Laravel\\Lumen\\Application->callLumenController(Object(Host\\controllers\\UserController), 'Get', Array)
#10 C:\\laragon\\www\\UserService\\core\\vendor\\laravel\\lumen-framework\\src\\Concerns\\RoutesRequests.php(278): Laravel\\Lumen\\Application->callControllerAction(Array)
#11 C:\\laragon\\www\\UserService\\core\\vendor\\laravel\\lumen-framework\\src\\Concerns\\RoutesRequests.php(258): Laravel\\Lumen\\Application->callActionOnArrayBasedRoute(Array)
#12 [internal function]: Laravel\\Lumen\\Application->Laravel\\Lumen\\Concerns\\{closure}(Object(Laravel\\Lumen\\Http\\Request))
#13 C:\\laragon\\www\\UserService\\core\\vendor\\laravel\\lumen-framework\\src\\Routing\\Pipeline.php(52): call_user_func(Object(Closure), Object(Laravel\\Lumen\\Http\\Request))
#14 C:\\laragon\\www\\UserService\\core\\container\\port\\src\\middlewares\\Authenticate.php(59): Laravel\\Lumen\\Routing\\Pipeline->Laravel\\Lumen\\Routing\\{closure}(Object(Laravel\\Lumen\\Http\\Request))
#15 C:\\laragon\\www\\UserService\\core\\vendor\\illuminate\\pipeline\\Pipeline.php(171): Core\\container\\port\\src\\middlewares\\Authenticate->handle(Object(Laravel\\Lumen\\Http\\Request), Object(Closure))
#16 [internal function]: Illuminate\\Pipeline\\Pipeline->Illuminate\\Pipeline\\{closure}(Object(Laravel\\Lumen\\Http\\Request))
#17 C:\\laragon\\www\\UserService\\core\\vendor\\laravel\\lumen-framework\\src\\Routing\\Pipeline.php(32): call_user_func(Object(Closure), Object(Laravel\\Lumen\\Http\\Request))
#18 C:\\laragon\\www\\UserService\\core\\vendor\\illuminate\\pipeline\\Pipeline.php(105): Laravel\\Lumen\\Routing\\Pipeline->Laravel\\Lumen\\Routing\\{closure}(Object(Laravel\\Lumen\\Http\\Request))
#19 C:\\laragon\\www\\UserService\\core\\vendor\\laravel\\lumen-framework\\src\\Concerns\\RoutesRequests.php(413): Illuminate\\Pipeline\\Pipeline->then(Object(Closure))
#20 C:\\laragon\\www\\UserService\\core\\vendor\\laravel\\lumen-framework\\src\\Concerns\\RoutesRequests.php(259): Laravel\\Lumen\\Application->sendThroughPipeline(Array, Object(Closure))
#21 C:\\laragon\\www\\UserService\\core\\vendor\\laravel\\lumen-framework\\src\\Concerns\\RoutesRequests.php(165): Laravel\\Lumen\\Application->handleFoundRoute(Array)
#22 C:\\laragon\\www\\UserService\\core\\vendor\\laravel\\lumen-framework\\src\\Concerns\\RoutesRequests.php(416): Laravel\\Lumen\\Application->Laravel\\Lumen\\Concerns\\{closure}(Object(Laravel\\Lumen\\Http\\Request))
#23 C:\\laragon\\www\\UserService\\core\\vendor\\laravel\\lumen-framework\\src\\Concerns\\RoutesRequests.php(171): Laravel\\Lumen\\Application->sendThroughPipeline(Array, Object(Closure))
#24 C:\\laragon\\www\\UserService\\core\\vendor\\laravel\\lumen-framework\\src\\Concerns\\RoutesRequests.php(108): Laravel\\Lumen\\Application->dispatch(NULL)
#25 C:\\laragon\\www\\UserService\\host\\public\\index.php(28): Laravel\\Lumen\\Application->run()
#26 {main}

[previous exception] [object] (ParseError(code: 0): syntax error, unexpected ')' at C:\\laragon\\www\\UserService\\functional\\user\\queries\\getAll\\CanGetUsers.php:60)
[stacktrace]
#0 C:\\laragon\\www\\UserService\\core\\vendor\\composer\\ClassLoader.php(322): Composer\\Autoload\\includeFile('C:\\\\laragon\\\\www\\\\...')
#1 [internal function]: Composer\\Autoload\\ClassLoader->loadClass('Functional\\\\user...')
#2 C:\\laragon\\www\\UserService\\functional\\user\\queries\\getAll\\GetAllHandler.php(11): spl_autoload_call('Functional\\\\user...')
#3 C:\\laragon\\www\\UserService\\core\\vendor\\composer\\ClassLoader.php(444): include('C:\\\\laragon\\\\www\\\\...')
#4 C:\\laragon\\www\\UserService\\core\\vendor\\composer\\ClassLoader.php(322): Composer\\Autoload\\includeFile('C:\\\\laragon\\\\www\\\\...')
#5 [internal function]: Composer\\Autoload\\ClassLoader->loadClass('Functional\\\\user...')
#6 [internal function]: spl_autoload_call('Functional\\\\user...')
#7 C:\\laragon\\www\\UserService\\core\\vendor\\illuminate\\container\\BoundMethod.php(164): ReflectionParameter->getClass()
#8 C:\\laragon\\www\\UserService\\core\\vendor\\illuminate\\container\\BoundMethod.php(121): Illuminate\\Container\\BoundMethod::addDependencyForCallParameter(Object(Core\\myvendor\\defaults\\application\\MyApplication), Object(ReflectionParameter), Array, Array)
#9 C:\\laragon\\www\\UserService\\core\\vendor\\illuminate\\container\\BoundMethod.php(32): Illuminate\\Container\\BoundMethod::getMethodDependencies(Object(Core\\myvendor\\defaults\\application\\MyApplication), Array, Array)
#10 C:\\laragon\\www\\UserService\\core\\vendor\\illuminate\\container\\Util.php(36): Illuminate\\Container\\BoundMethod::Illuminate\\Container\\{closure}()
#11 C:\\laragon\\www\\UserService\\core\\vendor\\illuminate\\container\\BoundMethod.php(90): Illuminate\\Container\\Util::unwrapIfClosure(Object(Closure))
#12 C:\\laragon\\www\\UserService\\core\\vendor\\illuminate\\container\\BoundMethod.php(34): Illuminate\\Container\\BoundMethod::callBoundMethod(Object(Core\\myvendor\\defaults\\application\\MyApplication), Array, Object(Closure))
#13 C:\\laragon\\www\\UserService\\core\\vendor\\illuminate\\container\\Container.php(590): Illuminate\\Container\\BoundMethod::call(Object(Core\\myvendor\\defaults\\application\\MyApplication), Array, Array, NULL)
#14 C:\\laragon\\www\\UserService\\core\\vendor\\laravel\\lumen-framework\\src\\Concerns\\RoutesRequests.php(376): Illuminate\\Container\\Container->call(Array, Array)
#15 C:\\laragon\\www\\UserService\\core\\vendor\\laravel\\lumen-framework\\src\\Concerns\\RoutesRequests.php(342): Laravel\\Lumen\\Application->callControllerCallable(Array, Array)
#16 C:\\laragon\\www\\UserService\\core\\vendor\\laravel\\lumen-framework\\src\\Concerns\\RoutesRequests.php(316): Laravel\\Lumen\\Application->callLumenController(Object(Host\\controllers\\UserController), 'Get', Array)
#17 C:\\laragon\\www\\UserService\\core\\vendor\\laravel\\lumen-framework\\src\\Concerns\\RoutesRequests.php(278): Laravel\\Lumen\\Application->callControllerAction(Array)
#18 C:\\laragon\\www\\UserService\\core\\vendor\\laravel\\lumen-framework\\src\\Concerns\\RoutesRequests.php(258): Laravel\\Lumen\\Application->callActionOnArrayBasedRoute(Array)
#19 [internal function]: Laravel\\Lumen\\Application->Laravel\\Lumen\\Concerns\\{closure}(Object(Laravel\\Lumen\\Http\\Request))
#20 C:\\laragon\\www\\UserService\\core\\vendor\\laravel\\lumen-framework\\src\\Routing\\Pipeline.php(52): call_user_func(Object(Closure), Object(Laravel\\Lumen\\Http\\Request))
#21 C:\\laragon\\www\\UserService\\core\\container\\port\\src\\middlewares\\Authenticate.php(59): Laravel\\Lumen\\Routing\\Pipeline->Laravel\\Lumen\\Routing\\{closure}(Object(Laravel\\Lumen\\Http\\Request))
#22 C:\\laragon\\www\\UserService\\core\\vendor\\illuminate\\pipeline\\Pipeline.php(171): Core\\container\\port\\src\\middlewares\\Authenticate->handle(Object(Laravel\\Lumen\\Http\\Request), Object(Closure))
#23 [internal function]: Illuminate\\Pipeline\\Pipeline->Illuminate\\Pipeline\\{closure}(Object(Laravel\\Lumen\\Http\\Request))
#24 C:\\laragon\\www\\UserService\\core\\vendor\\laravel\\lumen-framework\\src\\Routing\\Pipeline.php(32): call_user_func(Object(Closure), Object(Laravel\\Lumen\\Http\\Request))
#25 C:\\laragon\\www\\UserService\\core\\vendor\\illuminate\\pipeline\\Pipeline.php(105): Laravel\\Lumen\\Routing\\Pipeline->Laravel\\Lumen\\Routing\\{closure}(Object(Laravel\\Lumen\\Http\\Request))
#26 C:\\laragon\\www\\UserService\\core\\vendor\\laravel\\lumen-framework\\src\\Concerns\\RoutesRequests.php(413): Illuminate\\Pipeline\\Pipeline->then(Object(Closure))
#27 C:\\laragon\\www\\UserService\\core\\vendor\\laravel\\lumen-framework\\src\\Concerns\\RoutesRequests.php(259): Laravel\\Lumen\\Application->sendThroughPipeline(Array, Object(Closure))
#28 C:\\laragon\\www\\UserService\\core\\vendor\\laravel\\lumen-framework\\src\\Concerns\\RoutesRequests.php(165): Laravel\\Lumen\\Application->handleFoundRoute(Array)
#29 C:\\laragon\\www\\UserService\\core\\vendor\\laravel\\lumen-framework\\src\\Concerns\\RoutesRequests.php(416): Laravel\\Lumen\\Application->Laravel\\Lumen\\Concerns\\{closure}(Object(Laravel\\Lumen\\Http\\Request))
#30 C:\\laragon\\www\\UserService\\core\\vendor\\laravel\\lumen-framework\\src\\Concerns\\RoutesRequests.php(171): Laravel\\Lumen\\Application->sendThroughPipeline(Array, Object(Closure))
#31 C:\\laragon\\www\\UserService\\core\\vendor\\laravel\\lumen-framework\\src\\Concerns\\RoutesRequests.php(108): Laravel\\Lumen\\Application->dispatch(NULL)
#32 C:\\laragon\\www\\UserService\\host\\public\\index.php(28): Laravel\\Lumen\\Application->run()
#33 {main}
"} 
[2020-04-28 15:31:08] local.ERROR: ParseError: syntax error, unexpected ')' in C:\laragon\www\UserService\functional\user\queries\getAll\CanGetUsers.php:60
Stack trace:
#0 C:\laragon\www\UserService\core\vendor\composer\ClassLoader.php(322): Composer\Autoload\includeFile('C:\\laragon\\www\\...')
#1 [internal function]: Composer\Autoload\ClassLoader->loadClass('Functional\\user...')
#2 C:\laragon\www\UserService\functional\user\queries\getAll\GetAllHandler.php(11): spl_autoload_call('Functional\\user...')
#3 C:\laragon\www\UserService\core\vendor\composer\ClassLoader.php(444): include('C:\\laragon\\www\\...')
#4 C:\laragon\www\UserService\core\vendor\composer\ClassLoader.php(322): Composer\Autoload\includeFile('C:\\laragon\\www\\...')
#5 [internal function]: Composer\Autoload\ClassLoader->loadClass('Functional\\user...')
#6 [internal function]: spl_autoload_call('Functional\\user...')
#7 C:\laragon\www\UserService\core\vendor\illuminate\container\BoundMethod.php(164): ReflectionParameter->getClass()
#8 C:\laragon\www\UserService\core\vendor\illuminate\container\BoundMethod.php(121): Illuminate\Container\BoundMethod::addDependencyForCallParameter(Object(Core\myvendor\defaults\application\MyApplication), Object(ReflectionParameter), Array, Array)
#9 C:\laragon\www\UserService\core\vendor\illuminate\container\BoundMethod.php(32): Illuminate\Container\BoundMethod::getMethodDependencies(Object(Core\myvendor\defaults\application\MyApplication), Array, Array)
#10 C:\laragon\www\UserService\core\vendor\illuminate\container\Util.php(36): Illuminate\Container\BoundMethod::Illuminate\Container\{closure}()
#11 C:\laragon\www\UserService\core\vendor\illuminate\container\BoundMethod.php(90): Illuminate\Container\Util::unwrapIfClosure(Object(Closure))
#12 C:\laragon\www\UserService\core\vendor\illuminate\container\BoundMethod.php(34): Illuminate\Container\BoundMethod::callBoundMethod(Object(Core\myvendor\defaults\application\MyApplication), Array, Object(Closure))
#13 C:\laragon\www\UserService\core\vendor\illuminate\container\Container.php(590): Illuminate\Container\BoundMethod::call(Object(Core\myvendor\defaults\application\MyApplication), Array, Array, NULL)
#14 C:\laragon\www\UserService\core\vendor\laravel\lumen-framework\src\Concerns\RoutesRequests.php(376): Illuminate\Container\Container->call(Array, Array)
#15 C:\laragon\www\UserService\core\vendor\laravel\lumen-framework\src\Concerns\RoutesRequests.php(342): Laravel\Lumen\Application->callControllerCallable(Array, Array)
#16 C:\laragon\www\UserService\core\vendor\laravel\lumen-framework\src\Concerns\RoutesRequests.php(316): Laravel\Lumen\Application->callLumenController(Object(Host\controllers\UserController), 'Get', Array)
#17 C:\laragon\www\UserService\core\vendor\laravel\lumen-framework\src\Concerns\RoutesRequests.php(278): Laravel\Lumen\Application->callControllerAction(Array)
#18 C:\laragon\www\UserService\core\vendor\laravel\lumen-framework\src\Concerns\RoutesRequests.php(258): Laravel\Lumen\Application->callActionOnArrayBasedRoute(Array)
#19 [internal function]: Laravel\Lumen\Application->Laravel\Lumen\Concerns\{closure}(Object(Laravel\Lumen\Http\Request))
#20 C:\laragon\www\UserService\core\vendor\laravel\lumen-framework\src\Routing\Pipeline.php(52): call_user_func(Object(Closure), Object(Laravel\Lumen\Http\Request))
#21 C:\laragon\www\UserService\core\container\port\src\middlewares\Authenticate.php(59): Laravel\Lumen\Routing\Pipeline->Laravel\Lumen\Routing\{closure}(Object(Laravel\Lumen\Http\Request))
#22 C:\laragon\www\UserService\core\vendor\illuminate\pipeline\Pipeline.php(171): Core\container\port\src\middlewares\Authenticate->handle(Object(Laravel\Lumen\Http\Request), Object(Closure))
#23 [internal function]: Illuminate\Pipeline\Pipeline->Illuminate\Pipeline\{closure}(Object(Laravel\Lumen\Http\Request))
#24 C:\laragon\www\UserService\core\vendor\laravel\lumen-framework\src\Routing\Pipeline.php(32): call_user_func(Object(Closure), Object(Laravel\Lumen\Http\Request))
#25 C:\laragon\www\UserService\core\vendor\illuminate\pipeline\Pipeline.php(105): Laravel\Lumen\Routing\Pipeline->Laravel\Lumen\Routing\{closure}(Object(Laravel\Lumen\Http\Request))
#26 C:\laragon\www\UserService\core\vendor\laravel\lumen-framework\src\Concerns\RoutesRequests.php(413): Illuminate\Pipeline\Pipeline->then(Object(Closure))
#27 C:\laragon\www\UserService\core\vendor\laravel\lumen-framework\src\Concerns\RoutesRequests.php(259): Laravel\Lumen\Application->sendThroughPipeline(Array, Object(Closure))
#28 C:\laragon\www\UserService\core\vendor\laravel\lumen-framework\src\Concerns\RoutesRequests.php(165): Laravel\Lumen\Application->handleFoundRoute(Array)
#29 C:\laragon\www\UserService\core\vendor\laravel\lumen-framework\src\Concerns\RoutesRequests.php(416): Laravel\Lumen\Application->Laravel\Lumen\Concerns\{closure}(Object(Laravel\Lumen\Http\Request))
#30 C:\laragon\www\UserService\core\vendor\laravel\lumen-framework\src\Concerns\RoutesRequests.php(171): Laravel\Lumen\Application->sendThroughPipeline(Array, Object(Closure))
#31 C:\laragon\www\UserService\core\vendor\laravel\lumen-framework\src\Concerns\RoutesRequests.php(108): Laravel\Lumen\Application->dispatch(NULL)
#32 C:\laragon\www\UserService\host\public\index.php(28): Laravel\Lumen\Application->run()
#33 {main}

Next ReflectionException: Class Functional\user\queries\getAll\GetAllHandler does not exist in C:\laragon\www\UserService\core\vendor\illuminate\container\BoundMethod.php:164
Stack trace:
#0 C:\laragon\www\UserService\core\vendor\illuminate\container\BoundMethod.php(164): ReflectionParameter->getClass()
#1 C:\laragon\www\UserService\core\vendor\illuminate\container\BoundMethod.php(121): Illuminate\Container\BoundMethod::addDependencyForCallParameter(Object(Core\myvendor\defaults\application\MyApplication), Object(ReflectionParameter), Array, Array)
#2 C:\laragon\www\UserService\core\vendor\illuminate\container\BoundMethod.php(32): Illuminate\Container\BoundMethod::getMethodDependencies(Object(Core\myvendor\defaults\application\MyApplication), Array, Array)
#3 C:\laragon\www\UserService\core\vendor\illuminate\container\Util.php(36): Illuminate\Container\BoundMethod::Illuminate\Container\{closure}()
#4 C:\laragon\www\UserService\core\vendor\illuminate\container\BoundMethod.php(90): Illuminate\Container\Util::unwrapIfClosure(Object(Closure))
#5 C:\laragon\www\UserService\core\vendor\illuminate\container\BoundMethod.php(34): Illuminate\Container\BoundMethod::callBoundMethod(Object(Core\myvendor\defaults\application\MyApplication), Array, Object(Closure))
#6 C:\laragon\www\UserService\core\vendor\illuminate\container\Container.php(590): Illuminate\Container\BoundMethod::call(Object(Core\myvendor\defaults\application\MyApplication), Array, Array, NULL)
#7 C:\laragon\www\UserService\core\vendor\laravel\lumen-framework\src\Concerns\RoutesRequests.php(376): Illuminate\Container\Container->call(Array, Array)
#8 C:\laragon\www\UserService\core\vendor\laravel\lumen-framework\src\Concerns\RoutesRequests.php(342): Laravel\Lumen\Application->callControllerCallable(Array, Array)
#9 C:\laragon\www\UserService\core\vendor\laravel\lumen-framework\src\Concerns\RoutesRequests.php(316): Laravel\Lumen\Application->callLumenController(Object(Host\controllers\UserController), 'Get', Array)
#10 C:\laragon\www\UserService\core\vendor\laravel\lumen-framework\src\Concerns\RoutesRequests.php(278): Laravel\Lumen\Application->callControllerAction(Array)
#11 C:\laragon\www\UserService\core\vendor\laravel\lumen-framework\src\Concerns\RoutesRequests.php(258): Laravel\Lumen\Application->callActionOnArrayBasedRoute(Array)
#12 [internal function]: Laravel\Lumen\Application->Laravel\Lumen\Concerns\{closure}(Object(Laravel\Lumen\Http\Request))
#13 C:\laragon\www\UserService\core\vendor\laravel\lumen-framework\src\Routing\Pipeline.php(52): call_user_func(Object(Closure), Object(Laravel\Lumen\Http\Request))
#14 C:\laragon\www\UserService\core\container\port\src\middlewares\Authenticate.php(59): Laravel\Lumen\Routing\Pipeline->Laravel\Lumen\Routing\{closure}(Object(Laravel\Lumen\Http\Request))
#15 C:\laragon\www\UserService\core\vendor\illuminate\pipeline\Pipeline.php(171): Core\container\port\src\middlewares\Authenticate->handle(Object(Laravel\Lumen\Http\Request), Object(Closure))
#16 [internal function]: Illuminate\Pipeline\Pipeline->Illuminate\Pipeline\{closure}(Object(Laravel\Lumen\Http\Request))
#17 C:\laragon\www\UserService\core\vendor\laravel\lumen-framework\src\Routing\Pipeline.php(32): call_user_func(Object(Closure), Object(Laravel\Lumen\Http\Request))
#18 C:\laragon\www\UserService\core\vendor\illuminate\pipeline\Pipeline.php(105): Laravel\Lumen\Routing\Pipeline->Laravel\Lumen\Routing\{closure}(Object(Laravel\Lumen\Http\Request))
#19 C:\laragon\www\UserService\core\vendor\laravel\lumen-framework\src\Concerns\RoutesRequests.php(413): Illuminate\Pipeline\Pipeline->then(Object(Closure))
#20 C:\laragon\www\UserService\core\vendor\laravel\lumen-framework\src\Concerns\RoutesRequests.php(259): Laravel\Lumen\Application->sendThroughPipeline(Array, Object(Closure))
#21 C:\laragon\www\UserService\core\vendor\laravel\lumen-framework\src\Concerns\RoutesRequests.php(165): Laravel\Lumen\Application->handleFoundRoute(Array)
#22 C:\laragon\www\UserService\core\vendor\laravel\lumen-framework\src\Concerns\RoutesRequests.php(416): Laravel\Lumen\Application->Laravel\Lumen\Concerns\{closure}(Object(Laravel\Lumen\Http\Request))
#23 C:\laragon\www\UserService\core\vendor\laravel\lumen-framework\src\Concerns\RoutesRequests.php(171): Laravel\Lumen\Application->sendThroughPipeline(Array, Object(Closure))
#24 C:\laragon\www\UserService\core\vendor\laravel\lumen-framework\src\Concerns\RoutesRequests.php(108): Laravel\Lumen\Application->dispatch(NULL)
#25 C:\laragon\www\UserService\host\public\index.php(28): Laravel\Lumen\Application->run()
#26 {main} {"exception":"[object] (ReflectionException(code: 0): Class Functional\\user\\queries\\getAll\\GetAllHandler does not exist at C:\\laragon\\www\\UserService\\core\\vendor\\illuminate\\container\\BoundMethod.php:164)
[stacktrace]
#0 C:\\laragon\\www\\UserService\\core\\vendor\\illuminate\\container\\BoundMethod.php(164): ReflectionParameter->getClass()
#1 C:\\laragon\\www\\UserService\\core\\vendor\\illuminate\\container\\BoundMethod.php(121): Illuminate\\Container\\BoundMethod::addDependencyForCallParameter(Object(Core\\myvendor\\defaults\\application\\MyApplication), Object(ReflectionParameter), Array, Array)
#2 C:\\laragon\\www\\UserService\\core\\vendor\\illuminate\\container\\BoundMethod.php(32): Illuminate\\Container\\BoundMethod::getMethodDependencies(Object(Core\\myvendor\\defaults\\application\\MyApplication), Array, Array)
#3 C:\\laragon\\www\\UserService\\core\\vendor\\illuminate\\container\\Util.php(36): Illuminate\\Container\\BoundMethod::Illuminate\\Container\\{closure}()
#4 C:\\laragon\\www\\UserService\\core\\vendor\\illuminate\\container\\BoundMethod.php(90): Illuminate\\Container\\Util::unwrapIfClosure(Object(Closure))
#5 C:\\laragon\\www\\UserService\\core\\vendor\\illuminate\\container\\BoundMethod.php(34): Illuminate\\Container\\BoundMethod::callBoundMethod(Object(Core\\myvendor\\defaults\\application\\MyApplication), Array, Object(Closure))
#6 C:\\laragon\\www\\UserService\\core\\vendor\\illuminate\\container\\Container.php(590): Illuminate\\Container\\BoundMethod::call(Object(Core\\myvendor\\defaults\\application\\MyApplication), Array, Array, NULL)
#7 C:\\laragon\\www\\UserService\\core\\vendor\\laravel\\lumen-framework\\src\\Concerns\\RoutesRequests.php(376): Illuminate\\Container\\Container->call(Array, Array)
#8 C:\\laragon\\www\\UserService\\core\\vendor\\laravel\\lumen-framework\\src\\Concerns\\RoutesRequests.php(342): Laravel\\Lumen\\Application->callControllerCallable(Array, Array)
#9 C:\\laragon\\www\\UserService\\core\\vendor\\laravel\\lumen-framework\\src\\Concerns\\RoutesRequests.php(316): Laravel\\Lumen\\Application->callLumenController(Object(Host\\controllers\\UserController), 'Get', Array)
#10 C:\\laragon\\www\\UserService\\core\\vendor\\laravel\\lumen-framework\\src\\Concerns\\RoutesRequests.php(278): Laravel\\Lumen\\Application->callControllerAction(Array)
#11 C:\\laragon\\www\\UserService\\core\\vendor\\laravel\\lumen-framework\\src\\Concerns\\RoutesRequests.php(258): Laravel\\Lumen\\Application->callActionOnArrayBasedRoute(Array)
#12 [internal function]: Laravel\\Lumen\\Application->Laravel\\Lumen\\Concerns\\{closure}(Object(Laravel\\Lumen\\Http\\Request))
#13 C:\\laragon\\www\\UserService\\core\\vendor\\laravel\\lumen-framework\\src\\Routing\\Pipeline.php(52): call_user_func(Object(Closure), Object(Laravel\\Lumen\\Http\\Request))
#14 C:\\laragon\\www\\UserService\\core\\container\\port\\src\\middlewares\\Authenticate.php(59): Laravel\\Lumen\\Routing\\Pipeline->Laravel\\Lumen\\Routing\\{closure}(Object(Laravel\\Lumen\\Http\\Request))
#15 C:\\laragon\\www\\UserService\\core\\vendor\\illuminate\\pipeline\\Pipeline.php(171): Core\\container\\port\\src\\middlewares\\Authenticate->handle(Object(Laravel\\Lumen\\Http\\Request), Object(Closure))
#16 [internal function]: Illuminate\\Pipeline\\Pipeline->Illuminate\\Pipeline\\{closure}(Object(Laravel\\Lumen\\Http\\Request))
#17 C:\\laragon\\www\\UserService\\core\\vendor\\laravel\\lumen-framework\\src\\Routing\\Pipeline.php(32): call_user_func(Object(Closure), Object(Laravel\\Lumen\\Http\\Request))
#18 C:\\laragon\\www\\UserService\\core\\vendor\\illuminate\\pipeline\\Pipeline.php(105): Laravel\\Lumen\\Routing\\Pipeline->Laravel\\Lumen\\Routing\\{closure}(Object(Laravel\\Lumen\\Http\\Request))
#19 C:\\laragon\\www\\UserService\\core\\vendor\\laravel\\lumen-framework\\src\\Concerns\\RoutesRequests.php(413): Illuminate\\Pipeline\\Pipeline->then(Object(Closure))
#20 C:\\laragon\\www\\UserService\\core\\vendor\\laravel\\lumen-framework\\src\\Concerns\\RoutesRequests.php(259): Laravel\\Lumen\\Application->sendThroughPipeline(Array, Object(Closure))
#21 C:\\laragon\\www\\UserService\\core\\vendor\\laravel\\lumen-framework\\src\\Concerns\\RoutesRequests.php(165): Laravel\\Lumen\\Application->handleFoundRoute(Array)
#22 C:\\laragon\\www\\UserService\\core\\vendor\\laravel\\lumen-framework\\src\\Concerns\\RoutesRequests.php(416): Laravel\\Lumen\\Application->Laravel\\Lumen\\Concerns\\{closure}(Object(Laravel\\Lumen\\Http\\Request))
#23 C:\\laragon\\www\\UserService\\core\\vendor\\laravel\\lumen-framework\\src\\Concerns\\RoutesRequests.php(171): Laravel\\Lumen\\Application->sendThroughPipeline(Array, Object(Closure))
#24 C:\\laragon\\www\\UserService\\core\\vendor\\laravel\\lumen-framework\\src\\Concerns\\RoutesRequests.php(108): Laravel\\Lumen\\Application->dispatch(NULL)
#25 C:\\laragon\\www\\UserService\\host\\public\\index.php(28): Laravel\\Lumen\\Application->run()
#26 {main}

[previous exception] [object] (ParseError(code: 0): syntax error, unexpected ')' at C:\\laragon\\www\\UserService\\functional\\user\\queries\\getAll\\CanGetUsers.php:60)
[stacktrace]
#0 C:\\laragon\\www\\UserService\\core\\vendor\\composer\\ClassLoader.php(322): Composer\\Autoload\\includeFile('C:\\\\laragon\\\\www\\\\...')
#1 [internal function]: Composer\\Autoload\\ClassLoader->loadClass('Functional\\\\user...')
#2 C:\\laragon\\www\\UserService\\functional\\user\\queries\\getAll\\GetAllHandler.php(11): spl_autoload_call('Functional\\\\user...')
#3 C:\\laragon\\www\\UserService\\core\\vendor\\composer\\ClassLoader.php(444): include('C:\\\\laragon\\\\www\\\\...')
#4 C:\\laragon\\www\\UserService\\core\\vendor\\composer\\ClassLoader.php(322): Composer\\Autoload\\includeFile('C:\\\\laragon\\\\www\\\\...')
#5 [internal function]: Composer\\Autoload\\ClassLoader->loadClass('Functional\\\\user...')
#6 [internal function]: spl_autoload_call('Functional\\\\user...')
#7 C:\\laragon\\www\\UserService\\core\\vendor\\illuminate\\container\\BoundMethod.php(164): ReflectionParameter->getClass()
#8 C:\\laragon\\www\\UserService\\core\\vendor\\illuminate\\container\\BoundMethod.php(121): Illuminate\\Container\\BoundMethod::addDependencyForCallParameter(Object(Core\\myvendor\\defaults\\application\\MyApplication), Object(ReflectionParameter), Array, Array)
#9 C:\\laragon\\www\\UserService\\core\\vendor\\illuminate\\container\\BoundMethod.php(32): Illuminate\\Container\\BoundMethod::getMethodDependencies(Object(Core\\myvendor\\defaults\\application\\MyApplication), Array, Array)
#10 C:\\laragon\\www\\UserService\\core\\vendor\\illuminate\\container\\Util.php(36): Illuminate\\Container\\BoundMethod::Illuminate\\Container\\{closure}()
#11 C:\\laragon\\www\\UserService\\core\\vendor\\illuminate\\container\\BoundMethod.php(90): Illuminate\\Container\\Util::unwrapIfClosure(Object(Closure))
#12 C:\\laragon\\www\\UserService\\core\\vendor\\illuminate\\container\\BoundMethod.php(34): Illuminate\\Container\\BoundMethod::callBoundMethod(Object(Core\\myvendor\\defaults\\application\\MyApplication), Array, Object(Closure))
#13 C:\\laragon\\www\\UserService\\core\\vendor\\illuminate\\container\\Container.php(590): Illuminate\\Container\\BoundMethod::call(Object(Core\\myvendor\\defaults\\application\\MyApplication), Array, Array, NULL)
#14 C:\\laragon\\www\\UserService\\core\\vendor\\laravel\\lumen-framework\\src\\Concerns\\RoutesRequests.php(376): Illuminate\\Container\\Container->call(Array, Array)
#15 C:\\laragon\\www\\UserService\\core\\vendor\\laravel\\lumen-framework\\src\\Concerns\\RoutesRequests.php(342): Laravel\\Lumen\\Application->callControllerCallable(Array, Array)
#16 C:\\laragon\\www\\UserService\\core\\vendor\\laravel\\lumen-framework\\src\\Concerns\\RoutesRequests.php(316): Laravel\\Lumen\\Application->callLumenController(Object(Host\\controllers\\UserController), 'Get', Array)
#17 C:\\laragon\\www\\UserService\\core\\vendor\\laravel\\lumen-framework\\src\\Concerns\\RoutesRequests.php(278): Laravel\\Lumen\\Application->callControllerAction(Array)
#18 C:\\laragon\\www\\UserService\\core\\vendor\\laravel\\lumen-framework\\src\\Concerns\\RoutesRequests.php(258): Laravel\\Lumen\\Application->callActionOnArrayBasedRoute(Array)
#19 [internal function]: Laravel\\Lumen\\Application->Laravel\\Lumen\\Concerns\\{closure}(Object(Laravel\\Lumen\\Http\\Request))
#20 C:\\laragon\\www\\UserService\\core\\vendor\\laravel\\lumen-framework\\src\\Routing\\Pipeline.php(52): call_user_func(Object(Closure), Object(Laravel\\Lumen\\Http\\Request))
#21 C:\\laragon\\www\\UserService\\core\\container\\port\\src\\middlewares\\Authenticate.php(59): Laravel\\Lumen\\Routing\\Pipeline->Laravel\\Lumen\\Routing\\{closure}(Object(Laravel\\Lumen\\Http\\Request))
#22 C:\\laragon\\www\\UserService\\core\\vendor\\illuminate\\pipeline\\Pipeline.php(171): Core\\container\\port\\src\\middlewares\\Authenticate->handle(Object(Laravel\\Lumen\\Http\\Request), Object(Closure))
#23 [internal function]: Illuminate\\Pipeline\\Pipeline->Illuminate\\Pipeline\\{closure}(Object(Laravel\\Lumen\\Http\\Request))
#24 C:\\laragon\\www\\UserService\\core\\vendor\\laravel\\lumen-framework\\src\\Routing\\Pipeline.php(32): call_user_func(Object(Closure), Object(Laravel\\Lumen\\Http\\Request))
#25 C:\\laragon\\www\\UserService\\core\\vendor\\illuminate\\pipeline\\Pipeline.php(105): Laravel\\Lumen\\Routing\\Pipeline->Laravel\\Lumen\\Routing\\{closure}(Object(Laravel\\Lumen\\Http\\Request))
#26 C:\\laragon\\www\\UserService\\core\\vendor\\laravel\\lumen-framework\\src\\Concerns\\RoutesRequests.php(413): Illuminate\\Pipeline\\Pipeline->then(Object(Closure))
#27 C:\\laragon\\www\\UserService\\core\\vendor\\laravel\\lumen-framework\\src\\Concerns\\RoutesRequests.php(259): Laravel\\Lumen\\Application->sendThroughPipeline(Array, Object(Closure))
#28 C:\\laragon\\www\\UserService\\core\\vendor\\laravel\\lumen-framework\\src\\Concerns\\RoutesRequests.php(165): Laravel\\Lumen\\Application->handleFoundRoute(Array)
#29 C:\\laragon\\www\\UserService\\core\\vendor\\laravel\\lumen-framework\\src\\Concerns\\RoutesRequests.php(416): Laravel\\Lumen\\Application->Laravel\\Lumen\\Concerns\\{closure}(Object(Laravel\\Lumen\\Http\\Request))
#30 C:\\laragon\\www\\UserService\\core\\vendor\\laravel\\lumen-framework\\src\\Concerns\\RoutesRequests.php(171): Laravel\\Lumen\\Application->sendThroughPipeline(Array, Object(Closure))
#31 C:\\laragon\\www\\UserService\\core\\vendor\\laravel\\lumen-framework\\src\\Concerns\\RoutesRequests.php(108): Laravel\\Lumen\\Application->dispatch(NULL)
#32 C:\\laragon\\www\\UserService\\host\\public\\index.php(28): Laravel\\Lumen\\Application->run()
#33 {main}
"} 
[2020-04-28 15:31:49] local.ERROR: ParseError: syntax error, unexpected ')' in C:\laragon\www\UserService\functional\user\queries\getAll\CanGetUsers.php:61
Stack trace:
#0 C:\laragon\www\UserService\core\vendor\composer\ClassLoader.php(322): Composer\Autoload\includeFile('C:\\laragon\\www\\...')
#1 [internal function]: Composer\Autoload\ClassLoader->loadClass('Functional\\user...')
#2 C:\laragon\www\UserService\functional\user\queries\getAll\GetAllHandler.php(11): spl_autoload_call('Functional\\user...')
#3 C:\laragon\www\UserService\core\vendor\composer\ClassLoader.php(444): include('C:\\laragon\\www\\...')
#4 C:\laragon\www\UserService\core\vendor\composer\ClassLoader.php(322): Composer\Autoload\includeFile('C:\\laragon\\www\\...')
#5 [internal function]: Composer\Autoload\ClassLoader->loadClass('Functional\\user...')
#6 [internal function]: spl_autoload_call('Functional\\user...')
#7 C:\laragon\www\UserService\core\vendor\illuminate\container\BoundMethod.php(164): ReflectionParameter->getClass()
#8 C:\laragon\www\UserService\core\vendor\illuminate\container\BoundMethod.php(121): Illuminate\Container\BoundMethod::addDependencyForCallParameter(Object(Core\myvendor\defaults\application\MyApplication), Object(ReflectionParameter), Array, Array)
#9 C:\laragon\www\UserService\core\vendor\illuminate\container\BoundMethod.php(32): Illuminate\Container\BoundMethod::getMethodDependencies(Object(Core\myvendor\defaults\application\MyApplication), Array, Array)
#10 C:\laragon\www\UserService\core\vendor\illuminate\container\Util.php(36): Illuminate\Container\BoundMethod::Illuminate\Container\{closure}()
#11 C:\laragon\www\UserService\core\vendor\illuminate\container\BoundMethod.php(90): Illuminate\Container\Util::unwrapIfClosure(Object(Closure))
#12 C:\laragon\www\UserService\core\vendor\illuminate\container\BoundMethod.php(34): Illuminate\Container\BoundMethod::callBoundMethod(Object(Core\myvendor\defaults\application\MyApplication), Array, Object(Closure))
#13 C:\laragon\www\UserService\core\vendor\illuminate\container\Container.php(590): Illuminate\Container\BoundMethod::call(Object(Core\myvendor\defaults\application\MyApplication), Array, Array, NULL)
#14 C:\laragon\www\UserService\core\vendor\laravel\lumen-framework\src\Concerns\RoutesRequests.php(376): Illuminate\Container\Container->call(Array, Array)
#15 C:\laragon\www\UserService\core\vendor\laravel\lumen-framework\src\Concerns\RoutesRequests.php(342): Laravel\Lumen\Application->callControllerCallable(Array, Array)
#16 C:\laragon\www\UserService\core\vendor\laravel\lumen-framework\src\Concerns\RoutesRequests.php(316): Laravel\Lumen\Application->callLumenController(Object(Host\controllers\UserController), 'Get', Array)
#17 C:\laragon\www\UserService\core\vendor\laravel\lumen-framework\src\Concerns\RoutesRequests.php(278): Laravel\Lumen\Application->callControllerAction(Array)
#18 C:\laragon\www\UserService\core\vendor\laravel\lumen-framework\src\Concerns\RoutesRequests.php(258): Laravel\Lumen\Application->callActionOnArrayBasedRoute(Array)
#19 [internal function]: Laravel\Lumen\Application->Laravel\Lumen\Concerns\{closure}(Object(Laravel\Lumen\Http\Request))
#20 C:\laragon\www\UserService\core\vendor\laravel\lumen-framework\src\Routing\Pipeline.php(52): call_user_func(Object(Closure), Object(Laravel\Lumen\Http\Request))
#21 C:\laragon\www\UserService\core\container\port\src\middlewares\Authenticate.php(59): Laravel\Lumen\Routing\Pipeline->Laravel\Lumen\Routing\{closure}(Object(Laravel\Lumen\Http\Request))
#22 C:\laragon\www\UserService\core\vendor\illuminate\pipeline\Pipeline.php(171): Core\container\port\src\middlewares\Authenticate->handle(Object(Laravel\Lumen\Http\Request), Object(Closure))
#23 [internal function]: Illuminate\Pipeline\Pipeline->Illuminate\Pipeline\{closure}(Object(Laravel\Lumen\Http\Request))
#24 C:\laragon\www\UserService\core\vendor\laravel\lumen-framework\src\Routing\Pipeline.php(32): call_user_func(Object(Closure), Object(Laravel\Lumen\Http\Request))
#25 C:\laragon\www\UserService\core\vendor\illuminate\pipeline\Pipeline.php(105): Laravel\Lumen\Routing\Pipeline->Laravel\Lumen\Routing\{closure}(Object(Laravel\Lumen\Http\Request))
#26 C:\laragon\www\UserService\core\vendor\laravel\lumen-framework\src\Concerns\RoutesRequests.php(413): Illuminate\Pipeline\Pipeline->then(Object(Closure))
#27 C:\laragon\www\UserService\core\vendor\laravel\lumen-framework\src\Concerns\RoutesRequests.php(259): Laravel\Lumen\Application->sendThroughPipeline(Array, Object(Closure))
#28 C:\laragon\www\UserService\core\vendor\laravel\lumen-framework\src\Concerns\RoutesRequests.php(165): Laravel\Lumen\Application->handleFoundRoute(Array)
#29 C:\laragon\www\UserService\core\vendor\laravel\lumen-framework\src\Concerns\RoutesRequests.php(416): Laravel\Lumen\Application->Laravel\Lumen\Concerns\{closure}(Object(Laravel\Lumen\Http\Request))
#30 C:\laragon\www\UserService\core\vendor\laravel\lumen-framework\src\Concerns\RoutesRequests.php(171): Laravel\Lumen\Application->sendThroughPipeline(Array, Object(Closure))
#31 C:\laragon\www\UserService\core\vendor\laravel\lumen-framework\src\Concerns\RoutesRequests.php(108): Laravel\Lumen\Application->dispatch(NULL)
#32 C:\laragon\www\UserService\host\public\index.php(28): Laravel\Lumen\Application->run()
#33 {main}

Next ReflectionException: Class Functional\user\queries\getAll\GetAllHandler does not exist in C:\laragon\www\UserService\core\vendor\illuminate\container\BoundMethod.php:164
Stack trace:
#0 C:\laragon\www\UserService\core\vendor\illuminate\container\BoundMethod.php(164): ReflectionParameter->getClass()
#1 C:\laragon\www\UserService\core\vendor\illuminate\container\BoundMethod.php(121): Illuminate\Container\BoundMethod::addDependencyForCallParameter(Object(Core\myvendor\defaults\application\MyApplication), Object(ReflectionParameter), Array, Array)
#2 C:\laragon\www\UserService\core\vendor\illuminate\container\BoundMethod.php(32): Illuminate\Container\BoundMethod::getMethodDependencies(Object(Core\myvendor\defaults\application\MyApplication), Array, Array)
#3 C:\laragon\www\UserService\core\vendor\illuminate\container\Util.php(36): Illuminate\Container\BoundMethod::Illuminate\Container\{closure}()
#4 C:\laragon\www\UserService\core\vendor\illuminate\container\BoundMethod.php(90): Illuminate\Container\Util::unwrapIfClosure(Object(Closure))
#5 C:\laragon\www\UserService\core\vendor\illuminate\container\BoundMethod.php(34): Illuminate\Container\BoundMethod::callBoundMethod(Object(Core\myvendor\defaults\application\MyApplication), Array, Object(Closure))
#6 C:\laragon\www\UserService\core\vendor\illuminate\container\Container.php(590): Illuminate\Container\BoundMethod::call(Object(Core\myvendor\defaults\application\MyApplication), Array, Array, NULL)
#7 C:\laragon\www\UserService\core\vendor\laravel\lumen-framework\src\Concerns\RoutesRequests.php(376): Illuminate\Container\Container->call(Array, Array)
#8 C:\laragon\www\UserService\core\vendor\laravel\lumen-framework\src\Concerns\RoutesRequests.php(342): Laravel\Lumen\Application->callControllerCallable(Array, Array)
#9 C:\laragon\www\UserService\core\vendor\laravel\lumen-framework\src\Concerns\RoutesRequests.php(316): Laravel\Lumen\Application->callLumenController(Object(Host\controllers\UserController), 'Get', Array)
#10 C:\laragon\www\UserService\core\vendor\laravel\lumen-framework\src\Concerns\RoutesRequests.php(278): Laravel\Lumen\Application->callControllerAction(Array)
#11 C:\laragon\www\UserService\core\vendor\laravel\lumen-framework\src\Concerns\RoutesRequests.php(258): Laravel\Lumen\Application->callActionOnArrayBasedRoute(Array)
#12 [internal function]: Laravel\Lumen\Application->Laravel\Lumen\Concerns\{closure}(Object(Laravel\Lumen\Http\Request))
#13 C:\laragon\www\UserService\core\vendor\laravel\lumen-framework\src\Routing\Pipeline.php(52): call_user_func(Object(Closure), Object(Laravel\Lumen\Http\Request))
#14 C:\laragon\www\UserService\core\container\port\src\middlewares\Authenticate.php(59): Laravel\Lumen\Routing\Pipeline->Laravel\Lumen\Routing\{closure}(Object(Laravel\Lumen\Http\Request))
#15 C:\laragon\www\UserService\core\vendor\illuminate\pipeline\Pipeline.php(171): Core\container\port\src\middlewares\Authenticate->handle(Object(Laravel\Lumen\Http\Request), Object(Closure))
#16 [internal function]: Illuminate\Pipeline\Pipeline->Illuminate\Pipeline\{closure}(Object(Laravel\Lumen\Http\Request))
#17 C:\laragon\www\UserService\core\vendor\laravel\lumen-framework\src\Routing\Pipeline.php(32): call_user_func(Object(Closure), Object(Laravel\Lumen\Http\Request))
#18 C:\laragon\www\UserService\core\vendor\illuminate\pipeline\Pipeline.php(105): Laravel\Lumen\Routing\Pipeline->Laravel\Lumen\Routing\{closure}(Object(Laravel\Lumen\Http\Request))
#19 C:\laragon\www\UserService\core\vendor\laravel\lumen-framework\src\Concerns\RoutesRequests.php(413): Illuminate\Pipeline\Pipeline->then(Object(Closure))
#20 C:\laragon\www\UserService\core\vendor\laravel\lumen-framework\src\Concerns\RoutesRequests.php(259): Laravel\Lumen\Application->sendThroughPipeline(Array, Object(Closure))
#21 C:\laragon\www\UserService\core\vendor\laravel\lumen-framework\src\Concerns\RoutesRequests.php(165): Laravel\Lumen\Application->handleFoundRoute(Array)
#22 C:\laragon\www\UserService\core\vendor\laravel\lumen-framework\src\Concerns\RoutesRequests.php(416): Laravel\Lumen\Application->Laravel\Lumen\Concerns\{closure}(Object(Laravel\Lumen\Http\Request))
#23 C:\laragon\www\UserService\core\vendor\laravel\lumen-framework\src\Concerns\RoutesRequests.php(171): Laravel\Lumen\Application->sendThroughPipeline(Array, Object(Closure))
#24 C:\laragon\www\UserService\core\vendor\laravel\lumen-framework\src\Concerns\RoutesRequests.php(108): Laravel\Lumen\Application->dispatch(NULL)
#25 C:\laragon\www\UserService\host\public\index.php(28): Laravel\Lumen\Application->run()
#26 {main} {"exception":"[object] (ReflectionException(code: 0): Class Functional\\user\\queries\\getAll\\GetAllHandler does not exist at C:\\laragon\\www\\UserService\\core\\vendor\\illuminate\\container\\BoundMethod.php:164)
[stacktrace]
#0 C:\\laragon\\www\\UserService\\core\\vendor\\illuminate\\container\\BoundMethod.php(164): ReflectionParameter->getClass()
#1 C:\\laragon\\www\\UserService\\core\\vendor\\illuminate\\container\\BoundMethod.php(121): Illuminate\\Container\\BoundMethod::addDependencyForCallParameter(Object(Core\\myvendor\\defaults\\application\\MyApplication), Object(ReflectionParameter), Array, Array)
#2 C:\\laragon\\www\\UserService\\core\\vendor\\illuminate\\container\\BoundMethod.php(32): Illuminate\\Container\\BoundMethod::getMethodDependencies(Object(Core\\myvendor\\defaults\\application\\MyApplication), Array, Array)
#3 C:\\laragon\\www\\UserService\\core\\vendor\\illuminate\\container\\Util.php(36): Illuminate\\Container\\BoundMethod::Illuminate\\Container\\{closure}()
#4 C:\\laragon\\www\\UserService\\core\\vendor\\illuminate\\container\\BoundMethod.php(90): Illuminate\\Container\\Util::unwrapIfClosure(Object(Closure))
#5 C:\\laragon\\www\\UserService\\core\\vendor\\illuminate\\container\\BoundMethod.php(34): Illuminate\\Container\\BoundMethod::callBoundMethod(Object(Core\\myvendor\\defaults\\application\\MyApplication), Array, Object(Closure))
#6 C:\\laragon\\www\\UserService\\core\\vendor\\illuminate\\container\\Container.php(590): Illuminate\\Container\\BoundMethod::call(Object(Core\\myvendor\\defaults\\application\\MyApplication), Array, Array, NULL)
#7 C:\\laragon\\www\\UserService\\core\\vendor\\laravel\\lumen-framework\\src\\Concerns\\RoutesRequests.php(376): Illuminate\\Container\\Container->call(Array, Array)
#8 C:\\laragon\\www\\UserService\\core\\vendor\\laravel\\lumen-framework\\src\\Concerns\\RoutesRequests.php(342): Laravel\\Lumen\\Application->callControllerCallable(Array, Array)
#9 C:\\laragon\\www\\UserService\\core\\vendor\\laravel\\lumen-framework\\src\\Concerns\\RoutesRequests.php(316): Laravel\\Lumen\\Application->callLumenController(Object(Host\\controllers\\UserController), 'Get', Array)
#10 C:\\laragon\\www\\UserService\\core\\vendor\\laravel\\lumen-framework\\src\\Concerns\\RoutesRequests.php(278): Laravel\\Lumen\\Application->callControllerAction(Array)
#11 C:\\laragon\\www\\UserService\\core\\vendor\\laravel\\lumen-framework\\src\\Concerns\\RoutesRequests.php(258): Laravel\\Lumen\\Application->callActionOnArrayBasedRoute(Array)
#12 [internal function]: Laravel\\Lumen\\Application->Laravel\\Lumen\\Concerns\\{closure}(Object(Laravel\\Lumen\\Http\\Request))
#13 C:\\laragon\\www\\UserService\\core\\vendor\\laravel\\lumen-framework\\src\\Routing\\Pipeline.php(52): call_user_func(Object(Closure), Object(Laravel\\Lumen\\Http\\Request))
#14 C:\\laragon\\www\\UserService\\core\\container\\port\\src\\middlewares\\Authenticate.php(59): Laravel\\Lumen\\Routing\\Pipeline->Laravel\\Lumen\\Routing\\{closure}(Object(Laravel\\Lumen\\Http\\Request))
#15 C:\\laragon\\www\\UserService\\core\\vendor\\illuminate\\pipeline\\Pipeline.php(171): Core\\container\\port\\src\\middlewares\\Authenticate->handle(Object(Laravel\\Lumen\\Http\\Request), Object(Closure))
#16 [internal function]: Illuminate\\Pipeline\\Pipeline->Illuminate\\Pipeline\\{closure}(Object(Laravel\\Lumen\\Http\\Request))
#17 C:\\laragon\\www\\UserService\\core\\vendor\\laravel\\lumen-framework\\src\\Routing\\Pipeline.php(32): call_user_func(Object(Closure), Object(Laravel\\Lumen\\Http\\Request))
#18 C:\\laragon\\www\\UserService\\core\\vendor\\illuminate\\pipeline\\Pipeline.php(105): Laravel\\Lumen\\Routing\\Pipeline->Laravel\\Lumen\\Routing\\{closure}(Object(Laravel\\Lumen\\Http\\Request))
#19 C:\\laragon\\www\\UserService\\core\\vendor\\laravel\\lumen-framework\\src\\Concerns\\RoutesRequests.php(413): Illuminate\\Pipeline\\Pipeline->then(Object(Closure))
#20 C:\\laragon\\www\\UserService\\core\\vendor\\laravel\\lumen-framework\\src\\Concerns\\RoutesRequests.php(259): Laravel\\Lumen\\Application->sendThroughPipeline(Array, Object(Closure))
#21 C:\\laragon\\www\\UserService\\core\\vendor\\laravel\\lumen-framework\\src\\Concerns\\RoutesRequests.php(165): Laravel\\Lumen\\Application->handleFoundRoute(Array)
#22 C:\\laragon\\www\\UserService\\core\\vendor\\laravel\\lumen-framework\\src\\Concerns\\RoutesRequests.php(416): Laravel\\Lumen\\Application->Laravel\\Lumen\\Concerns\\{closure}(Object(Laravel\\Lumen\\Http\\Request))
#23 C:\\laragon\\www\\UserService\\core\\vendor\\laravel\\lumen-framework\\src\\Concerns\\RoutesRequests.php(171): Laravel\\Lumen\\Application->sendThroughPipeline(Array, Object(Closure))
#24 C:\\laragon\\www\\UserService\\core\\vendor\\laravel\\lumen-framework\\src\\Concerns\\RoutesRequests.php(108): Laravel\\Lumen\\Application->dispatch(NULL)
#25 C:\\laragon\\www\\UserService\\host\\public\\index.php(28): Laravel\\Lumen\\Application->run()
#26 {main}

[previous exception] [object] (ParseError(code: 0): syntax error, unexpected ')' at C:\\laragon\\www\\UserService\\functional\\user\\queries\\getAll\\CanGetUsers.php:61)
[stacktrace]
#0 C:\\laragon\\www\\UserService\\core\\vendor\\composer\\ClassLoader.php(322): Composer\\Autoload\\includeFile('C:\\\\laragon\\\\www\\\\...')
#1 [internal function]: Composer\\Autoload\\ClassLoader->loadClass('Functional\\\\user...')
#2 C:\\laragon\\www\\UserService\\functional\\user\\queries\\getAll\\GetAllHandler.php(11): spl_autoload_call('Functional\\\\user...')
#3 C:\\laragon\\www\\UserService\\core\\vendor\\composer\\ClassLoader.php(444): include('C:\\\\laragon\\\\www\\\\...')
#4 C:\\laragon\\www\\UserService\\core\\vendor\\composer\\ClassLoader.php(322): Composer\\Autoload\\includeFile('C:\\\\laragon\\\\www\\\\...')
#5 [internal function]: Composer\\Autoload\\ClassLoader->loadClass('Functional\\\\user...')
#6 [internal function]: spl_autoload_call('Functional\\\\user...')
#7 C:\\laragon\\www\\UserService\\core\\vendor\\illuminate\\container\\BoundMethod.php(164): ReflectionParameter->getClass()
#8 C:\\laragon\\www\\UserService\\core\\vendor\\illuminate\\container\\BoundMethod.php(121): Illuminate\\Container\\BoundMethod::addDependencyForCallParameter(Object(Core\\myvendor\\defaults\\application\\MyApplication), Object(ReflectionParameter), Array, Array)
#9 C:\\laragon\\www\\UserService\\core\\vendor\\illuminate\\container\\BoundMethod.php(32): Illuminate\\Container\\BoundMethod::getMethodDependencies(Object(Core\\myvendor\\defaults\\application\\MyApplication), Array, Array)
#10 C:\\laragon\\www\\UserService\\core\\vendor\\illuminate\\container\\Util.php(36): Illuminate\\Container\\BoundMethod::Illuminate\\Container\\{closure}()
#11 C:\\laragon\\www\\UserService\\core\\vendor\\illuminate\\container\\BoundMethod.php(90): Illuminate\\Container\\Util::unwrapIfClosure(Object(Closure))
#12 C:\\laragon\\www\\UserService\\core\\vendor\\illuminate\\container\\BoundMethod.php(34): Illuminate\\Container\\BoundMethod::callBoundMethod(Object(Core\\myvendor\\defaults\\application\\MyApplication), Array, Object(Closure))
#13 C:\\laragon\\www\\UserService\\core\\vendor\\illuminate\\container\\Container.php(590): Illuminate\\Container\\BoundMethod::call(Object(Core\\myvendor\\defaults\\application\\MyApplication), Array, Array, NULL)
#14 C:\\laragon\\www\\UserService\\core\\vendor\\laravel\\lumen-framework\\src\\Concerns\\RoutesRequests.php(376): Illuminate\\Container\\Container->call(Array, Array)
#15 C:\\laragon\\www\\UserService\\core\\vendor\\laravel\\lumen-framework\\src\\Concerns\\RoutesRequests.php(342): Laravel\\Lumen\\Application->callControllerCallable(Array, Array)
#16 C:\\laragon\\www\\UserService\\core\\vendor\\laravel\\lumen-framework\\src\\Concerns\\RoutesRequests.php(316): Laravel\\Lumen\\Application->callLumenController(Object(Host\\controllers\\UserController), 'Get', Array)
#17 C:\\laragon\\www\\UserService\\core\\vendor\\laravel\\lumen-framework\\src\\Concerns\\RoutesRequests.php(278): Laravel\\Lumen\\Application->callControllerAction(Array)
#18 C:\\laragon\\www\\UserService\\core\\vendor\\laravel\\lumen-framework\\src\\Concerns\\RoutesRequests.php(258): Laravel\\Lumen\\Application->callActionOnArrayBasedRoute(Array)
#19 [internal function]: Laravel\\Lumen\\Application->Laravel\\Lumen\\Concerns\\{closure}(Object(Laravel\\Lumen\\Http\\Request))
#20 C:\\laragon\\www\\UserService\\core\\vendor\\laravel\\lumen-framework\\src\\Routing\\Pipeline.php(52): call_user_func(Object(Closure), Object(Laravel\\Lumen\\Http\\Request))
#21 C:\\laragon\\www\\UserService\\core\\container\\port\\src\\middlewares\\Authenticate.php(59): Laravel\\Lumen\\Routing\\Pipeline->Laravel\\Lumen\\Routing\\{closure}(Object(Laravel\\Lumen\\Http\\Request))
#22 C:\\laragon\\www\\UserService\\core\\vendor\\illuminate\\pipeline\\Pipeline.php(171): Core\\container\\port\\src\\middlewares\\Authenticate->handle(Object(Laravel\\Lumen\\Http\\Request), Object(Closure))
#23 [internal function]: Illuminate\\Pipeline\\Pipeline->Illuminate\\Pipeline\\{closure}(Object(Laravel\\Lumen\\Http\\Request))
#24 C:\\laragon\\www\\UserService\\core\\vendor\\laravel\\lumen-framework\\src\\Routing\\Pipeline.php(32): call_user_func(Object(Closure), Object(Laravel\\Lumen\\Http\\Request))
#25 C:\\laragon\\www\\UserService\\core\\vendor\\illuminate\\pipeline\\Pipeline.php(105): Laravel\\Lumen\\Routing\\Pipeline->Laravel\\Lumen\\Routing\\{closure}(Object(Laravel\\Lumen\\Http\\Request))
#26 C:\\laragon\\www\\UserService\\core\\vendor\\laravel\\lumen-framework\\src\\Concerns\\RoutesRequests.php(413): Illuminate\\Pipeline\\Pipeline->then(Object(Closure))
#27 C:\\laragon\\www\\UserService\\core\\vendor\\laravel\\lumen-framework\\src\\Concerns\\RoutesRequests.php(259): Laravel\\Lumen\\Application->sendThroughPipeline(Array, Object(Closure))
#28 C:\\laragon\\www\\UserService\\core\\vendor\\laravel\\lumen-framework\\src\\Concerns\\RoutesRequests.php(165): Laravel\\Lumen\\Application->handleFoundRoute(Array)
#29 C:\\laragon\\www\\UserService\\core\\vendor\\laravel\\lumen-framework\\src\\Concerns\\RoutesRequests.php(416): Laravel\\Lumen\\Application->Laravel\\Lumen\\Concerns\\{closure}(Object(Laravel\\Lumen\\Http\\Request))
#30 C:\\laragon\\www\\UserService\\core\\vendor\\laravel\\lumen-framework\\src\\Concerns\\RoutesRequests.php(171): Laravel\\Lumen\\Application->sendThroughPipeline(Array, Object(Closure))
#31 C:\\laragon\\www\\UserService\\core\\vendor\\laravel\\lumen-framework\\src\\Concerns\\RoutesRequests.php(108): Laravel\\Lumen\\Application->dispatch(NULL)
#32 C:\\laragon\\www\\UserService\\host\\public\\index.php(28): Laravel\\Lumen\\Application->run()
#33 {main}
"} 
[2020-04-28 15:32:41] local.ERROR: ParseError: syntax error, unexpected ')' in C:\laragon\www\UserService\functional\user\queries\getAll\CanGetUsers.php:60
Stack trace:
#0 C:\laragon\www\UserService\core\vendor\composer\ClassLoader.php(322): Composer\Autoload\includeFile('C:\\laragon\\www\\...')
#1 [internal function]: Composer\Autoload\ClassLoader->loadClass('Functional\\user...')
#2 C:\laragon\www\UserService\functional\user\queries\getAll\GetAllHandler.php(11): spl_autoload_call('Functional\\user...')
#3 C:\laragon\www\UserService\core\vendor\composer\ClassLoader.php(444): include('C:\\laragon\\www\\...')
#4 C:\laragon\www\UserService\core\vendor\composer\ClassLoader.php(322): Composer\Autoload\includeFile('C:\\laragon\\www\\...')
#5 [internal function]: Composer\Autoload\ClassLoader->loadClass('Functional\\user...')
#6 [internal function]: spl_autoload_call('Functional\\user...')
#7 C:\laragon\www\UserService\core\vendor\illuminate\container\BoundMethod.php(164): ReflectionParameter->getClass()
#8 C:\laragon\www\UserService\core\vendor\illuminate\container\BoundMethod.php(121): Illuminate\Container\BoundMethod::addDependencyForCallParameter(Object(Core\myvendor\defaults\application\MyApplication), Object(ReflectionParameter), Array, Array)
#9 C:\laragon\www\UserService\core\vendor\illuminate\container\BoundMethod.php(32): Illuminate\Container\BoundMethod::getMethodDependencies(Object(Core\myvendor\defaults\application\MyApplication), Array, Array)
#10 C:\laragon\www\UserService\core\vendor\illuminate\container\Util.php(36): Illuminate\Container\BoundMethod::Illuminate\Container\{closure}()
#11 C:\laragon\www\UserService\core\vendor\illuminate\container\BoundMethod.php(90): Illuminate\Container\Util::unwrapIfClosure(Object(Closure))
#12 C:\laragon\www\UserService\core\vendor\illuminate\container\BoundMethod.php(34): Illuminate\Container\BoundMethod::callBoundMethod(Object(Core\myvendor\defaults\application\MyApplication), Array, Object(Closure))
#13 C:\laragon\www\UserService\core\vendor\illuminate\container\Container.php(590): Illuminate\Container\BoundMethod::call(Object(Core\myvendor\defaults\application\MyApplication), Array, Array, NULL)
#14 C:\laragon\www\UserService\core\vendor\laravel\lumen-framework\src\Concerns\RoutesRequests.php(376): Illuminate\Container\Container->call(Array, Array)
#15 C:\laragon\www\UserService\core\vendor\laravel\lumen-framework\src\Concerns\RoutesRequests.php(342): Laravel\Lumen\Application->callControllerCallable(Array, Array)
#16 C:\laragon\www\UserService\core\vendor\laravel\lumen-framework\src\Concerns\RoutesRequests.php(316): Laravel\Lumen\Application->callLumenController(Object(Host\controllers\UserController), 'Get', Array)
#17 C:\laragon\www\UserService\core\vendor\laravel\lumen-framework\src\Concerns\RoutesRequests.php(278): Laravel\Lumen\Application->callControllerAction(Array)
#18 C:\laragon\www\UserService\core\vendor\laravel\lumen-framework\src\Concerns\RoutesRequests.php(258): Laravel\Lumen\Application->callActionOnArrayBasedRoute(Array)
#19 [internal function]: Laravel\Lumen\Application->Laravel\Lumen\Concerns\{closure}(Object(Laravel\Lumen\Http\Request))
#20 C:\laragon\www\UserService\core\vendor\laravel\lumen-framework\src\Routing\Pipeline.php(52): call_user_func(Object(Closure), Object(Laravel\Lumen\Http\Request))
#21 C:\laragon\www\UserService\core\container\port\src\middlewares\Authenticate.php(59): Laravel\Lumen\Routing\Pipeline->Laravel\Lumen\Routing\{closure}(Object(Laravel\Lumen\Http\Request))
#22 C:\laragon\www\UserService\core\vendor\illuminate\pipeline\Pipeline.php(171): Core\container\port\src\middlewares\Authenticate->handle(Object(Laravel\Lumen\Http\Request), Object(Closure))
#23 [internal function]: Illuminate\Pipeline\Pipeline->Illuminate\Pipeline\{closure}(Object(Laravel\Lumen\Http\Request))
#24 C:\laragon\www\UserService\core\vendor\laravel\lumen-framework\src\Routing\Pipeline.php(32): call_user_func(Object(Closure), Object(Laravel\Lumen\Http\Request))
#25 C:\laragon\www\UserService\core\vendor\illuminate\pipeline\Pipeline.php(105): Laravel\Lumen\Routing\Pipeline->Laravel\Lumen\Routing\{closure}(Object(Laravel\Lumen\Http\Request))
#26 C:\laragon\www\UserService\core\vendor\laravel\lumen-framework\src\Concerns\RoutesRequests.php(413): Illuminate\Pipeline\Pipeline->then(Object(Closure))
#27 C:\laragon\www\UserService\core\vendor\laravel\lumen-framework\src\Concerns\RoutesRequests.php(259): Laravel\Lumen\Application->sendThroughPipeline(Array, Object(Closure))
#28 C:\laragon\www\UserService\core\vendor\laravel\lumen-framework\src\Concerns\RoutesRequests.php(165): Laravel\Lumen\Application->handleFoundRoute(Array)
#29 C:\laragon\www\UserService\core\vendor\laravel\lumen-framework\src\Concerns\RoutesRequests.php(416): Laravel\Lumen\Application->Laravel\Lumen\Concerns\{closure}(Object(Laravel\Lumen\Http\Request))
#30 C:\laragon\www\UserService\core\vendor\laravel\lumen-framework\src\Concerns\RoutesRequests.php(171): Laravel\Lumen\Application->sendThroughPipeline(Array, Object(Closure))
#31 C:\laragon\www\UserService\core\vendor\laravel\lumen-framework\src\Concerns\RoutesRequests.php(108): Laravel\Lumen\Application->dispatch(NULL)
#32 C:\laragon\www\UserService\host\public\index.php(28): Laravel\Lumen\Application->run()
#33 {main}

Next ReflectionException: Class Functional\user\queries\getAll\GetAllHandler does not exist in C:\laragon\www\UserService\core\vendor\illuminate\container\BoundMethod.php:164
Stack trace:
#0 C:\laragon\www\UserService\core\vendor\illuminate\container\BoundMethod.php(164): ReflectionParameter->getClass()
#1 C:\laragon\www\UserService\core\vendor\illuminate\container\BoundMethod.php(121): Illuminate\Container\BoundMethod::addDependencyForCallParameter(Object(Core\myvendor\defaults\application\MyApplication), Object(ReflectionParameter), Array, Array)
#2 C:\laragon\www\UserService\core\vendor\illuminate\container\BoundMethod.php(32): Illuminate\Container\BoundMethod::getMethodDependencies(Object(Core\myvendor\defaults\application\MyApplication), Array, Array)
#3 C:\laragon\www\UserService\core\vendor\illuminate\container\Util.php(36): Illuminate\Container\BoundMethod::Illuminate\Container\{closure}()
#4 C:\laragon\www\UserService\core\vendor\illuminate\container\BoundMethod.php(90): Illuminate\Container\Util::unwrapIfClosure(Object(Closure))
#5 C:\laragon\www\UserService\core\vendor\illuminate\container\BoundMethod.php(34): Illuminate\Container\BoundMethod::callBoundMethod(Object(Core\myvendor\defaults\application\MyApplication), Array, Object(Closure))
#6 C:\laragon\www\UserService\core\vendor\illuminate\container\Container.php(590): Illuminate\Container\BoundMethod::call(Object(Core\myvendor\defaults\application\MyApplication), Array, Array, NULL)
#7 C:\laragon\www\UserService\core\vendor\laravel\lumen-framework\src\Concerns\RoutesRequests.php(376): Illuminate\Container\Container->call(Array, Array)
#8 C:\laragon\www\UserService\core\vendor\laravel\lumen-framework\src\Concerns\RoutesRequests.php(342): Laravel\Lumen\Application->callControllerCallable(Array, Array)
#9 C:\laragon\www\UserService\core\vendor\laravel\lumen-framework\src\Concerns\RoutesRequests.php(316): Laravel\Lumen\Application->callLumenController(Object(Host\controllers\UserController), 'Get', Array)
#10 C:\laragon\www\UserService\core\vendor\laravel\lumen-framework\src\Concerns\RoutesRequests.php(278): Laravel\Lumen\Application->callControllerAction(Array)
#11 C:\laragon\www\UserService\core\vendor\laravel\lumen-framework\src\Concerns\RoutesRequests.php(258): Laravel\Lumen\Application->callActionOnArrayBasedRoute(Array)
#12 [internal function]: Laravel\Lumen\Application->Laravel\Lumen\Concerns\{closure}(Object(Laravel\Lumen\Http\Request))
#13 C:\laragon\www\UserService\core\vendor\laravel\lumen-framework\src\Routing\Pipeline.php(52): call_user_func(Object(Closure), Object(Laravel\Lumen\Http\Request))
#14 C:\laragon\www\UserService\core\container\port\src\middlewares\Authenticate.php(59): Laravel\Lumen\Routing\Pipeline->Laravel\Lumen\Routing\{closure}(Object(Laravel\Lumen\Http\Request))
#15 C:\laragon\www\UserService\core\vendor\illuminate\pipeline\Pipeline.php(171): Core\container\port\src\middlewares\Authenticate->handle(Object(Laravel\Lumen\Http\Request), Object(Closure))
#16 [internal function]: Illuminate\Pipeline\Pipeline->Illuminate\Pipeline\{closure}(Object(Laravel\Lumen\Http\Request))
#17 C:\laragon\www\UserService\core\vendor\laravel\lumen-framework\src\Routing\Pipeline.php(32): call_user_func(Object(Closure), Object(Laravel\Lumen\Http\Request))
#18 C:\laragon\www\UserService\core\vendor\illuminate\pipeline\Pipeline.php(105): Laravel\Lumen\Routing\Pipeline->Laravel\Lumen\Routing\{closure}(Object(Laravel\Lumen\Http\Request))
#19 C:\laragon\www\UserService\core\vendor\laravel\lumen-framework\src\Concerns\RoutesRequests.php(413): Illuminate\Pipeline\Pipeline->then(Object(Closure))
#20 C:\laragon\www\UserService\core\vendor\laravel\lumen-framework\src\Concerns\RoutesRequests.php(259): Laravel\Lumen\Application->sendThroughPipeline(Array, Object(Closure))
#21 C:\laragon\www\UserService\core\vendor\laravel\lumen-framework\src\Concerns\RoutesRequests.php(165): Laravel\Lumen\Application->handleFoundRoute(Array)
#22 C:\laragon\www\UserService\core\vendor\laravel\lumen-framework\src\Concerns\RoutesRequests.php(416): Laravel\Lumen\Application->Laravel\Lumen\Concerns\{closure}(Object(Laravel\Lumen\Http\Request))
#23 C:\laragon\www\UserService\core\vendor\laravel\lumen-framework\src\Concerns\RoutesRequests.php(171): Laravel\Lumen\Application->sendThroughPipeline(Array, Object(Closure))
#24 C:\laragon\www\UserService\core\vendor\laravel\lumen-framework\src\Concerns\RoutesRequests.php(108): Laravel\Lumen\Application->dispatch(NULL)
#25 C:\laragon\www\UserService\host\public\index.php(28): Laravel\Lumen\Application->run()
#26 {main} {"exception":"[object] (ReflectionException(code: 0): Class Functional\\user\\queries\\getAll\\GetAllHandler does not exist at C:\\laragon\\www\\UserService\\core\\vendor\\illuminate\\container\\BoundMethod.php:164)
[stacktrace]
#0 C:\\laragon\\www\\UserService\\core\\vendor\\illuminate\\container\\BoundMethod.php(164): ReflectionParameter->getClass()
#1 C:\\laragon\\www\\UserService\\core\\vendor\\illuminate\\container\\BoundMethod.php(121): Illuminate\\Container\\BoundMethod::addDependencyForCallParameter(Object(Core\\myvendor\\defaults\\application\\MyApplication), Object(ReflectionParameter), Array, Array)
#2 C:\\laragon\\www\\UserService\\core\\vendor\\illuminate\\container\\BoundMethod.php(32): Illuminate\\Container\\BoundMethod::getMethodDependencies(Object(Core\\myvendor\\defaults\\application\\MyApplication), Array, Array)
#3 C:\\laragon\\www\\UserService\\core\\vendor\\illuminate\\container\\Util.php(36): Illuminate\\Container\\BoundMethod::Illuminate\\Container\\{closure}()
#4 C:\\laragon\\www\\UserService\\core\\vendor\\illuminate\\container\\BoundMethod.php(90): Illuminate\\Container\\Util::unwrapIfClosure(Object(Closure))
#5 C:\\laragon\\www\\UserService\\core\\vendor\\illuminate\\container\\BoundMethod.php(34): Illuminate\\Container\\BoundMethod::callBoundMethod(Object(Core\\myvendor\\defaults\\application\\MyApplication), Array, Object(Closure))
#6 C:\\laragon\\www\\UserService\\core\\vendor\\illuminate\\container\\Container.php(590): Illuminate\\Container\\BoundMethod::call(Object(Core\\myvendor\\defaults\\application\\MyApplication), Array, Array, NULL)
#7 C:\\laragon\\www\\UserService\\core\\vendor\\laravel\\lumen-framework\\src\\Concerns\\RoutesRequests.php(376): Illuminate\\Container\\Container->call(Array, Array)
#8 C:\\laragon\\www\\UserService\\core\\vendor\\laravel\\lumen-framework\\src\\Concerns\\RoutesRequests.php(342): Laravel\\Lumen\\Application->callControllerCallable(Array, Array)
#9 C:\\laragon\\www\\UserService\\core\\vendor\\laravel\\lumen-framework\\src\\Concerns\\RoutesRequests.php(316): Laravel\\Lumen\\Application->callLumenController(Object(Host\\controllers\\UserController), 'Get', Array)
#10 C:\\laragon\\www\\UserService\\core\\vendor\\laravel\\lumen-framework\\src\\Concerns\\RoutesRequests.php(278): Laravel\\Lumen\\Application->callControllerAction(Array)
#11 C:\\laragon\\www\\UserService\\core\\vendor\\laravel\\lumen-framework\\src\\Concerns\\RoutesRequests.php(258): Laravel\\Lumen\\Application->callActionOnArrayBasedRoute(Array)
#12 [internal function]: Laravel\\Lumen\\Application->Laravel\\Lumen\\Concerns\\{closure}(Object(Laravel\\Lumen\\Http\\Request))
#13 C:\\laragon\\www\\UserService\\core\\vendor\\laravel\\lumen-framework\\src\\Routing\\Pipeline.php(52): call_user_func(Object(Closure), Object(Laravel\\Lumen\\Http\\Request))
#14 C:\\laragon\\www\\UserService\\core\\container\\port\\src\\middlewares\\Authenticate.php(59): Laravel\\Lumen\\Routing\\Pipeline->Laravel\\Lumen\\Routing\\{closure}(Object(Laravel\\Lumen\\Http\\Request))
#15 C:\\laragon\\www\\UserService\\core\\vendor\\illuminate\\pipeline\\Pipeline.php(171): Core\\container\\port\\src\\middlewares\\Authenticate->handle(Object(Laravel\\Lumen\\Http\\Request), Object(Closure))
#16 [internal function]: Illuminate\\Pipeline\\Pipeline->Illuminate\\Pipeline\\{closure}(Object(Laravel\\Lumen\\Http\\Request))
#17 C:\\laragon\\www\\UserService\\core\\vendor\\laravel\\lumen-framework\\src\\Routing\\Pipeline.php(32): call_user_func(Object(Closure), Object(Laravel\\Lumen\\Http\\Request))
#18 C:\\laragon\\www\\UserService\\core\\vendor\\illuminate\\pipeline\\Pipeline.php(105): Laravel\\Lumen\\Routing\\Pipeline->Laravel\\Lumen\\Routing\\{closure}(Object(Laravel\\Lumen\\Http\\Request))
#19 C:\\laragon\\www\\UserService\\core\\vendor\\laravel\\lumen-framework\\src\\Concerns\\RoutesRequests.php(413): Illuminate\\Pipeline\\Pipeline->then(Object(Closure))
#20 C:\\laragon\\www\\UserService\\core\\vendor\\laravel\\lumen-framework\\src\\Concerns\\RoutesRequests.php(259): Laravel\\Lumen\\Application->sendThroughPipeline(Array, Object(Closure))
#21 C:\\laragon\\www\\UserService\\core\\vendor\\laravel\\lumen-framework\\src\\Concerns\\RoutesRequests.php(165): Laravel\\Lumen\\Application->handleFoundRoute(Array)
#22 C:\\laragon\\www\\UserService\\core\\vendor\\laravel\\lumen-framework\\src\\Concerns\\RoutesRequests.php(416): Laravel\\Lumen\\Application->Laravel\\Lumen\\Concerns\\{closure}(Object(Laravel\\Lumen\\Http\\Request))
#23 C:\\laragon\\www\\UserService\\core\\vendor\\laravel\\lumen-framework\\src\\Concerns\\RoutesRequests.php(171): Laravel\\Lumen\\Application->sendThroughPipeline(Array, Object(Closure))
#24 C:\\laragon\\www\\UserService\\core\\vendor\\laravel\\lumen-framework\\src\\Concerns\\RoutesRequests.php(108): Laravel\\Lumen\\Application->dispatch(NULL)
#25 C:\\laragon\\www\\UserService\\host\\public\\index.php(28): Laravel\\Lumen\\Application->run()
#26 {main}

[previous exception] [object] (ParseError(code: 0): syntax error, unexpected ')' at C:\\laragon\\www\\UserService\\functional\\user\\queries\\getAll\\CanGetUsers.php:60)
[stacktrace]
#0 C:\\laragon\\www\\UserService\\core\\vendor\\composer\\ClassLoader.php(322): Composer\\Autoload\\includeFile('C:\\\\laragon\\\\www\\\\...')
#1 [internal function]: Composer\\Autoload\\ClassLoader->loadClass('Functional\\\\user...')
#2 C:\\laragon\\www\\UserService\\functional\\user\\queries\\getAll\\GetAllHandler.php(11): spl_autoload_call('Functional\\\\user...')
#3 C:\\laragon\\www\\UserService\\core\\vendor\\composer\\ClassLoader.php(444): include('C:\\\\laragon\\\\www\\\\...')
#4 C:\\laragon\\www\\UserService\\core\\vendor\\composer\\ClassLoader.php(322): Composer\\Autoload\\includeFile('C:\\\\laragon\\\\www\\\\...')
#5 [internal function]: Composer\\Autoload\\ClassLoader->loadClass('Functional\\\\user...')
#6 [internal function]: spl_autoload_call('Functional\\\\user...')
#7 C:\\laragon\\www\\UserService\\core\\vendor\\illuminate\\container\\BoundMethod.php(164): ReflectionParameter->getClass()
#8 C:\\laragon\\www\\UserService\\core\\vendor\\illuminate\\container\\BoundMethod.php(121): Illuminate\\Container\\BoundMethod::addDependencyForCallParameter(Object(Core\\myvendor\\defaults\\application\\MyApplication), Object(ReflectionParameter), Array, Array)
#9 C:\\laragon\\www\\UserService\\core\\vendor\\illuminate\\container\\BoundMethod.php(32): Illuminate\\Container\\BoundMethod::getMethodDependencies(Object(Core\\myvendor\\defaults\\application\\MyApplication), Array, Array)
#10 C:\\laragon\\www\\UserService\\core\\vendor\\illuminate\\container\\Util.php(36): Illuminate\\Container\\BoundMethod::Illuminate\\Container\\{closure}()
#11 C:\\laragon\\www\\UserService\\core\\vendor\\illuminate\\container\\BoundMethod.php(90): Illuminate\\Container\\Util::unwrapIfClosure(Object(Closure))
#12 C:\\laragon\\www\\UserService\\core\\vendor\\illuminate\\container\\BoundMethod.php(34): Illuminate\\Container\\BoundMethod::callBoundMethod(Object(Core\\myvendor\\defaults\\application\\MyApplication), Array, Object(Closure))
#13 C:\\laragon\\www\\UserService\\core\\vendor\\illuminate\\container\\Container.php(590): Illuminate\\Container\\BoundMethod::call(Object(Core\\myvendor\\defaults\\application\\MyApplication), Array, Array, NULL)
#14 C:\\laragon\\www\\UserService\\core\\vendor\\laravel\\lumen-framework\\src\\Concerns\\RoutesRequests.php(376): Illuminate\\Container\\Container->call(Array, Array)
#15 C:\\laragon\\www\\UserService\\core\\vendor\\laravel\\lumen-framework\\src\\Concerns\\RoutesRequests.php(342): Laravel\\Lumen\\Application->callControllerCallable(Array, Array)
#16 C:\\laragon\\www\\UserService\\core\\vendor\\laravel\\lumen-framework\\src\\Concerns\\RoutesRequests.php(316): Laravel\\Lumen\\Application->callLumenController(Object(Host\\controllers\\UserController), 'Get', Array)
#17 C:\\laragon\\www\\UserService\\core\\vendor\\laravel\\lumen-framework\\src\\Concerns\\RoutesRequests.php(278): Laravel\\Lumen\\Application->callControllerAction(Array)
#18 C:\\laragon\\www\\UserService\\core\\vendor\\laravel\\lumen-framework\\src\\Concerns\\RoutesRequests.php(258): Laravel\\Lumen\\Application->callActionOnArrayBasedRoute(Array)
#19 [internal function]: Laravel\\Lumen\\Application->Laravel\\Lumen\\Concerns\\{closure}(Object(Laravel\\Lumen\\Http\\Request))
#20 C:\\laragon\\www\\UserService\\core\\vendor\\laravel\\lumen-framework\\src\\Routing\\Pipeline.php(52): call_user_func(Object(Closure), Object(Laravel\\Lumen\\Http\\Request))
#21 C:\\laragon\\www\\UserService\\core\\container\\port\\src\\middlewares\\Authenticate.php(59): Laravel\\Lumen\\Routing\\Pipeline->Laravel\\Lumen\\Routing\\{closure}(Object(Laravel\\Lumen\\Http\\Request))
#22 C:\\laragon\\www\\UserService\\core\\vendor\\illuminate\\pipeline\\Pipeline.php(171): Core\\container\\port\\src\\middlewares\\Authenticate->handle(Object(Laravel\\Lumen\\Http\\Request), Object(Closure))
#23 [internal function]: Illuminate\\Pipeline\\Pipeline->Illuminate\\Pipeline\\{closure}(Object(Laravel\\Lumen\\Http\\Request))
#24 C:\\laragon\\www\\UserService\\core\\vendor\\laravel\\lumen-framework\\src\\Routing\\Pipeline.php(32): call_user_func(Object(Closure), Object(Laravel\\Lumen\\Http\\Request))
#25 C:\\laragon\\www\\UserService\\core\\vendor\\illuminate\\pipeline\\Pipeline.php(105): Laravel\\Lumen\\Routing\\Pipeline->Laravel\\Lumen\\Routing\\{closure}(Object(Laravel\\Lumen\\Http\\Request))
#26 C:\\laragon\\www\\UserService\\core\\vendor\\laravel\\lumen-framework\\src\\Concerns\\RoutesRequests.php(413): Illuminate\\Pipeline\\Pipeline->then(Object(Closure))
#27 C:\\laragon\\www\\UserService\\core\\vendor\\laravel\\lumen-framework\\src\\Concerns\\RoutesRequests.php(259): Laravel\\Lumen\\Application->sendThroughPipeline(Array, Object(Closure))
#28 C:\\laragon\\www\\UserService\\core\\vendor\\laravel\\lumen-framework\\src\\Concerns\\RoutesRequests.php(165): Laravel\\Lumen\\Application->handleFoundRoute(Array)
#29 C:\\laragon\\www\\UserService\\core\\vendor\\laravel\\lumen-framework\\src\\Concerns\\RoutesRequests.php(416): Laravel\\Lumen\\Application->Laravel\\Lumen\\Concerns\\{closure}(Object(Laravel\\Lumen\\Http\\Request))
#30 C:\\laragon\\www\\UserService\\core\\vendor\\laravel\\lumen-framework\\src\\Concerns\\RoutesRequests.php(171): Laravel\\Lumen\\Application->sendThroughPipeline(Array, Object(Closure))
#31 C:\\laragon\\www\\UserService\\core\\vendor\\laravel\\lumen-framework\\src\\Concerns\\RoutesRequests.php(108): Laravel\\Lumen\\Application->dispatch(NULL)
#32 C:\\laragon\\www\\UserService\\host\\public\\index.php(28): Laravel\\Lumen\\Application->run()
#33 {main}
"} 
