[2020-06-04 15:16:45] local.ERROR: PDOException: SQLSTATE[23000]: Integrity constraint violation: 1052 Column 'name' in order clause is ambiguous in C:\laragon\www\UserService\core\vendor\illuminate\database\Connection.php:331
Stack trace:
#0 C:\laragon\www\UserService\core\vendor\illuminate\database\Connection.php(331): PDO->prepare('select * from `...')
#1 C:\laragon\www\UserService\core\vendor\illuminate\database\Connection.php(662): Illuminate\Database\Connection->Illuminate\Database\{closure}('select * from `...', Array)
#2 C:\laragon\www\UserService\core\vendor\illuminate\database\Connection.php(629): Illuminate\Database\Connection->runQueryCallback('select * from `...', Array, Object(Closure))
#3 C:\laragon\www\UserService\core\vendor\illuminate\database\Connection.php(338): Illuminate\Database\Connection->run('select * from `...', Array, Object(Closure))
#4 C:\laragon\www\UserService\core\vendor\illuminate\database\Query\Builder.php(2132): Illuminate\Database\Connection->select('select * from `...', Array, true)
#5 C:\laragon\www\UserService\core\vendor\illuminate\database\Query\Builder.php(2120): Illuminate\Database\Query\Builder->runSelect()
#6 C:\laragon\www\UserService\core\vendor\illuminate\database\Query\Builder.php(2586): Illuminate\Database\Query\Builder->Illuminate\Database\Query\{closure}()
#7 C:\laragon\www\UserService\core\vendor\illuminate\database\Query\Builder.php(2121): Illuminate\Database\Query\Builder->onceWithColumns(Array, Object(Closure))
#8 C:\laragon\www\UserService\core\vendor\illuminate\database\Eloquent\Builder.php(537): Illuminate\Database\Query\Builder->get(Array)
#9 C:\laragon\www\UserService\core\vendor\illuminate\database\Eloquent\Builder.php(521): Illuminate\Database\Eloquent\Builder->getModels(Array)
#10 C:\laragon\www\UserService\functional\role\queries\getRolePermissions\GetRolePermissionsHandler.php(24): Illuminate\Database\Eloquent\Builder->get()
#11 C:\laragon\www\UserService\core\myvendor\functions\meteor\MeteorRequestHandler.php(35): Functional\role\queries\getRolePermissions\GetRolePermissionsHandler->Handler(Object(Laravel\Lumen\Http\Request))
#12 C:\laragon\www\UserService\core\myvendor\functions\meteor\Meteor.php(21): Core\myvendor\functions\meteor\MeteorRequestHandler->Handle(Array, Object(Laravel\Lumen\Http\Request))
#13 C:\laragon\www\UserService\host\controllers\RoleController.php(43): Core\myvendor\functions\meteor\Meteor->Send(Object(Functional\role\queries\getRolePermissions\GetRolePermissionsHandler), Object(Laravel\Lumen\Http\Request))
#14 [internal function]: Host\controllers\RoleController->GetRolePermissions(Object(Functional\role\queries\getRolePermissions\GetRolePermissionsHandler), Object(Laravel\Lumen\Http\Request))
#15 C:\laragon\www\UserService\core\vendor\illuminate\container\BoundMethod.php(32): call_user_func_array(Array, Array)
#16 C:\laragon\www\UserService\core\vendor\illuminate\container\Util.php(36): Illuminate\Container\BoundMethod::Illuminate\Container\{closure}()
#17 C:\laragon\www\UserService\core\vendor\illuminate\container\BoundMethod.php(90): Illuminate\Container\Util::unwrapIfClosure(Object(Closure))
#18 C:\laragon\www\UserService\core\vendor\illuminate\container\BoundMethod.php(34): Illuminate\Container\BoundMethod::callBoundMethod(Object(Core\myvendor\defaults\application\MyApplication), Array, Object(Closure))
#19 C:\laragon\www\UserService\core\vendor\illuminate\container\Container.php(590): Illuminate\Container\BoundMethod::call(Object(Core\myvendor\defaults\application\MyApplication), Array, Array, NULL)
#20 C:\laragon\www\UserService\core\vendor\laravel\lumen-framework\src\Concerns\RoutesRequests.php(376): Illuminate\Container\Container->call(Array, Array)
#21 C:\laragon\www\UserService\core\vendor\laravel\lumen-framework\src\Concerns\RoutesRequests.php(342): Laravel\Lumen\Application->callControllerCallable(Array, Array)
#22 C:\laragon\www\UserService\core\vendor\laravel\lumen-framework\src\Concerns\RoutesRequests.php(316): Laravel\Lumen\Application->callLumenController(Object(Host\controllers\RoleController), 'GetRolePermissi...', Array)
#23 C:\laragon\www\UserService\core\vendor\laravel\lumen-framework\src\Concerns\RoutesRequests.php(278): Laravel\Lumen\Application->callControllerAction(Array)
#24 C:\laragon\www\UserService\core\vendor\laravel\lumen-framework\src\Concerns\RoutesRequests.php(258): Laravel\Lumen\Application->callActionOnArrayBasedRoute(Array)
#25 [internal function]: Laravel\Lumen\Application->Laravel\Lumen\Concerns\{closure}(Object(Laravel\Lumen\Http\Request))
#26 C:\laragon\www\UserService\core\vendor\laravel\lumen-framework\src\Routing\Pipeline.php(52): call_user_func(Object(Closure), Object(Laravel\Lumen\Http\Request))
#27 C:\laragon\www\UserService\core\container\port\src\middlewares\Authenticate.php(59): Laravel\Lumen\Routing\Pipeline->Laravel\Lumen\Routing\{closure}(Object(Laravel\Lumen\Http\Request))
#28 C:\laragon\www\UserService\core\vendor\illuminate\pipeline\Pipeline.php(171): Core\container\port\src\middlewares\Authenticate->handle(Object(Laravel\Lumen\Http\Request), Object(Closure))
#29 [internal function]: Illuminate\Pipeline\Pipeline->Illuminate\Pipeline\{closure}(Object(Laravel\Lumen\Http\Request))
#30 C:\laragon\www\UserService\core\vendor\laravel\lumen-framework\src\Routing\Pipeline.php(32): call_user_func(Object(Closure), Object(Laravel\Lumen\Http\Request))
#31 C:\laragon\www\UserService\core\vendor\illuminate\pipeline\Pipeline.php(105): Laravel\Lumen\Routing\Pipeline->Laravel\Lumen\Routing\{closure}(Object(Laravel\Lumen\Http\Request))
#32 C:\laragon\www\UserService\core\vendor\laravel\lumen-framework\src\Concerns\RoutesRequests.php(413): Illuminate\Pipeline\Pipeline->then(Object(Closure))
#33 C:\laragon\www\UserService\core\vendor\laravel\lumen-framework\src\Concerns\RoutesRequests.php(259): Laravel\Lumen\Application->sendThroughPipeline(Array, Object(Closure))
#34 C:\laragon\www\UserService\core\vendor\laravel\lumen-framework\src\Concerns\RoutesRequests.php(165): Laravel\Lumen\Application->handleFoundRoute(Array)
#35 C:\laragon\www\UserService\core\vendor\laravel\lumen-framework\src\Concerns\RoutesRequests.php(416): Laravel\Lumen\Application->Laravel\Lumen\Concerns\{closure}(Object(Laravel\Lumen\Http\Request))
#36 C:\laragon\www\UserService\core\vendor\laravel\lumen-framework\src\Concerns\RoutesRequests.php(171): Laravel\Lumen\Application->sendThroughPipeline(Array, Object(Closure))
#37 C:\laragon\www\UserService\core\vendor\laravel\lumen-framework\src\Concerns\RoutesRequests.php(108): Laravel\Lumen\Application->dispatch(NULL)
#38 C:\laragon\www\UserService\host\public\index.php(28): Laravel\Lumen\Application->run()
#39 {main}

Next Illuminate\Database\QueryException: SQLSTATE[23000]: Integrity constraint violation: 1052 Column 'name' in order clause is ambiguous (SQL: select * from `roles` left join `role_has_permissions` as `rhp` on `rhp`.`role_id` = `roles`.`id` left join `permissions` on `permissions`.`id` = `rhp`.`permission_id` where `roles`.`id` = 17d61eeb-3ed2-4801-b417-6d5943079c6b and `permissions`.`id` is not null order by `name` asc) in C:\laragon\www\UserService\core\vendor\illuminate\database\Connection.php:669
Stack trace:
#0 C:\laragon\www\UserService\core\vendor\illuminate\database\Connection.php(629): Illuminate\Database\Connection->runQueryCallback('select * from `...', Array, Object(Closure))
#1 C:\laragon\www\UserService\core\vendor\illuminate\database\Connection.php(338): Illuminate\Database\Connection->run('select * from `...', Array, Object(Closure))
#2 C:\laragon\www\UserService\core\vendor\illuminate\database\Query\Builder.php(2132): Illuminate\Database\Connection->select('select * from `...', Array, true)
#3 C:\laragon\www\UserService\core\vendor\illuminate\database\Query\Builder.php(2120): Illuminate\Database\Query\Builder->runSelect()
#4 C:\laragon\www\UserService\core\vendor\illuminate\database\Query\Builder.php(2586): Illuminate\Database\Query\Builder->Illuminate\Database\Query\{closure}()
#5 C:\laragon\www\UserService\core\vendor\illuminate\database\Query\Builder.php(2121): Illuminate\Database\Query\Builder->onceWithColumns(Array, Object(Closure))
#6 C:\laragon\www\UserService\core\vendor\illuminate\database\Eloquent\Builder.php(537): Illuminate\Database\Query\Builder->get(Array)
#7 C:\laragon\www\UserService\core\vendor\illuminate\database\Eloquent\Builder.php(521): Illuminate\Database\Eloquent\Builder->getModels(Array)
#8 C:\laragon\www\UserService\functional\role\queries\getRolePermissions\GetRolePermissionsHandler.php(24): Illuminate\Database\Eloquent\Builder->get()
#9 C:\laragon\www\UserService\core\myvendor\functions\meteor\MeteorRequestHandler.php(35): Functional\role\queries\getRolePermissions\GetRolePermissionsHandler->Handler(Object(Laravel\Lumen\Http\Request))
#10 C:\laragon\www\UserService\core\myvendor\functions\meteor\Meteor.php(21): Core\myvendor\functions\meteor\MeteorRequestHandler->Handle(Array, Object(Laravel\Lumen\Http\Request))
#11 C:\laragon\www\UserService\host\controllers\RoleController.php(43): Core\myvendor\functions\meteor\Meteor->Send(Object(Functional\role\queries\getRolePermissions\GetRolePermissionsHandler), Object(Laravel\Lumen\Http\Request))
#12 [internal function]: Host\controllers\RoleController->GetRolePermissions(Object(Functional\role\queries\getRolePermissions\GetRolePermissionsHandler), Object(Laravel\Lumen\Http\Request))
#13 C:\laragon\www\UserService\core\vendor\illuminate\container\BoundMethod.php(32): call_user_func_array(Array, Array)
#14 C:\laragon\www\UserService\core\vendor\illuminate\container\Util.php(36): Illuminate\Container\BoundMethod::Illuminate\Container\{closure}()
#15 C:\laragon\www\UserService\core\vendor\illuminate\container\BoundMethod.php(90): Illuminate\Container\Util::unwrapIfClosure(Object(Closure))
#16 C:\laragon\www\UserService\core\vendor\illuminate\container\BoundMethod.php(34): Illuminate\Container\BoundMethod::callBoundMethod(Object(Core\myvendor\defaults\application\MyApplication), Array, Object(Closure))
#17 C:\laragon\www\UserService\core\vendor\illuminate\container\Container.php(590): Illuminate\Container\BoundMethod::call(Object(Core\myvendor\defaults\application\MyApplication), Array, Array, NULL)
#18 C:\laragon\www\UserService\core\vendor\laravel\lumen-framework\src\Concerns\RoutesRequests.php(376): Illuminate\Container\Container->call(Array, Array)
#19 C:\laragon\www\UserService\core\vendor\laravel\lumen-framework\src\Concerns\RoutesRequests.php(342): Laravel\Lumen\Application->callControllerCallable(Array, Array)
#20 C:\laragon\www\UserService\core\vendor\laravel\lumen-framework\src\Concerns\RoutesRequests.php(316): Laravel\Lumen\Application->callLumenController(Object(Host\controllers\RoleController), 'GetRolePermissi...', Array)
#21 C:\laragon\www\UserService\core\vendor\laravel\lumen-framework\src\Concerns\RoutesRequests.php(278): Laravel\Lumen\Application->callControllerAction(Array)
#22 C:\laragon\www\UserService\core\vendor\laravel\lumen-framework\src\Concerns\RoutesRequests.php(258): Laravel\Lumen\Application->callActionOnArrayBasedRoute(Array)
#23 [internal function]: Laravel\Lumen\Application->Laravel\Lumen\Concerns\{closure}(Object(Laravel\Lumen\Http\Request))
#24 C:\laragon\www\UserService\core\vendor\laravel\lumen-framework\src\Routing\Pipeline.php(52): call_user_func(Object(Closure), Object(Laravel\Lumen\Http\Request))
#25 C:\laragon\www\UserService\core\container\port\src\middlewares\Authenticate.php(59): Laravel\Lumen\Routing\Pipeline->Laravel\Lumen\Routing\{closure}(Object(Laravel\Lumen\Http\Request))
#26 C:\laragon\www\UserService\core\vendor\illuminate\pipeline\Pipeline.php(171): Core\container\port\src\middlewares\Authenticate->handle(Object(Laravel\Lumen\Http\Request), Object(Closure))
#27 [internal function]: Illuminate\Pipeline\Pipeline->Illuminate\Pipeline\{closure}(Object(Laravel\Lumen\Http\Request))
#28 C:\laragon\www\UserService\core\vendor\laravel\lumen-framework\src\Routing\Pipeline.php(32): call_user_func(Object(Closure), Object(Laravel\Lumen\Http\Request))
#29 C:\laragon\www\UserService\core\vendor\illuminate\pipeline\Pipeline.php(105): Laravel\Lumen\Routing\Pipeline->Laravel\Lumen\Routing\{closure}(Object(Laravel\Lumen\Http\Request))
#30 C:\laragon\www\UserService\core\vendor\laravel\lumen-framework\src\Concerns\RoutesRequests.php(413): Illuminate\Pipeline\Pipeline->then(Object(Closure))
#31 C:\laragon\www\UserService\core\vendor\laravel\lumen-framework\src\Concerns\RoutesRequests.php(259): Laravel\Lumen\Application->sendThroughPipeline(Array, Object(Closure))
#32 C:\laragon\www\UserService\core\vendor\laravel\lumen-framework\src\Concerns\RoutesRequests.php(165): Laravel\Lumen\Application->handleFoundRoute(Array)
#33 C:\laragon\www\UserService\core\vendor\laravel\lumen-framework\src\Concerns\RoutesRequests.php(416): Laravel\Lumen\Application->Laravel\Lumen\Concerns\{closure}(Object(Laravel\Lumen\Http\Request))
#34 C:\laragon\www\UserService\core\vendor\laravel\lumen-framework\src\Concerns\RoutesRequests.php(171): Laravel\Lumen\Application->sendThroughPipeline(Array, Object(Closure))
#35 C:\laragon\www\UserService\core\vendor\laravel\lumen-framework\src\Concerns\RoutesRequests.php(108): Laravel\Lumen\Application->dispatch(NULL)
#36 C:\laragon\www\UserService\host\public\index.php(28): Laravel\Lumen\Application->run()
#37 {main} {"exception":"[object] (Illuminate\\Database\\QueryException(code: 23000): SQLSTATE[23000]: Integrity constraint violation: 1052 Column 'name' in order clause is ambiguous (SQL: select * from `roles` left join `role_has_permissions` as `rhp` on `rhp`.`role_id` = `roles`.`id` left join `permissions` on `permissions`.`id` = `rhp`.`permission_id` where `roles`.`id` = 17d61eeb-3ed2-4801-b417-6d5943079c6b and `permissions`.`id` is not null order by `name` asc) at C:\\laragon\\www\\UserService\\core\\vendor\\illuminate\\database\\Connection.php:669)
[stacktrace]
#0 C:\\laragon\\www\\UserService\\core\\vendor\\illuminate\\database\\Connection.php(629): Illuminate\\Database\\Connection->runQueryCallback('select * from `...', Array, Object(Closure))
#1 C:\\laragon\\www\\UserService\\core\\vendor\\illuminate\\database\\Connection.php(338): Illuminate\\Database\\Connection->run('select * from `...', Array, Object(Closure))
#2 C:\\laragon\\www\\UserService\\core\\vendor\\illuminate\\database\\Query\\Builder.php(2132): Illuminate\\Database\\Connection->select('select * from `...', Array, true)
#3 C:\\laragon\\www\\UserService\\core\\vendor\\illuminate\\database\\Query\\Builder.php(2120): Illuminate\\Database\\Query\\Builder->runSelect()
#4 C:\\laragon\\www\\UserService\\core\\vendor\\illuminate\\database\\Query\\Builder.php(2586): Illuminate\\Database\\Query\\Builder->Illuminate\\Database\\Query\\{closure}()
#5 C:\\laragon\\www\\UserService\\core\\vendor\\illuminate\\database\\Query\\Builder.php(2121): Illuminate\\Database\\Query\\Builder->onceWithColumns(Array, Object(Closure))
#6 C:\\laragon\\www\\UserService\\core\\vendor\\illuminate\\database\\Eloquent\\Builder.php(537): Illuminate\\Database\\Query\\Builder->get(Array)
#7 C:\\laragon\\www\\UserService\\core\\vendor\\illuminate\\database\\Eloquent\\Builder.php(521): Illuminate\\Database\\Eloquent\\Builder->getModels(Array)
#8 C:\\laragon\\www\\UserService\\functional\ole\\queries\\getRolePermissions\\GetRolePermissionsHandler.php(24): Illuminate\\Database\\Eloquent\\Builder->get()
#9 C:\\laragon\\www\\UserService\\core\\myvendor\\functions\\meteor\\MeteorRequestHandler.php(35): Functional\ole\\queries\\getRolePermissions\\GetRolePermissionsHandler->Handler(Object(Laravel\\Lumen\\Http\\Request))
#10 C:\\laragon\\www\\UserService\\core\\myvendor\\functions\\meteor\\Meteor.php(21): Core\\myvendor\\functions\\meteor\\MeteorRequestHandler->Handle(Array, Object(Laravel\\Lumen\\Http\\Request))
#11 C:\\laragon\\www\\UserService\\host\\controllers\\RoleController.php(43): Core\\myvendor\\functions\\meteor\\Meteor->Send(Object(Functional\ole\\queries\\getRolePermissions\\GetRolePermissionsHandler), Object(Laravel\\Lumen\\Http\\Request))
#12 [internal function]: Host\\controllers\\RoleController->GetRolePermissions(Object(Functional\ole\\queries\\getRolePermissions\\GetRolePermissionsHandler), Object(Laravel\\Lumen\\Http\\Request))
#13 C:\\laragon\\www\\UserService\\core\\vendor\\illuminate\\container\\BoundMethod.php(32): call_user_func_array(Array, Array)
#14 C:\\laragon\\www\\UserService\\core\\vendor\\illuminate\\container\\Util.php(36): Illuminate\\Container\\BoundMethod::Illuminate\\Container\\{closure}()
#15 C:\\laragon\\www\\UserService\\core\\vendor\\illuminate\\container\\BoundMethod.php(90): Illuminate\\Container\\Util::unwrapIfClosure(Object(Closure))
#16 C:\\laragon\\www\\UserService\\core\\vendor\\illuminate\\container\\BoundMethod.php(34): Illuminate\\Container\\BoundMethod::callBoundMethod(Object(Core\\myvendor\\defaults\\application\\MyApplication), Array, Object(Closure))
#17 C:\\laragon\\www\\UserService\\core\\vendor\\illuminate\\container\\Container.php(590): Illuminate\\Container\\BoundMethod::call(Object(Core\\myvendor\\defaults\\application\\MyApplication), Array, Array, NULL)
#18 C:\\laragon\\www\\UserService\\core\\vendor\\laravel\\lumen-framework\\src\\Concerns\\RoutesRequests.php(376): Illuminate\\Container\\Container->call(Array, Array)
#19 C:\\laragon\\www\\UserService\\core\\vendor\\laravel\\lumen-framework\\src\\Concerns\\RoutesRequests.php(342): Laravel\\Lumen\\Application->callControllerCallable(Array, Array)
#20 C:\\laragon\\www\\UserService\\core\\vendor\\laravel\\lumen-framework\\src\\Concerns\\RoutesRequests.php(316): Laravel\\Lumen\\Application->callLumenController(Object(Host\\controllers\\RoleController), 'GetRolePermissi...', Array)
#21 C:\\laragon\\www\\UserService\\core\\vendor\\laravel\\lumen-framework\\src\\Concerns\\RoutesRequests.php(278): Laravel\\Lumen\\Application->callControllerAction(Array)
#22 C:\\laragon\\www\\UserService\\core\\vendor\\laravel\\lumen-framework\\src\\Concerns\\RoutesRequests.php(258): Laravel\\Lumen\\Application->callActionOnArrayBasedRoute(Array)
#23 [internal function]: Laravel\\Lumen\\Application->Laravel\\Lumen\\Concerns\\{closure}(Object(Laravel\\Lumen\\Http\\Request))
#24 C:\\laragon\\www\\UserService\\core\\vendor\\laravel\\lumen-framework\\src\\Routing\\Pipeline.php(52): call_user_func(Object(Closure), Object(Laravel\\Lumen\\Http\\Request))
#25 C:\\laragon\\www\\UserService\\core\\container\\port\\src\\middlewares\\Authenticate.php(59): Laravel\\Lumen\\Routing\\Pipeline->Laravel\\Lumen\\Routing\\{closure}(Object(Laravel\\Lumen\\Http\\Request))
#26 C:\\laragon\\www\\UserService\\core\\vendor\\illuminate\\pipeline\\Pipeline.php(171): Core\\container\\port\\src\\middlewares\\Authenticate->handle(Object(Laravel\\Lumen\\Http\\Request), Object(Closure))
#27 [internal function]: Illuminate\\Pipeline\\Pipeline->Illuminate\\Pipeline\\{closure}(Object(Laravel\\Lumen\\Http\\Request))
#28 C:\\laragon\\www\\UserService\\core\\vendor\\laravel\\lumen-framework\\src\\Routing\\Pipeline.php(32): call_user_func(Object(Closure), Object(Laravel\\Lumen\\Http\\Request))
#29 C:\\laragon\\www\\UserService\\core\\vendor\\illuminate\\pipeline\\Pipeline.php(105): Laravel\\Lumen\\Routing\\Pipeline->Laravel\\Lumen\\Routing\\{closure}(Object(Laravel\\Lumen\\Http\\Request))
#30 C:\\laragon\\www\\UserService\\core\\vendor\\laravel\\lumen-framework\\src\\Concerns\\RoutesRequests.php(413): Illuminate\\Pipeline\\Pipeline->then(Object(Closure))
#31 C:\\laragon\\www\\UserService\\core\\vendor\\laravel\\lumen-framework\\src\\Concerns\\RoutesRequests.php(259): Laravel\\Lumen\\Application->sendThroughPipeline(Array, Object(Closure))
#32 C:\\laragon\\www\\UserService\\core\\vendor\\laravel\\lumen-framework\\src\\Concerns\\RoutesRequests.php(165): Laravel\\Lumen\\Application->handleFoundRoute(Array)
#33 C:\\laragon\\www\\UserService\\core\\vendor\\laravel\\lumen-framework\\src\\Concerns\\RoutesRequests.php(416): Laravel\\Lumen\\Application->Laravel\\Lumen\\Concerns\\{closure}(Object(Laravel\\Lumen\\Http\\Request))
#34 C:\\laragon\\www\\UserService\\core\\vendor\\laravel\\lumen-framework\\src\\Concerns\\RoutesRequests.php(171): Laravel\\Lumen\\Application->sendThroughPipeline(Array, Object(Closure))
#35 C:\\laragon\\www\\UserService\\core\\vendor\\laravel\\lumen-framework\\src\\Concerns\\RoutesRequests.php(108): Laravel\\Lumen\\Application->dispatch(NULL)
#36 C:\\laragon\\www\\UserService\\host\\public\\index.php(28): Laravel\\Lumen\\Application->run()
#37 {main}

[previous exception] [object] (PDOException(code: 23000): SQLSTATE[23000]: Integrity constraint violation: 1052 Column 'name' in order clause is ambiguous at C:\\laragon\\www\\UserService\\core\\vendor\\illuminate\\database\\Connection.php:331)
[stacktrace]
#0 C:\\laragon\\www\\UserService\\core\\vendor\\illuminate\\database\\Connection.php(331): PDO->prepare('select * from `...')
#1 C:\\laragon\\www\\UserService\\core\\vendor\\illuminate\\database\\Connection.php(662): Illuminate\\Database\\Connection->Illuminate\\Database\\{closure}('select * from `...', Array)
#2 C:\\laragon\\www\\UserService\\core\\vendor\\illuminate\\database\\Connection.php(629): Illuminate\\Database\\Connection->runQueryCallback('select * from `...', Array, Object(Closure))
#3 C:\\laragon\\www\\UserService\\core\\vendor\\illuminate\\database\\Connection.php(338): Illuminate\\Database\\Connection->run('select * from `...', Array, Object(Closure))
#4 C:\\laragon\\www\\UserService\\core\\vendor\\illuminate\\database\\Query\\Builder.php(2132): Illuminate\\Database\\Connection->select('select * from `...', Array, true)
#5 C:\\laragon\\www\\UserService\\core\\vendor\\illuminate\\database\\Query\\Builder.php(2120): Illuminate\\Database\\Query\\Builder->runSelect()
#6 C:\\laragon\\www\\UserService\\core\\vendor\\illuminate\\database\\Query\\Builder.php(2586): Illuminate\\Database\\Query\\Builder->Illuminate\\Database\\Query\\{closure}()
#7 C:\\laragon\\www\\UserService\\core\\vendor\\illuminate\\database\\Query\\Builder.php(2121): Illuminate\\Database\\Query\\Builder->onceWithColumns(Array, Object(Closure))
#8 C:\\laragon\\www\\UserService\\core\\vendor\\illuminate\\database\\Eloquent\\Builder.php(537): Illuminate\\Database\\Query\\Builder->get(Array)
#9 C:\\laragon\\www\\UserService\\core\\vendor\\illuminate\\database\\Eloquent\\Builder.php(521): Illuminate\\Database\\Eloquent\\Builder->getModels(Array)
#10 C:\\laragon\\www\\UserService\\functional\ole\\queries\\getRolePermissions\\GetRolePermissionsHandler.php(24): Illuminate\\Database\\Eloquent\\Builder->get()
#11 C:\\laragon\\www\\UserService\\core\\myvendor\\functions\\meteor\\MeteorRequestHandler.php(35): Functional\ole\\queries\\getRolePermissions\\GetRolePermissionsHandler->Handler(Object(Laravel\\Lumen\\Http\\Request))
#12 C:\\laragon\\www\\UserService\\core\\myvendor\\functions\\meteor\\Meteor.php(21): Core\\myvendor\\functions\\meteor\\MeteorRequestHandler->Handle(Array, Object(Laravel\\Lumen\\Http\\Request))
#13 C:\\laragon\\www\\UserService\\host\\controllers\\RoleController.php(43): Core\\myvendor\\functions\\meteor\\Meteor->Send(Object(Functional\ole\\queries\\getRolePermissions\\GetRolePermissionsHandler), Object(Laravel\\Lumen\\Http\\Request))
#14 [internal function]: Host\\controllers\\RoleController->GetRolePermissions(Object(Functional\ole\\queries\\getRolePermissions\\GetRolePermissionsHandler), Object(Laravel\\Lumen\\Http\\Request))
#15 C:\\laragon\\www\\UserService\\core\\vendor\\illuminate\\container\\BoundMethod.php(32): call_user_func_array(Array, Array)
#16 C:\\laragon\\www\\UserService\\core\\vendor\\illuminate\\container\\Util.php(36): Illuminate\\Container\\BoundMethod::Illuminate\\Container\\{closure}()
#17 C:\\laragon\\www\\UserService\\core\\vendor\\illuminate\\container\\BoundMethod.php(90): Illuminate\\Container\\Util::unwrapIfClosure(Object(Closure))
#18 C:\\laragon\\www\\UserService\\core\\vendor\\illuminate\\container\\BoundMethod.php(34): Illuminate\\Container\\BoundMethod::callBoundMethod(Object(Core\\myvendor\\defaults\\application\\MyApplication), Array, Object(Closure))
#19 C:\\laragon\\www\\UserService\\core\\vendor\\illuminate\\container\\Container.php(590): Illuminate\\Container\\BoundMethod::call(Object(Core\\myvendor\\defaults\\application\\MyApplication), Array, Array, NULL)
#20 C:\\laragon\\www\\UserService\\core\\vendor\\laravel\\lumen-framework\\src\\Concerns\\RoutesRequests.php(376): Illuminate\\Container\\Container->call(Array, Array)
#21 C:\\laragon\\www\\UserService\\core\\vendor\\laravel\\lumen-framework\\src\\Concerns\\RoutesRequests.php(342): Laravel\\Lumen\\Application->callControllerCallable(Array, Array)
#22 C:\\laragon\\www\\UserService\\core\\vendor\\laravel\\lumen-framework\\src\\Concerns\\RoutesRequests.php(316): Laravel\\Lumen\\Application->callLumenController(Object(Host\\controllers\\RoleController), 'GetRolePermissi...', Array)
#23 C:\\laragon\\www\\UserService\\core\\vendor\\laravel\\lumen-framework\\src\\Concerns\\RoutesRequests.php(278): Laravel\\Lumen\\Application->callControllerAction(Array)
#24 C:\\laragon\\www\\UserService\\core\\vendor\\laravel\\lumen-framework\\src\\Concerns\\RoutesRequests.php(258): Laravel\\Lumen\\Application->callActionOnArrayBasedRoute(Array)
#25 [internal function]: Laravel\\Lumen\\Application->Laravel\\Lumen\\Concerns\\{closure}(Object(Laravel\\Lumen\\Http\\Request))
#26 C:\\laragon\\www\\UserService\\core\\vendor\\laravel\\lumen-framework\\src\\Routing\\Pipeline.php(52): call_user_func(Object(Closure), Object(Laravel\\Lumen\\Http\\Request))
#27 C:\\laragon\\www\\UserService\\core\\container\\port\\src\\middlewares\\Authenticate.php(59): Laravel\\Lumen\\Routing\\Pipeline->Laravel\\Lumen\\Routing\\{closure}(Object(Laravel\\Lumen\\Http\\Request))
#28 C:\\laragon\\www\\UserService\\core\\vendor\\illuminate\\pipeline\\Pipeline.php(171): Core\\container\\port\\src\\middlewares\\Authenticate->handle(Object(Laravel\\Lumen\\Http\\Request), Object(Closure))
#29 [internal function]: Illuminate\\Pipeline\\Pipeline->Illuminate\\Pipeline\\{closure}(Object(Laravel\\Lumen\\Http\\Request))
#30 C:\\laragon\\www\\UserService\\core\\vendor\\laravel\\lumen-framework\\src\\Routing\\Pipeline.php(32): call_user_func(Object(Closure), Object(Laravel\\Lumen\\Http\\Request))
#31 C:\\laragon\\www\\UserService\\core\\vendor\\illuminate\\pipeline\\Pipeline.php(105): Laravel\\Lumen\\Routing\\Pipeline->Laravel\\Lumen\\Routing\\{closure}(Object(Laravel\\Lumen\\Http\\Request))
#32 C:\\laragon\\www\\UserService\\core\\vendor\\laravel\\lumen-framework\\src\\Concerns\\RoutesRequests.php(413): Illuminate\\Pipeline\\Pipeline->then(Object(Closure))
#33 C:\\laragon\\www\\UserService\\core\\vendor\\laravel\\lumen-framework\\src\\Concerns\\RoutesRequests.php(259): Laravel\\Lumen\\Application->sendThroughPipeline(Array, Object(Closure))
#34 C:\\laragon\\www\\UserService\\core\\vendor\\laravel\\lumen-framework\\src\\Concerns\\RoutesRequests.php(165): Laravel\\Lumen\\Application->handleFoundRoute(Array)
#35 C:\\laragon\\www\\UserService\\core\\vendor\\laravel\\lumen-framework\\src\\Concerns\\RoutesRequests.php(416): Laravel\\Lumen\\Application->Laravel\\Lumen\\Concerns\\{closure}(Object(Laravel\\Lumen\\Http\\Request))
#36 C:\\laragon\\www\\UserService\\core\\vendor\\laravel\\lumen-framework\\src\\Concerns\\RoutesRequests.php(171): Laravel\\Lumen\\Application->sendThroughPipeline(Array, Object(Closure))
#37 C:\\laragon\\www\\UserService\\core\\vendor\\laravel\\lumen-framework\\src\\Concerns\\RoutesRequests.php(108): Laravel\\Lumen\\Application->dispatch(NULL)
#38 C:\\laragon\\www\\UserService\\host\\public\\index.php(28): Laravel\\Lumen\\Application->run()
#39 {main}
"} 
[2020-06-04 15:38:14] local.ERROR: PDOException: SQLSTATE[23000]: Integrity constraint violation: 1452 Cannot add or update a child row: a foreign key constraint fails (`usr_service`.`user_roles`, CONSTRAINT `user_roles_role_id_foreign` FOREIGN KEY (`role_id`) REFERENCES `roles` (`id`) ON DELETE CASCADE) in C:\laragon\www\UserService\core\vendor\illuminate\database\Connection.php:463
Stack trace:
#0 C:\laragon\www\UserService\core\vendor\illuminate\database\Connection.php(463): PDOStatement->execute()
#1 C:\laragon\www\UserService\core\vendor\illuminate\database\Connection.php(662): Illuminate\Database\Connection->Illuminate\Database\{closure}('insert into `us...', Array)
#2 C:\laragon\www\UserService\core\vendor\illuminate\database\Connection.php(629): Illuminate\Database\Connection->runQueryCallback('insert into `us...', Array, Object(Closure))
#3 C:\laragon\www\UserService\core\vendor\illuminate\database\Connection.php(464): Illuminate\Database\Connection->run('insert into `us...', Array, Object(Closure))
#4 C:\laragon\www\UserService\core\vendor\illuminate\database\Connection.php(416): Illuminate\Database\Connection->statement('insert into `us...', Array)
#5 C:\laragon\www\UserService\core\vendor\illuminate\database\Query\Builder.php(2628): Illuminate\Database\Connection->insert('insert into `us...', Array)
#6 C:\laragon\www\UserService\persistence\database\seeds\base\UserRoles.php(23): Illuminate\Database\Query\Builder->insert(Array)
#7 C:\laragon\www\UserService\persistence\database\seeds\base\Base.php(13): Persistence\database\seeds\base\Base->userRoles()
#8 C:\laragon\www\UserService\persistence\database\seeds\DatabaseSeeder.php(15): Persistence\database\seeds\base\Base->__construct()
#9 [internal function]: DatabaseSeeder->run()
#10 C:\laragon\www\UserService\core\vendor\illuminate\container\BoundMethod.php(32): call_user_func_array(Array, Array)
#11 C:\laragon\www\UserService\core\vendor\illuminate\container\Util.php(36): Illuminate\Container\BoundMethod::Illuminate\Container\{closure}()
#12 C:\laragon\www\UserService\core\vendor\illuminate\container\BoundMethod.php(90): Illuminate\Container\Util::unwrapIfClosure(Object(Closure))
#13 C:\laragon\www\UserService\core\vendor\illuminate\container\BoundMethod.php(34): Illuminate\Container\BoundMethod::callBoundMethod(Object(Core\myvendor\defaults\application\MyApplication), Array, Object(Closure))
#14 C:\laragon\www\UserService\core\vendor\illuminate\container\Container.php(590): Illuminate\Container\BoundMethod::call(Object(Core\myvendor\defaults\application\MyApplication), Array, Array, NULL)
#15 C:\laragon\www\UserService\core\vendor\illuminate\database\Seeder.php(134): Illuminate\Container\Container->call(Array)
#16 C:\laragon\www\UserService\core\vendor\illuminate\database\Console\Seeds\SeedCommand.php(63): Illuminate\Database\Seeder->__invoke()
#17 C:\laragon\www\UserService\core\vendor\illuminate\database\Eloquent\Concerns\GuardsAttributes.php(122): Illuminate\Database\Console\Seeds\SeedCommand->Illuminate\Database\Console\Seeds\{closure}()
#18 C:\laragon\www\UserService\core\vendor\illuminate\database\Console\Seeds\SeedCommand.php(64): Illuminate\Database\Eloquent\Model::unguarded(Object(Closure))
#19 [internal function]: Illuminate\Database\Console\Seeds\SeedCommand->handle()
#20 C:\laragon\www\UserService\core\vendor\illuminate\container\BoundMethod.php(32): call_user_func_array(Array, Array)
#21 C:\laragon\www\UserService\core\vendor\illuminate\container\Util.php(36): Illuminate\Container\BoundMethod::Illuminate\Container\{closure}()
#22 C:\laragon\www\UserService\core\vendor\illuminate\container\BoundMethod.php(90): Illuminate\Container\Util::unwrapIfClosure(Object(Closure))
#23 C:\laragon\www\UserService\core\vendor\illuminate\container\BoundMethod.php(34): Illuminate\Container\BoundMethod::callBoundMethod(Object(Core\myvendor\defaults\application\MyApplication), Array, Object(Closure))
#24 C:\laragon\www\UserService\core\vendor\illuminate\container\Container.php(590): Illuminate\Container\BoundMethod::call(Object(Core\myvendor\defaults\application\MyApplication), Array, Array, NULL)
#25 C:\laragon\www\UserService\core\vendor\illuminate\console\Command.php(201): Illuminate\Container\Container->call(Array)
#26 C:\laragon\www\UserService\core\vendor\symfony\console\Command\Command.php(255): Illuminate\Console\Command->execute(Object(Symfony\Component\Console\Input\ArrayInput), Object(Illuminate\Console\OutputStyle))
#27 C:\laragon\www\UserService\core\vendor\illuminate\console\Command.php(188): Symfony\Component\Console\Command\Command->run(Object(Symfony\Component\Console\Input\ArrayInput), Object(Illuminate\Console\OutputStyle))
#28 C:\laragon\www\UserService\core\vendor\illuminate\console\Concerns\CallsCommands.php(56): Illuminate\Console\Command->run(Object(Symfony\Component\Console\Input\ArrayInput), Object(Illuminate\Console\OutputStyle))
#29 C:\laragon\www\UserService\core\vendor\illuminate\console\Concerns\CallsCommands.php(28): Illuminate\Console\Command->runCommand('db:seed', Array, Object(Illuminate\Console\OutputStyle))
#30 C:\laragon\www\UserService\core\vendor\illuminate\database\Console\Migrations\FreshCommand.php(79): Illuminate\Console\Command->call('db:seed', Array)
#31 C:\laragon\www\UserService\core\vendor\illuminate\database\Console\Migrations\FreshCommand.php(56): Illuminate\Database\Console\Migrations\FreshCommand->runSeeder(NULL)
#32 [internal function]: Illuminate\Database\Console\Migrations\FreshCommand->handle()
#33 C:\laragon\www\UserService\core\vendor\illuminate\container\BoundMethod.php(32): call_user_func_array(Array, Array)
#34 C:\laragon\www\UserService\core\vendor\illuminate\container\Util.php(36): Illuminate\Container\BoundMethod::Illuminate\Container\{closure}()
#35 C:\laragon\www\UserService\core\vendor\illuminate\container\BoundMethod.php(90): Illuminate\Container\Util::unwrapIfClosure(Object(Closure))
#36 C:\laragon\www\UserService\core\vendor\illuminate\container\BoundMethod.php(34): Illuminate\Container\BoundMethod::callBoundMethod(Object(Core\myvendor\defaults\application\MyApplication), Array, Object(Closure))
#37 C:\laragon\www\UserService\core\vendor\illuminate\container\Container.php(590): Illuminate\Container\BoundMethod::call(Object(Core\myvendor\defaults\application\MyApplication), Array, Array, NULL)
#38 C:\laragon\www\UserService\core\vendor\illuminate\console\Command.php(201): Illuminate\Container\Container->call(Array)
#39 C:\laragon\www\UserService\core\vendor\symfony\console\Command\Command.php(255): Illuminate\Console\Command->execute(Object(Symfony\Component\Console\Input\ArgvInput), Object(Illuminate\Console\OutputStyle))
#40 C:\laragon\www\UserService\core\vendor\illuminate\console\Command.php(188): Symfony\Component\Console\Command\Command->run(Object(Symfony\Component\Console\Input\ArgvInput), Object(Illuminate\Console\OutputStyle))
#41 C:\laragon\www\UserService\core\vendor\symfony\console\Application.php(1012): Illuminate\Console\Command->run(Object(Symfony\Component\Console\Input\ArgvInput), Object(Symfony\Component\Console\Output\ConsoleOutput))
#42 C:\laragon\www\UserService\core\vendor\symfony\console\Application.php(272): Symfony\Component\Console\Application->doRunCommand(Object(Illuminate\Database\Console\Migrations\FreshCommand), Object(Symfony\Component\Console\Input\ArgvInput), Object(Symfony\Component\Console\Output\ConsoleOutput))
#43 C:\laragon\www\UserService\core\vendor\symfony\console\Application.php(148): Symfony\Component\Console\Application->doRun(Object(Symfony\Component\Console\Input\ArgvInput), Object(Symfony\Component\Console\Output\ConsoleOutput))
#44 C:\laragon\www\UserService\core\vendor\illuminate\console\Application.php(93): Symfony\Component\Console\Application->run(Object(Symfony\Component\Console\Input\ArgvInput), Object(Symfony\Component\Console\Output\ConsoleOutput))
#45 C:\laragon\www\UserService\core\vendor\laravel\lumen-framework\src\Console\Kernel.php(115): Illuminate\Console\Application->run(Object(Symfony\Component\Console\Input\ArgvInput), Object(Symfony\Component\Console\Output\ConsoleOutput))
#46 C:\laragon\www\UserService\core\artisan(35): Laravel\Lumen\Console\Kernel->handle(Object(Symfony\Component\Console\Input\ArgvInput), Object(Symfony\Component\Console\Output\ConsoleOutput))
#47 {main}

Next Illuminate\Database\QueryException: SQLSTATE[23000]: Integrity constraint violation: 1452 Cannot add or update a child row: a foreign key constraint fails (`usr_service`.`user_roles`, CONSTRAINT `user_roles_role_id_foreign` FOREIGN KEY (`role_id`) REFERENCES `roles` (`id`) ON DELETE CASCADE) (SQL: insert into `user_roles` (`id`, `user_id`, `role_id`) values (b0ada17c-ad2e-402d-a174-971c8c73506d, 2ea3d7ed-cb59-4b83-80c9-3880f71b0dac, 2fdaed14-be6d-48b8-a296-58dcfea56a07)) in C:\laragon\www\UserService\core\vendor\illuminate\database\Connection.php:669
Stack trace:
#0 C:\laragon\www\UserService\core\vendor\illuminate\database\Connection.php(629): Illuminate\Database\Connection->runQueryCallback('insert into `us...', Array, Object(Closure))
#1 C:\laragon\www\UserService\core\vendor\illuminate\database\Connection.php(464): Illuminate\Database\Connection->run('insert into `us...', Array, Object(Closure))
#2 C:\laragon\www\UserService\core\vendor\illuminate\database\Connection.php(416): Illuminate\Database\Connection->statement('insert into `us...', Array)
#3 C:\laragon\www\UserService\core\vendor\illuminate\database\Query\Builder.php(2628): Illuminate\Database\Connection->insert('insert into `us...', Array)
#4 C:\laragon\www\UserService\persistence\database\seeds\base\UserRoles.php(23): Illuminate\Database\Query\Builder->insert(Array)
#5 C:\laragon\www\UserService\persistence\database\seeds\base\Base.php(13): Persistence\database\seeds\base\Base->userRoles()
#6 C:\laragon\www\UserService\persistence\database\seeds\DatabaseSeeder.php(15): Persistence\database\seeds\base\Base->__construct()
#7 [internal function]: DatabaseSeeder->run()
#8 C:\laragon\www\UserService\core\vendor\illuminate\container\BoundMethod.php(32): call_user_func_array(Array, Array)
#9 C:\laragon\www\UserService\core\vendor\illuminate\container\Util.php(36): Illuminate\Container\BoundMethod::Illuminate\Container\{closure}()
#10 C:\laragon\www\UserService\core\vendor\illuminate\container\BoundMethod.php(90): Illuminate\Container\Util::unwrapIfClosure(Object(Closure))
#11 C:\laragon\www\UserService\core\vendor\illuminate\container\BoundMethod.php(34): Illuminate\Container\BoundMethod::callBoundMethod(Object(Core\myvendor\defaults\application\MyApplication), Array, Object(Closure))
#12 C:\laragon\www\UserService\core\vendor\illuminate\container\Container.php(590): Illuminate\Container\BoundMethod::call(Object(Core\myvendor\defaults\application\MyApplication), Array, Array, NULL)
#13 C:\laragon\www\UserService\core\vendor\illuminate\database\Seeder.php(134): Illuminate\Container\Container->call(Array)
#14 C:\laragon\www\UserService\core\vendor\illuminate\database\Console\Seeds\SeedCommand.php(63): Illuminate\Database\Seeder->__invoke()
#15 C:\laragon\www\UserService\core\vendor\illuminate\database\Eloquent\Concerns\GuardsAttributes.php(122): Illuminate\Database\Console\Seeds\SeedCommand->Illuminate\Database\Console\Seeds\{closure}()
#16 C:\laragon\www\UserService\core\vendor\illuminate\database\Console\Seeds\SeedCommand.php(64): Illuminate\Database\Eloquent\Model::unguarded(Object(Closure))
#17 [internal function]: Illuminate\Database\Console\Seeds\SeedCommand->handle()
#18 C:\laragon\www\UserService\core\vendor\illuminate\container\BoundMethod.php(32): call_user_func_array(Array, Array)
#19 C:\laragon\www\UserService\core\vendor\illuminate\container\Util.php(36): Illuminate\Container\BoundMethod::Illuminate\Container\{closure}()
#20 C:\laragon\www\UserService\core\vendor\illuminate\container\BoundMethod.php(90): Illuminate\Container\Util::unwrapIfClosure(Object(Closure))
#21 C:\laragon\www\UserService\core\vendor\illuminate\container\BoundMethod.php(34): Illuminate\Container\BoundMethod::callBoundMethod(Object(Core\myvendor\defaults\application\MyApplication), Array, Object(Closure))
#22 C:\laragon\www\UserService\core\vendor\illuminate\container\Container.php(590): Illuminate\Container\BoundMethod::call(Object(Core\myvendor\defaults\application\MyApplication), Array, Array, NULL)
#23 C:\laragon\www\UserService\core\vendor\illuminate\console\Command.php(201): Illuminate\Container\Container->call(Array)
#24 C:\laragon\www\UserService\core\vendor\symfony\console\Command\Command.php(255): Illuminate\Console\Command->execute(Object(Symfony\Component\Console\Input\ArrayInput), Object(Illuminate\Console\OutputStyle))
#25 C:\laragon\www\UserService\core\vendor\illuminate\console\Command.php(188): Symfony\Component\Console\Command\Command->run(Object(Symfony\Component\Console\Input\ArrayInput), Object(Illuminate\Console\OutputStyle))
#26 C:\laragon\www\UserService\core\vendor\illuminate\console\Concerns\CallsCommands.php(56): Illuminate\Console\Command->run(Object(Symfony\Component\Console\Input\ArrayInput), Object(Illuminate\Console\OutputStyle))
#27 C:\laragon\www\UserService\core\vendor\illuminate\console\Concerns\CallsCommands.php(28): Illuminate\Console\Command->runCommand('db:seed', Array, Object(Illuminate\Console\OutputStyle))
#28 C:\laragon\www\UserService\core\vendor\illuminate\database\Console\Migrations\FreshCommand.php(79): Illuminate\Console\Command->call('db:seed', Array)
#29 C:\laragon\www\UserService\core\vendor\illuminate\database\Console\Migrations\FreshCommand.php(56): Illuminate\Database\Console\Migrations\FreshCommand->runSeeder(NULL)
#30 [internal function]: Illuminate\Database\Console\Migrations\FreshCommand->handle()
#31 C:\laragon\www\UserService\core\vendor\illuminate\container\BoundMethod.php(32): call_user_func_array(Array, Array)
#32 C:\laragon\www\UserService\core\vendor\illuminate\container\Util.php(36): Illuminate\Container\BoundMethod::Illuminate\Container\{closure}()
#33 C:\laragon\www\UserService\core\vendor\illuminate\container\BoundMethod.php(90): Illuminate\Container\Util::unwrapIfClosure(Object(Closure))
#34 C:\laragon\www\UserService\core\vendor\illuminate\container\BoundMethod.php(34): Illuminate\Container\BoundMethod::callBoundMethod(Object(Core\myvendor\defaults\application\MyApplication), Array, Object(Closure))
#35 C:\laragon\www\UserService\core\vendor\illuminate\container\Container.php(590): Illuminate\Container\BoundMethod::call(Object(Core\myvendor\defaults\application\MyApplication), Array, Array, NULL)
#36 C:\laragon\www\UserService\core\vendor\illuminate\console\Command.php(201): Illuminate\Container\Container->call(Array)
#37 C:\laragon\www\UserService\core\vendor\symfony\console\Command\Command.php(255): Illuminate\Console\Command->execute(Object(Symfony\Component\Console\Input\ArgvInput), Object(Illuminate\Console\OutputStyle))
#38 C:\laragon\www\UserService\core\vendor\illuminate\console\Command.php(188): Symfony\Component\Console\Command\Command->run(Object(Symfony\Component\Console\Input\ArgvInput), Object(Illuminate\Console\OutputStyle))
#39 C:\laragon\www\UserService\core\vendor\symfony\console\Application.php(1012): Illuminate\Console\Command->run(Object(Symfony\Component\Console\Input\ArgvInput), Object(Symfony\Component\Console\Output\ConsoleOutput))
#40 C:\laragon\www\UserService\core\vendor\symfony\console\Application.php(272): Symfony\Component\Console\Application->doRunCommand(Object(Illuminate\Database\Console\Migrations\FreshCommand), Object(Symfony\Component\Console\Input\ArgvInput), Object(Symfony\Component\Console\Output\ConsoleOutput))
#41 C:\laragon\www\UserService\core\vendor\symfony\console\Application.php(148): Symfony\Component\Console\Application->doRun(Object(Symfony\Component\Console\Input\ArgvInput), Object(Symfony\Component\Console\Output\ConsoleOutput))
#42 C:\laragon\www\UserService\core\vendor\illuminate\console\Application.php(93): Symfony\Component\Console\Application->run(Object(Symfony\Component\Console\Input\ArgvInput), Object(Symfony\Component\Console\Output\ConsoleOutput))
#43 C:\laragon\www\UserService\core\vendor\laravel\lumen-framework\src\Console\Kernel.php(115): Illuminate\Console\Application->run(Object(Symfony\Component\Console\Input\ArgvInput), Object(Symfony\Component\Console\Output\ConsoleOutput))
#44 C:\laragon\www\UserService\core\artisan(35): Laravel\Lumen\Console\Kernel->handle(Object(Symfony\Component\Console\Input\ArgvInput), Object(Symfony\Component\Console\Output\ConsoleOutput))
#45 {main} {"exception":"[object] (Illuminate\\Database\\QueryException(code: 23000): SQLSTATE[23000]: Integrity constraint violation: 1452 Cannot add or update a child row: a foreign key constraint fails (`usr_service`.`user_roles`, CONSTRAINT `user_roles_role_id_foreign` FOREIGN KEY (`role_id`) REFERENCES `roles` (`id`) ON DELETE CASCADE) (SQL: insert into `user_roles` (`id`, `user_id`, `role_id`) values (b0ada17c-ad2e-402d-a174-971c8c73506d, 2ea3d7ed-cb59-4b83-80c9-3880f71b0dac, 2fdaed14-be6d-48b8-a296-58dcfea56a07)) at C:\\laragon\\www\\UserService\\core\\vendor\\illuminate\\database\\Connection.php:669)
[stacktrace]
#0 C:\\laragon\\www\\UserService\\core\\vendor\\illuminate\\database\\Connection.php(629): Illuminate\\Database\\Connection->runQueryCallback('insert into `us...', Array, Object(Closure))
#1 C:\\laragon\\www\\UserService\\core\\vendor\\illuminate\\database\\Connection.php(464): Illuminate\\Database\\Connection->run('insert into `us...', Array, Object(Closure))
#2 C:\\laragon\\www\\UserService\\core\\vendor\\illuminate\\database\\Connection.php(416): Illuminate\\Database\\Connection->statement('insert into `us...', Array)
#3 C:\\laragon\\www\\UserService\\core\\vendor\\illuminate\\database\\Query\\Builder.php(2628): Illuminate\\Database\\Connection->insert('insert into `us...', Array)
#4 C:\\laragon\\www\\UserService\\persistence\\database\\seeds\\base\\UserRoles.php(23): Illuminate\\Database\\Query\\Builder->insert(Array)
#5 C:\\laragon\\www\\UserService\\persistence\\database\\seeds\\base\\Base.php(13): Persistence\\database\\seeds\\base\\Base->userRoles()
#6 C:\\laragon\\www\\UserService\\persistence\\database\\seeds\\DatabaseSeeder.php(15): Persistence\\database\\seeds\\base\\Base->__construct()
#7 [internal function]: DatabaseSeeder->run()
#8 C:\\laragon\\www\\UserService\\core\\vendor\\illuminate\\container\\BoundMethod.php(32): call_user_func_array(Array, Array)
#9 C:\\laragon\\www\\UserService\\core\\vendor\\illuminate\\container\\Util.php(36): Illuminate\\Container\\BoundMethod::Illuminate\\Container\\{closure}()
#10 C:\\laragon\\www\\UserService\\core\\vendor\\illuminate\\container\\BoundMethod.php(90): Illuminate\\Container\\Util::unwrapIfClosure(Object(Closure))
#11 C:\\laragon\\www\\UserService\\core\\vendor\\illuminate\\container\\BoundMethod.php(34): Illuminate\\Container\\BoundMethod::callBoundMethod(Object(Core\\myvendor\\defaults\\application\\MyApplication), Array, Object(Closure))
#12 C:\\laragon\\www\\UserService\\core\\vendor\\illuminate\\container\\Container.php(590): Illuminate\\Container\\BoundMethod::call(Object(Core\\myvendor\\defaults\\application\\MyApplication), Array, Array, NULL)
#13 C:\\laragon\\www\\UserService\\core\\vendor\\illuminate\\database\\Seeder.php(134): Illuminate\\Container\\Container->call(Array)
#14 C:\\laragon\\www\\UserService\\core\\vendor\\illuminate\\database\\Console\\Seeds\\SeedCommand.php(63): Illuminate\\Database\\Seeder->__invoke()
#15 C:\\laragon\\www\\UserService\\core\\vendor\\illuminate\\database\\Eloquent\\Concerns\\GuardsAttributes.php(122): Illuminate\\Database\\Console\\Seeds\\SeedCommand->Illuminate\\Database\\Console\\Seeds\\{closure}()
#16 C:\\laragon\\www\\UserService\\core\\vendor\\illuminate\\database\\Console\\Seeds\\SeedCommand.php(64): Illuminate\\Database\\Eloquent\\Model::unguarded(Object(Closure))
#17 [internal function]: Illuminate\\Database\\Console\\Seeds\\SeedCommand->handle()
#18 C:\\laragon\\www\\UserService\\core\\vendor\\illuminate\\container\\BoundMethod.php(32): call_user_func_array(Array, Array)
#19 C:\\laragon\\www\\UserService\\core\\vendor\\illuminate\\container\\Util.php(36): Illuminate\\Container\\BoundMethod::Illuminate\\Container\\{closure}()
#20 C:\\laragon\\www\\UserService\\core\\vendor\\illuminate\\container\\BoundMethod.php(90): Illuminate\\Container\\Util::unwrapIfClosure(Object(Closure))
#21 C:\\laragon\\www\\UserService\\core\\vendor\\illuminate\\container\\BoundMethod.php(34): Illuminate\\Container\\BoundMethod::callBoundMethod(Object(Core\\myvendor\\defaults\\application\\MyApplication), Array, Object(Closure))
#22 C:\\laragon\\www\\UserService\\core\\vendor\\illuminate\\container\\Container.php(590): Illuminate\\Container\\BoundMethod::call(Object(Core\\myvendor\\defaults\\application\\MyApplication), Array, Array, NULL)
#23 C:\\laragon\\www\\UserService\\core\\vendor\\illuminate\\console\\Command.php(201): Illuminate\\Container\\Container->call(Array)
#24 C:\\laragon\\www\\UserService\\core\\vendor\\symfony\\console\\Command\\Command.php(255): Illuminate\\Console\\Command->execute(Object(Symfony\\Component\\Console\\Input\\ArrayInput), Object(Illuminate\\Console\\OutputStyle))
#25 C:\\laragon\\www\\UserService\\core\\vendor\\illuminate\\console\\Command.php(188): Symfony\\Component\\Console\\Command\\Command->run(Object(Symfony\\Component\\Console\\Input\\ArrayInput), Object(Illuminate\\Console\\OutputStyle))
#26 C:\\laragon\\www\\UserService\\core\\vendor\\illuminate\\console\\Concerns\\CallsCommands.php(56): Illuminate\\Console\\Command->run(Object(Symfony\\Component\\Console\\Input\\ArrayInput), Object(Illuminate\\Console\\OutputStyle))
#27 C:\\laragon\\www\\UserService\\core\\vendor\\illuminate\\console\\Concerns\\CallsCommands.php(28): Illuminate\\Console\\Command->runCommand('db:seed', Array, Object(Illuminate\\Console\\OutputStyle))
#28 C:\\laragon\\www\\UserService\\core\\vendor\\illuminate\\database\\Console\\Migrations\\FreshCommand.php(79): Illuminate\\Console\\Command->call('db:seed', Array)
#29 C:\\laragon\\www\\UserService\\core\\vendor\\illuminate\\database\\Console\\Migrations\\FreshCommand.php(56): Illuminate\\Database\\Console\\Migrations\\FreshCommand->runSeeder(NULL)
#30 [internal function]: Illuminate\\Database\\Console\\Migrations\\FreshCommand->handle()
#31 C:\\laragon\\www\\UserService\\core\\vendor\\illuminate\\container\\BoundMethod.php(32): call_user_func_array(Array, Array)
#32 C:\\laragon\\www\\UserService\\core\\vendor\\illuminate\\container\\Util.php(36): Illuminate\\Container\\BoundMethod::Illuminate\\Container\\{closure}()
#33 C:\\laragon\\www\\UserService\\core\\vendor\\illuminate\\container\\BoundMethod.php(90): Illuminate\\Container\\Util::unwrapIfClosure(Object(Closure))
#34 C:\\laragon\\www\\UserService\\core\\vendor\\illuminate\\container\\BoundMethod.php(34): Illuminate\\Container\\BoundMethod::callBoundMethod(Object(Core\\myvendor\\defaults\\application\\MyApplication), Array, Object(Closure))
#35 C:\\laragon\\www\\UserService\\core\\vendor\\illuminate\\container\\Container.php(590): Illuminate\\Container\\BoundMethod::call(Object(Core\\myvendor\\defaults\\application\\MyApplication), Array, Array, NULL)
#36 C:\\laragon\\www\\UserService\\core\\vendor\\illuminate\\console\\Command.php(201): Illuminate\\Container\\Container->call(Array)
#37 C:\\laragon\\www\\UserService\\core\\vendor\\symfony\\console\\Command\\Command.php(255): Illuminate\\Console\\Command->execute(Object(Symfony\\Component\\Console\\Input\\ArgvInput), Object(Illuminate\\Console\\OutputStyle))
#38 C:\\laragon\\www\\UserService\\core\\vendor\\illuminate\\console\\Command.php(188): Symfony\\Component\\Console\\Command\\Command->run(Object(Symfony\\Component\\Console\\Input\\ArgvInput), Object(Illuminate\\Console\\OutputStyle))
#39 C:\\laragon\\www\\UserService\\core\\vendor\\symfony\\console\\Application.php(1012): Illuminate\\Console\\Command->run(Object(Symfony\\Component\\Console\\Input\\ArgvInput), Object(Symfony\\Component\\Console\\Output\\ConsoleOutput))
#40 C:\\laragon\\www\\UserService\\core\\vendor\\symfony\\console\\Application.php(272): Symfony\\Component\\Console\\Application->doRunCommand(Object(Illuminate\\Database\\Console\\Migrations\\FreshCommand), Object(Symfony\\Component\\Console\\Input\\ArgvInput), Object(Symfony\\Component\\Console\\Output\\ConsoleOutput))
#41 C:\\laragon\\www\\UserService\\core\\vendor\\symfony\\console\\Application.php(148): Symfony\\Component\\Console\\Application->doRun(Object(Symfony\\Component\\Console\\Input\\ArgvInput), Object(Symfony\\Component\\Console\\Output\\ConsoleOutput))
#42 C:\\laragon\\www\\UserService\\core\\vendor\\illuminate\\console\\Application.php(93): Symfony\\Component\\Console\\Application->run(Object(Symfony\\Component\\Console\\Input\\ArgvInput), Object(Symfony\\Component\\Console\\Output\\ConsoleOutput))
#43 C:\\laragon\\www\\UserService\\core\\vendor\\laravel\\lumen-framework\\src\\Console\\Kernel.php(115): Illuminate\\Console\\Application->run(Object(Symfony\\Component\\Console\\Input\\ArgvInput), Object(Symfony\\Component\\Console\\Output\\ConsoleOutput))
#44 C:\\laragon\\www\\UserService\\core\\artisan(35): Laravel\\Lumen\\Console\\Kernel->handle(Object(Symfony\\Component\\Console\\Input\\ArgvInput), Object(Symfony\\Component\\Console\\Output\\ConsoleOutput))
#45 {main}

[previous exception] [object] (PDOException(code: 23000): SQLSTATE[23000]: Integrity constraint violation: 1452 Cannot add or update a child row: a foreign key constraint fails (`usr_service`.`user_roles`, CONSTRAINT `user_roles_role_id_foreign` FOREIGN KEY (`role_id`) REFERENCES `roles` (`id`) ON DELETE CASCADE) at C:\\laragon\\www\\UserService\\core\\vendor\\illuminate\\database\\Connection.php:463)
[stacktrace]
#0 C:\\laragon\\www\\UserService\\core\\vendor\\illuminate\\database\\Connection.php(463): PDOStatement->execute()
#1 C:\\laragon\\www\\UserService\\core\\vendor\\illuminate\\database\\Connection.php(662): Illuminate\\Database\\Connection->Illuminate\\Database\\{closure}('insert into `us...', Array)
#2 C:\\laragon\\www\\UserService\\core\\vendor\\illuminate\\database\\Connection.php(629): Illuminate\\Database\\Connection->runQueryCallback('insert into `us...', Array, Object(Closure))
#3 C:\\laragon\\www\\UserService\\core\\vendor\\illuminate\\database\\Connection.php(464): Illuminate\\Database\\Connection->run('insert into `us...', Array, Object(Closure))
#4 C:\\laragon\\www\\UserService\\core\\vendor\\illuminate\\database\\Connection.php(416): Illuminate\\Database\\Connection->statement('insert into `us...', Array)
#5 C:\\laragon\\www\\UserService\\core\\vendor\\illuminate\\database\\Query\\Builder.php(2628): Illuminate\\Database\\Connection->insert('insert into `us...', Array)
#6 C:\\laragon\\www\\UserService\\persistence\\database\\seeds\\base\\UserRoles.php(23): Illuminate\\Database\\Query\\Builder->insert(Array)
#7 C:\\laragon\\www\\UserService\\persistence\\database\\seeds\\base\\Base.php(13): Persistence\\database\\seeds\\base\\Base->userRoles()
#8 C:\\laragon\\www\\UserService\\persistence\\database\\seeds\\DatabaseSeeder.php(15): Persistence\\database\\seeds\\base\\Base->__construct()
#9 [internal function]: DatabaseSeeder->run()
#10 C:\\laragon\\www\\UserService\\core\\vendor\\illuminate\\container\\BoundMethod.php(32): call_user_func_array(Array, Array)
#11 C:\\laragon\\www\\UserService\\core\\vendor\\illuminate\\container\\Util.php(36): Illuminate\\Container\\BoundMethod::Illuminate\\Container\\{closure}()
#12 C:\\laragon\\www\\UserService\\core\\vendor\\illuminate\\container\\BoundMethod.php(90): Illuminate\\Container\\Util::unwrapIfClosure(Object(Closure))
#13 C:\\laragon\\www\\UserService\\core\\vendor\\illuminate\\container\\BoundMethod.php(34): Illuminate\\Container\\BoundMethod::callBoundMethod(Object(Core\\myvendor\\defaults\\application\\MyApplication), Array, Object(Closure))
#14 C:\\laragon\\www\\UserService\\core\\vendor\\illuminate\\container\\Container.php(590): Illuminate\\Container\\BoundMethod::call(Object(Core\\myvendor\\defaults\\application\\MyApplication), Array, Array, NULL)
#15 C:\\laragon\\www\\UserService\\core\\vendor\\illuminate\\database\\Seeder.php(134): Illuminate\\Container\\Container->call(Array)
#16 C:\\laragon\\www\\UserService\\core\\vendor\\illuminate\\database\\Console\\Seeds\\SeedCommand.php(63): Illuminate\\Database\\Seeder->__invoke()
#17 C:\\laragon\\www\\UserService\\core\\vendor\\illuminate\\database\\Eloquent\\Concerns\\GuardsAttributes.php(122): Illuminate\\Database\\Console\\Seeds\\SeedCommand->Illuminate\\Database\\Console\\Seeds\\{closure}()
#18 C:\\laragon\\www\\UserService\\core\\vendor\\illuminate\\database\\Console\\Seeds\\SeedCommand.php(64): Illuminate\\Database\\Eloquent\\Model::unguarded(Object(Closure))
#19 [internal function]: Illuminate\\Database\\Console\\Seeds\\SeedCommand->handle()
#20 C:\\laragon\\www\\UserService\\core\\vendor\\illuminate\\container\\BoundMethod.php(32): call_user_func_array(Array, Array)
#21 C:\\laragon\\www\\UserService\\core\\vendor\\illuminate\\container\\Util.php(36): Illuminate\\Container\\BoundMethod::Illuminate\\Container\\{closure}()
#22 C:\\laragon\\www\\UserService\\core\\vendor\\illuminate\\container\\BoundMethod.php(90): Illuminate\\Container\\Util::unwrapIfClosure(Object(Closure))
#23 C:\\laragon\\www\\UserService\\core\\vendor\\illuminate\\container\\BoundMethod.php(34): Illuminate\\Container\\BoundMethod::callBoundMethod(Object(Core\\myvendor\\defaults\\application\\MyApplication), Array, Object(Closure))
#24 C:\\laragon\\www\\UserService\\core\\vendor\\illuminate\\container\\Container.php(590): Illuminate\\Container\\BoundMethod::call(Object(Core\\myvendor\\defaults\\application\\MyApplication), Array, Array, NULL)
#25 C:\\laragon\\www\\UserService\\core\\vendor\\illuminate\\console\\Command.php(201): Illuminate\\Container\\Container->call(Array)
#26 C:\\laragon\\www\\UserService\\core\\vendor\\symfony\\console\\Command\\Command.php(255): Illuminate\\Console\\Command->execute(Object(Symfony\\Component\\Console\\Input\\ArrayInput), Object(Illuminate\\Console\\OutputStyle))
#27 C:\\laragon\\www\\UserService\\core\\vendor\\illuminate\\console\\Command.php(188): Symfony\\Component\\Console\\Command\\Command->run(Object(Symfony\\Component\\Console\\Input\\ArrayInput), Object(Illuminate\\Console\\OutputStyle))
#28 C:\\laragon\\www\\UserService\\core\\vendor\\illuminate\\console\\Concerns\\CallsCommands.php(56): Illuminate\\Console\\Command->run(Object(Symfony\\Component\\Console\\Input\\ArrayInput), Object(Illuminate\\Console\\OutputStyle))
#29 C:\\laragon\\www\\UserService\\core\\vendor\\illuminate\\console\\Concerns\\CallsCommands.php(28): Illuminate\\Console\\Command->runCommand('db:seed', Array, Object(Illuminate\\Console\\OutputStyle))
#30 C:\\laragon\\www\\UserService\\core\\vendor\\illuminate\\database\\Console\\Migrations\\FreshCommand.php(79): Illuminate\\Console\\Command->call('db:seed', Array)
#31 C:\\laragon\\www\\UserService\\core\\vendor\\illuminate\\database\\Console\\Migrations\\FreshCommand.php(56): Illuminate\\Database\\Console\\Migrations\\FreshCommand->runSeeder(NULL)
#32 [internal function]: Illuminate\\Database\\Console\\Migrations\\FreshCommand->handle()
#33 C:\\laragon\\www\\UserService\\core\\vendor\\illuminate\\container\\BoundMethod.php(32): call_user_func_array(Array, Array)
#34 C:\\laragon\\www\\UserService\\core\\vendor\\illuminate\\container\\Util.php(36): Illuminate\\Container\\BoundMethod::Illuminate\\Container\\{closure}()
#35 C:\\laragon\\www\\UserService\\core\\vendor\\illuminate\\container\\BoundMethod.php(90): Illuminate\\Container\\Util::unwrapIfClosure(Object(Closure))
#36 C:\\laragon\\www\\UserService\\core\\vendor\\illuminate\\container\\BoundMethod.php(34): Illuminate\\Container\\BoundMethod::callBoundMethod(Object(Core\\myvendor\\defaults\\application\\MyApplication), Array, Object(Closure))
#37 C:\\laragon\\www\\UserService\\core\\vendor\\illuminate\\container\\Container.php(590): Illuminate\\Container\\BoundMethod::call(Object(Core\\myvendor\\defaults\\application\\MyApplication), Array, Array, NULL)
#38 C:\\laragon\\www\\UserService\\core\\vendor\\illuminate\\console\\Command.php(201): Illuminate\\Container\\Container->call(Array)
#39 C:\\laragon\\www\\UserService\\core\\vendor\\symfony\\console\\Command\\Command.php(255): Illuminate\\Console\\Command->execute(Object(Symfony\\Component\\Console\\Input\\ArgvInput), Object(Illuminate\\Console\\OutputStyle))
#40 C:\\laragon\\www\\UserService\\core\\vendor\\illuminate\\console\\Command.php(188): Symfony\\Component\\Console\\Command\\Command->run(Object(Symfony\\Component\\Console\\Input\\ArgvInput), Object(Illuminate\\Console\\OutputStyle))
#41 C:\\laragon\\www\\UserService\\core\\vendor\\symfony\\console\\Application.php(1012): Illuminate\\Console\\Command->run(Object(Symfony\\Component\\Console\\Input\\ArgvInput), Object(Symfony\\Component\\Console\\Output\\ConsoleOutput))
#42 C:\\laragon\\www\\UserService\\core\\vendor\\symfony\\console\\Application.php(272): Symfony\\Component\\Console\\Application->doRunCommand(Object(Illuminate\\Database\\Console\\Migrations\\FreshCommand), Object(Symfony\\Component\\Console\\Input\\ArgvInput), Object(Symfony\\Component\\Console\\Output\\ConsoleOutput))
#43 C:\\laragon\\www\\UserService\\core\\vendor\\symfony\\console\\Application.php(148): Symfony\\Component\\Console\\Application->doRun(Object(Symfony\\Component\\Console\\Input\\ArgvInput), Object(Symfony\\Component\\Console\\Output\\ConsoleOutput))
#44 C:\\laragon\\www\\UserService\\core\\vendor\\illuminate\\console\\Application.php(93): Symfony\\Component\\Console\\Application->run(Object(Symfony\\Component\\Console\\Input\\ArgvInput), Object(Symfony\\Component\\Console\\Output\\ConsoleOutput))
#45 C:\\laragon\\www\\UserService\\core\\vendor\\laravel\\lumen-framework\\src\\Console\\Kernel.php(115): Illuminate\\Console\\Application->run(Object(Symfony\\Component\\Console\\Input\\ArgvInput), Object(Symfony\\Component\\Console\\Output\\ConsoleOutput))
#46 C:\\laragon\\www\\UserService\\core\\artisan(35): Laravel\\Lumen\\Console\\Kernel->handle(Object(Symfony\\Component\\Console\\Input\\ArgvInput), Object(Symfony\\Component\\Console\\Output\\ConsoleOutput))
#47 {main}
"} 
