[2020-04-11 00:48:45] local.ERROR: ErrorException: Use of undefined constant AUTH_USER_ID - assumed 'AUTH_USER_ID' (this will throw an Error in a future version of PHP) in C:\laragon\www\UserService\core\myvendor\functions\auth\AuthPermissions.php:13
Stack trace:
#0 C:\laragon\www\UserService\core\myvendor\functions\auth\AuthPermissions.php(13): Laravel\Lumen\Application->Laravel\Lumen\Concerns\{closure}(2, 'Use of undefine...', 'C:\\laragon\\www\\...', 13, Array)
#1 C:\laragon\www\UserService\functional\role\queries\get\CanGetRoles.php(20): Core\myvendor\functions\auth\ThisAuth::PermissionsName()
#2 C:\laragon\www\UserService\functional\role\queries\get\GetHandler.php(15): Functional\role\queries\get\GetHandler->CanGetRoles()
#3 C:\laragon\www\UserService\core\myvendor\functions\meteor\MeteorRequestHandler.php(35): Functional\role\queries\get\GetHandler->Handler(Object(Illuminate\Http\Request))
#4 C:\laragon\www\UserService\core\myvendor\functions\meteor\Meteor.php(24): Core\myvendor\functions\meteor\MeteorRequestHandler->Handle(Array, Object(Illuminate\Http\Request))
#5 C:\laragon\www\UserService\host\controllers\RoleController.php(32): Core\myvendor\functions\meteor\Meteor->Send(Object(Functional\role\queries\get\GetHandler))
#6 [internal function]: Host\controllers\RoleController->Get(Object(Functional\role\queries\get\GetHandler))
#7 C:\laragon\www\UserService\core\vendor\illuminate\container\BoundMethod.php(32): call_user_func_array(Array, Array)
#8 C:\laragon\www\UserService\core\vendor\illuminate\container\Util.php(36): Illuminate\Container\BoundMethod::Illuminate\Container\{closure}()
#9 C:\laragon\www\UserService\core\vendor\illuminate\container\BoundMethod.php(90): Illuminate\Container\Util::unwrapIfClosure(Object(Closure))
#10 C:\laragon\www\UserService\core\vendor\illuminate\container\BoundMethod.php(34): Illuminate\Container\BoundMethod::callBoundMethod(Object(Core\myvendor\defaults\application\MyApplication), Array, Object(Closure))
#11 C:\laragon\www\UserService\core\vendor\illuminate\container\Container.php(590): Illuminate\Container\BoundMethod::call(Object(Core\myvendor\defaults\application\MyApplication), Array, Array, NULL)
#12 C:\laragon\www\UserService\core\vendor\laravel\lumen-framework\src\Concerns\RoutesRequests.php(376): Illuminate\Container\Container->call(Array, Array)
#13 C:\laragon\www\UserService\core\vendor\laravel\lumen-framework\src\Concerns\RoutesRequests.php(342): Laravel\Lumen\Application->callControllerCallable(Array, Array)
#14 C:\laragon\www\UserService\core\vendor\laravel\lumen-framework\src\Concerns\RoutesRequests.php(316): Laravel\Lumen\Application->callLumenController(Object(Host\controllers\RoleController), 'Get', Array)
#15 C:\laragon\www\UserService\core\vendor\laravel\lumen-framework\src\Concerns\RoutesRequests.php(278): Laravel\Lumen\Application->callControllerAction(Array)
#16 C:\laragon\www\UserService\core\vendor\laravel\lumen-framework\src\Concerns\RoutesRequests.php(258): Laravel\Lumen\Application->callActionOnArrayBasedRoute(Array)
#17 C:\laragon\www\UserService\core\vendor\laravel\lumen-framework\src\Concerns\RoutesRequests.php(416): Laravel\Lumen\Application->Laravel\Lumen\Concerns\{closure}(Object(Laravel\Lumen\Http\Request))
#18 C:\laragon\www\UserService\core\vendor\laravel\lumen-framework\src\Concerns\RoutesRequests.php(259): Laravel\Lumen\Application->sendThroughPipeline(Array, Object(Closure))
#19 C:\laragon\www\UserService\core\vendor\laravel\lumen-framework\src\Concerns\RoutesRequests.php(165): Laravel\Lumen\Application->handleFoundRoute(Array)
#20 C:\laragon\www\UserService\core\vendor\laravel\lumen-framework\src\Concerns\RoutesRequests.php(416): Laravel\Lumen\Application->Laravel\Lumen\Concerns\{closure}(Object(Laravel\Lumen\Http\Request))
#21 C:\laragon\www\UserService\core\vendor\laravel\lumen-framework\src\Concerns\RoutesRequests.php(171): Laravel\Lumen\Application->sendThroughPipeline(Array, Object(Closure))
#22 C:\laragon\www\UserService\core\myvendor\commands\AutoSwagger.php(103): Laravel\Lumen\Application->dispatch(Object(Symfony\Component\HttpFoundation\Request))
#23 C:\laragon\www\UserService\core\myvendor\commands\AutoSwagger.php(67): Core\myvendor\commands\AutoSwagger->PrepareData(Array, Object(Core\myvendor\defaults\application\MyApplication))
#24 C:\laragon\www\UserService\core\myvendor\commands\AutoSwagger.php(38): Core\myvendor\commands\AutoSwagger->getRoutes(Object(Core\myvendor\defaults\application\MyApplication))
#25 [internal function]: Core\myvendor\commands\AutoSwagger->handle()
#26 C:\laragon\www\UserService\core\vendor\illuminate\container\BoundMethod.php(32): call_user_func_array(Array, Array)
#27 C:\laragon\www\UserService\core\vendor\illuminate\container\Util.php(36): Illuminate\Container\BoundMethod::Illuminate\Container\{closure}()
#28 C:\laragon\www\UserService\core\vendor\illuminate\container\BoundMethod.php(90): Illuminate\Container\Util::unwrapIfClosure(Object(Closure))
#29 C:\laragon\www\UserService\core\vendor\illuminate\container\BoundMethod.php(34): Illuminate\Container\BoundMethod::callBoundMethod(Object(Core\myvendor\defaults\application\MyApplication), Array, Object(Closure))
#30 C:\laragon\www\UserService\core\vendor\illuminate\container\Container.php(590): Illuminate\Container\BoundMethod::call(Object(Core\myvendor\defaults\application\MyApplication), Array, Array, NULL)
#31 C:\laragon\www\UserService\core\vendor\illuminate\console\Command.php(201): Illuminate\Container\Container->call(Array)
#32 C:\laragon\www\UserService\core\vendor\symfony\console\Command\Command.php(255): Illuminate\Console\Command->execute(Object(Symfony\Component\Console\Input\ArgvInput), Object(Illuminate\Console\OutputStyle))
#33 C:\laragon\www\UserService\core\vendor\illuminate\console\Command.php(188): Symfony\Component\Console\Command\Command->run(Object(Symfony\Component\Console\Input\ArgvInput), Object(Illuminate\Console\OutputStyle))
#34 C:\laragon\www\UserService\core\vendor\symfony\console\Application.php(1012): Illuminate\Console\Command->run(Object(Symfony\Component\Console\Input\ArgvInput), Object(Symfony\Component\Console\Output\ConsoleOutput))
#35 C:\laragon\www\UserService\core\vendor\symfony\console\Application.php(272): Symfony\Component\Console\Application->doRunCommand(Object(Core\myvendor\commands\AutoSwagger), Object(Symfony\Component\Console\Input\ArgvInput), Object(Symfony\Component\Console\Output\ConsoleOutput))
#36 C:\laragon\www\UserService\core\vendor\symfony\console\Application.php(148): Symfony\Component\Console\Application->doRun(Object(Symfony\Component\Console\Input\ArgvInput), Object(Symfony\Component\Console\Output\ConsoleOutput))
#37 C:\laragon\www\UserService\core\vendor\illuminate\console\Application.php(93): Symfony\Component\Console\Application->run(Object(Symfony\Component\Console\Input\ArgvInput), Object(Symfony\Component\Console\Output\ConsoleOutput))
#38 C:\laragon\www\UserService\core\vendor\laravel\lumen-framework\src\Console\Kernel.php(115): Illuminate\Console\Application->run(Object(Symfony\Component\Console\Input\ArgvInput), Object(Symfony\Component\Console\Output\ConsoleOutput))
#39 C:\laragon\www\UserService\core\artisan(35): Laravel\Lumen\Console\Kernel->handle(Object(Symfony\Component\Console\Input\ArgvInput), Object(Symfony\Component\Console\Output\ConsoleOutput))
#40 {main} {"exception":"[object] (ErrorException(code: 0): Use of undefined constant AUTH_USER_ID - assumed 'AUTH_USER_ID' (this will throw an Error in a future version of PHP) at C:\\laragon\\www\\UserService\\core\\myvendor\\functions\\auth\\AuthPermissions.php:13)
[stacktrace]
#0 C:\\laragon\\www\\UserService\\core\\myvendor\\functions\\auth\\AuthPermissions.php(13): Laravel\\Lumen\\Application->Laravel\\Lumen\\Concerns\\{closure}(2, 'Use of undefine...', 'C:\\\\laragon\\\\www\\\\...', 13, Array)
#1 C:\\laragon\\www\\UserService\\functional\ole\\queries\\get\\CanGetRoles.php(20): Core\\myvendor\\functions\\auth\\ThisAuth::PermissionsName()
#2 C:\\laragon\\www\\UserService\\functional\ole\\queries\\get\\GetHandler.php(15): Functional\ole\\queries\\get\\GetHandler->CanGetRoles()
#3 C:\\laragon\\www\\UserService\\core\\myvendor\\functions\\meteor\\MeteorRequestHandler.php(35): Functional\ole\\queries\\get\\GetHandler->Handler(Object(Illuminate\\Http\\Request))
#4 C:\\laragon\\www\\UserService\\core\\myvendor\\functions\\meteor\\Meteor.php(24): Core\\myvendor\\functions\\meteor\\MeteorRequestHandler->Handle(Array, Object(Illuminate\\Http\\Request))
#5 C:\\laragon\\www\\UserService\\host\\controllers\\RoleController.php(32): Core\\myvendor\\functions\\meteor\\Meteor->Send(Object(Functional\ole\\queries\\get\\GetHandler))
#6 [internal function]: Host\\controllers\\RoleController->Get(Object(Functional\ole\\queries\\get\\GetHandler))
#7 C:\\laragon\\www\\UserService\\core\\vendor\\illuminate\\container\\BoundMethod.php(32): call_user_func_array(Array, Array)
#8 C:\\laragon\\www\\UserService\\core\\vendor\\illuminate\\container\\Util.php(36): Illuminate\\Container\\BoundMethod::Illuminate\\Container\\{closure}()
#9 C:\\laragon\\www\\UserService\\core\\vendor\\illuminate\\container\\BoundMethod.php(90): Illuminate\\Container\\Util::unwrapIfClosure(Object(Closure))
#10 C:\\laragon\\www\\UserService\\core\\vendor\\illuminate\\container\\BoundMethod.php(34): Illuminate\\Container\\BoundMethod::callBoundMethod(Object(Core\\myvendor\\defaults\\application\\MyApplication), Array, Object(Closure))
#11 C:\\laragon\\www\\UserService\\core\\vendor\\illuminate\\container\\Container.php(590): Illuminate\\Container\\BoundMethod::call(Object(Core\\myvendor\\defaults\\application\\MyApplication), Array, Array, NULL)
#12 C:\\laragon\\www\\UserService\\core\\vendor\\laravel\\lumen-framework\\src\\Concerns\\RoutesRequests.php(376): Illuminate\\Container\\Container->call(Array, Array)
#13 C:\\laragon\\www\\UserService\\core\\vendor\\laravel\\lumen-framework\\src\\Concerns\\RoutesRequests.php(342): Laravel\\Lumen\\Application->callControllerCallable(Array, Array)
#14 C:\\laragon\\www\\UserService\\core\\vendor\\laravel\\lumen-framework\\src\\Concerns\\RoutesRequests.php(316): Laravel\\Lumen\\Application->callLumenController(Object(Host\\controllers\\RoleController), 'Get', Array)
#15 C:\\laragon\\www\\UserService\\core\\vendor\\laravel\\lumen-framework\\src\\Concerns\\RoutesRequests.php(278): Laravel\\Lumen\\Application->callControllerAction(Array)
#16 C:\\laragon\\www\\UserService\\core\\vendor\\laravel\\lumen-framework\\src\\Concerns\\RoutesRequests.php(258): Laravel\\Lumen\\Application->callActionOnArrayBasedRoute(Array)
#17 C:\\laragon\\www\\UserService\\core\\vendor\\laravel\\lumen-framework\\src\\Concerns\\RoutesRequests.php(416): Laravel\\Lumen\\Application->Laravel\\Lumen\\Concerns\\{closure}(Object(Laravel\\Lumen\\Http\\Request))
#18 C:\\laragon\\www\\UserService\\core\\vendor\\laravel\\lumen-framework\\src\\Concerns\\RoutesRequests.php(259): Laravel\\Lumen\\Application->sendThroughPipeline(Array, Object(Closure))
#19 C:\\laragon\\www\\UserService\\core\\vendor\\laravel\\lumen-framework\\src\\Concerns\\RoutesRequests.php(165): Laravel\\Lumen\\Application->handleFoundRoute(Array)
#20 C:\\laragon\\www\\UserService\\core\\vendor\\laravel\\lumen-framework\\src\\Concerns\\RoutesRequests.php(416): Laravel\\Lumen\\Application->Laravel\\Lumen\\Concerns\\{closure}(Object(Laravel\\Lumen\\Http\\Request))
#21 C:\\laragon\\www\\UserService\\core\\vendor\\laravel\\lumen-framework\\src\\Concerns\\RoutesRequests.php(171): Laravel\\Lumen\\Application->sendThroughPipeline(Array, Object(Closure))
#22 C:\\laragon\\www\\UserService\\core\\myvendor\\commands\\AutoSwagger.php(103): Laravel\\Lumen\\Application->dispatch(Object(Symfony\\Component\\HttpFoundation\\Request))
#23 C:\\laragon\\www\\UserService\\core\\myvendor\\commands\\AutoSwagger.php(67): Core\\myvendor\\commands\\AutoSwagger->PrepareData(Array, Object(Core\\myvendor\\defaults\\application\\MyApplication))
#24 C:\\laragon\\www\\UserService\\core\\myvendor\\commands\\AutoSwagger.php(38): Core\\myvendor\\commands\\AutoSwagger->getRoutes(Object(Core\\myvendor\\defaults\\application\\MyApplication))
#25 [internal function]: Core\\myvendor\\commands\\AutoSwagger->handle()
#26 C:\\laragon\\www\\UserService\\core\\vendor\\illuminate\\container\\BoundMethod.php(32): call_user_func_array(Array, Array)
#27 C:\\laragon\\www\\UserService\\core\\vendor\\illuminate\\container\\Util.php(36): Illuminate\\Container\\BoundMethod::Illuminate\\Container\\{closure}()
#28 C:\\laragon\\www\\UserService\\core\\vendor\\illuminate\\container\\BoundMethod.php(90): Illuminate\\Container\\Util::unwrapIfClosure(Object(Closure))
#29 C:\\laragon\\www\\UserService\\core\\vendor\\illuminate\\container\\BoundMethod.php(34): Illuminate\\Container\\BoundMethod::callBoundMethod(Object(Core\\myvendor\\defaults\\application\\MyApplication), Array, Object(Closure))
#30 C:\\laragon\\www\\UserService\\core\\vendor\\illuminate\\container\\Container.php(590): Illuminate\\Container\\BoundMethod::call(Object(Core\\myvendor\\defaults\\application\\MyApplication), Array, Array, NULL)
#31 C:\\laragon\\www\\UserService\\core\\vendor\\illuminate\\console\\Command.php(201): Illuminate\\Container\\Container->call(Array)
#32 C:\\laragon\\www\\UserService\\core\\vendor\\symfony\\console\\Command\\Command.php(255): Illuminate\\Console\\Command->execute(Object(Symfony\\Component\\Console\\Input\\ArgvInput), Object(Illuminate\\Console\\OutputStyle))
#33 C:\\laragon\\www\\UserService\\core\\vendor\\illuminate\\console\\Command.php(188): Symfony\\Component\\Console\\Command\\Command->run(Object(Symfony\\Component\\Console\\Input\\ArgvInput), Object(Illuminate\\Console\\OutputStyle))
#34 C:\\laragon\\www\\UserService\\core\\vendor\\symfony\\console\\Application.php(1012): Illuminate\\Console\\Command->run(Object(Symfony\\Component\\Console\\Input\\ArgvInput), Object(Symfony\\Component\\Console\\Output\\ConsoleOutput))
#35 C:\\laragon\\www\\UserService\\core\\vendor\\symfony\\console\\Application.php(272): Symfony\\Component\\Console\\Application->doRunCommand(Object(Core\\myvendor\\commands\\AutoSwagger), Object(Symfony\\Component\\Console\\Input\\ArgvInput), Object(Symfony\\Component\\Console\\Output\\ConsoleOutput))
#36 C:\\laragon\\www\\UserService\\core\\vendor\\symfony\\console\\Application.php(148): Symfony\\Component\\Console\\Application->doRun(Object(Symfony\\Component\\Console\\Input\\ArgvInput), Object(Symfony\\Component\\Console\\Output\\ConsoleOutput))
#37 C:\\laragon\\www\\UserService\\core\\vendor\\illuminate\\console\\Application.php(93): Symfony\\Component\\Console\\Application->run(Object(Symfony\\Component\\Console\\Input\\ArgvInput), Object(Symfony\\Component\\Console\\Output\\ConsoleOutput))
#38 C:\\laragon\\www\\UserService\\core\\vendor\\laravel\\lumen-framework\\src\\Console\\Kernel.php(115): Illuminate\\Console\\Application->run(Object(Symfony\\Component\\Console\\Input\\ArgvInput), Object(Symfony\\Component\\Console\\Output\\ConsoleOutput))
#39 C:\\laragon\\www\\UserService\\core\\artisan(35): Laravel\\Lumen\\Console\\Kernel->handle(Object(Symfony\\Component\\Console\\Input\\ArgvInput), Object(Symfony\\Component\\Console\\Output\\ConsoleOutput))
#40 {main}
"} 
[2020-04-11 00:57:13] local.ERROR: ErrorException: Use of undefined constant AUTH_USER_ID - assumed 'AUTH_USER_ID' (this will throw an Error in a future version of PHP) in C:\laragon\www\UserService\core\myvendor\functions\auth\AuthPermissions.php:13
Stack trace:
#0 C:\laragon\www\UserService\core\myvendor\functions\auth\AuthPermissions.php(13): Laravel\Lumen\Application->Laravel\Lumen\Concerns\{closure}(2, 'Use of undefine...', 'C:\\laragon\\www\\...', 13, Array)
#1 C:\laragon\www\UserService\functional\role\queries\get\CanGetRoles.php(20): Core\myvendor\functions\auth\ThisAuth::PermissionsName()
#2 C:\laragon\www\UserService\functional\role\queries\get\GetHandler.php(15): Functional\role\queries\get\GetHandler->CanGetRoles()
#3 C:\laragon\www\UserService\core\myvendor\functions\meteor\MeteorRequestHandler.php(35): Functional\role\queries\get\GetHandler->Handler(Object(Illuminate\Http\Request))
#4 C:\laragon\www\UserService\core\myvendor\functions\meteor\Meteor.php(24): Core\myvendor\functions\meteor\MeteorRequestHandler->Handle(Array, Object(Illuminate\Http\Request))
#5 C:\laragon\www\UserService\host\controllers\RoleController.php(32): Core\myvendor\functions\meteor\Meteor->Send(Object(Functional\role\queries\get\GetHandler))
#6 [internal function]: Host\controllers\RoleController->Get(Object(Functional\role\queries\get\GetHandler))
#7 C:\laragon\www\UserService\core\vendor\illuminate\container\BoundMethod.php(32): call_user_func_array(Array, Array)
#8 C:\laragon\www\UserService\core\vendor\illuminate\container\Util.php(36): Illuminate\Container\BoundMethod::Illuminate\Container\{closure}()
#9 C:\laragon\www\UserService\core\vendor\illuminate\container\BoundMethod.php(90): Illuminate\Container\Util::unwrapIfClosure(Object(Closure))
#10 C:\laragon\www\UserService\core\vendor\illuminate\container\BoundMethod.php(34): Illuminate\Container\BoundMethod::callBoundMethod(Object(Core\myvendor\defaults\application\MyApplication), Array, Object(Closure))
#11 C:\laragon\www\UserService\core\vendor\illuminate\container\Container.php(590): Illuminate\Container\BoundMethod::call(Object(Core\myvendor\defaults\application\MyApplication), Array, Array, NULL)
#12 C:\laragon\www\UserService\core\vendor\laravel\lumen-framework\src\Concerns\RoutesRequests.php(376): Illuminate\Container\Container->call(Array, Array)
#13 C:\laragon\www\UserService\core\vendor\laravel\lumen-framework\src\Concerns\RoutesRequests.php(342): Laravel\Lumen\Application->callControllerCallable(Array, Array)
#14 C:\laragon\www\UserService\core\vendor\laravel\lumen-framework\src\Concerns\RoutesRequests.php(316): Laravel\Lumen\Application->callLumenController(Object(Host\controllers\RoleController), 'Get', Array)
#15 C:\laragon\www\UserService\core\vendor\laravel\lumen-framework\src\Concerns\RoutesRequests.php(278): Laravel\Lumen\Application->callControllerAction(Array)
#16 C:\laragon\www\UserService\core\vendor\laravel\lumen-framework\src\Concerns\RoutesRequests.php(258): Laravel\Lumen\Application->callActionOnArrayBasedRoute(Array)
#17 C:\laragon\www\UserService\core\vendor\laravel\lumen-framework\src\Concerns\RoutesRequests.php(416): Laravel\Lumen\Application->Laravel\Lumen\Concerns\{closure}(Object(Laravel\Lumen\Http\Request))
#18 C:\laragon\www\UserService\core\vendor\laravel\lumen-framework\src\Concerns\RoutesRequests.php(259): Laravel\Lumen\Application->sendThroughPipeline(Array, Object(Closure))
#19 C:\laragon\www\UserService\core\vendor\laravel\lumen-framework\src\Concerns\RoutesRequests.php(165): Laravel\Lumen\Application->handleFoundRoute(Array)
#20 C:\laragon\www\UserService\core\vendor\laravel\lumen-framework\src\Concerns\RoutesRequests.php(416): Laravel\Lumen\Application->Laravel\Lumen\Concerns\{closure}(Object(Laravel\Lumen\Http\Request))
#21 C:\laragon\www\UserService\core\vendor\laravel\lumen-framework\src\Concerns\RoutesRequests.php(171): Laravel\Lumen\Application->sendThroughPipeline(Array, Object(Closure))
#22 C:\laragon\www\UserService\core\myvendor\commands\AutoSwagger.php(103): Laravel\Lumen\Application->dispatch(Object(Symfony\Component\HttpFoundation\Request))
#23 C:\laragon\www\UserService\core\myvendor\commands\AutoSwagger.php(67): Core\myvendor\commands\AutoSwagger->PrepareData(Array, Object(Core\myvendor\defaults\application\MyApplication))
#24 C:\laragon\www\UserService\core\myvendor\commands\AutoSwagger.php(38): Core\myvendor\commands\AutoSwagger->getRoutes(Object(Core\myvendor\defaults\application\MyApplication))
#25 [internal function]: Core\myvendor\commands\AutoSwagger->handle()
#26 C:\laragon\www\UserService\core\vendor\illuminate\container\BoundMethod.php(32): call_user_func_array(Array, Array)
#27 C:\laragon\www\UserService\core\vendor\illuminate\container\Util.php(36): Illuminate\Container\BoundMethod::Illuminate\Container\{closure}()
#28 C:\laragon\www\UserService\core\vendor\illuminate\container\BoundMethod.php(90): Illuminate\Container\Util::unwrapIfClosure(Object(Closure))
#29 C:\laragon\www\UserService\core\vendor\illuminate\container\BoundMethod.php(34): Illuminate\Container\BoundMethod::callBoundMethod(Object(Core\myvendor\defaults\application\MyApplication), Array, Object(Closure))
#30 C:\laragon\www\UserService\core\vendor\illuminate\container\Container.php(590): Illuminate\Container\BoundMethod::call(Object(Core\myvendor\defaults\application\MyApplication), Array, Array, NULL)
#31 C:\laragon\www\UserService\core\vendor\illuminate\console\Command.php(201): Illuminate\Container\Container->call(Array)
#32 C:\laragon\www\UserService\core\vendor\symfony\console\Command\Command.php(255): Illuminate\Console\Command->execute(Object(Symfony\Component\Console\Input\ArgvInput), Object(Illuminate\Console\OutputStyle))
#33 C:\laragon\www\UserService\core\vendor\illuminate\console\Command.php(188): Symfony\Component\Console\Command\Command->run(Object(Symfony\Component\Console\Input\ArgvInput), Object(Illuminate\Console\OutputStyle))
#34 C:\laragon\www\UserService\core\vendor\symfony\console\Application.php(1012): Illuminate\Console\Command->run(Object(Symfony\Component\Console\Input\ArgvInput), Object(Symfony\Component\Console\Output\ConsoleOutput))
#35 C:\laragon\www\UserService\core\vendor\symfony\console\Application.php(272): Symfony\Component\Console\Application->doRunCommand(Object(Core\myvendor\commands\AutoSwagger), Object(Symfony\Component\Console\Input\ArgvInput), Object(Symfony\Component\Console\Output\ConsoleOutput))
#36 C:\laragon\www\UserService\core\vendor\symfony\console\Application.php(148): Symfony\Component\Console\Application->doRun(Object(Symfony\Component\Console\Input\ArgvInput), Object(Symfony\Component\Console\Output\ConsoleOutput))
#37 C:\laragon\www\UserService\core\vendor\illuminate\console\Application.php(93): Symfony\Component\Console\Application->run(Object(Symfony\Component\Console\Input\ArgvInput), Object(Symfony\Component\Console\Output\ConsoleOutput))
#38 C:\laragon\www\UserService\core\vendor\laravel\lumen-framework\src\Console\Kernel.php(115): Illuminate\Console\Application->run(Object(Symfony\Component\Console\Input\ArgvInput), Object(Symfony\Component\Console\Output\ConsoleOutput))
#39 C:\laragon\www\UserService\core\artisan(35): Laravel\Lumen\Console\Kernel->handle(Object(Symfony\Component\Console\Input\ArgvInput), Object(Symfony\Component\Console\Output\ConsoleOutput))
#40 {main} {"exception":"[object] (ErrorException(code: 0): Use of undefined constant AUTH_USER_ID - assumed 'AUTH_USER_ID' (this will throw an Error in a future version of PHP) at C:\\laragon\\www\\UserService\\core\\myvendor\\functions\\auth\\AuthPermissions.php:13)
[stacktrace]
#0 C:\\laragon\\www\\UserService\\core\\myvendor\\functions\\auth\\AuthPermissions.php(13): Laravel\\Lumen\\Application->Laravel\\Lumen\\Concerns\\{closure}(2, 'Use of undefine...', 'C:\\\\laragon\\\\www\\\\...', 13, Array)
#1 C:\\laragon\\www\\UserService\\functional\ole\\queries\\get\\CanGetRoles.php(20): Core\\myvendor\\functions\\auth\\ThisAuth::PermissionsName()
#2 C:\\laragon\\www\\UserService\\functional\ole\\queries\\get\\GetHandler.php(15): Functional\ole\\queries\\get\\GetHandler->CanGetRoles()
#3 C:\\laragon\\www\\UserService\\core\\myvendor\\functions\\meteor\\MeteorRequestHandler.php(35): Functional\ole\\queries\\get\\GetHandler->Handler(Object(Illuminate\\Http\\Request))
#4 C:\\laragon\\www\\UserService\\core\\myvendor\\functions\\meteor\\Meteor.php(24): Core\\myvendor\\functions\\meteor\\MeteorRequestHandler->Handle(Array, Object(Illuminate\\Http\\Request))
#5 C:\\laragon\\www\\UserService\\host\\controllers\\RoleController.php(32): Core\\myvendor\\functions\\meteor\\Meteor->Send(Object(Functional\ole\\queries\\get\\GetHandler))
#6 [internal function]: Host\\controllers\\RoleController->Get(Object(Functional\ole\\queries\\get\\GetHandler))
#7 C:\\laragon\\www\\UserService\\core\\vendor\\illuminate\\container\\BoundMethod.php(32): call_user_func_array(Array, Array)
#8 C:\\laragon\\www\\UserService\\core\\vendor\\illuminate\\container\\Util.php(36): Illuminate\\Container\\BoundMethod::Illuminate\\Container\\{closure}()
#9 C:\\laragon\\www\\UserService\\core\\vendor\\illuminate\\container\\BoundMethod.php(90): Illuminate\\Container\\Util::unwrapIfClosure(Object(Closure))
#10 C:\\laragon\\www\\UserService\\core\\vendor\\illuminate\\container\\BoundMethod.php(34): Illuminate\\Container\\BoundMethod::callBoundMethod(Object(Core\\myvendor\\defaults\\application\\MyApplication), Array, Object(Closure))
#11 C:\\laragon\\www\\UserService\\core\\vendor\\illuminate\\container\\Container.php(590): Illuminate\\Container\\BoundMethod::call(Object(Core\\myvendor\\defaults\\application\\MyApplication), Array, Array, NULL)
#12 C:\\laragon\\www\\UserService\\core\\vendor\\laravel\\lumen-framework\\src\\Concerns\\RoutesRequests.php(376): Illuminate\\Container\\Container->call(Array, Array)
#13 C:\\laragon\\www\\UserService\\core\\vendor\\laravel\\lumen-framework\\src\\Concerns\\RoutesRequests.php(342): Laravel\\Lumen\\Application->callControllerCallable(Array, Array)
#14 C:\\laragon\\www\\UserService\\core\\vendor\\laravel\\lumen-framework\\src\\Concerns\\RoutesRequests.php(316): Laravel\\Lumen\\Application->callLumenController(Object(Host\\controllers\\RoleController), 'Get', Array)
#15 C:\\laragon\\www\\UserService\\core\\vendor\\laravel\\lumen-framework\\src\\Concerns\\RoutesRequests.php(278): Laravel\\Lumen\\Application->callControllerAction(Array)
#16 C:\\laragon\\www\\UserService\\core\\vendor\\laravel\\lumen-framework\\src\\Concerns\\RoutesRequests.php(258): Laravel\\Lumen\\Application->callActionOnArrayBasedRoute(Array)
#17 C:\\laragon\\www\\UserService\\core\\vendor\\laravel\\lumen-framework\\src\\Concerns\\RoutesRequests.php(416): Laravel\\Lumen\\Application->Laravel\\Lumen\\Concerns\\{closure}(Object(Laravel\\Lumen\\Http\\Request))
#18 C:\\laragon\\www\\UserService\\core\\vendor\\laravel\\lumen-framework\\src\\Concerns\\RoutesRequests.php(259): Laravel\\Lumen\\Application->sendThroughPipeline(Array, Object(Closure))
#19 C:\\laragon\\www\\UserService\\core\\vendor\\laravel\\lumen-framework\\src\\Concerns\\RoutesRequests.php(165): Laravel\\Lumen\\Application->handleFoundRoute(Array)
#20 C:\\laragon\\www\\UserService\\core\\vendor\\laravel\\lumen-framework\\src\\Concerns\\RoutesRequests.php(416): Laravel\\Lumen\\Application->Laravel\\Lumen\\Concerns\\{closure}(Object(Laravel\\Lumen\\Http\\Request))
#21 C:\\laragon\\www\\UserService\\core\\vendor\\laravel\\lumen-framework\\src\\Concerns\\RoutesRequests.php(171): Laravel\\Lumen\\Application->sendThroughPipeline(Array, Object(Closure))
#22 C:\\laragon\\www\\UserService\\core\\myvendor\\commands\\AutoSwagger.php(103): Laravel\\Lumen\\Application->dispatch(Object(Symfony\\Component\\HttpFoundation\\Request))
#23 C:\\laragon\\www\\UserService\\core\\myvendor\\commands\\AutoSwagger.php(67): Core\\myvendor\\commands\\AutoSwagger->PrepareData(Array, Object(Core\\myvendor\\defaults\\application\\MyApplication))
#24 C:\\laragon\\www\\UserService\\core\\myvendor\\commands\\AutoSwagger.php(38): Core\\myvendor\\commands\\AutoSwagger->getRoutes(Object(Core\\myvendor\\defaults\\application\\MyApplication))
#25 [internal function]: Core\\myvendor\\commands\\AutoSwagger->handle()
#26 C:\\laragon\\www\\UserService\\core\\vendor\\illuminate\\container\\BoundMethod.php(32): call_user_func_array(Array, Array)
#27 C:\\laragon\\www\\UserService\\core\\vendor\\illuminate\\container\\Util.php(36): Illuminate\\Container\\BoundMethod::Illuminate\\Container\\{closure}()
#28 C:\\laragon\\www\\UserService\\core\\vendor\\illuminate\\container\\BoundMethod.php(90): Illuminate\\Container\\Util::unwrapIfClosure(Object(Closure))
#29 C:\\laragon\\www\\UserService\\core\\vendor\\illuminate\\container\\BoundMethod.php(34): Illuminate\\Container\\BoundMethod::callBoundMethod(Object(Core\\myvendor\\defaults\\application\\MyApplication), Array, Object(Closure))
#30 C:\\laragon\\www\\UserService\\core\\vendor\\illuminate\\container\\Container.php(590): Illuminate\\Container\\BoundMethod::call(Object(Core\\myvendor\\defaults\\application\\MyApplication), Array, Array, NULL)
#31 C:\\laragon\\www\\UserService\\core\\vendor\\illuminate\\console\\Command.php(201): Illuminate\\Container\\Container->call(Array)
#32 C:\\laragon\\www\\UserService\\core\\vendor\\symfony\\console\\Command\\Command.php(255): Illuminate\\Console\\Command->execute(Object(Symfony\\Component\\Console\\Input\\ArgvInput), Object(Illuminate\\Console\\OutputStyle))
#33 C:\\laragon\\www\\UserService\\core\\vendor\\illuminate\\console\\Command.php(188): Symfony\\Component\\Console\\Command\\Command->run(Object(Symfony\\Component\\Console\\Input\\ArgvInput), Object(Illuminate\\Console\\OutputStyle))
#34 C:\\laragon\\www\\UserService\\core\\vendor\\symfony\\console\\Application.php(1012): Illuminate\\Console\\Command->run(Object(Symfony\\Component\\Console\\Input\\ArgvInput), Object(Symfony\\Component\\Console\\Output\\ConsoleOutput))
#35 C:\\laragon\\www\\UserService\\core\\vendor\\symfony\\console\\Application.php(272): Symfony\\Component\\Console\\Application->doRunCommand(Object(Core\\myvendor\\commands\\AutoSwagger), Object(Symfony\\Component\\Console\\Input\\ArgvInput), Object(Symfony\\Component\\Console\\Output\\ConsoleOutput))
#36 C:\\laragon\\www\\UserService\\core\\vendor\\symfony\\console\\Application.php(148): Symfony\\Component\\Console\\Application->doRun(Object(Symfony\\Component\\Console\\Input\\ArgvInput), Object(Symfony\\Component\\Console\\Output\\ConsoleOutput))
#37 C:\\laragon\\www\\UserService\\core\\vendor\\illuminate\\console\\Application.php(93): Symfony\\Component\\Console\\Application->run(Object(Symfony\\Component\\Console\\Input\\ArgvInput), Object(Symfony\\Component\\Console\\Output\\ConsoleOutput))
#38 C:\\laragon\\www\\UserService\\core\\vendor\\laravel\\lumen-framework\\src\\Console\\Kernel.php(115): Illuminate\\Console\\Application->run(Object(Symfony\\Component\\Console\\Input\\ArgvInput), Object(Symfony\\Component\\Console\\Output\\ConsoleOutput))
#39 C:\\laragon\\www\\UserService\\core\\artisan(35): Laravel\\Lumen\\Console\\Kernel->handle(Object(Symfony\\Component\\Console\\Input\\ArgvInput), Object(Symfony\\Component\\Console\\Output\\ConsoleOutput))
#40 {main}
"} 
