[2020-04-23 15:29:12] local.ERROR: ErrorException: Non-static method Core\myvendor\common\Responses\UserResponse::SuccessDeactivate() should not be called statically in C:\laragon\www\UserService\functional\user\commands\delete\DeleteHandler.php:24
Stack trace:
#0 C:\laragon\www\UserService\functional\user\commands\delete\DeleteHandler.php(24): Laravel\Lumen\Application->Laravel\Lumen\Concerns\{closure}(8192, 'Non-static meth...', 'C:\\laragon\\www\\...', 24, Array)
#1 C:\laragon\www\UserService\core\myvendor\functions\meteor\MeteorRequestHandler.php(35): Functional\user\commands\delete\DeleteHandler->Handler(Object(Laravel\Lumen\Http\Request))
#2 C:\laragon\www\UserService\core\myvendor\functions\meteor\Meteor.php(24): Core\myvendor\functions\meteor\MeteorRequestHandler->Handle(Array, Object(Laravel\Lumen\Http\Request))
#3 C:\laragon\www\UserService\host\controllers\UserController.php(42): Core\myvendor\functions\meteor\Meteor->Send(Object(Functional\user\commands\delete\DeleteHandler), Object(Laravel\Lumen\Http\Request))
#4 [internal function]: Host\controllers\UserController->Delete(Object(Functional\user\commands\delete\DeleteHandler), Object(Laravel\Lumen\Http\Request))
#5 C:\laragon\www\UserService\core\vendor\illuminate\container\BoundMethod.php(32): call_user_func_array(Array, Array)
#6 C:\laragon\www\UserService\core\vendor\illuminate\container\Util.php(36): Illuminate\Container\BoundMethod::Illuminate\Container\{closure}()
#7 C:\laragon\www\UserService\core\vendor\illuminate\container\BoundMethod.php(90): Illuminate\Container\Util::unwrapIfClosure(Object(Closure))
#8 C:\laragon\www\UserService\core\vendor\illuminate\container\BoundMethod.php(34): Illuminate\Container\BoundMethod::callBoundMethod(Object(Core\myvendor\defaults\application\MyApplication), Array, Object(Closure))
#9 C:\laragon\www\UserService\core\vendor\illuminate\container\Container.php(590): Illuminate\Container\BoundMethod::call(Object(Core\myvendor\defaults\application\MyApplication), Array, Array, NULL)
#10 C:\laragon\www\UserService\core\vendor\laravel\lumen-framework\src\Concerns\RoutesRequests.php(376): Illuminate\Container\Container->call(Array, Array)
#11 C:\laragon\www\UserService\core\vendor\laravel\lumen-framework\src\Concerns\RoutesRequests.php(342): Laravel\Lumen\Application->callControllerCallable(Array, Array)
#12 C:\laragon\www\UserService\core\vendor\laravel\lumen-framework\src\Concerns\RoutesRequests.php(316): Laravel\Lumen\Application->callLumenController(Object(Host\controllers\UserController), 'Delete', Array)
#13 C:\laragon\www\UserService\core\vendor\laravel\lumen-framework\src\Concerns\RoutesRequests.php(278): Laravel\Lumen\Application->callControllerAction(Array)
#14 C:\laragon\www\UserService\core\vendor\laravel\lumen-framework\src\Concerns\RoutesRequests.php(258): Laravel\Lumen\Application->callActionOnArrayBasedRoute(Array)
#15 [internal function]: Laravel\Lumen\Application->Laravel\Lumen\Concerns\{closure}(Object(Laravel\Lumen\Http\Request))
#16 C:\laragon\www\UserService\core\vendor\laravel\lumen-framework\src\Routing\Pipeline.php(52): call_user_func(Object(Closure), Object(Laravel\Lumen\Http\Request))
#17 C:\laragon\www\UserService\core\container\port\src\middlewares\Authenticate.php(59): Laravel\Lumen\Routing\Pipeline->Laravel\Lumen\Routing\{closure}(Object(Laravel\Lumen\Http\Request))
#18 C:\laragon\www\UserService\core\vendor\illuminate\pipeline\Pipeline.php(171): Core\container\port\src\middlewares\Authenticate->handle(Object(Laravel\Lumen\Http\Request), Object(Closure))
#19 [internal function]: Illuminate\Pipeline\Pipeline->Illuminate\Pipeline\{closure}(Object(Laravel\Lumen\Http\Request))
#20 C:\laragon\www\UserService\core\vendor\laravel\lumen-framework\src\Routing\Pipeline.php(32): call_user_func(Object(Closure), Object(Laravel\Lumen\Http\Request))
#21 C:\laragon\www\UserService\core\vendor\illuminate\pipeline\Pipeline.php(105): Laravel\Lumen\Routing\Pipeline->Laravel\Lumen\Routing\{closure}(Object(Laravel\Lumen\Http\Request))
#22 C:\laragon\www\UserService\core\vendor\laravel\lumen-framework\src\Concerns\RoutesRequests.php(413): Illuminate\Pipeline\Pipeline->then(Object(Closure))
#23 C:\laragon\www\UserService\core\vendor\laravel\lumen-framework\src\Concerns\RoutesRequests.php(259): Laravel\Lumen\Application->sendThroughPipeline(Array, Object(Closure))
#24 C:\laragon\www\UserService\core\vendor\laravel\lumen-framework\src\Concerns\RoutesRequests.php(165): Laravel\Lumen\Application->handleFoundRoute(Array)
#25 C:\laragon\www\UserService\core\vendor\laravel\lumen-framework\src\Concerns\RoutesRequests.php(416): Laravel\Lumen\Application->Laravel\Lumen\Concerns\{closure}(Object(Laravel\Lumen\Http\Request))
#26 C:\laragon\www\UserService\core\vendor\laravel\lumen-framework\src\Concerns\RoutesRequests.php(171): Laravel\Lumen\Application->sendThroughPipeline(Array, Object(Closure))
#27 C:\laragon\www\UserService\core\vendor\laravel\lumen-framework\src\Concerns\RoutesRequests.php(108): Laravel\Lumen\Application->dispatch(NULL)
#28 C:\laragon\www\UserService\host\public\index.php(28): Laravel\Lumen\Application->run()
#29 {main} {"exception":"[object] (ErrorException(code: 0): Non-static method Core\\myvendor\\common\\Responses\\UserResponse::SuccessDeactivate() should not be called statically at C:\\laragon\\www\\UserService\\functional\\user\\commands\\delete\\DeleteHandler.php:24)
[stacktrace]
#0 C:\\laragon\\www\\UserService\\functional\\user\\commands\\delete\\DeleteHandler.php(24): Laravel\\Lumen\\Application->Laravel\\Lumen\\Concerns\\{closure}(8192, 'Non-static meth...', 'C:\\\\laragon\\\\www\\\\...', 24, Array)
#1 C:\\laragon\\www\\UserService\\core\\myvendor\\functions\\meteor\\MeteorRequestHandler.php(35): Functional\\user\\commands\\delete\\DeleteHandler->Handler(Object(Laravel\\Lumen\\Http\\Request))
#2 C:\\laragon\\www\\UserService\\core\\myvendor\\functions\\meteor\\Meteor.php(24): Core\\myvendor\\functions\\meteor\\MeteorRequestHandler->Handle(Array, Object(Laravel\\Lumen\\Http\\Request))
#3 C:\\laragon\\www\\UserService\\host\\controllers\\UserController.php(42): Core\\myvendor\\functions\\meteor\\Meteor->Send(Object(Functional\\user\\commands\\delete\\DeleteHandler), Object(Laravel\\Lumen\\Http\\Request))
#4 [internal function]: Host\\controllers\\UserController->Delete(Object(Functional\\user\\commands\\delete\\DeleteHandler), Object(Laravel\\Lumen\\Http\\Request))
#5 C:\\laragon\\www\\UserService\\core\\vendor\\illuminate\\container\\BoundMethod.php(32): call_user_func_array(Array, Array)
#6 C:\\laragon\\www\\UserService\\core\\vendor\\illuminate\\container\\Util.php(36): Illuminate\\Container\\BoundMethod::Illuminate\\Container\\{closure}()
#7 C:\\laragon\\www\\UserService\\core\\vendor\\illuminate\\container\\BoundMethod.php(90): Illuminate\\Container\\Util::unwrapIfClosure(Object(Closure))
#8 C:\\laragon\\www\\UserService\\core\\vendor\\illuminate\\container\\BoundMethod.php(34): Illuminate\\Container\\BoundMethod::callBoundMethod(Object(Core\\myvendor\\defaults\\application\\MyApplication), Array, Object(Closure))
#9 C:\\laragon\\www\\UserService\\core\\vendor\\illuminate\\container\\Container.php(590): Illuminate\\Container\\BoundMethod::call(Object(Core\\myvendor\\defaults\\application\\MyApplication), Array, Array, NULL)
#10 C:\\laragon\\www\\UserService\\core\\vendor\\laravel\\lumen-framework\\src\\Concerns\\RoutesRequests.php(376): Illuminate\\Container\\Container->call(Array, Array)
#11 C:\\laragon\\www\\UserService\\core\\vendor\\laravel\\lumen-framework\\src\\Concerns\\RoutesRequests.php(342): Laravel\\Lumen\\Application->callControllerCallable(Array, Array)
#12 C:\\laragon\\www\\UserService\\core\\vendor\\laravel\\lumen-framework\\src\\Concerns\\RoutesRequests.php(316): Laravel\\Lumen\\Application->callLumenController(Object(Host\\controllers\\UserController), 'Delete', Array)
#13 C:\\laragon\\www\\UserService\\core\\vendor\\laravel\\lumen-framework\\src\\Concerns\\RoutesRequests.php(278): Laravel\\Lumen\\Application->callControllerAction(Array)
#14 C:\\laragon\\www\\UserService\\core\\vendor\\laravel\\lumen-framework\\src\\Concerns\\RoutesRequests.php(258): Laravel\\Lumen\\Application->callActionOnArrayBasedRoute(Array)
#15 [internal function]: Laravel\\Lumen\\Application->Laravel\\Lumen\\Concerns\\{closure}(Object(Laravel\\Lumen\\Http\\Request))
#16 C:\\laragon\\www\\UserService\\core\\vendor\\laravel\\lumen-framework\\src\\Routing\\Pipeline.php(52): call_user_func(Object(Closure), Object(Laravel\\Lumen\\Http\\Request))
#17 C:\\laragon\\www\\UserService\\core\\container\\port\\src\\middlewares\\Authenticate.php(59): Laravel\\Lumen\\Routing\\Pipeline->Laravel\\Lumen\\Routing\\{closure}(Object(Laravel\\Lumen\\Http\\Request))
#18 C:\\laragon\\www\\UserService\\core\\vendor\\illuminate\\pipeline\\Pipeline.php(171): Core\\container\\port\\src\\middlewares\\Authenticate->handle(Object(Laravel\\Lumen\\Http\\Request), Object(Closure))
#19 [internal function]: Illuminate\\Pipeline\\Pipeline->Illuminate\\Pipeline\\{closure}(Object(Laravel\\Lumen\\Http\\Request))
#20 C:\\laragon\\www\\UserService\\core\\vendor\\laravel\\lumen-framework\\src\\Routing\\Pipeline.php(32): call_user_func(Object(Closure), Object(Laravel\\Lumen\\Http\\Request))
#21 C:\\laragon\\www\\UserService\\core\\vendor\\illuminate\\pipeline\\Pipeline.php(105): Laravel\\Lumen\\Routing\\Pipeline->Laravel\\Lumen\\Routing\\{closure}(Object(Laravel\\Lumen\\Http\\Request))
#22 C:\\laragon\\www\\UserService\\core\\vendor\\laravel\\lumen-framework\\src\\Concerns\\RoutesRequests.php(413): Illuminate\\Pipeline\\Pipeline->then(Object(Closure))
#23 C:\\laragon\\www\\UserService\\core\\vendor\\laravel\\lumen-framework\\src\\Concerns\\RoutesRequests.php(259): Laravel\\Lumen\\Application->sendThroughPipeline(Array, Object(Closure))
#24 C:\\laragon\\www\\UserService\\core\\vendor\\laravel\\lumen-framework\\src\\Concerns\\RoutesRequests.php(165): Laravel\\Lumen\\Application->handleFoundRoute(Array)
#25 C:\\laragon\\www\\UserService\\core\\vendor\\laravel\\lumen-framework\\src\\Concerns\\RoutesRequests.php(416): Laravel\\Lumen\\Application->Laravel\\Lumen\\Concerns\\{closure}(Object(Laravel\\Lumen\\Http\\Request))
#26 C:\\laragon\\www\\UserService\\core\\vendor\\laravel\\lumen-framework\\src\\Concerns\\RoutesRequests.php(171): Laravel\\Lumen\\Application->sendThroughPipeline(Array, Object(Closure))
#27 C:\\laragon\\www\\UserService\\core\\vendor\\laravel\\lumen-framework\\src\\Concerns\\RoutesRequests.php(108): Laravel\\Lumen\\Application->dispatch(NULL)
#28 C:\\laragon\\www\\UserService\\host\\public\\index.php(28): Laravel\\Lumen\\Application->run()
#29 {main}
"} 
[2020-04-23 15:29:36] local.ERROR: ErrorException: Non-static method Core\myvendor\common\Responses\UserResponse::SuccessDeactivate() should not be called statically in C:\laragon\www\UserService\functional\user\commands\delete\DeleteHandler.php:24
Stack trace:
#0 C:\laragon\www\UserService\functional\user\commands\delete\DeleteHandler.php(24): Laravel\Lumen\Application->Laravel\Lumen\Concerns\{closure}(8192, 'Non-static meth...', 'C:\\laragon\\www\\...', 24, Array)
#1 C:\laragon\www\UserService\core\myvendor\functions\meteor\MeteorRequestHandler.php(35): Functional\user\commands\delete\DeleteHandler->Handler(Object(Laravel\Lumen\Http\Request))
#2 C:\laragon\www\UserService\core\myvendor\functions\meteor\Meteor.php(24): Core\myvendor\functions\meteor\MeteorRequestHandler->Handle(Array, Object(Laravel\Lumen\Http\Request))
#3 C:\laragon\www\UserService\host\controllers\UserController.php(42): Core\myvendor\functions\meteor\Meteor->Send(Object(Functional\user\commands\delete\DeleteHandler), Object(Laravel\Lumen\Http\Request))
#4 [internal function]: Host\controllers\UserController->Delete(Object(Functional\user\commands\delete\DeleteHandler), Object(Laravel\Lumen\Http\Request))
#5 C:\laragon\www\UserService\core\vendor\illuminate\container\BoundMethod.php(32): call_user_func_array(Array, Array)
#6 C:\laragon\www\UserService\core\vendor\illuminate\container\Util.php(36): Illuminate\Container\BoundMethod::Illuminate\Container\{closure}()
#7 C:\laragon\www\UserService\core\vendor\illuminate\container\BoundMethod.php(90): Illuminate\Container\Util::unwrapIfClosure(Object(Closure))
#8 C:\laragon\www\UserService\core\vendor\illuminate\container\BoundMethod.php(34): Illuminate\Container\BoundMethod::callBoundMethod(Object(Core\myvendor\defaults\application\MyApplication), Array, Object(Closure))
#9 C:\laragon\www\UserService\core\vendor\illuminate\container\Container.php(590): Illuminate\Container\BoundMethod::call(Object(Core\myvendor\defaults\application\MyApplication), Array, Array, NULL)
#10 C:\laragon\www\UserService\core\vendor\laravel\lumen-framework\src\Concerns\RoutesRequests.php(376): Illuminate\Container\Container->call(Array, Array)
#11 C:\laragon\www\UserService\core\vendor\laravel\lumen-framework\src\Concerns\RoutesRequests.php(342): Laravel\Lumen\Application->callControllerCallable(Array, Array)
#12 C:\laragon\www\UserService\core\vendor\laravel\lumen-framework\src\Concerns\RoutesRequests.php(316): Laravel\Lumen\Application->callLumenController(Object(Host\controllers\UserController), 'Delete', Array)
#13 C:\laragon\www\UserService\core\vendor\laravel\lumen-framework\src\Concerns\RoutesRequests.php(278): Laravel\Lumen\Application->callControllerAction(Array)
#14 C:\laragon\www\UserService\core\vendor\laravel\lumen-framework\src\Concerns\RoutesRequests.php(258): Laravel\Lumen\Application->callActionOnArrayBasedRoute(Array)
#15 [internal function]: Laravel\Lumen\Application->Laravel\Lumen\Concerns\{closure}(Object(Laravel\Lumen\Http\Request))
#16 C:\laragon\www\UserService\core\vendor\laravel\lumen-framework\src\Routing\Pipeline.php(52): call_user_func(Object(Closure), Object(Laravel\Lumen\Http\Request))
#17 C:\laragon\www\UserService\core\container\port\src\middlewares\Authenticate.php(59): Laravel\Lumen\Routing\Pipeline->Laravel\Lumen\Routing\{closure}(Object(Laravel\Lumen\Http\Request))
#18 C:\laragon\www\UserService\core\vendor\illuminate\pipeline\Pipeline.php(171): Core\container\port\src\middlewares\Authenticate->handle(Object(Laravel\Lumen\Http\Request), Object(Closure))
#19 [internal function]: Illuminate\Pipeline\Pipeline->Illuminate\Pipeline\{closure}(Object(Laravel\Lumen\Http\Request))
#20 C:\laragon\www\UserService\core\vendor\laravel\lumen-framework\src\Routing\Pipeline.php(32): call_user_func(Object(Closure), Object(Laravel\Lumen\Http\Request))
#21 C:\laragon\www\UserService\core\vendor\illuminate\pipeline\Pipeline.php(105): Laravel\Lumen\Routing\Pipeline->Laravel\Lumen\Routing\{closure}(Object(Laravel\Lumen\Http\Request))
#22 C:\laragon\www\UserService\core\vendor\laravel\lumen-framework\src\Concerns\RoutesRequests.php(413): Illuminate\Pipeline\Pipeline->then(Object(Closure))
#23 C:\laragon\www\UserService\core\vendor\laravel\lumen-framework\src\Concerns\RoutesRequests.php(259): Laravel\Lumen\Application->sendThroughPipeline(Array, Object(Closure))
#24 C:\laragon\www\UserService\core\vendor\laravel\lumen-framework\src\Concerns\RoutesRequests.php(165): Laravel\Lumen\Application->handleFoundRoute(Array)
#25 C:\laragon\www\UserService\core\vendor\laravel\lumen-framework\src\Concerns\RoutesRequests.php(416): Laravel\Lumen\Application->Laravel\Lumen\Concerns\{closure}(Object(Laravel\Lumen\Http\Request))
#26 C:\laragon\www\UserService\core\vendor\laravel\lumen-framework\src\Concerns\RoutesRequests.php(171): Laravel\Lumen\Application->sendThroughPipeline(Array, Object(Closure))
#27 C:\laragon\www\UserService\core\vendor\laravel\lumen-framework\src\Concerns\RoutesRequests.php(108): Laravel\Lumen\Application->dispatch(NULL)
#28 C:\laragon\www\UserService\host\public\index.php(28): Laravel\Lumen\Application->run()
#29 {main} {"exception":"[object] (ErrorException(code: 0): Non-static method Core\\myvendor\\common\\Responses\\UserResponse::SuccessDeactivate() should not be called statically at C:\\laragon\\www\\UserService\\functional\\user\\commands\\delete\\DeleteHandler.php:24)
[stacktrace]
#0 C:\\laragon\\www\\UserService\\functional\\user\\commands\\delete\\DeleteHandler.php(24): Laravel\\Lumen\\Application->Laravel\\Lumen\\Concerns\\{closure}(8192, 'Non-static meth...', 'C:\\\\laragon\\\\www\\\\...', 24, Array)
#1 C:\\laragon\\www\\UserService\\core\\myvendor\\functions\\meteor\\MeteorRequestHandler.php(35): Functional\\user\\commands\\delete\\DeleteHandler->Handler(Object(Laravel\\Lumen\\Http\\Request))
#2 C:\\laragon\\www\\UserService\\core\\myvendor\\functions\\meteor\\Meteor.php(24): Core\\myvendor\\functions\\meteor\\MeteorRequestHandler->Handle(Array, Object(Laravel\\Lumen\\Http\\Request))
#3 C:\\laragon\\www\\UserService\\host\\controllers\\UserController.php(42): Core\\myvendor\\functions\\meteor\\Meteor->Send(Object(Functional\\user\\commands\\delete\\DeleteHandler), Object(Laravel\\Lumen\\Http\\Request))
#4 [internal function]: Host\\controllers\\UserController->Delete(Object(Functional\\user\\commands\\delete\\DeleteHandler), Object(Laravel\\Lumen\\Http\\Request))
#5 C:\\laragon\\www\\UserService\\core\\vendor\\illuminate\\container\\BoundMethod.php(32): call_user_func_array(Array, Array)
#6 C:\\laragon\\www\\UserService\\core\\vendor\\illuminate\\container\\Util.php(36): Illuminate\\Container\\BoundMethod::Illuminate\\Container\\{closure}()
#7 C:\\laragon\\www\\UserService\\core\\vendor\\illuminate\\container\\BoundMethod.php(90): Illuminate\\Container\\Util::unwrapIfClosure(Object(Closure))
#8 C:\\laragon\\www\\UserService\\core\\vendor\\illuminate\\container\\BoundMethod.php(34): Illuminate\\Container\\BoundMethod::callBoundMethod(Object(Core\\myvendor\\defaults\\application\\MyApplication), Array, Object(Closure))
#9 C:\\laragon\\www\\UserService\\core\\vendor\\illuminate\\container\\Container.php(590): Illuminate\\Container\\BoundMethod::call(Object(Core\\myvendor\\defaults\\application\\MyApplication), Array, Array, NULL)
#10 C:\\laragon\\www\\UserService\\core\\vendor\\laravel\\lumen-framework\\src\\Concerns\\RoutesRequests.php(376): Illuminate\\Container\\Container->call(Array, Array)
#11 C:\\laragon\\www\\UserService\\core\\vendor\\laravel\\lumen-framework\\src\\Concerns\\RoutesRequests.php(342): Laravel\\Lumen\\Application->callControllerCallable(Array, Array)
#12 C:\\laragon\\www\\UserService\\core\\vendor\\laravel\\lumen-framework\\src\\Concerns\\RoutesRequests.php(316): Laravel\\Lumen\\Application->callLumenController(Object(Host\\controllers\\UserController), 'Delete', Array)
#13 C:\\laragon\\www\\UserService\\core\\vendor\\laravel\\lumen-framework\\src\\Concerns\\RoutesRequests.php(278): Laravel\\Lumen\\Application->callControllerAction(Array)
#14 C:\\laragon\\www\\UserService\\core\\vendor\\laravel\\lumen-framework\\src\\Concerns\\RoutesRequests.php(258): Laravel\\Lumen\\Application->callActionOnArrayBasedRoute(Array)
#15 [internal function]: Laravel\\Lumen\\Application->Laravel\\Lumen\\Concerns\\{closure}(Object(Laravel\\Lumen\\Http\\Request))
#16 C:\\laragon\\www\\UserService\\core\\vendor\\laravel\\lumen-framework\\src\\Routing\\Pipeline.php(52): call_user_func(Object(Closure), Object(Laravel\\Lumen\\Http\\Request))
#17 C:\\laragon\\www\\UserService\\core\\container\\port\\src\\middlewares\\Authenticate.php(59): Laravel\\Lumen\\Routing\\Pipeline->Laravel\\Lumen\\Routing\\{closure}(Object(Laravel\\Lumen\\Http\\Request))
#18 C:\\laragon\\www\\UserService\\core\\vendor\\illuminate\\pipeline\\Pipeline.php(171): Core\\container\\port\\src\\middlewares\\Authenticate->handle(Object(Laravel\\Lumen\\Http\\Request), Object(Closure))
#19 [internal function]: Illuminate\\Pipeline\\Pipeline->Illuminate\\Pipeline\\{closure}(Object(Laravel\\Lumen\\Http\\Request))
#20 C:\\laragon\\www\\UserService\\core\\vendor\\laravel\\lumen-framework\\src\\Routing\\Pipeline.php(32): call_user_func(Object(Closure), Object(Laravel\\Lumen\\Http\\Request))
#21 C:\\laragon\\www\\UserService\\core\\vendor\\illuminate\\pipeline\\Pipeline.php(105): Laravel\\Lumen\\Routing\\Pipeline->Laravel\\Lumen\\Routing\\{closure}(Object(Laravel\\Lumen\\Http\\Request))
#22 C:\\laragon\\www\\UserService\\core\\vendor\\laravel\\lumen-framework\\src\\Concerns\\RoutesRequests.php(413): Illuminate\\Pipeline\\Pipeline->then(Object(Closure))
#23 C:\\laragon\\www\\UserService\\core\\vendor\\laravel\\lumen-framework\\src\\Concerns\\RoutesRequests.php(259): Laravel\\Lumen\\Application->sendThroughPipeline(Array, Object(Closure))
#24 C:\\laragon\\www\\UserService\\core\\vendor\\laravel\\lumen-framework\\src\\Concerns\\RoutesRequests.php(165): Laravel\\Lumen\\Application->handleFoundRoute(Array)
#25 C:\\laragon\\www\\UserService\\core\\vendor\\laravel\\lumen-framework\\src\\Concerns\\RoutesRequests.php(416): Laravel\\Lumen\\Application->Laravel\\Lumen\\Concerns\\{closure}(Object(Laravel\\Lumen\\Http\\Request))
#26 C:\\laragon\\www\\UserService\\core\\vendor\\laravel\\lumen-framework\\src\\Concerns\\RoutesRequests.php(171): Laravel\\Lumen\\Application->sendThroughPipeline(Array, Object(Closure))
#27 C:\\laragon\\www\\UserService\\core\\vendor\\laravel\\lumen-framework\\src\\Concerns\\RoutesRequests.php(108): Laravel\\Lumen\\Application->dispatch(NULL)
#28 C:\\laragon\\www\\UserService\\host\\public\\index.php(28): Laravel\\Lumen\\Application->run()
#29 {main}
"} 
[2020-04-23 15:30:01] local.ERROR: ErrorException: Non-static method Core\myvendor\common\Responses\UserResponse::SuccessDeactivate() should not be called statically in C:\laragon\www\UserService\functional\user\commands\delete\DeleteHandler.php:24
Stack trace:
#0 C:\laragon\www\UserService\functional\user\commands\delete\DeleteHandler.php(24): Laravel\Lumen\Application->Laravel\Lumen\Concerns\{closure}(8192, 'Non-static meth...', 'C:\\laragon\\www\\...', 24, Array)
#1 C:\laragon\www\UserService\core\myvendor\functions\meteor\MeteorRequestHandler.php(35): Functional\user\commands\delete\DeleteHandler->Handler(Object(Laravel\Lumen\Http\Request))
#2 C:\laragon\www\UserService\core\myvendor\functions\meteor\Meteor.php(24): Core\myvendor\functions\meteor\MeteorRequestHandler->Handle(Array, Object(Laravel\Lumen\Http\Request))
#3 C:\laragon\www\UserService\host\controllers\UserController.php(42): Core\myvendor\functions\meteor\Meteor->Send(Object(Functional\user\commands\delete\DeleteHandler), Object(Laravel\Lumen\Http\Request))
#4 [internal function]: Host\controllers\UserController->Delete(Object(Functional\user\commands\delete\DeleteHandler), Object(Laravel\Lumen\Http\Request))
#5 C:\laragon\www\UserService\core\vendor\illuminate\container\BoundMethod.php(32): call_user_func_array(Array, Array)
#6 C:\laragon\www\UserService\core\vendor\illuminate\container\Util.php(36): Illuminate\Container\BoundMethod::Illuminate\Container\{closure}()
#7 C:\laragon\www\UserService\core\vendor\illuminate\container\BoundMethod.php(90): Illuminate\Container\Util::unwrapIfClosure(Object(Closure))
#8 C:\laragon\www\UserService\core\vendor\illuminate\container\BoundMethod.php(34): Illuminate\Container\BoundMethod::callBoundMethod(Object(Core\myvendor\defaults\application\MyApplication), Array, Object(Closure))
#9 C:\laragon\www\UserService\core\vendor\illuminate\container\Container.php(590): Illuminate\Container\BoundMethod::call(Object(Core\myvendor\defaults\application\MyApplication), Array, Array, NULL)
#10 C:\laragon\www\UserService\core\vendor\laravel\lumen-framework\src\Concerns\RoutesRequests.php(376): Illuminate\Container\Container->call(Array, Array)
#11 C:\laragon\www\UserService\core\vendor\laravel\lumen-framework\src\Concerns\RoutesRequests.php(342): Laravel\Lumen\Application->callControllerCallable(Array, Array)
#12 C:\laragon\www\UserService\core\vendor\laravel\lumen-framework\src\Concerns\RoutesRequests.php(316): Laravel\Lumen\Application->callLumenController(Object(Host\controllers\UserController), 'Delete', Array)
#13 C:\laragon\www\UserService\core\vendor\laravel\lumen-framework\src\Concerns\RoutesRequests.php(278): Laravel\Lumen\Application->callControllerAction(Array)
#14 C:\laragon\www\UserService\core\vendor\laravel\lumen-framework\src\Concerns\RoutesRequests.php(258): Laravel\Lumen\Application->callActionOnArrayBasedRoute(Array)
#15 [internal function]: Laravel\Lumen\Application->Laravel\Lumen\Concerns\{closure}(Object(Laravel\Lumen\Http\Request))
#16 C:\laragon\www\UserService\core\vendor\laravel\lumen-framework\src\Routing\Pipeline.php(52): call_user_func(Object(Closure), Object(Laravel\Lumen\Http\Request))
#17 C:\laragon\www\UserService\core\container\port\src\middlewares\Authenticate.php(59): Laravel\Lumen\Routing\Pipeline->Laravel\Lumen\Routing\{closure}(Object(Laravel\Lumen\Http\Request))
#18 C:\laragon\www\UserService\core\vendor\illuminate\pipeline\Pipeline.php(171): Core\container\port\src\middlewares\Authenticate->handle(Object(Laravel\Lumen\Http\Request), Object(Closure))
#19 [internal function]: Illuminate\Pipeline\Pipeline->Illuminate\Pipeline\{closure}(Object(Laravel\Lumen\Http\Request))
#20 C:\laragon\www\UserService\core\vendor\laravel\lumen-framework\src\Routing\Pipeline.php(32): call_user_func(Object(Closure), Object(Laravel\Lumen\Http\Request))
#21 C:\laragon\www\UserService\core\vendor\illuminate\pipeline\Pipeline.php(105): Laravel\Lumen\Routing\Pipeline->Laravel\Lumen\Routing\{closure}(Object(Laravel\Lumen\Http\Request))
#22 C:\laragon\www\UserService\core\vendor\laravel\lumen-framework\src\Concerns\RoutesRequests.php(413): Illuminate\Pipeline\Pipeline->then(Object(Closure))
#23 C:\laragon\www\UserService\core\vendor\laravel\lumen-framework\src\Concerns\RoutesRequests.php(259): Laravel\Lumen\Application->sendThroughPipeline(Array, Object(Closure))
#24 C:\laragon\www\UserService\core\vendor\laravel\lumen-framework\src\Concerns\RoutesRequests.php(165): Laravel\Lumen\Application->handleFoundRoute(Array)
#25 C:\laragon\www\UserService\core\vendor\laravel\lumen-framework\src\Concerns\RoutesRequests.php(416): Laravel\Lumen\Application->Laravel\Lumen\Concerns\{closure}(Object(Laravel\Lumen\Http\Request))
#26 C:\laragon\www\UserService\core\vendor\laravel\lumen-framework\src\Concerns\RoutesRequests.php(171): Laravel\Lumen\Application->sendThroughPipeline(Array, Object(Closure))
#27 C:\laragon\www\UserService\core\vendor\laravel\lumen-framework\src\Concerns\RoutesRequests.php(108): Laravel\Lumen\Application->dispatch(NULL)
#28 C:\laragon\www\UserService\host\public\index.php(28): Laravel\Lumen\Application->run()
#29 {main} {"exception":"[object] (ErrorException(code: 0): Non-static method Core\\myvendor\\common\\Responses\\UserResponse::SuccessDeactivate() should not be called statically at C:\\laragon\\www\\UserService\\functional\\user\\commands\\delete\\DeleteHandler.php:24)
[stacktrace]
#0 C:\\laragon\\www\\UserService\\functional\\user\\commands\\delete\\DeleteHandler.php(24): Laravel\\Lumen\\Application->Laravel\\Lumen\\Concerns\\{closure}(8192, 'Non-static meth...', 'C:\\\\laragon\\\\www\\\\...', 24, Array)
#1 C:\\laragon\\www\\UserService\\core\\myvendor\\functions\\meteor\\MeteorRequestHandler.php(35): Functional\\user\\commands\\delete\\DeleteHandler->Handler(Object(Laravel\\Lumen\\Http\\Request))
#2 C:\\laragon\\www\\UserService\\core\\myvendor\\functions\\meteor\\Meteor.php(24): Core\\myvendor\\functions\\meteor\\MeteorRequestHandler->Handle(Array, Object(Laravel\\Lumen\\Http\\Request))
#3 C:\\laragon\\www\\UserService\\host\\controllers\\UserController.php(42): Core\\myvendor\\functions\\meteor\\Meteor->Send(Object(Functional\\user\\commands\\delete\\DeleteHandler), Object(Laravel\\Lumen\\Http\\Request))
#4 [internal function]: Host\\controllers\\UserController->Delete(Object(Functional\\user\\commands\\delete\\DeleteHandler), Object(Laravel\\Lumen\\Http\\Request))
#5 C:\\laragon\\www\\UserService\\core\\vendor\\illuminate\\container\\BoundMethod.php(32): call_user_func_array(Array, Array)
#6 C:\\laragon\\www\\UserService\\core\\vendor\\illuminate\\container\\Util.php(36): Illuminate\\Container\\BoundMethod::Illuminate\\Container\\{closure}()
#7 C:\\laragon\\www\\UserService\\core\\vendor\\illuminate\\container\\BoundMethod.php(90): Illuminate\\Container\\Util::unwrapIfClosure(Object(Closure))
#8 C:\\laragon\\www\\UserService\\core\\vendor\\illuminate\\container\\BoundMethod.php(34): Illuminate\\Container\\BoundMethod::callBoundMethod(Object(Core\\myvendor\\defaults\\application\\MyApplication), Array, Object(Closure))
#9 C:\\laragon\\www\\UserService\\core\\vendor\\illuminate\\container\\Container.php(590): Illuminate\\Container\\BoundMethod::call(Object(Core\\myvendor\\defaults\\application\\MyApplication), Array, Array, NULL)
#10 C:\\laragon\\www\\UserService\\core\\vendor\\laravel\\lumen-framework\\src\\Concerns\\RoutesRequests.php(376): Illuminate\\Container\\Container->call(Array, Array)
#11 C:\\laragon\\www\\UserService\\core\\vendor\\laravel\\lumen-framework\\src\\Concerns\\RoutesRequests.php(342): Laravel\\Lumen\\Application->callControllerCallable(Array, Array)
#12 C:\\laragon\\www\\UserService\\core\\vendor\\laravel\\lumen-framework\\src\\Concerns\\RoutesRequests.php(316): Laravel\\Lumen\\Application->callLumenController(Object(Host\\controllers\\UserController), 'Delete', Array)
#13 C:\\laragon\\www\\UserService\\core\\vendor\\laravel\\lumen-framework\\src\\Concerns\\RoutesRequests.php(278): Laravel\\Lumen\\Application->callControllerAction(Array)
#14 C:\\laragon\\www\\UserService\\core\\vendor\\laravel\\lumen-framework\\src\\Concerns\\RoutesRequests.php(258): Laravel\\Lumen\\Application->callActionOnArrayBasedRoute(Array)
#15 [internal function]: Laravel\\Lumen\\Application->Laravel\\Lumen\\Concerns\\{closure}(Object(Laravel\\Lumen\\Http\\Request))
#16 C:\\laragon\\www\\UserService\\core\\vendor\\laravel\\lumen-framework\\src\\Routing\\Pipeline.php(52): call_user_func(Object(Closure), Object(Laravel\\Lumen\\Http\\Request))
#17 C:\\laragon\\www\\UserService\\core\\container\\port\\src\\middlewares\\Authenticate.php(59): Laravel\\Lumen\\Routing\\Pipeline->Laravel\\Lumen\\Routing\\{closure}(Object(Laravel\\Lumen\\Http\\Request))
#18 C:\\laragon\\www\\UserService\\core\\vendor\\illuminate\\pipeline\\Pipeline.php(171): Core\\container\\port\\src\\middlewares\\Authenticate->handle(Object(Laravel\\Lumen\\Http\\Request), Object(Closure))
#19 [internal function]: Illuminate\\Pipeline\\Pipeline->Illuminate\\Pipeline\\{closure}(Object(Laravel\\Lumen\\Http\\Request))
#20 C:\\laragon\\www\\UserService\\core\\vendor\\laravel\\lumen-framework\\src\\Routing\\Pipeline.php(32): call_user_func(Object(Closure), Object(Laravel\\Lumen\\Http\\Request))
#21 C:\\laragon\\www\\UserService\\core\\vendor\\illuminate\\pipeline\\Pipeline.php(105): Laravel\\Lumen\\Routing\\Pipeline->Laravel\\Lumen\\Routing\\{closure}(Object(Laravel\\Lumen\\Http\\Request))
#22 C:\\laragon\\www\\UserService\\core\\vendor\\laravel\\lumen-framework\\src\\Concerns\\RoutesRequests.php(413): Illuminate\\Pipeline\\Pipeline->then(Object(Closure))
#23 C:\\laragon\\www\\UserService\\core\\vendor\\laravel\\lumen-framework\\src\\Concerns\\RoutesRequests.php(259): Laravel\\Lumen\\Application->sendThroughPipeline(Array, Object(Closure))
#24 C:\\laragon\\www\\UserService\\core\\vendor\\laravel\\lumen-framework\\src\\Concerns\\RoutesRequests.php(165): Laravel\\Lumen\\Application->handleFoundRoute(Array)
#25 C:\\laragon\\www\\UserService\\core\\vendor\\laravel\\lumen-framework\\src\\Concerns\\RoutesRequests.php(416): Laravel\\Lumen\\Application->Laravel\\Lumen\\Concerns\\{closure}(Object(Laravel\\Lumen\\Http\\Request))
#26 C:\\laragon\\www\\UserService\\core\\vendor\\laravel\\lumen-framework\\src\\Concerns\\RoutesRequests.php(171): Laravel\\Lumen\\Application->sendThroughPipeline(Array, Object(Closure))
#27 C:\\laragon\\www\\UserService\\core\\vendor\\laravel\\lumen-framework\\src\\Concerns\\RoutesRequests.php(108): Laravel\\Lumen\\Application->dispatch(NULL)
#28 C:\\laragon\\www\\UserService\\host\\public\\index.php(28): Laravel\\Lumen\\Application->run()
#29 {main}
"} 
[2020-04-23 15:31:08] local.ERROR: ErrorException: Non-static method Core\myvendor\common\Responses\UserResponse::SuccessDeactivate() should not be called statically in C:\laragon\www\UserService\functional\user\commands\delete\DeleteHandler.php:24
Stack trace:
#0 C:\laragon\www\UserService\functional\user\commands\delete\DeleteHandler.php(24): Laravel\Lumen\Application->Laravel\Lumen\Concerns\{closure}(8192, 'Non-static meth...', 'C:\\laragon\\www\\...', 24, Array)
#1 C:\laragon\www\UserService\core\myvendor\functions\meteor\MeteorRequestHandler.php(35): Functional\user\commands\delete\DeleteHandler->Handler(Object(Laravel\Lumen\Http\Request))
#2 C:\laragon\www\UserService\core\myvendor\functions\meteor\Meteor.php(24): Core\myvendor\functions\meteor\MeteorRequestHandler->Handle(Array, Object(Laravel\Lumen\Http\Request))
#3 C:\laragon\www\UserService\host\controllers\UserController.php(42): Core\myvendor\functions\meteor\Meteor->Send(Object(Functional\user\commands\delete\DeleteHandler), Object(Laravel\Lumen\Http\Request))
#4 [internal function]: Host\controllers\UserController->Delete(Object(Functional\user\commands\delete\DeleteHandler), Object(Laravel\Lumen\Http\Request))
#5 C:\laragon\www\UserService\core\vendor\illuminate\container\BoundMethod.php(32): call_user_func_array(Array, Array)
#6 C:\laragon\www\UserService\core\vendor\illuminate\container\Util.php(36): Illuminate\Container\BoundMethod::Illuminate\Container\{closure}()
#7 C:\laragon\www\UserService\core\vendor\illuminate\container\BoundMethod.php(90): Illuminate\Container\Util::unwrapIfClosure(Object(Closure))
#8 C:\laragon\www\UserService\core\vendor\illuminate\container\BoundMethod.php(34): Illuminate\Container\BoundMethod::callBoundMethod(Object(Core\myvendor\defaults\application\MyApplication), Array, Object(Closure))
#9 C:\laragon\www\UserService\core\vendor\illuminate\container\Container.php(590): Illuminate\Container\BoundMethod::call(Object(Core\myvendor\defaults\application\MyApplication), Array, Array, NULL)
#10 C:\laragon\www\UserService\core\vendor\laravel\lumen-framework\src\Concerns\RoutesRequests.php(376): Illuminate\Container\Container->call(Array, Array)
#11 C:\laragon\www\UserService\core\vendor\laravel\lumen-framework\src\Concerns\RoutesRequests.php(342): Laravel\Lumen\Application->callControllerCallable(Array, Array)
#12 C:\laragon\www\UserService\core\vendor\laravel\lumen-framework\src\Concerns\RoutesRequests.php(316): Laravel\Lumen\Application->callLumenController(Object(Host\controllers\UserController), 'Delete', Array)
#13 C:\laragon\www\UserService\core\vendor\laravel\lumen-framework\src\Concerns\RoutesRequests.php(278): Laravel\Lumen\Application->callControllerAction(Array)
#14 C:\laragon\www\UserService\core\vendor\laravel\lumen-framework\src\Concerns\RoutesRequests.php(258): Laravel\Lumen\Application->callActionOnArrayBasedRoute(Array)
#15 [internal function]: Laravel\Lumen\Application->Laravel\Lumen\Concerns\{closure}(Object(Laravel\Lumen\Http\Request))
#16 C:\laragon\www\UserService\core\vendor\laravel\lumen-framework\src\Routing\Pipeline.php(52): call_user_func(Object(Closure), Object(Laravel\Lumen\Http\Request))
#17 C:\laragon\www\UserService\core\container\port\src\middlewares\Authenticate.php(59): Laravel\Lumen\Routing\Pipeline->Laravel\Lumen\Routing\{closure}(Object(Laravel\Lumen\Http\Request))
#18 C:\laragon\www\UserService\core\vendor\illuminate\pipeline\Pipeline.php(171): Core\container\port\src\middlewares\Authenticate->handle(Object(Laravel\Lumen\Http\Request), Object(Closure))
#19 [internal function]: Illuminate\Pipeline\Pipeline->Illuminate\Pipeline\{closure}(Object(Laravel\Lumen\Http\Request))
#20 C:\laragon\www\UserService\core\vendor\laravel\lumen-framework\src\Routing\Pipeline.php(32): call_user_func(Object(Closure), Object(Laravel\Lumen\Http\Request))
#21 C:\laragon\www\UserService\core\vendor\illuminate\pipeline\Pipeline.php(105): Laravel\Lumen\Routing\Pipeline->Laravel\Lumen\Routing\{closure}(Object(Laravel\Lumen\Http\Request))
#22 C:\laragon\www\UserService\core\vendor\laravel\lumen-framework\src\Concerns\RoutesRequests.php(413): Illuminate\Pipeline\Pipeline->then(Object(Closure))
#23 C:\laragon\www\UserService\core\vendor\laravel\lumen-framework\src\Concerns\RoutesRequests.php(259): Laravel\Lumen\Application->sendThroughPipeline(Array, Object(Closure))
#24 C:\laragon\www\UserService\core\vendor\laravel\lumen-framework\src\Concerns\RoutesRequests.php(165): Laravel\Lumen\Application->handleFoundRoute(Array)
#25 C:\laragon\www\UserService\core\vendor\laravel\lumen-framework\src\Concerns\RoutesRequests.php(416): Laravel\Lumen\Application->Laravel\Lumen\Concerns\{closure}(Object(Laravel\Lumen\Http\Request))
#26 C:\laragon\www\UserService\core\vendor\laravel\lumen-framework\src\Concerns\RoutesRequests.php(171): Laravel\Lumen\Application->sendThroughPipeline(Array, Object(Closure))
#27 C:\laragon\www\UserService\core\vendor\laravel\lumen-framework\src\Concerns\RoutesRequests.php(108): Laravel\Lumen\Application->dispatch(NULL)
#28 C:\laragon\www\UserService\host\public\index.php(28): Laravel\Lumen\Application->run()
#29 {main} {"exception":"[object] (ErrorException(code: 0): Non-static method Core\\myvendor\\common\\Responses\\UserResponse::SuccessDeactivate() should not be called statically at C:\\laragon\\www\\UserService\\functional\\user\\commands\\delete\\DeleteHandler.php:24)
[stacktrace]
#0 C:\\laragon\\www\\UserService\\functional\\user\\commands\\delete\\DeleteHandler.php(24): Laravel\\Lumen\\Application->Laravel\\Lumen\\Concerns\\{closure}(8192, 'Non-static meth...', 'C:\\\\laragon\\\\www\\\\...', 24, Array)
#1 C:\\laragon\\www\\UserService\\core\\myvendor\\functions\\meteor\\MeteorRequestHandler.php(35): Functional\\user\\commands\\delete\\DeleteHandler->Handler(Object(Laravel\\Lumen\\Http\\Request))
#2 C:\\laragon\\www\\UserService\\core\\myvendor\\functions\\meteor\\Meteor.php(24): Core\\myvendor\\functions\\meteor\\MeteorRequestHandler->Handle(Array, Object(Laravel\\Lumen\\Http\\Request))
#3 C:\\laragon\\www\\UserService\\host\\controllers\\UserController.php(42): Core\\myvendor\\functions\\meteor\\Meteor->Send(Object(Functional\\user\\commands\\delete\\DeleteHandler), Object(Laravel\\Lumen\\Http\\Request))
#4 [internal function]: Host\\controllers\\UserController->Delete(Object(Functional\\user\\commands\\delete\\DeleteHandler), Object(Laravel\\Lumen\\Http\\Request))
#5 C:\\laragon\\www\\UserService\\core\\vendor\\illuminate\\container\\BoundMethod.php(32): call_user_func_array(Array, Array)
#6 C:\\laragon\\www\\UserService\\core\\vendor\\illuminate\\container\\Util.php(36): Illuminate\\Container\\BoundMethod::Illuminate\\Container\\{closure}()
#7 C:\\laragon\\www\\UserService\\core\\vendor\\illuminate\\container\\BoundMethod.php(90): Illuminate\\Container\\Util::unwrapIfClosure(Object(Closure))
#8 C:\\laragon\\www\\UserService\\core\\vendor\\illuminate\\container\\BoundMethod.php(34): Illuminate\\Container\\BoundMethod::callBoundMethod(Object(Core\\myvendor\\defaults\\application\\MyApplication), Array, Object(Closure))
#9 C:\\laragon\\www\\UserService\\core\\vendor\\illuminate\\container\\Container.php(590): Illuminate\\Container\\BoundMethod::call(Object(Core\\myvendor\\defaults\\application\\MyApplication), Array, Array, NULL)
#10 C:\\laragon\\www\\UserService\\core\\vendor\\laravel\\lumen-framework\\src\\Concerns\\RoutesRequests.php(376): Illuminate\\Container\\Container->call(Array, Array)
#11 C:\\laragon\\www\\UserService\\core\\vendor\\laravel\\lumen-framework\\src\\Concerns\\RoutesRequests.php(342): Laravel\\Lumen\\Application->callControllerCallable(Array, Array)
#12 C:\\laragon\\www\\UserService\\core\\vendor\\laravel\\lumen-framework\\src\\Concerns\\RoutesRequests.php(316): Laravel\\Lumen\\Application->callLumenController(Object(Host\\controllers\\UserController), 'Delete', Array)
#13 C:\\laragon\\www\\UserService\\core\\vendor\\laravel\\lumen-framework\\src\\Concerns\\RoutesRequests.php(278): Laravel\\Lumen\\Application->callControllerAction(Array)
#14 C:\\laragon\\www\\UserService\\core\\vendor\\laravel\\lumen-framework\\src\\Concerns\\RoutesRequests.php(258): Laravel\\Lumen\\Application->callActionOnArrayBasedRoute(Array)
#15 [internal function]: Laravel\\Lumen\\Application->Laravel\\Lumen\\Concerns\\{closure}(Object(Laravel\\Lumen\\Http\\Request))
#16 C:\\laragon\\www\\UserService\\core\\vendor\\laravel\\lumen-framework\\src\\Routing\\Pipeline.php(52): call_user_func(Object(Closure), Object(Laravel\\Lumen\\Http\\Request))
#17 C:\\laragon\\www\\UserService\\core\\container\\port\\src\\middlewares\\Authenticate.php(59): Laravel\\Lumen\\Routing\\Pipeline->Laravel\\Lumen\\Routing\\{closure}(Object(Laravel\\Lumen\\Http\\Request))
#18 C:\\laragon\\www\\UserService\\core\\vendor\\illuminate\\pipeline\\Pipeline.php(171): Core\\container\\port\\src\\middlewares\\Authenticate->handle(Object(Laravel\\Lumen\\Http\\Request), Object(Closure))
#19 [internal function]: Illuminate\\Pipeline\\Pipeline->Illuminate\\Pipeline\\{closure}(Object(Laravel\\Lumen\\Http\\Request))
#20 C:\\laragon\\www\\UserService\\core\\vendor\\laravel\\lumen-framework\\src\\Routing\\Pipeline.php(32): call_user_func(Object(Closure), Object(Laravel\\Lumen\\Http\\Request))
#21 C:\\laragon\\www\\UserService\\core\\vendor\\illuminate\\pipeline\\Pipeline.php(105): Laravel\\Lumen\\Routing\\Pipeline->Laravel\\Lumen\\Routing\\{closure}(Object(Laravel\\Lumen\\Http\\Request))
#22 C:\\laragon\\www\\UserService\\core\\vendor\\laravel\\lumen-framework\\src\\Concerns\\RoutesRequests.php(413): Illuminate\\Pipeline\\Pipeline->then(Object(Closure))
#23 C:\\laragon\\www\\UserService\\core\\vendor\\laravel\\lumen-framework\\src\\Concerns\\RoutesRequests.php(259): Laravel\\Lumen\\Application->sendThroughPipeline(Array, Object(Closure))
#24 C:\\laragon\\www\\UserService\\core\\vendor\\laravel\\lumen-framework\\src\\Concerns\\RoutesRequests.php(165): Laravel\\Lumen\\Application->handleFoundRoute(Array)
#25 C:\\laragon\\www\\UserService\\core\\vendor\\laravel\\lumen-framework\\src\\Concerns\\RoutesRequests.php(416): Laravel\\Lumen\\Application->Laravel\\Lumen\\Concerns\\{closure}(Object(Laravel\\Lumen\\Http\\Request))
#26 C:\\laragon\\www\\UserService\\core\\vendor\\laravel\\lumen-framework\\src\\Concerns\\RoutesRequests.php(171): Laravel\\Lumen\\Application->sendThroughPipeline(Array, Object(Closure))
#27 C:\\laragon\\www\\UserService\\core\\vendor\\laravel\\lumen-framework\\src\\Concerns\\RoutesRequests.php(108): Laravel\\Lumen\\Application->dispatch(NULL)
#28 C:\\laragon\\www\\UserService\\host\\public\\index.php(28): Laravel\\Lumen\\Application->run()
#29 {main}
"} 
